[0.058s] Invoking command in '/home/katja/march_ws/src/march/build/march_safety': CMAKE_PREFIX_PATH=/home/katja/march_ws/src/march/install/march_shared_resources:${CMAKE_PREFIX_PATH} PKG_CONFIG_PATH=/home/katja/march_ws/src/march/install/march_shared_resources/lib/x86_64-linux-gnu/pkgconfig:/home/katja/march_ws/src/march/install/march_shared_resources/lib/pkgconfig:${PKG_CONFIG_PATH} PYTHONPATH=/home/katja/march_ws/src/march/install/march_shared_resources/lib/python2.7/dist-packages:${PYTHONPATH} ROS_PACKAGE_PATH=/home/katja/march_ws/src/march/install/march_shared_resources/share:${ROS_PACKAGE_PATH} /usr/bin/cmake /home/katja/march_ws/src/march/march_safety -DCATKIN_INSTALL_INTO_PREFIX_ROOT=0 -DCMAKE_INSTALL_PREFIX=/home/katja/march_ws/src/march/install/march_safety
[0.203s] -- The C compiler identification is GNU 7.5.0
[0.365s] -- The CXX compiler identification is GNU 7.5.0
[0.378s] -- Check for working C compiler: /usr/bin/cc
[0.554s] -- Check for working C compiler: /usr/bin/cc -- works
[0.555s] -- Detecting C compiler ABI info
[0.713s] -- Detecting C compiler ABI info - done
[0.739s] -- Detecting C compile features
[1.225s] -- Detecting C compile features - done
[1.234s] -- Check for working CXX compiler: /usr/bin/c++
[1.433s] -- Check for working CXX compiler: /usr/bin/c++ -- works
[1.434s] -- Detecting CXX compiler ABI info
[1.633s] -- Detecting CXX compiler ABI info - done
[1.660s] -- Detecting CXX compile features
[2.468s] -- Detecting CXX compile features - done
[2.473s] -- Using CATKIN_DEVEL_PREFIX: /home/katja/march_ws/src/march/build/march_safety/devel
[2.474s] -- Using CMAKE_PREFIX_PATH: /home/katja/march_ws/src/march/install/march_shared_resources;/opt/ros/melodic
[2.474s] -- This workspace overlays: /home/katja/march_ws/src/march/install/march_shared_resources;/opt/ros/melodic
[2.507s] -- Found PythonInterp: /usr/bin/python2 (found suitable version "2.7.17", minimum required is "2") 
[2.507s] -- Using PYTHON_EXECUTABLE: /usr/bin/python2
[2.507s] -- Using Debian Python package layout
[2.508s] -- Using empy: /usr/bin/empy
[2.871s] -- Using CATKIN_ENABLE_TESTING: ON
[2.871s] -- Call enable_testing()
[2.875s] -- Using CATKIN_TEST_RESULTS_DIR: /home/katja/march_ws/src/march/build/march_safety/test_results
[2.921s] -- Found gtest sources under '/usr/src/googletest': gtests will be built
[2.921s] -- Found gmock sources under '/usr/src/googletest': gmock will be built
[2.946s] -- Found PythonInterp: /usr/bin/python2 (found version "2.7.17") 
[2.948s] -- Looking for pthread.h
[3.102s] -- Looking for pthread.h - found
[3.103s] -- Looking for pthread_create
[3.267s] -- Looking for pthread_create - not found
[3.268s] -- Looking for pthread_create in pthreads
[3.391s] -- Looking for pthread_create in pthreads - not found
[3.392s] -- Looking for pthread_create in pthread
[3.546s] -- Looking for pthread_create in pthread - found
[3.548s] -- Found Threads: TRUE  
[3.560s] -- Using Python nosetests: /usr/bin/nosetests-2.7
[3.659s] -- catkin 0.7.28
[3.660s] -- BUILD_SHARED_LIBS is on
[3.949s] -- Using these message generators: gencpp;geneus;genlisp;gennodejs;genpy
[4.591s] -- Configuring done
[4.753s] -- Generating done
[4.779s] -- Build files have been written to: /home/katja/march_ws/src/march/build/march_safety
[4.798s] Invoked command in '/home/katja/march_ws/src/march/build/march_safety' returned '0': CMAKE_PREFIX_PATH=/home/katja/march_ws/src/march/install/march_shared_resources:${CMAKE_PREFIX_PATH} PKG_CONFIG_PATH=/home/katja/march_ws/src/march/install/march_shared_resources/lib/x86_64-linux-gnu/pkgconfig:/home/katja/march_ws/src/march/install/march_shared_resources/lib/pkgconfig:${PKG_CONFIG_PATH} PYTHONPATH=/home/katja/march_ws/src/march/install/march_shared_resources/lib/python2.7/dist-packages:${PYTHONPATH} ROS_PACKAGE_PATH=/home/katja/march_ws/src/march/install/march_shared_resources/share:${ROS_PACKAGE_PATH} /usr/bin/cmake /home/katja/march_ws/src/march/march_safety -DCATKIN_INSTALL_INTO_PREFIX_ROOT=0 -DCMAKE_INSTALL_PREFIX=/home/katja/march_ws/src/march/install/march_safety
[4.801s] Invoking command in '/home/katja/march_ws/src/march/build/march_safety': CMAKE_PREFIX_PATH=/home/katja/march_ws/src/march/install/march_shared_resources:${CMAKE_PREFIX_PATH} PKG_CONFIG_PATH=/home/katja/march_ws/src/march/install/march_shared_resources/lib/x86_64-linux-gnu/pkgconfig:/home/katja/march_ws/src/march/install/march_shared_resources/lib/pkgconfig:${PKG_CONFIG_PATH} PYTHONPATH=/home/katja/march_ws/src/march/install/march_shared_resources/lib/python2.7/dist-packages:${PYTHONPATH} ROS_PACKAGE_PATH=/home/katja/march_ws/src/march/install/march_shared_resources/share:${ROS_PACKAGE_PATH} /usr/bin/cmake --build /home/katja/march_ws/src/march/build/march_safety -- -j8 -l8
[4.956s] [35m[1mScanning dependencies of target geometry_msgs_generate_messages_lisp[0m
[4.968s] [35m[1mScanning dependencies of target trajectory_msgs_generate_messages_lisp[0m
[4.993s] [35m[1mScanning dependencies of target geometry_msgs_generate_messages_cpp[0m
[4.993s] [35m[1mScanning dependencies of target roscpp_generate_messages_py[0m
[5.012s] [35m[1mScanning dependencies of target geometry_msgs_generate_messages_py[0m
[5.012s] [35m[1mScanning dependencies of target std_msgs_generate_messages_eus[0m
[5.017s] [35m[1mScanning dependencies of target march_shared_resources_generate_messages_nodejs[0m
[5.024s] [  0%] Built target trajectory_msgs_generate_messages_lisp
[5.031s] [  0%] Built target geometry_msgs_generate_messages_lisp
[5.032s] [35m[1mScanning dependencies of target trajectory_msgs_generate_messages_eus[0m
[5.043s] [  0%] Built target geometry_msgs_generate_messages_cpp
[5.070s] [  0%] Built target geometry_msgs_generate_messages_py
[5.077s] [  0%] Built target std_msgs_generate_messages_eus
[5.080s] [  0%] Built target march_shared_resources_generate_messages_nodejs
[5.088s] [  0%] Built target roscpp_generate_messages_py
[5.107s] [  0%] Built target trajectory_msgs_generate_messages_eus
[5.110s] [35m[1mScanning dependencies of target control_msgs_generate_messages_lisp[0m
[5.120s] [35m[1mScanning dependencies of target _catkin_empty_exported_target[0m
[5.131s] [35m[1mScanning dependencies of target std_msgs_generate_messages_py[0m
[5.152s] [35m[1mScanning dependencies of target std_msgs_generate_messages_lisp[0m
[5.154s] [35m[1mScanning dependencies of target control_msgs_generate_messages_cpp[0m
[5.171s] [  0%] Built target _catkin_empty_exported_target
[5.178s] [35m[1mScanning dependencies of target march_shared_resources_generate_messages_cpp[0m
[5.186s] [35m[1mScanning dependencies of target roscpp_generate_messages_nodejs[0m
[5.219s] [  0%] Built target control_msgs_generate_messages_lisp
[5.233s] [35m[1mScanning dependencies of target std_msgs_generate_messages_cpp[0m
[5.236s] [  0%] Built target control_msgs_generate_messages_cpp
[5.243s] [  0%] Built target std_msgs_generate_messages_lisp
[5.248s] [  0%] Built target std_msgs_generate_messages_py
[5.251s] [35m[1mScanning dependencies of target geometry_msgs_generate_messages_nodejs[0m
[5.255s] [  0%] Built target roscpp_generate_messages_nodejs
[5.259s] [  0%] Built target march_shared_resources_generate_messages_cpp
[5.260s] [35m[1mScanning dependencies of target actionlib_msgs_generate_messages_nodejs[0m
[5.298s] [35m[1mScanning dependencies of target sound_play_generate_messages_nodejs[0m
[5.323s] [  0%] Built target actionlib_msgs_generate_messages_nodejs
[5.324s] [  0%] Built target std_msgs_generate_messages_cpp
[5.324s] [  0%] Built target geometry_msgs_generate_messages_nodejs
[5.335s] [35m[1mScanning dependencies of target march_shared_resources_generate_messages_eus[0m
[5.335s] [35m[1mScanning dependencies of target trajectory_msgs_generate_messages_cpp[0m
[5.364s] [35m[1mScanning dependencies of target actionlib_msgs_generate_messages_lisp[0m
[5.372s] [35m[1mScanning dependencies of target trajectory_msgs_generate_messages_nodejs[0m
[5.398s] [35m[1mScanning dependencies of target control_msgs_generate_messages_eus[0m
[5.399s] [35m[1mScanning dependencies of target rosgraph_msgs_generate_messages_nodejs[0m
[5.399s] [  0%] Built target sound_play_generate_messages_nodejs
[5.401s] [35m[1mScanning dependencies of target sensor_msgs_generate_messages_lisp[0m
[5.421s] [  0%] Built target trajectory_msgs_generate_messages_cpp
[5.428s] [  0%] Built target actionlib_msgs_generate_messages_lisp
[5.433s] [  0%] Built target march_shared_resources_generate_messages_eus
[5.447s] [  0%] Built target trajectory_msgs_generate_messages_nodejs
[5.448s] [35m[1mScanning dependencies of target actionlib_msgs_generate_messages_cpp[0m
[5.477s] [  0%] Built target rosgraph_msgs_generate_messages_nodejs
[5.491s] [  0%] Built target sensor_msgs_generate_messages_lisp
[5.492s] [  0%] Built target control_msgs_generate_messages_eus
[5.494s] [35m[1mScanning dependencies of target roscpp_generate_messages_eus[0m
[5.495s] [35m[1mScanning dependencies of target control_msgs_generate_messages_py[0m
[5.505s] [35m[1mScanning dependencies of target trajectory_msgs_generate_messages_py[0m
[5.517s] [  0%] Built target actionlib_msgs_generate_messages_cpp
[5.523s] [35m[1mScanning dependencies of target geometry_msgs_generate_messages_eus[0m
[5.559s] [35m[1mScanning dependencies of target actionlib_msgs_generate_messages_py[0m
[5.565s] [35m[1mScanning dependencies of target actionlib_msgs_generate_messages_eus[0m
[5.566s] [  0%] Built target control_msgs_generate_messages_py
[5.570s] [35m[1mScanning dependencies of target rosgraph_msgs_generate_messages_py[0m
[5.586s] [  0%] Built target trajectory_msgs_generate_messages_py
[5.601s] [  0%] Built target geometry_msgs_generate_messages_eus
[5.613s] [  0%] Built target actionlib_msgs_generate_messages_py
[5.614s] [  0%] Built target roscpp_generate_messages_eus
[5.615s] [  0%] Built target actionlib_msgs_generate_messages_eus
[5.619s] [35m[1mScanning dependencies of target control_msgs_generate_messages_nodejs[0m
[5.633s] [  0%] Built target rosgraph_msgs_generate_messages_py
[5.642s] [35m[1mScanning dependencies of target sensor_msgs_generate_messages_nodejs[0m
[5.663s] [35m[1mScanning dependencies of target roscpp_generate_messages_cpp[0m
[5.676s] [35m[1mScanning dependencies of target rosgraph_msgs_generate_messages_eus[0m
[5.703s] [35m[1mScanning dependencies of target sound_play_generate_messages_lisp[0m
[5.703s] [35m[1mScanning dependencies of target rosgraph_msgs_generate_messages_lisp[0m
[5.705s] [  0%] Built target control_msgs_generate_messages_nodejs
[5.706s] [35m[1mScanning dependencies of target march_shared_resources_generate_messages_lisp[0m
[5.712s] [  0%] Built target sensor_msgs_generate_messages_nodejs
[5.717s] [35m[1mScanning dependencies of target rosgraph_msgs_generate_messages_cpp[0m
[5.733s] [  0%] Built target sound_play_generate_messages_lisp
[5.744s] [  0%] Built target roscpp_generate_messages_cpp
[5.752s] [  0%] Built target rosgraph_msgs_generate_messages_eus
[5.769s] [35m[1mScanning dependencies of target sensor_msgs_generate_messages_eus[0m
[5.773s] [35m[1mScanning dependencies of target sensor_msgs_generate_messages_cpp[0m
[5.775s] [  0%] Built target rosgraph_msgs_generate_messages_cpp
[5.778s] [  0%] Built target march_shared_resources_generate_messages_lisp
[5.778s] [35m[1mScanning dependencies of target sensor_msgs_generate_messages_py[0m
[5.789s] [  0%] Built target rosgraph_msgs_generate_messages_lisp
[5.799s] [35m[1mScanning dependencies of target sound_play_generate_messages_py[0m
[5.810s] [35m[1mScanning dependencies of target sound_play_generate_messages_cpp[0m
[5.812s] [  0%] Built target sensor_msgs_generate_messages_py
[5.813s] [35m[1mScanning dependencies of target sound_play_generate_messages_eus[0m
[5.816s] [  0%] Built target sensor_msgs_generate_messages_eus
[5.823s] [  0%] Built target sensor_msgs_generate_messages_cpp
[5.832s] [35m[1mScanning dependencies of target roscpp_generate_messages_lisp[0m
[5.839s] [  0%] Built target sound_play_generate_messages_cpp
[5.842s] [35m[1mScanning dependencies of target march_safety[0m
[5.842s] [  0%] Built target sound_play_generate_messages_py
[5.844s] [35m[1mScanning dependencies of target march_shared_resources_generate_messages_py[0m
[5.854s] [35m[1mScanning dependencies of target std_msgs_generate_messages_nodejs[0m
[5.860s] [  0%] Built target sound_play_generate_messages_eus
[5.866s] [  0%] Built target roscpp_generate_messages_lisp
[5.874s] [  0%] Built target march_shared_resources_generate_messages_py
[5.882s] [  0%] Built target std_msgs_generate_messages_nodejs
[5.898s] [ 16%] [32mBuilding CXX object CMakeFiles/march_safety.dir/src/safety_handler.cpp.o[0m
[5.899s] [ 33%] [32mBuilding CXX object CMakeFiles/march_safety.dir/src/input_device_safety.cpp.o[0m
[5.910s] [ 50%] [32mBuilding CXX object CMakeFiles/march_safety.dir/src/temperature_safety.cpp.o[0m
[11.505s] [ 66%] [32m[1mLinking CXX shared library devel/lib/libmarch_safety.so[0m
[11.796s] [ 66%] Built target march_safety
[11.815s] [35m[1mScanning dependencies of target march_safety_node[0m
[11.849s] [ 83%] [32mBuilding CXX object CMakeFiles/march_safety_node.dir/src/safety_node.cpp.o[0m
[15.591s] [100%] [32m[1mLinking CXX executable devel/lib/march_safety/march_safety_node[0m
[15.875s] [100%] Built target march_safety_node
[15.896s] Invoked command in '/home/katja/march_ws/src/march/build/march_safety' returned '0': CMAKE_PREFIX_PATH=/home/katja/march_ws/src/march/install/march_shared_resources:${CMAKE_PREFIX_PATH} PKG_CONFIG_PATH=/home/katja/march_ws/src/march/install/march_shared_resources/lib/x86_64-linux-gnu/pkgconfig:/home/katja/march_ws/src/march/install/march_shared_resources/lib/pkgconfig:${PKG_CONFIG_PATH} PYTHONPATH=/home/katja/march_ws/src/march/install/march_shared_resources/lib/python2.7/dist-packages:${PYTHONPATH} ROS_PACKAGE_PATH=/home/katja/march_ws/src/march/install/march_shared_resources/share:${ROS_PACKAGE_PATH} /usr/bin/cmake --build /home/katja/march_ws/src/march/build/march_safety -- -j8 -l8
[16.045s] Invoking command in '/home/katja/march_ws/src/march/build/march_safety': CMAKE_PREFIX_PATH=/home/katja/march_ws/src/march/install/march_shared_resources:${CMAKE_PREFIX_PATH} PKG_CONFIG_PATH=/home/katja/march_ws/src/march/install/march_shared_resources/lib/x86_64-linux-gnu/pkgconfig:/home/katja/march_ws/src/march/install/march_shared_resources/lib/pkgconfig:${PKG_CONFIG_PATH} PYTHONPATH=/home/katja/march_ws/src/march/install/march_shared_resources/lib/python2.7/dist-packages:${PYTHONPATH} ROS_PACKAGE_PATH=/home/katja/march_ws/src/march/install/march_shared_resources/share:${ROS_PACKAGE_PATH} /usr/bin/cmake --build /home/katja/march_ws/src/march/build/march_safety --target tests -- -j8 -l8
[16.158s] [35m[1mScanning dependencies of target gtest[0m
[16.204s] [  8%] [32mBuilding CXX object gtest/googlemock/gtest/CMakeFiles/gtest.dir/src/gtest-all.cc.o[0m
[19.629s] [ 16%] [32m[1mLinking CXX shared library libgtest.so[0m
[19.827s] [ 16%] Built target gtest
[19.847s] [35m[1mScanning dependencies of target march_safety_connection_not_lost_test[0m
[19.851s] [35m[1mScanning dependencies of target march_safety_connection_never_started_test[0m
[19.851s] [35m[1mScanning dependencies of target march_safety_connection_lost_test[0m
[19.853s] [35m[1mScanning dependencies of target march_safety_temperature_test[0m
[19.893s] [ 25%] [32mBuilding CXX object CMakeFiles/march_safety_connection_not_lost_test.dir/test/rostest/connection_not_lost_test.cpp.o[0m
[19.897s] [ 33%] [32mBuilding CXX object CMakeFiles/march_safety_connection_never_started_test.dir/test/rostest/connection_never_started_test.cpp.o[0m
[19.911s] [ 41%] [32mBuilding CXX object CMakeFiles/march_safety_connection_lost_test.dir/test/rostest/connection_lost_test.cpp.o[0m
[19.913s] [ 50%] [32mBuilding CXX object CMakeFiles/march_safety_temperature_test.dir/test/rostest/temperature_parameterized_test.cpp.o[0m
[19.916s] [ 58%] [32mBuilding CXX object CMakeFiles/march_safety_temperature_test.dir/test/rostest/no_temperature_error_test.cpp.o[0m
[19.920s] [ 66%] [32mBuilding CXX object CMakeFiles/march_safety_temperature_test.dir/test/rostest/temperature_error_test.cpp.o[0m
[30.908s] [ 75%] [32m[1mLinking CXX executable devel/lib/march_safety/march_safety_temperature_test[0m
[31.812s] [ 83%] [32m[1mLinking CXX executable devel/lib/march_safety/march_safety_connection_never_started_test[0m
[31.892s] [ 83%] Built target march_safety_temperature_test
[32.164s] [ 91%] [32m[1mLinking CXX executable devel/lib/march_safety/march_safety_connection_lost_test[0m
[32.194s] [100%] [32m[1mLinking CXX executable devel/lib/march_safety/march_safety_connection_not_lost_test[0m
[32.366s] [100%] Built target march_safety_connection_never_started_test
[33.031s] [100%] Built target march_safety_connection_lost_test
[33.039s] [100%] Built target march_safety_connection_not_lost_test
[33.075s] [35m[1mScanning dependencies of target tests[0m
[33.110s] [100%] Built target tests
[33.149s] Invoked command in '/home/katja/march_ws/src/march/build/march_safety' returned '0': CMAKE_PREFIX_PATH=/home/katja/march_ws/src/march/install/march_shared_resources:${CMAKE_PREFIX_PATH} PKG_CONFIG_PATH=/home/katja/march_ws/src/march/install/march_shared_resources/lib/x86_64-linux-gnu/pkgconfig:/home/katja/march_ws/src/march/install/march_shared_resources/lib/pkgconfig:${PKG_CONFIG_PATH} PYTHONPATH=/home/katja/march_ws/src/march/install/march_shared_resources/lib/python2.7/dist-packages:${PYTHONPATH} ROS_PACKAGE_PATH=/home/katja/march_ws/src/march/install/march_shared_resources/share:${ROS_PACKAGE_PATH} /usr/bin/cmake --build /home/katja/march_ws/src/march/build/march_safety --target tests -- -j8 -l8
[33.437s] Invoking command in '/home/katja/march_ws/src/march/build/march_safety': CMAKE_PREFIX_PATH=/home/katja/march_ws/src/march/install/march_shared_resources:${CMAKE_PREFIX_PATH} PKG_CONFIG_PATH=/home/katja/march_ws/src/march/install/march_shared_resources/lib/x86_64-linux-gnu/pkgconfig:/home/katja/march_ws/src/march/install/march_shared_resources/lib/pkgconfig:${PKG_CONFIG_PATH} PYTHONPATH=/home/katja/march_ws/src/march/install/march_shared_resources/lib/python2.7/dist-packages:${PYTHONPATH} ROS_PACKAGE_PATH=/home/katja/march_ws/src/march/install/march_shared_resources/share:${ROS_PACKAGE_PATH} /usr/bin/cmake --build /home/katja/march_ws/src/march/build/march_safety --target install -- -j8 -l8
[33.899s] [  0%] Built target trajectory_msgs_generate_messages_eus
[33.984s] [  0%] Built target std_msgs_generate_messages_eus
[34.003s] [  0%] Built target geometry_msgs_generate_messages_lisp
[34.011s] [  0%] Built target geometry_msgs_generate_messages_cpp
[34.023s] [  0%] Built target geometry_msgs_generate_messages_py
[34.032s] [  0%] Built target roscpp_generate_messages_py
[34.036s] [  0%] Built target march_shared_resources_generate_messages_nodejs
[34.051s] [  0%] Built target trajectory_msgs_generate_messages_lisp
[34.256s] [  0%] Built target control_msgs_generate_messages_lisp
[34.303s] [  0%] Built target _catkin_empty_exported_target
[34.421s] [  0%] Built target roscpp_generate_messages_nodejs
[34.434s] [  0%] Built target geometry_msgs_generate_messages_nodejs
[34.443s] [  0%] Built target march_shared_resources_generate_messages_cpp
[34.473s] [  0%] Built target std_msgs_generate_messages_lisp
[34.492s] [  0%] Built target std_msgs_generate_messages_py
[34.494s] [  0%] Built target std_msgs_generate_messages_cpp
[34.505s] [  0%] Built target control_msgs_generate_messages_cpp
[34.540s] [  0%] Built target actionlib_msgs_generate_messages_nodejs
[34.627s] [  0%] Built target trajectory_msgs_generate_messages_cpp
[34.696s] [  0%] Built target sound_play_generate_messages_nodejs
[34.711s] [  0%] Built target march_shared_resources_generate_messages_eus
[34.726s] [  0%] Built target trajectory_msgs_generate_messages_nodejs
[34.744s] [  0%] Built target actionlib_msgs_generate_messages_lisp
[34.773s] [  0%] Built target rosgraph_msgs_generate_messages_nodejs
[34.779s] [  0%] Built target control_msgs_generate_messages_eus
[34.798s] [  0%] Built target sensor_msgs_generate_messages_lisp
[34.944s] [  0%] Built target actionlib_msgs_generate_messages_cpp
[34.944s] [  0%] Built target trajectory_msgs_generate_messages_py
[34.955s] [  0%] Built target geometry_msgs_generate_messages_eus
[34.986s] [  0%] Built target roscpp_generate_messages_eus
[34.999s] [  0%] Built target control_msgs_generate_messages_py
[35.000s] [  0%] Built target actionlib_msgs_generate_messages_eus
[35.033s] [  0%] Built target rosgraph_msgs_generate_messages_py
[35.048s] [  0%] Built target actionlib_msgs_generate_messages_py
[35.162s] [  0%] Built target sensor_msgs_generate_messages_nodejs
[35.206s] [  0%] Built target control_msgs_generate_messages_nodejs
[35.213s] [  0%] Built target roscpp_generate_messages_cpp
[35.215s] [  0%] Built target rosgraph_msgs_generate_messages_cpp
[35.242s] [  0%] Built target march_shared_resources_generate_messages_lisp
[35.243s] [  0%] Built target rosgraph_msgs_generate_messages_eus
[35.261s] [  0%] Built target sound_play_generate_messages_lisp
[35.357s] [  0%] Built target sensor_msgs_generate_messages_eus
[35.382s] [  0%] Built target rosgraph_msgs_generate_messages_lisp
[35.411s] [  0%] Built target sound_play_generate_messages_py
[35.412s] [  0%] Built target sensor_msgs_generate_messages_py
[35.456s] [ 66%] Built target march_safety
[35.458s] [ 66%] Built target sensor_msgs_generate_messages_cpp
[35.485s] [ 66%] Built target sound_play_generate_messages_eus
[35.486s] [ 66%] Built target sound_play_generate_messages_cpp
[35.649s] [ 66%] Built target march_shared_resources_generate_messages_py
[35.655s] [ 66%] Built target roscpp_generate_messages_lisp
[35.657s] [ 66%] Built target std_msgs_generate_messages_nodejs
[35.961s] [100%] Built target march_safety_node
[36.165s] [36mInstall the project...[0m
[36.249s] -- Install configuration: ""
[36.250s] -- Installing: /home/katja/march_ws/src/march/install/march_safety/lib/pkgconfig/march_safety.pc
[36.252s] -- Installing: /home/katja/march_ws/src/march/install/march_safety/share/march_safety/cmake/march_safetyConfig.cmake
[36.253s] -- Installing: /home/katja/march_ws/src/march/install/march_safety/share/march_safety/cmake/march_safetyConfig-version.cmake
[36.256s] -- Installing: /home/katja/march_ws/src/march/install/march_safety/share/march_safety/package.xml
[36.259s] -- Installing: /home/katja/march_ws/src/march/install/march_safety/include/march_safety/march_safety
[36.261s] -- Installing: /home/katja/march_ws/src/march/install/march_safety/include/march_safety/march_safety/input_device_safety.h
[36.265s] -- Installing: /home/katja/march_ws/src/march/install/march_safety/include/march_safety/march_safety/temperature_safety.h
[36.269s] -- Installing: /home/katja/march_ws/src/march/install/march_safety/include/march_safety/march_safety/safety_type.h
[36.279s] -- Installing: /home/katja/march_ws/src/march/install/march_safety/include/march_safety/march_safety/safety_handler.h
[36.289s] -- Installing: /home/katja/march_ws/src/march/install/march_safety/lib/libmarch_safety.so
[36.299s] -- Set runtime path of "/home/katja/march_ws/src/march/install/march_safety/lib/libmarch_safety.so" to ""
[36.312s] -- Installing: /home/katja/march_ws/src/march/install/march_safety/lib/march_safety/march_safety_node
[36.322s] -- Set runtime path of "/home/katja/march_ws/src/march/install/march_safety/lib/march_safety/march_safety_node" to ""
[36.323s] -- Installing: /home/katja/march_ws/src/march/install/march_safety/share/march_safety/launch
[36.323s] -- Installing: /home/katja/march_ws/src/march/install/march_safety/share/march_safety/launch/safety_settings.yaml
[36.324s] -- Installing: /home/katja/march_ws/src/march/install/march_safety/share/march_safety/launch/march_safety.launch
[36.324s] -- Installing: /home/katja/march_ws/src/march/install/march_safety/share/march_safety/sound
[36.332s] -- Installing: /home/katja/march_ws/src/march/install/march_safety/share/march_safety/sound/non_fatal.wav
[36.335s] -- Installing: /home/katja/march_ws/src/march/install/march_safety/share/march_safety/sound/fatal.wav
[36.357s] Invoked command in '/home/katja/march_ws/src/march/build/march_safety' returned '0': CMAKE_PREFIX_PATH=/home/katja/march_ws/src/march/install/march_shared_resources:${CMAKE_PREFIX_PATH} PKG_CONFIG_PATH=/home/katja/march_ws/src/march/install/march_shared_resources/lib/x86_64-linux-gnu/pkgconfig:/home/katja/march_ws/src/march/install/march_shared_resources/lib/pkgconfig:${PKG_CONFIG_PATH} PYTHONPATH=/home/katja/march_ws/src/march/install/march_shared_resources/lib/python2.7/dist-packages:${PYTHONPATH} ROS_PACKAGE_PATH=/home/katja/march_ws/src/march/install/march_shared_resources/share:${ROS_PACKAGE_PATH} /usr/bin/cmake --build /home/katja/march_ws/src/march/build/march_safety --target install -- -j8 -l8
