-- The C compiler identification is GNU 7.5.0
-- The CXX compiler identification is GNU 7.5.0
-- Check for working C compiler: /usr/bin/cc
-- Check for working C compiler: /usr/bin/cc -- works
-- Detecting C compiler ABI info
-- Detecting C compiler ABI info - done
-- Detecting C compile features
-- Detecting C compile features - done
-- Check for working CXX compiler: /usr/bin/c++
-- Check for working CXX compiler: /usr/bin/c++ -- works
-- Detecting CXX compiler ABI info
-- Detecting CXX compiler ABI info - done
-- Detecting CXX compile features
-- Detecting CXX compile features - done
-- Using CATKIN_DEVEL_PREFIX: /home/katja/march_ws/src/march/build/march_gait_scheduler/devel
-- Using CMAKE_PREFIX_PATH: /home/katja/march_ws/src/march/install/march_shared_resources;/opt/ros/melodic
-- This workspace overlays: /home/katja/march_ws/src/march/install/march_shared_resources;/opt/ros/melodic
-- Found PythonInterp: /usr/bin/python2 (found suitable version "2.7.17", minimum required is "2") 
-- Using PYTHON_EXECUTABLE: /usr/bin/python2
-- Using Debian Python package layout
-- Using empy: /usr/bin/empy
-- Using CATKIN_ENABLE_TESTING: ON
-- Call enable_testing()
-- Using CATKIN_TEST_RESULTS_DIR: /home/katja/march_ws/src/march/build/march_gait_scheduler/test_results
-- Found gtest sources under '/usr/src/googletest': gtests will be built
-- Found gmock sources under '/usr/src/googletest': gmock will be built
-- Found PythonInterp: /usr/bin/python2 (found version "2.7.17") 
-- Looking for pthread.h
-- Looking for pthread.h - found
-- Looking for pthread_create
-- Looking for pthread_create - not found
-- Looking for pthread_create in pthreads
-- Looking for pthread_create in pthreads - not found
-- Looking for pthread_create in pthread
-- Looking for pthread_create in pthread - found
-- Found Threads: TRUE  
-- Using Python nosetests: /usr/bin/nosetests-2.7
-- catkin 0.7.28
-- BUILD_SHARED_LIBS is on
-- Using these message generators: gencpp;geneus;genlisp;gennodejs;genpy
-- Configuring done
-- Generating done
-- Build files have been written to: /home/katja/march_ws/src/march/build/march_gait_scheduler
[35m[1mScanning dependencies of target trajectory_msgs_generate_messages_nodejs[0m
[35m[1mScanning dependencies of target dynamic_reconfigure_generate_messages_py[0m
[35m[1mScanning dependencies of target dynamic_reconfigure_generate_messages_eus[0m
[35m[1mScanning dependencies of target march_shared_resources_generate_messages_py[0m
[35m[1mScanning dependencies of target control_msgs_generate_messages_cpp[0m
[35m[1mScanning dependencies of target march_shared_resources_generate_messages_cpp[0m
[  0%] Built target dynamic_reconfigure_generate_messages_eus
[35m[1mScanning dependencies of target dynamic_reconfigure_generate_messages_lisp[0m
[35m[1mScanning dependencies of target dynamic_reconfigure_generate_messages_nodejs[0m
[  0%] Built target dynamic_reconfigure_generate_messages_py
[  0%] Built target trajectory_msgs_generate_messages_nodejs
[  0%] Built target march_shared_resources_generate_messages_py
[  0%] Built target march_shared_resources_generate_messages_cpp
[  0%] Built target control_msgs_generate_messages_cpp
[35m[1mScanning dependencies of target trajectory_msgs_generate_messages_lisp[0m
[  0%] Built target dynamic_reconfigure_generate_messages_nodejs
[35m[1mScanning dependencies of target trajectory_msgs_generate_messages_cpp[0m
[  0%] Built target dynamic_reconfigure_generate_messages_lisp
[  0%] Built target trajectory_msgs_generate_messages_lisp
[35m[1mScanning dependencies of target geometry_msgs_generate_messages_py[0m
[35m[1mScanning dependencies of target geometry_msgs_generate_messages_cpp[0m
[35m[1mScanning dependencies of target actionlib_msgs_generate_messages_eus[0m
[  0%] Built target geometry_msgs_generate_messages_py
[  0%] Built target geometry_msgs_generate_messages_cpp
[35m[1mScanning dependencies of target geometry_msgs_generate_messages_lisp[0m
[35m[1mScanning dependencies of target march_gait_scheduler[0m
[35m[1mScanning dependencies of target actionlib_msgs_generate_messages_lisp[0m
[35m[1mScanning dependencies of target actionlib_msgs_generate_messages_py[0m
[  0%] Built target trajectory_msgs_generate_messages_cpp
[35m[1mScanning dependencies of target actionlib_msgs_generate_messages_cpp[0m
[  0%] Built target actionlib_msgs_generate_messages_eus
[  0%] Built target actionlib_msgs_generate_messages_lisp
[35m[1mScanning dependencies of target rosgraph_msgs_generate_messages_eus[0m
[  0%] Built target geometry_msgs_generate_messages_lisp
[35m[1mScanning dependencies of target actionlib_generate_messages_py[0m
[  0%] Built target actionlib_msgs_generate_messages_py
[  0%] Built target actionlib_msgs_generate_messages_cpp
[  0%] Built target rosgraph_msgs_generate_messages_eus
[35m[1mScanning dependencies of target actionlib_generate_messages_nodejs[0m
[35m[1mScanning dependencies of target dynamic_reconfigure_gencfg[0m
[35m[1mScanning dependencies of target march_shared_resources_generate_messages_eus[0m
[ 20%] [32mBuilding CXX object CMakeFiles/march_gait_scheduler.dir/src/scheduler.cpp.o[0m
[35m[1mScanning dependencies of target trajectory_msgs_generate_messages_py[0m
[ 20%] Built target actionlib_generate_messages_py
[35m[1mScanning dependencies of target control_msgs_generate_messages_lisp[0m
[ 20%] Built target dynamic_reconfigure_gencfg
[ 20%] Built target march_shared_resources_generate_messages_eus
[ 20%] Built target actionlib_generate_messages_nodejs
[35m[1mScanning dependencies of target std_msgs_generate_messages_eus[0m
[35m[1mScanning dependencies of target rosgraph_msgs_generate_messages_nodejs[0m
[ 20%] Built target trajectory_msgs_generate_messages_py
[35m[1mScanning dependencies of target march_shared_resources_generate_messages_lisp[0m
[ 20%] Built target control_msgs_generate_messages_lisp
[ 20%] Built target std_msgs_generate_messages_eus
[35m[1mScanning dependencies of target rosgraph_msgs_generate_messages_py[0m
[35m[1mScanning dependencies of target control_msgs_generate_messages_py[0m
[ 20%] Built target rosgraph_msgs_generate_messages_nodejs
[35m[1mScanning dependencies of target actionlib_generate_messages_lisp[0m
[ 20%] Built target control_msgs_generate_messages_py
[35m[1mScanning dependencies of target actionlib_generate_messages_eus[0m
[35m[1mScanning dependencies of target actionlib_msgs_generate_messages_nodejs[0m
[ 20%] Built target march_shared_resources_generate_messages_lisp
[ 20%] Built target rosgraph_msgs_generate_messages_py
[35m[1mScanning dependencies of target std_msgs_generate_messages_cpp[0m
[ 20%] Built target actionlib_generate_messages_lisp
[ 20%] Built target actionlib_generate_messages_eus
[35m[1mScanning dependencies of target march_gait_scheduler_gencfg[0m
[35m[1mScanning dependencies of target geometry_msgs_generate_messages_nodejs[0m
[ 20%] Built target actionlib_msgs_generate_messages_nodejs
[ 20%] Built target std_msgs_generate_messages_cpp
[35m[1mScanning dependencies of target control_msgs_generate_messages_eus[0m
[ 40%] [34m[1mGenerating dynamic reconfigure files from config/Scheduler.cfg: /home/katja/march_ws/src/march/build/march_gait_scheduler/devel/include/march_gait_scheduler/SchedulerConfig.h /home/katja/march_ws/src/march/build/march_gait_scheduler/devel/lib/python2.7/dist-packages/march_gait_scheduler/cfg/SchedulerConfig.py[0m
[35m[1mScanning dependencies of target rosgraph_msgs_generate_messages_lisp[0m
[35m[1mScanning dependencies of target actionlib_generate_messages_cpp[0m
[ 40%] Built target control_msgs_generate_messages_eus
[ 40%] Built target geometry_msgs_generate_messages_nodejs
[35m[1mScanning dependencies of target roscpp_generate_messages_cpp[0m
[35m[1mScanning dependencies of target std_msgs_generate_messages_lisp[0m
[ 40%] Built target rosgraph_msgs_generate_messages_lisp
[35m[1mScanning dependencies of target std_msgs_generate_messages_nodejs[0m
[ 40%] Built target std_msgs_generate_messages_lisp
[ 40%] Built target actionlib_generate_messages_cpp
[ 40%] Built target roscpp_generate_messages_cpp
[35m[1mScanning dependencies of target std_msgs_generate_messages_py[0m
[35m[1mScanning dependencies of target dynamic_reconfigure_generate_messages_cpp[0m
[35m[1mScanning dependencies of target _catkin_empty_exported_target[0m
[ 40%] Built target dynamic_reconfigure_generate_messages_cpp
[35m[1mScanning dependencies of target rosgraph_msgs_generate_messages_cpp[0m
[ 40%] Built target std_msgs_generate_messages_nodejs
[ 40%] Built target std_msgs_generate_messages_py
[35m[1mScanning dependencies of target geometry_msgs_generate_messages_eus[0m
[ 40%] Built target _catkin_empty_exported_target
[35m[1mScanning dependencies of target roscpp_generate_messages_nodejs[0m
[35m[1mScanning dependencies of target roscpp_generate_messages_eus[0m
[ 40%] Built target rosgraph_msgs_generate_messages_cpp
[ 40%] Built target roscpp_generate_messages_nodejs
[ 40%] Built target geometry_msgs_generate_messages_eus
Generating reconfiguration files for Scheduler in march_gait_scheduler
[35m[1mScanning dependencies of target roscpp_generate_messages_lisp[0m
Wrote header file in /home/katja/march_ws/src/march/build/march_gait_scheduler/devel/include/march_gait_scheduler/SchedulerConfig.h
[35m[1mScanning dependencies of target march_shared_resources_generate_messages_nodejs[0m
[35m[1mScanning dependencies of target control_msgs_generate_messages_nodejs[0m
[ 40%] Built target roscpp_generate_messages_eus
[35m[1mScanning dependencies of target roscpp_generate_messages_py[0m
[ 40%] Built target roscpp_generate_messages_lisp
[35m[1mScanning dependencies of target trajectory_msgs_generate_messages_eus[0m
[ 40%] Built target march_shared_resources_generate_messages_nodejs
[ 40%] Built target roscpp_generate_messages_py
[ 40%] Built target control_msgs_generate_messages_nodejs
[ 40%] Built target trajectory_msgs_generate_messages_eus
[ 40%] Built target march_gait_scheduler_gencfg
[ 60%] [32m[1mLinking CXX shared library devel/lib/libmarch_gait_scheduler.so[0m
[ 60%] Built target march_gait_scheduler
[35m[1mScanning dependencies of target march_gait_scheduler_node[0m
[ 80%] [32mBuilding CXX object CMakeFiles/march_gait_scheduler_node.dir/src/gait_scheduler_node.cpp.o[0m
[100%] [32m[1mLinking CXX executable devel/lib/march_gait_scheduler/march_gait_scheduler_node[0m
[100%] Built target march_gait_scheduler_node
[35m[1mScanning dependencies of target gtest[0m
[  9%] [32mBuilding CXX object gtest/googlemock/gtest/CMakeFiles/gtest.dir/src/gtest-all.cc.o[0m
[ 27%] Built target march_gait_scheduler
[ 36%] [32m[1mLinking CXX shared library libgtest.so[0m
[ 36%] Built target gtest
[35m[1mScanning dependencies of target march_gait_scheduler_test[0m
[ 45%] [32mBuilding CXX object CMakeFiles/march_gait_scheduler_test.dir/test/rostest/test_runner.cpp.o[0m
[ 54%] [32mBuilding CXX object CMakeFiles/march_gait_scheduler_test.dir/test/rostest/schedule_one_gait_test.cpp.o[0m
[ 63%] [32mBuilding CXX object CMakeFiles/march_gait_scheduler_test.dir/test/rostest/end_time_test.cpp.o[0m
[ 72%] [32mBuilding CXX object CMakeFiles/march_gait_scheduler_test.dir/test/rostest/schedule_multiple_gaits_test.cpp.o[0m
[ 81%] [32mBuilding CXX object CMakeFiles/march_gait_scheduler_test.dir/test/rostest/acceptance_test.cpp.o[0m
[ 90%] [32mBuilding CXX object CMakeFiles/march_gait_scheduler_test.dir/test/rostest/callback_counter.cpp.o[0m
[100%] [32m[1mLinking CXX executable devel/lib/march_gait_scheduler/march_gait_scheduler_test[0m
[100%] Built target march_gait_scheduler_test
[35m[1mScanning dependencies of target tests[0m
[100%] Built target tests
[  0%] Built target march_shared_resources_generate_messages_cpp
[  0%] Built target control_msgs_generate_messages_cpp
[  0%] Built target trajectory_msgs_generate_messages_nodejs
[  0%] Built target dynamic_reconfigure_generate_messages_nodejs
[  0%] Built target dynamic_reconfigure_generate_messages_py
[  0%] Built target dynamic_reconfigure_generate_messages_eus
[  0%] Built target dynamic_reconfigure_generate_messages_lisp
[  0%] Built target march_shared_resources_generate_messages_py
[  0%] Built target trajectory_msgs_generate_messages_lisp
[  0%] Built target geometry_msgs_generate_messages_py
[  0%] Built target trajectory_msgs_generate_messages_cpp
[  0%] Built target geometry_msgs_generate_messages_lisp
[  0%] Built target geometry_msgs_generate_messages_cpp
[  0%] Built target actionlib_msgs_generate_messages_lisp
[  0%] Built target actionlib_msgs_generate_messages_py
[  0%] Built target actionlib_msgs_generate_messages_eus
[ 40%] Built target march_gait_scheduler
[ 40%] Built target rosgraph_msgs_generate_messages_eus
[ 40%] Built target actionlib_msgs_generate_messages_cpp
[ 40%] Built target actionlib_generate_messages_py
[ 40%] Built target actionlib_generate_messages_nodejs
[ 40%] Built target dynamic_reconfigure_gencfg
[ 40%] Built target march_shared_resources_generate_messages_eus
[ 40%] Built target control_msgs_generate_messages_lisp
[ 40%] Built target trajectory_msgs_generate_messages_py
[ 40%] Built target rosgraph_msgs_generate_messages_nodejs
[ 40%] Built target march_shared_resources_generate_messages_lisp
[ 40%] Built target std_msgs_generate_messages_eus
[ 40%] Built target control_msgs_generate_messages_py
[ 40%] Built target rosgraph_msgs_generate_messages_py
[ 40%] Built target actionlib_generate_messages_lisp
[ 40%] Built target actionlib_generate_messages_eus
[ 40%] Built target std_msgs_generate_messages_cpp
[ 40%] Built target actionlib_msgs_generate_messages_nodejs
[ 60%] Built target march_gait_scheduler_gencfg
[ 60%] Built target actionlib_generate_messages_cpp
[ 60%] Built target geometry_msgs_generate_messages_nodejs
[ 60%] Built target control_msgs_generate_messages_eus
[ 60%] Built target rosgraph_msgs_generate_messages_lisp
[ 60%] Built target roscpp_generate_messages_cpp
[ 60%] Built target std_msgs_generate_messages_lisp
[ 60%] Built target std_msgs_generate_messages_nodejs
[ 60%] Built target _catkin_empty_exported_target
[ 60%] Built target std_msgs_generate_messages_py
[ 60%] Built target dynamic_reconfigure_generate_messages_cpp
[ 60%] Built target rosgraph_msgs_generate_messages_cpp
[ 60%] Built target roscpp_generate_messages_nodejs
[ 60%] Built target geometry_msgs_generate_messages_eus
[ 60%] Built target roscpp_generate_messages_eus
[ 60%] Built target roscpp_generate_messages_lisp
[ 60%] Built target march_shared_resources_generate_messages_nodejs
[ 60%] Built target control_msgs_generate_messages_nodejs
[ 60%] Built target trajectory_msgs_generate_messages_eus
[ 60%] Built target roscpp_generate_messages_py
[100%] Built target march_gait_scheduler_node
[36mInstall the project...[0m
-- Install configuration: ""
-- Installing: /home/katja/march_ws/src/march/install/march_gait_scheduler/include/march_gait_scheduler/SchedulerConfig.h
-- Installing: /home/katja/march_ws/src/march/install/march_gait_scheduler/lib/python2.7/dist-packages/march_gait_scheduler/__init__.py
Listing /home/katja/march_ws/src/march/build/march_gait_scheduler/devel/lib/python2.7/dist-packages/march_gait_scheduler/cfg ...
Compiling /home/katja/march_ws/src/march/build/march_gait_scheduler/devel/lib/python2.7/dist-packages/march_gait_scheduler/cfg/SchedulerConfig.py ...
Compiling /home/katja/march_ws/src/march/build/march_gait_scheduler/devel/lib/python2.7/dist-packages/march_gait_scheduler/cfg/__init__.py ...
-- Installing: /home/katja/march_ws/src/march/install/march_gait_scheduler/lib/python2.7/dist-packages/march_gait_scheduler/cfg
-- Installing: /home/katja/march_ws/src/march/install/march_gait_scheduler/lib/python2.7/dist-packages/march_gait_scheduler/cfg/SchedulerConfig.pyc
-- Installing: /home/katja/march_ws/src/march/install/march_gait_scheduler/lib/python2.7/dist-packages/march_gait_scheduler/cfg/__init__.pyc
-- Installing: /home/katja/march_ws/src/march/install/march_gait_scheduler/lib/python2.7/dist-packages/march_gait_scheduler/cfg/SchedulerConfig.py
-- Installing: /home/katja/march_ws/src/march/install/march_gait_scheduler/lib/python2.7/dist-packages/march_gait_scheduler/cfg/__init__.py
-- Installing: /home/katja/march_ws/src/march/install/march_gait_scheduler/lib/pkgconfig/march_gait_scheduler.pc
-- Installing: /home/katja/march_ws/src/march/install/march_gait_scheduler/share/march_gait_scheduler/cmake/march_gait_schedulerConfig.cmake
-- Installing: /home/katja/march_ws/src/march/install/march_gait_scheduler/share/march_gait_scheduler/cmake/march_gait_schedulerConfig-version.cmake
-- Installing: /home/katja/march_ws/src/march/install/march_gait_scheduler/share/march_gait_scheduler/package.xml
-- Installing: /home/katja/march_ws/src/march/install/march_gait_scheduler/include/march_gait_scheduler/march_gait_scheduler
-- Installing: /home/katja/march_ws/src/march/install/march_gait_scheduler/include/march_gait_scheduler/march_gait_scheduler/scheduler.h
-- Installing: /home/katja/march_ws/src/march/install/march_gait_scheduler/lib/libmarch_gait_scheduler.so
-- Set runtime path of "/home/katja/march_ws/src/march/install/march_gait_scheduler/lib/libmarch_gait_scheduler.so" to ""
-- Installing: /home/katja/march_ws/src/march/install/march_gait_scheduler/lib/march_gait_scheduler/march_gait_scheduler_node
-- Set runtime path of "/home/katja/march_ws/src/march/install/march_gait_scheduler/lib/march_gait_scheduler/march_gait_scheduler_node" to ""
