[0.055s] Invoking command in '/home/katja/march_ws/src/march/build/march_gait_scheduler': CMAKE_PREFIX_PATH=/home/katja/march_ws/src/march/install/march_shared_resources:${CMAKE_PREFIX_PATH} PKG_CONFIG_PATH=/home/katja/march_ws/src/march/install/march_shared_resources/lib/x86_64-linux-gnu/pkgconfig:/home/katja/march_ws/src/march/install/march_shared_resources/lib/pkgconfig:${PKG_CONFIG_PATH} PYTHONPATH=/home/katja/march_ws/src/march/install/march_shared_resources/lib/python2.7/dist-packages:${PYTHONPATH} ROS_PACKAGE_PATH=/home/katja/march_ws/src/march/install/march_shared_resources/share:${ROS_PACKAGE_PATH} /usr/bin/cmake /home/katja/march_ws/src/march/march_gait_scheduler -DCATKIN_INSTALL_INTO_PREFIX_ROOT=0 -DCMAKE_INSTALL_PREFIX=/home/katja/march_ws/src/march/install/march_gait_scheduler
[0.198s] -- The C compiler identification is GNU 7.5.0
[0.366s] -- The CXX compiler identification is GNU 7.5.0
[0.382s] -- Check for working C compiler: /usr/bin/cc
[0.549s] -- Check for working C compiler: /usr/bin/cc -- works
[0.551s] -- Detecting C compiler ABI info
[0.714s] -- Detecting C compiler ABI info - done
[0.737s] -- Detecting C compile features
[1.226s] -- Detecting C compile features - done
[1.233s] -- Check for working CXX compiler: /usr/bin/c++
[1.407s] -- Check for working CXX compiler: /usr/bin/c++ -- works
[1.408s] -- Detecting CXX compiler ABI info
[1.610s] -- Detecting CXX compiler ABI info - done
[1.631s] -- Detecting CXX compile features
[2.372s] -- Detecting CXX compile features - done
[2.377s] -- Using CATKIN_DEVEL_PREFIX: /home/katja/march_ws/src/march/build/march_gait_scheduler/devel
[2.377s] -- Using CMAKE_PREFIX_PATH: /home/katja/march_ws/src/march/install/march_shared_resources;/opt/ros/melodic
[2.377s] -- This workspace overlays: /home/katja/march_ws/src/march/install/march_shared_resources;/opt/ros/melodic
[2.409s] -- Found PythonInterp: /usr/bin/python2 (found suitable version "2.7.17", minimum required is "2") 
[2.409s] -- Using PYTHON_EXECUTABLE: /usr/bin/python2
[2.410s] -- Using Debian Python package layout
[2.410s] -- Using empy: /usr/bin/empy
[2.754s] -- Using CATKIN_ENABLE_TESTING: ON
[2.754s] -- Call enable_testing()
[2.758s] -- Using CATKIN_TEST_RESULTS_DIR: /home/katja/march_ws/src/march/build/march_gait_scheduler/test_results
[2.811s] -- Found gtest sources under '/usr/src/googletest': gtests will be built
[2.811s] -- Found gmock sources under '/usr/src/googletest': gmock will be built
[2.843s] -- Found PythonInterp: /usr/bin/python2 (found version "2.7.17") 
[2.846s] -- Looking for pthread.h
[2.996s] -- Looking for pthread.h - found
[2.998s] -- Looking for pthread_create
[3.168s] -- Looking for pthread_create - not found
[3.170s] -- Looking for pthread_create in pthreads
[3.283s] -- Looking for pthread_create in pthreads - not found
[3.284s] -- Looking for pthread_create in pthread
[3.433s] -- Looking for pthread_create in pthread - found
[3.435s] -- Found Threads: TRUE  
[3.445s] -- Using Python nosetests: /usr/bin/nosetests-2.7
[3.546s] -- catkin 0.7.28
[3.547s] -- BUILD_SHARED_LIBS is on
[3.852s] -- Using these message generators: gencpp;geneus;genlisp;gennodejs;genpy
[4.470s] -- Configuring done
[4.597s] -- Generating done
[4.625s] -- Build files have been written to: /home/katja/march_ws/src/march/build/march_gait_scheduler
[4.635s] Invoked command in '/home/katja/march_ws/src/march/build/march_gait_scheduler' returned '0': CMAKE_PREFIX_PATH=/home/katja/march_ws/src/march/install/march_shared_resources:${CMAKE_PREFIX_PATH} PKG_CONFIG_PATH=/home/katja/march_ws/src/march/install/march_shared_resources/lib/x86_64-linux-gnu/pkgconfig:/home/katja/march_ws/src/march/install/march_shared_resources/lib/pkgconfig:${PKG_CONFIG_PATH} PYTHONPATH=/home/katja/march_ws/src/march/install/march_shared_resources/lib/python2.7/dist-packages:${PYTHONPATH} ROS_PACKAGE_PATH=/home/katja/march_ws/src/march/install/march_shared_resources/share:${ROS_PACKAGE_PATH} /usr/bin/cmake /home/katja/march_ws/src/march/march_gait_scheduler -DCATKIN_INSTALL_INTO_PREFIX_ROOT=0 -DCMAKE_INSTALL_PREFIX=/home/katja/march_ws/src/march/install/march_gait_scheduler
[4.641s] Invoking command in '/home/katja/march_ws/src/march/build/march_gait_scheduler': CMAKE_PREFIX_PATH=/home/katja/march_ws/src/march/install/march_shared_resources:${CMAKE_PREFIX_PATH} PKG_CONFIG_PATH=/home/katja/march_ws/src/march/install/march_shared_resources/lib/x86_64-linux-gnu/pkgconfig:/home/katja/march_ws/src/march/install/march_shared_resources/lib/pkgconfig:${PKG_CONFIG_PATH} PYTHONPATH=/home/katja/march_ws/src/march/install/march_shared_resources/lib/python2.7/dist-packages:${PYTHONPATH} ROS_PACKAGE_PATH=/home/katja/march_ws/src/march/install/march_shared_resources/share:${ROS_PACKAGE_PATH} /usr/bin/cmake --build /home/katja/march_ws/src/march/build/march_gait_scheduler -- -j8 -l8
[4.744s] [35m[1mScanning dependencies of target trajectory_msgs_generate_messages_nodejs[0m
[4.746s] [35m[1mScanning dependencies of target dynamic_reconfigure_generate_messages_py[0m
[4.748s] [35m[1mScanning dependencies of target dynamic_reconfigure_generate_messages_eus[0m
[4.756s] [35m[1mScanning dependencies of target march_shared_resources_generate_messages_py[0m
[4.772s] [35m[1mScanning dependencies of target control_msgs_generate_messages_cpp[0m
[4.773s] [35m[1mScanning dependencies of target march_shared_resources_generate_messages_cpp[0m
[4.780s] [  0%] Built target dynamic_reconfigure_generate_messages_eus
[4.781s] [35m[1mScanning dependencies of target dynamic_reconfigure_generate_messages_lisp[0m
[4.784s] [35m[1mScanning dependencies of target dynamic_reconfigure_generate_messages_nodejs[0m
[4.785s] [  0%] Built target dynamic_reconfigure_generate_messages_py
[4.797s] [  0%] Built target trajectory_msgs_generate_messages_nodejs
[4.808s] [  0%] Built target march_shared_resources_generate_messages_py
[4.813s] [  0%] Built target march_shared_resources_generate_messages_cpp
[4.815s] [  0%] Built target control_msgs_generate_messages_cpp
[4.818s] [35m[1mScanning dependencies of target trajectory_msgs_generate_messages_lisp[0m
[4.824s] [  0%] Built target dynamic_reconfigure_generate_messages_nodejs
[4.832s] [35m[1mScanning dependencies of target trajectory_msgs_generate_messages_cpp[0m
[4.843s] [  0%] Built target dynamic_reconfigure_generate_messages_lisp
[4.845s] [  0%] Built target trajectory_msgs_generate_messages_lisp
[4.849s] [35m[1mScanning dependencies of target geometry_msgs_generate_messages_py[0m
[4.850s] [35m[1mScanning dependencies of target geometry_msgs_generate_messages_cpp[0m
[4.875s] [35m[1mScanning dependencies of target actionlib_msgs_generate_messages_eus[0m
[4.879s] [  0%] Built target geometry_msgs_generate_messages_py
[4.891s] [  0%] Built target geometry_msgs_generate_messages_cpp
[4.891s] [35m[1mScanning dependencies of target geometry_msgs_generate_messages_lisp[0m
[4.899s] [35m[1mScanning dependencies of target march_gait_scheduler[0m
[4.899s] [35m[1mScanning dependencies of target actionlib_msgs_generate_messages_lisp[0m
[4.901s] [35m[1mScanning dependencies of target actionlib_msgs_generate_messages_py[0m
[4.903s] [  0%] Built target trajectory_msgs_generate_messages_cpp
[4.905s] [35m[1mScanning dependencies of target actionlib_msgs_generate_messages_cpp[0m
[4.928s] [  0%] Built target actionlib_msgs_generate_messages_eus
[4.929s] [  0%] Built target actionlib_msgs_generate_messages_lisp
[4.932s] [35m[1mScanning dependencies of target rosgraph_msgs_generate_messages_eus[0m
[4.946s] [  0%] Built target geometry_msgs_generate_messages_lisp
[4.954s] [35m[1mScanning dependencies of target actionlib_generate_messages_py[0m
[4.960s] [  0%] Built target actionlib_msgs_generate_messages_py
[4.984s] [  0%] Built target actionlib_msgs_generate_messages_cpp
[5.005s] [  0%] Built target rosgraph_msgs_generate_messages_eus
[5.005s] [35m[1mScanning dependencies of target actionlib_generate_messages_nodejs[0m
[5.011s] [35m[1mScanning dependencies of target dynamic_reconfigure_gencfg[0m
[5.012s] [35m[1mScanning dependencies of target march_shared_resources_generate_messages_eus[0m
[5.014s] [ 20%] [32mBuilding CXX object CMakeFiles/march_gait_scheduler.dir/src/scheduler.cpp.o[0m
[5.028s] [35m[1mScanning dependencies of target trajectory_msgs_generate_messages_py[0m
[5.029s] [ 20%] Built target actionlib_generate_messages_py
[5.045s] [35m[1mScanning dependencies of target control_msgs_generate_messages_lisp[0m
[5.051s] [ 20%] Built target dynamic_reconfigure_gencfg
[5.054s] [ 20%] Built target march_shared_resources_generate_messages_eus
[5.059s] [ 20%] Built target actionlib_generate_messages_nodejs
[5.061s] [35m[1mScanning dependencies of target std_msgs_generate_messages_eus[0m
[5.097s] [35m[1mScanning dependencies of target rosgraph_msgs_generate_messages_nodejs[0m
[5.109s] [ 20%] Built target trajectory_msgs_generate_messages_py
[5.127s] [35m[1mScanning dependencies of target march_shared_resources_generate_messages_lisp[0m
[5.134s] [ 20%] Built target control_msgs_generate_messages_lisp
[5.148s] [ 20%] Built target std_msgs_generate_messages_eus
[5.149s] [35m[1mScanning dependencies of target rosgraph_msgs_generate_messages_py[0m
[5.155s] [35m[1mScanning dependencies of target control_msgs_generate_messages_py[0m
[5.167s] [ 20%] Built target rosgraph_msgs_generate_messages_nodejs
[5.196s] [35m[1mScanning dependencies of target actionlib_generate_messages_lisp[0m
[5.203s] [ 20%] Built target control_msgs_generate_messages_py
[5.212s] [35m[1mScanning dependencies of target actionlib_generate_messages_eus[0m
[5.217s] [35m[1mScanning dependencies of target actionlib_msgs_generate_messages_nodejs[0m
[5.224s] [ 20%] Built target march_shared_resources_generate_messages_lisp
[5.229s] [ 20%] Built target rosgraph_msgs_generate_messages_py
[5.231s] [35m[1mScanning dependencies of target std_msgs_generate_messages_cpp[0m
[5.265s] [ 20%] Built target actionlib_generate_messages_lisp
[5.281s] [ 20%] Built target actionlib_generate_messages_eus
[5.289s] [35m[1mScanning dependencies of target march_gait_scheduler_gencfg[0m
[5.291s] [35m[1mScanning dependencies of target geometry_msgs_generate_messages_nodejs[0m
[5.301s] [ 20%] Built target actionlib_msgs_generate_messages_nodejs
[5.305s] [ 20%] Built target std_msgs_generate_messages_cpp
[5.329s] [35m[1mScanning dependencies of target control_msgs_generate_messages_eus[0m
[5.337s] [ 40%] [34m[1mGenerating dynamic reconfigure files from config/Scheduler.cfg: /home/katja/march_ws/src/march/build/march_gait_scheduler/devel/include/march_gait_scheduler/SchedulerConfig.h /home/katja/march_ws/src/march/build/march_gait_scheduler/devel/lib/python2.7/dist-packages/march_gait_scheduler/cfg/SchedulerConfig.py[0m
[5.358s] [35m[1mScanning dependencies of target rosgraph_msgs_generate_messages_lisp[0m
[5.359s] [35m[1mScanning dependencies of target actionlib_generate_messages_cpp[0m
[5.362s] [ 40%] Built target control_msgs_generate_messages_eus
[5.369s] [ 40%] Built target geometry_msgs_generate_messages_nodejs
[5.380s] [35m[1mScanning dependencies of target roscpp_generate_messages_cpp[0m
[5.383s] [35m[1mScanning dependencies of target std_msgs_generate_messages_lisp[0m
[5.442s] [ 40%] Built target rosgraph_msgs_generate_messages_lisp
[5.452s] [35m[1mScanning dependencies of target std_msgs_generate_messages_nodejs[0m
[5.458s] [ 40%] Built target std_msgs_generate_messages_lisp
[5.473s] [ 40%] Built target actionlib_generate_messages_cpp
[5.474s] [ 40%] Built target roscpp_generate_messages_cpp
[5.478s] [35m[1mScanning dependencies of target std_msgs_generate_messages_py[0m
[5.493s] [35m[1mScanning dependencies of target dynamic_reconfigure_generate_messages_cpp[0m
[5.510s] [35m[1mScanning dependencies of target _catkin_empty_exported_target[0m
[5.523s] [ 40%] Built target dynamic_reconfigure_generate_messages_cpp
[5.540s] [35m[1mScanning dependencies of target rosgraph_msgs_generate_messages_cpp[0m
[5.544s] [ 40%] Built target std_msgs_generate_messages_nodejs
[5.548s] [ 40%] Built target std_msgs_generate_messages_py
[5.551s] [35m[1mScanning dependencies of target geometry_msgs_generate_messages_eus[0m
[5.563s] [ 40%] Built target _catkin_empty_exported_target
[5.584s] [35m[1mScanning dependencies of target roscpp_generate_messages_nodejs[0m
[5.614s] [35m[1mScanning dependencies of target roscpp_generate_messages_eus[0m
[5.626s] [ 40%] Built target rosgraph_msgs_generate_messages_cpp
[5.643s] [ 40%] Built target roscpp_generate_messages_nodejs
[5.658s] [ 40%] Built target geometry_msgs_generate_messages_eus
[5.658s] Generating reconfiguration files for Scheduler in march_gait_scheduler
[5.660s] [35m[1mScanning dependencies of target roscpp_generate_messages_lisp[0m
[5.665s] Wrote header file in /home/katja/march_ws/src/march/build/march_gait_scheduler/devel/include/march_gait_scheduler/SchedulerConfig.h
[5.665s] [35m[1mScanning dependencies of target march_shared_resources_generate_messages_nodejs[0m
[5.688s] [35m[1mScanning dependencies of target control_msgs_generate_messages_nodejs[0m
[5.697s] [ 40%] Built target roscpp_generate_messages_eus
[5.709s] [35m[1mScanning dependencies of target roscpp_generate_messages_py[0m
[5.722s] [ 40%] Built target roscpp_generate_messages_lisp
[5.731s] [35m[1mScanning dependencies of target trajectory_msgs_generate_messages_eus[0m
[5.738s] [ 40%] Built target march_shared_resources_generate_messages_nodejs
[5.756s] [ 40%] Built target roscpp_generate_messages_py
[5.756s] [ 40%] Built target control_msgs_generate_messages_nodejs
[5.774s] [ 40%] Built target trajectory_msgs_generate_messages_eus
[5.810s] [ 40%] Built target march_gait_scheduler_gencfg
[8.925s] [ 60%] [32m[1mLinking CXX shared library devel/lib/libmarch_gait_scheduler.so[0m
[9.150s] [ 60%] Built target march_gait_scheduler
[9.173s] [35m[1mScanning dependencies of target march_gait_scheduler_node[0m
[9.245s] [ 80%] [32mBuilding CXX object CMakeFiles/march_gait_scheduler_node.dir/src/gait_scheduler_node.cpp.o[0m
[19.083s] [100%] [32m[1mLinking CXX executable devel/lib/march_gait_scheduler/march_gait_scheduler_node[0m
[19.593s] [100%] Built target march_gait_scheduler_node
[19.615s] Invoked command in '/home/katja/march_ws/src/march/build/march_gait_scheduler' returned '0': CMAKE_PREFIX_PATH=/home/katja/march_ws/src/march/install/march_shared_resources:${CMAKE_PREFIX_PATH} PKG_CONFIG_PATH=/home/katja/march_ws/src/march/install/march_shared_resources/lib/x86_64-linux-gnu/pkgconfig:/home/katja/march_ws/src/march/install/march_shared_resources/lib/pkgconfig:${PKG_CONFIG_PATH} PYTHONPATH=/home/katja/march_ws/src/march/install/march_shared_resources/lib/python2.7/dist-packages:${PYTHONPATH} ROS_PACKAGE_PATH=/home/katja/march_ws/src/march/install/march_shared_resources/share:${ROS_PACKAGE_PATH} /usr/bin/cmake --build /home/katja/march_ws/src/march/build/march_gait_scheduler -- -j8 -l8
[19.720s] Invoking command in '/home/katja/march_ws/src/march/build/march_gait_scheduler': CMAKE_PREFIX_PATH=/home/katja/march_ws/src/march/install/march_shared_resources:${CMAKE_PREFIX_PATH} PKG_CONFIG_PATH=/home/katja/march_ws/src/march/install/march_shared_resources/lib/x86_64-linux-gnu/pkgconfig:/home/katja/march_ws/src/march/install/march_shared_resources/lib/pkgconfig:${PKG_CONFIG_PATH} PYTHONPATH=/home/katja/march_ws/src/march/install/march_shared_resources/lib/python2.7/dist-packages:${PYTHONPATH} ROS_PACKAGE_PATH=/home/katja/march_ws/src/march/install/march_shared_resources/share:${ROS_PACKAGE_PATH} /usr/bin/cmake --build /home/katja/march_ws/src/march/build/march_gait_scheduler --target tests -- -j8 -l8
[19.828s] [35m[1mScanning dependencies of target gtest[0m
[19.864s] [  9%] [32mBuilding CXX object gtest/googlemock/gtest/CMakeFiles/gtest.dir/src/gtest-all.cc.o[0m
[19.866s] [ 27%] Built target march_gait_scheduler
[31.636s] [ 36%] [32m[1mLinking CXX shared library libgtest.so[0m
[32.023s] [ 36%] Built target gtest
[32.058s] [35m[1mScanning dependencies of target march_gait_scheduler_test[0m
[32.206s] [ 45%] [32mBuilding CXX object CMakeFiles/march_gait_scheduler_test.dir/test/rostest/test_runner.cpp.o[0m
[32.217s] [ 54%] [32mBuilding CXX object CMakeFiles/march_gait_scheduler_test.dir/test/rostest/schedule_one_gait_test.cpp.o[0m
[32.218s] [ 63%] [32mBuilding CXX object CMakeFiles/march_gait_scheduler_test.dir/test/rostest/end_time_test.cpp.o[0m
[32.218s] [ 72%] [32mBuilding CXX object CMakeFiles/march_gait_scheduler_test.dir/test/rostest/schedule_multiple_gaits_test.cpp.o[0m
[32.218s] [ 81%] [32mBuilding CXX object CMakeFiles/march_gait_scheduler_test.dir/test/rostest/acceptance_test.cpp.o[0m
[32.226s] [ 90%] [32mBuilding CXX object CMakeFiles/march_gait_scheduler_test.dir/test/rostest/callback_counter.cpp.o[0m
[50.523s] [100%] [32m[1mLinking CXX executable devel/lib/march_gait_scheduler/march_gait_scheduler_test[0m
[51.231s] [100%] Built target march_gait_scheduler_test
[51.254s] [35m[1mScanning dependencies of target tests[0m
[51.276s] [100%] Built target tests
[51.302s] Invoked command in '/home/katja/march_ws/src/march/build/march_gait_scheduler' returned '0': CMAKE_PREFIX_PATH=/home/katja/march_ws/src/march/install/march_shared_resources:${CMAKE_PREFIX_PATH} PKG_CONFIG_PATH=/home/katja/march_ws/src/march/install/march_shared_resources/lib/x86_64-linux-gnu/pkgconfig:/home/katja/march_ws/src/march/install/march_shared_resources/lib/pkgconfig:${PKG_CONFIG_PATH} PYTHONPATH=/home/katja/march_ws/src/march/install/march_shared_resources/lib/python2.7/dist-packages:${PYTHONPATH} ROS_PACKAGE_PATH=/home/katja/march_ws/src/march/install/march_shared_resources/share:${ROS_PACKAGE_PATH} /usr/bin/cmake --build /home/katja/march_ws/src/march/build/march_gait_scheduler --target tests -- -j8 -l8
[51.434s] Invoking command in '/home/katja/march_ws/src/march/build/march_gait_scheduler': CMAKE_PREFIX_PATH=/home/katja/march_ws/src/march/install/march_shared_resources:${CMAKE_PREFIX_PATH} PKG_CONFIG_PATH=/home/katja/march_ws/src/march/install/march_shared_resources/lib/x86_64-linux-gnu/pkgconfig:/home/katja/march_ws/src/march/install/march_shared_resources/lib/pkgconfig:${PKG_CONFIG_PATH} PYTHONPATH=/home/katja/march_ws/src/march/install/march_shared_resources/lib/python2.7/dist-packages:${PYTHONPATH} ROS_PACKAGE_PATH=/home/katja/march_ws/src/march/install/march_shared_resources/share:${ROS_PACKAGE_PATH} /usr/bin/cmake --build /home/katja/march_ws/src/march/build/march_gait_scheduler --target install -- -j8 -l8
[51.568s] [  0%] Built target march_shared_resources_generate_messages_cpp
[51.570s] [  0%] Built target control_msgs_generate_messages_cpp
[51.571s] [  0%] Built target trajectory_msgs_generate_messages_nodejs
[51.573s] [  0%] Built target dynamic_reconfigure_generate_messages_nodejs
[51.580s] [  0%] Built target dynamic_reconfigure_generate_messages_py
[51.594s] [  0%] Built target dynamic_reconfigure_generate_messages_eus
[51.598s] [  0%] Built target dynamic_reconfigure_generate_messages_lisp
[51.605s] [  0%] Built target march_shared_resources_generate_messages_py
[51.654s] [  0%] Built target trajectory_msgs_generate_messages_lisp
[51.657s] [  0%] Built target geometry_msgs_generate_messages_py
[51.660s] [  0%] Built target trajectory_msgs_generate_messages_cpp
[51.671s] [  0%] Built target geometry_msgs_generate_messages_lisp
[51.687s] [  0%] Built target geometry_msgs_generate_messages_cpp
[51.699s] [  0%] Built target actionlib_msgs_generate_messages_lisp
[51.700s] [  0%] Built target actionlib_msgs_generate_messages_py
[51.720s] [  0%] Built target actionlib_msgs_generate_messages_eus
[51.755s] [ 40%] Built target march_gait_scheduler
[51.756s] [ 40%] Built target rosgraph_msgs_generate_messages_eus
[51.762s] [ 40%] Built target actionlib_msgs_generate_messages_cpp
[51.766s] [ 40%] Built target actionlib_generate_messages_py
[51.772s] [ 40%] Built target actionlib_generate_messages_nodejs
[51.784s] [ 40%] Built target dynamic_reconfigure_gencfg
[51.787s] [ 40%] Built target march_shared_resources_generate_messages_eus
[51.794s] [ 40%] Built target control_msgs_generate_messages_lisp
[51.841s] [ 40%] Built target trajectory_msgs_generate_messages_py
[51.847s] [ 40%] Built target rosgraph_msgs_generate_messages_nodejs
[51.853s] [ 40%] Built target march_shared_resources_generate_messages_lisp
[51.869s] [ 40%] Built target std_msgs_generate_messages_eus
[51.877s] [ 40%] Built target control_msgs_generate_messages_py
[51.885s] [ 40%] Built target rosgraph_msgs_generate_messages_py
[51.898s] [ 40%] Built target actionlib_generate_messages_lisp
[51.914s] [ 40%] Built target actionlib_generate_messages_eus
[51.932s] [ 40%] Built target std_msgs_generate_messages_cpp
[51.942s] [ 40%] Built target actionlib_msgs_generate_messages_nodejs
[51.948s] [ 60%] Built target march_gait_scheduler_gencfg
[51.969s] [ 60%] Built target actionlib_generate_messages_cpp
[51.973s] [ 60%] Built target geometry_msgs_generate_messages_nodejs
[51.980s] [ 60%] Built target control_msgs_generate_messages_eus
[52.000s] [ 60%] Built target rosgraph_msgs_generate_messages_lisp
[52.002s] [ 60%] Built target roscpp_generate_messages_cpp
[52.016s] [ 60%] Built target std_msgs_generate_messages_lisp
[52.058s] [ 60%] Built target std_msgs_generate_messages_nodejs
[52.063s] [ 60%] Built target _catkin_empty_exported_target
[52.070s] [ 60%] Built target std_msgs_generate_messages_py
[52.082s] [ 60%] Built target dynamic_reconfigure_generate_messages_cpp
[52.109s] [ 60%] Built target rosgraph_msgs_generate_messages_cpp
[52.124s] [ 60%] Built target roscpp_generate_messages_nodejs
[52.127s] [ 60%] Built target geometry_msgs_generate_messages_eus
[52.140s] [ 60%] Built target roscpp_generate_messages_eus
[52.142s] [ 60%] Built target roscpp_generate_messages_lisp
[52.151s] [ 60%] Built target march_shared_resources_generate_messages_nodejs
[52.165s] [ 60%] Built target control_msgs_generate_messages_nodejs
[52.169s] [ 60%] Built target trajectory_msgs_generate_messages_eus
[52.182s] [ 60%] Built target roscpp_generate_messages_py
[52.250s] [100%] Built target march_gait_scheduler_node
[52.293s] [36mInstall the project...[0m
[52.315s] -- Install configuration: ""
[52.315s] -- Installing: /home/katja/march_ws/src/march/install/march_gait_scheduler/include/march_gait_scheduler/SchedulerConfig.h
[52.315s] -- Installing: /home/katja/march_ws/src/march/install/march_gait_scheduler/lib/python2.7/dist-packages/march_gait_scheduler/__init__.py
[52.352s] Listing /home/katja/march_ws/src/march/build/march_gait_scheduler/devel/lib/python2.7/dist-packages/march_gait_scheduler/cfg ...
[52.352s] Compiling /home/katja/march_ws/src/march/build/march_gait_scheduler/devel/lib/python2.7/dist-packages/march_gait_scheduler/cfg/SchedulerConfig.py ...
[52.352s] Compiling /home/katja/march_ws/src/march/build/march_gait_scheduler/devel/lib/python2.7/dist-packages/march_gait_scheduler/cfg/__init__.py ...
[52.355s] -- Installing: /home/katja/march_ws/src/march/install/march_gait_scheduler/lib/python2.7/dist-packages/march_gait_scheduler/cfg
[52.355s] -- Installing: /home/katja/march_ws/src/march/install/march_gait_scheduler/lib/python2.7/dist-packages/march_gait_scheduler/cfg/SchedulerConfig.pyc
[52.355s] -- Installing: /home/katja/march_ws/src/march/install/march_gait_scheduler/lib/python2.7/dist-packages/march_gait_scheduler/cfg/__init__.pyc
[52.356s] -- Installing: /home/katja/march_ws/src/march/install/march_gait_scheduler/lib/python2.7/dist-packages/march_gait_scheduler/cfg/SchedulerConfig.py
[52.356s] -- Installing: /home/katja/march_ws/src/march/install/march_gait_scheduler/lib/python2.7/dist-packages/march_gait_scheduler/cfg/__init__.py
[52.356s] -- Installing: /home/katja/march_ws/src/march/install/march_gait_scheduler/lib/pkgconfig/march_gait_scheduler.pc
[52.357s] -- Installing: /home/katja/march_ws/src/march/install/march_gait_scheduler/share/march_gait_scheduler/cmake/march_gait_schedulerConfig.cmake
[52.357s] -- Installing: /home/katja/march_ws/src/march/install/march_gait_scheduler/share/march_gait_scheduler/cmake/march_gait_schedulerConfig-version.cmake
[52.357s] -- Installing: /home/katja/march_ws/src/march/install/march_gait_scheduler/share/march_gait_scheduler/package.xml
[52.358s] -- Installing: /home/katja/march_ws/src/march/install/march_gait_scheduler/include/march_gait_scheduler/march_gait_scheduler
[52.358s] -- Installing: /home/katja/march_ws/src/march/install/march_gait_scheduler/include/march_gait_scheduler/march_gait_scheduler/scheduler.h
[52.358s] -- Installing: /home/katja/march_ws/src/march/install/march_gait_scheduler/lib/libmarch_gait_scheduler.so
[52.358s] -- Set runtime path of "/home/katja/march_ws/src/march/install/march_gait_scheduler/lib/libmarch_gait_scheduler.so" to ""
[52.359s] -- Installing: /home/katja/march_ws/src/march/install/march_gait_scheduler/lib/march_gait_scheduler/march_gait_scheduler_node
[52.365s] -- Set runtime path of "/home/katja/march_ws/src/march/install/march_gait_scheduler/lib/march_gait_scheduler/march_gait_scheduler_node" to ""
[52.374s] Invoked command in '/home/katja/march_ws/src/march/build/march_gait_scheduler' returned '0': CMAKE_PREFIX_PATH=/home/katja/march_ws/src/march/install/march_shared_resources:${CMAKE_PREFIX_PATH} PKG_CONFIG_PATH=/home/katja/march_ws/src/march/install/march_shared_resources/lib/x86_64-linux-gnu/pkgconfig:/home/katja/march_ws/src/march/install/march_shared_resources/lib/pkgconfig:${PKG_CONFIG_PATH} PYTHONPATH=/home/katja/march_ws/src/march/install/march_shared_resources/lib/python2.7/dist-packages:${PYTHONPATH} ROS_PACKAGE_PATH=/home/katja/march_ws/src/march/install/march_shared_resources/share:${ROS_PACKAGE_PATH} /usr/bin/cmake --build /home/katja/march_ws/src/march/build/march_gait_scheduler --target install -- -j8 -l8
