-- The C compiler identification is GNU 7.5.0
-- The CXX compiler identification is GNU 7.5.0
-- Check for working C compiler: /usr/bin/cc
-- Check for working C compiler: /usr/bin/cc -- works
-- Detecting C compiler ABI info
-- Detecting C compiler ABI info - done
-- Detecting C compile features
-- Detecting C compile features - done
-- Check for working CXX compiler: /usr/bin/c++
-- Check for working CXX compiler: /usr/bin/c++ -- works
-- Detecting CXX compiler ABI info
-- Detecting CXX compiler ABI info - done
-- Detecting CXX compile features
-- Detecting CXX compile features - done
-- Using CATKIN_DEVEL_PREFIX: /home/katja/march_ws/src/march/build/march_launch/devel
-- Using CMAKE_PREFIX_PATH: /home/katja/march_ws/src/march/install/march_gait_selection;/home/katja/march_ws/src/march/install/march_state_machine;/home/katja/march_ws/src/march/install/march_shared_classes;/home/katja/march_ws/src/march/install/march_safety;/home/katja/march_ws/src/march/install/march_moveit;/home/katja/march_ws/src/march/install/march_gait_scheduler;/home/katja/march_ws/src/march/install/march_gain_scheduling;/home/katja/march_ws/src/march/install/march_data_collector;/home/katja/march_ws/src/march/install/march_shared_resources;/home/katja/march_ws/src/march/install/march_description;/opt/ros/melodic
-- This workspace overlays: /home/katja/march_ws/src/march/install/march_gait_selection;/home/katja/march_ws/src/march/install/march_state_machine;/home/katja/march_ws/src/march/install/march_shared_classes;/home/katja/march_ws/src/march/install/march_safety;/home/katja/march_ws/src/march/install/march_moveit;/home/katja/march_ws/src/march/install/march_gait_scheduler;/home/katja/march_ws/src/march/install/march_gain_scheduling;/home/katja/march_ws/src/march/install/march_data_collector;/home/katja/march_ws/src/march/install/march_shared_resources;/home/katja/march_ws/src/march/install/march_description;/opt/ros/melodic
-- Found PythonInterp: /usr/bin/python2 (found suitable version "2.7.17", minimum required is "2") 
-- Using PYTHON_EXECUTABLE: /usr/bin/python2
-- Using Debian Python package layout
-- Using empy: /usr/bin/empy
-- Using CATKIN_ENABLE_TESTING: ON
-- Call enable_testing()
-- Using CATKIN_TEST_RESULTS_DIR: /home/katja/march_ws/src/march/build/march_launch/test_results
-- Found gtest sources under '/usr/src/googletest': gtests will be built
-- Found gmock sources under '/usr/src/googletest': gmock will be built
-- Found PythonInterp: /usr/bin/python2 (found version "2.7.17") 
-- Looking for pthread.h
-- Looking for pthread.h - found
-- Looking for pthread_create
-- Looking for pthread_create - not found
-- Looking for pthread_create in pthreads
-- Looking for pthread_create in pthreads - not found
-- Looking for pthread_create in pthread
-- Looking for pthread_create in pthread - found
-- Found Threads: TRUE  
-- Using Python nosetests: /usr/bin/nosetests-2.7
-- catkin 0.7.28
-- BUILD_SHARED_LIBS is on
-- Configuring done
-- Generating done
-- Build files have been written to: /home/katja/march_ws/src/march/build/march_launch
[35m[1mScanning dependencies of target tests[0m
Built target tests
[36mInstall the project...[0m
-- Install configuration: ""
-- Installing: /home/katja/march_ws/src/march/install/march_launch/lib/pkgconfig/march_launch.pc
-- Installing: /home/katja/march_ws/src/march/install/march_launch/share/march_launch/cmake/march_launchConfig.cmake
-- Installing: /home/katja/march_ws/src/march/install/march_launch/share/march_launch/cmake/march_launchConfig-version.cmake
-- Installing: /home/katja/march_ws/src/march/install/march_launch/share/march_launch/package.xml
-- Installing: /home/katja/march_ws/src/march/install/march_launch/share/march_launch/launch
-- Installing: /home/katja/march_ws/src/march/install/march_launch/share/march_launch/launch/march.launch
-- Installing: /home/katja/march_ws/src/march/install/march_launch/share/march_launch/launch/march_simulation.launch
-- Installing: /home/katja/march_ws/src/march/install/march_launch/share/march_launch/launch/serial_connection.launch
-- Installing: /home/katja/march_ws/src/march/install/march_launch/share/march_launch/launch/upload_march_urdf.launch
-- Installing: /home/katja/march_ws/src/march/install/march_launch/share/march_launch/launch/march_headless.launch
