-- The C compiler identification is GNU 7.5.0
-- The CXX compiler identification is GNU 7.5.0
-- Check for working C compiler: /usr/bin/cc
-- Check for working C compiler: /usr/bin/cc -- works
-- Detecting C compiler ABI info
-- Detecting C compiler ABI info - done
-- Detecting C compile features
-- Detecting C compile features - done
-- Check for working CXX compiler: /usr/bin/c++
-- Check for working CXX compiler: /usr/bin/c++ -- works
-- Detecting CXX compiler ABI info
-- Detecting CXX compiler ABI info - done
-- Detecting CXX compile features
-- Detecting CXX compile features - done
-- Using CATKIN_DEVEL_PREFIX: /home/katja/march_ws/src/march/build/march_gait_selection/devel
-- Using CMAKE_PREFIX_PATH: /home/katja/march_ws/src/march/install/march_shared_classes;/home/katja/march_ws/src/march/install/march_moveit;/home/katja/march_ws/src/march/install/march_shared_resources;/home/katja/march_ws/src/march/install/march_description;/opt/ros/melodic
-- This workspace overlays: /home/katja/march_ws/src/march/install/march_shared_classes;/home/katja/march_ws/src/march/install/march_moveit;/home/katja/march_ws/src/march/install/march_shared_resources;/home/katja/march_ws/src/march/install/march_description;/opt/ros/melodic
-- Found PythonInterp: /usr/bin/python2 (found suitable version "2.7.17", minimum required is "2") 
-- Using PYTHON_EXECUTABLE: /usr/bin/python2
-- Using Debian Python package layout
-- Using empy: /usr/bin/empy
-- Using CATKIN_ENABLE_TESTING: ON
-- Call enable_testing()
-- Using CATKIN_TEST_RESULTS_DIR: /home/katja/march_ws/src/march/build/march_gait_selection/test_results
-- Found gtest sources under '/usr/src/googletest': gtests will be built
-- Found gmock sources under '/usr/src/googletest': gmock will be built
-- Found PythonInterp: /usr/bin/python2 (found version "2.7.17") 
-- Looking for pthread.h
-- Looking for pthread.h - found
-- Looking for pthread_create
-- Looking for pthread_create - not found
-- Looking for pthread_create in pthreads
-- Looking for pthread_create in pthreads - not found
-- Looking for pthread_create in pthread
-- Looking for pthread_create in pthread - found
-- Found Threads: TRUE  
-- Using Python nosetests: /usr/bin/nosetests-2.7
-- catkin 0.7.28
-- BUILD_SHARED_LIBS is on
-- Using these message generators: gencpp;geneus;genlisp;gennodejs;genpy
-- Configuring done
-- Generating done
-- Build files have been written to: /home/katja/march_ws/src/march/build/march_gait_selection
[35m[1mScanning dependencies of target tests[0m
Built target tests
[36mInstall the project...[0m
-- Install configuration: ""
+ cd /home/katja/march_ws/src/march/march_gait_selection
+ mkdir -p /home/katja/march_ws/src/march/install/march_gait_selection/lib/python2.7/dist-packages
+ /usr/bin/env PYTHONPATH=/home/katja/march_ws/src/march/install/march_gait_selection/lib/python2.7/dist-packages:/home/katja/march_ws/src/march/build/march_gait_selection/lib/python2.7/dist-packages:/home/katja/march_ws/src/march/install/march_shared_classes/lib/python2.7/dist-packages:/home/katja/march_ws/src/march/install/march_shared_resources/lib/python2.7/dist-packages:/opt/ros/melodic/lib/python2.7/dist-packages CATKIN_BINARY_DIR=/home/katja/march_ws/src/march/build/march_gait_selection /usr/bin/python2 /home/katja/march_ws/src/march/march_gait_selection/setup.py egg_info --egg-base /home/katja/march_ws/src/march/build/march_gait_selection build --build-base /home/katja/march_ws/src/march/build/march_gait_selection install --root=/ --install-layout=deb --prefix=/home/katja/march_ws/src/march/install/march_gait_selection --install-scripts=/home/katja/march_ws/src/march/install/march_gait_selection/bin
running egg_info
creating /home/katja/march_ws/src/march/build/march_gait_selection/march_gait_selection.egg-info
writing /home/katja/march_ws/src/march/build/march_gait_selection/march_gait_selection.egg-info/PKG-INFO
writing top-level names to /home/katja/march_ws/src/march/build/march_gait_selection/march_gait_selection.egg-info/top_level.txt
writing dependency_links to /home/katja/march_ws/src/march/build/march_gait_selection/march_gait_selection.egg-info/dependency_links.txt
writing manifest file '/home/katja/march_ws/src/march/build/march_gait_selection/march_gait_selection.egg-info/SOURCES.txt'
reading manifest file '/home/katja/march_ws/src/march/build/march_gait_selection/march_gait_selection.egg-info/SOURCES.txt'
writing manifest file '/home/katja/march_ws/src/march/build/march_gait_selection/march_gait_selection.egg-info/SOURCES.txt'
running build
running build_py
creating /home/katja/march_ws/src/march/build/march_gait_selection/lib.linux-x86_64-2.7
creating /home/katja/march_ws/src/march/build/march_gait_selection/lib.linux-x86_64-2.7/march_gait_selection
copying src/march_gait_selection/perform_gait_action.py -> /home/katja/march_ws/src/march/build/march_gait_selection/lib.linux-x86_64-2.7/march_gait_selection
copying src/march_gait_selection/gait_selection.py -> /home/katja/march_ws/src/march/build/march_gait_selection/lib.linux-x86_64-2.7/march_gait_selection
copying src/march_gait_selection/gait_selection_node.py -> /home/katja/march_ws/src/march/build/march_gait_selection/lib.linux-x86_64-2.7/march_gait_selection
copying src/march_gait_selection/__init__.py -> /home/katja/march_ws/src/march/build/march_gait_selection/lib.linux-x86_64-2.7/march_gait_selection
creating /home/katja/march_ws/src/march/build/march_gait_selection/lib.linux-x86_64-2.7/march_gait_selection/dynamic_gaits
copying src/march_gait_selection/dynamic_gaits/inverted_pendulum.py -> /home/katja/march_ws/src/march/build/march_gait_selection/lib.linux-x86_64-2.7/march_gait_selection/dynamic_gaits
copying src/march_gait_selection/dynamic_gaits/balance_gait.py -> /home/katja/march_ws/src/march/build/march_gait_selection/lib.linux-x86_64-2.7/march_gait_selection/dynamic_gaits
copying src/march_gait_selection/dynamic_gaits/__init__.py -> /home/katja/march_ws/src/march/build/march_gait_selection/lib.linux-x86_64-2.7/march_gait_selection/dynamic_gaits
copying src/march_gait_selection/dynamic_gaits/transition_subgait.py -> /home/katja/march_ws/src/march/build/march_gait_selection/lib.linux-x86_64-2.7/march_gait_selection/dynamic_gaits
running build_scripts
creating /home/katja/march_ws/src/march/build/march_gait_selection/scripts-2.7
copying and adjusting scripts/march_gait_selection_node -> /home/katja/march_ws/src/march/build/march_gait_selection/scripts-2.7
changing mode of /home/katja/march_ws/src/march/build/march_gait_selection/scripts-2.7/march_gait_selection_node from 644 to 755
running install
running install_lib
creating /home/katja/march_ws/src/march/install/march_gait_selection/lib/python2.7/dist-packages/march_gait_selection
creating /home/katja/march_ws/src/march/install/march_gait_selection/lib/python2.7/dist-packages/march_gait_selection/dynamic_gaits
copying /home/katja/march_ws/src/march/build/march_gait_selection/lib.linux-x86_64-2.7/march_gait_selection/dynamic_gaits/inverted_pendulum.py -> /home/katja/march_ws/src/march/install/march_gait_selection/lib/python2.7/dist-packages/march_gait_selection/dynamic_gaits
copying /home/katja/march_ws/src/march/build/march_gait_selection/lib.linux-x86_64-2.7/march_gait_selection/dynamic_gaits/balance_gait.py -> /home/katja/march_ws/src/march/install/march_gait_selection/lib/python2.7/dist-packages/march_gait_selection/dynamic_gaits
copying /home/katja/march_ws/src/march/build/march_gait_selection/lib.linux-x86_64-2.7/march_gait_selection/dynamic_gaits/__init__.py -> /home/katja/march_ws/src/march/install/march_gait_selection/lib/python2.7/dist-packages/march_gait_selection/dynamic_gaits
copying /home/katja/march_ws/src/march/build/march_gait_selection/lib.linux-x86_64-2.7/march_gait_selection/dynamic_gaits/transition_subgait.py -> /home/katja/march_ws/src/march/install/march_gait_selection/lib/python2.7/dist-packages/march_gait_selection/dynamic_gaits
copying /home/katja/march_ws/src/march/build/march_gait_selection/lib.linux-x86_64-2.7/march_gait_selection/perform_gait_action.py -> /home/katja/march_ws/src/march/install/march_gait_selection/lib/python2.7/dist-packages/march_gait_selection
copying /home/katja/march_ws/src/march/build/march_gait_selection/lib.linux-x86_64-2.7/march_gait_selection/gait_selection.py -> /home/katja/march_ws/src/march/install/march_gait_selection/lib/python2.7/dist-packages/march_gait_selection
copying /home/katja/march_ws/src/march/build/march_gait_selection/lib.linux-x86_64-2.7/march_gait_selection/gait_selection_node.py -> /home/katja/march_ws/src/march/install/march_gait_selection/lib/python2.7/dist-packages/march_gait_selection
copying /home/katja/march_ws/src/march/build/march_gait_selection/lib.linux-x86_64-2.7/march_gait_selection/__init__.py -> /home/katja/march_ws/src/march/install/march_gait_selection/lib/python2.7/dist-packages/march_gait_selection
byte-compiling /home/katja/march_ws/src/march/install/march_gait_selection/lib/python2.7/dist-packages/march_gait_selection/dynamic_gaits/inverted_pendulum.py to inverted_pendulum.pyc
byte-compiling /home/katja/march_ws/src/march/install/march_gait_selection/lib/python2.7/dist-packages/march_gait_selection/dynamic_gaits/balance_gait.py to balance_gait.pyc
byte-compiling /home/katja/march_ws/src/march/install/march_gait_selection/lib/python2.7/dist-packages/march_gait_selection/dynamic_gaits/__init__.py to __init__.pyc
byte-compiling /home/katja/march_ws/src/march/install/march_gait_selection/lib/python2.7/dist-packages/march_gait_selection/dynamic_gaits/transition_subgait.py to transition_subgait.pyc
byte-compiling /home/katja/march_ws/src/march/install/march_gait_selection/lib/python2.7/dist-packages/march_gait_selection/perform_gait_action.py to perform_gait_action.pyc
byte-compiling /home/katja/march_ws/src/march/install/march_gait_selection/lib/python2.7/dist-packages/march_gait_selection/gait_selection.py to gait_selection.pyc
byte-compiling /home/katja/march_ws/src/march/install/march_gait_selection/lib/python2.7/dist-packages/march_gait_selection/gait_selection_node.py to gait_selection_node.pyc
byte-compiling /home/katja/march_ws/src/march/install/march_gait_selection/lib/python2.7/dist-packages/march_gait_selection/__init__.py to __init__.pyc
running install_egg_info
Copying /home/katja/march_ws/src/march/build/march_gait_selection/march_gait_selection.egg-info to /home/katja/march_ws/src/march/install/march_gait_selection/lib/python2.7/dist-packages/march_gait_selection-0.0.0.egg-info
Skipping SOURCES.txt
running install_scripts
creating /home/katja/march_ws/src/march/install/march_gait_selection/bin
copying /home/katja/march_ws/src/march/build/march_gait_selection/scripts-2.7/march_gait_selection_node -> /home/katja/march_ws/src/march/install/march_gait_selection/bin
changing mode of /home/katja/march_ws/src/march/install/march_gait_selection/bin/march_gait_selection_node to 755
-- Installing: /home/katja/march_ws/src/march/install/march_gait_selection/lib/pkgconfig/march_gait_selection.pc
-- Installing: /home/katja/march_ws/src/march/install/march_gait_selection/share/march_gait_selection/cmake/march_gait_selectionConfig.cmake
-- Installing: /home/katja/march_ws/src/march/install/march_gait_selection/share/march_gait_selection/cmake/march_gait_selectionConfig-version.cmake
-- Installing: /home/katja/march_ws/src/march/install/march_gait_selection/share/march_gait_selection/package.xml
-- Installing: /home/katja/march_ws/src/march/install/march_gait_selection/lib/march_gait_selection/march_gait_selection_node
-- Installing: /home/katja/march_ws/src/march/install/march_gait_selection/share/march_gait_selection/launch
-- Installing: /home/katja/march_ws/src/march/install/march_gait_selection/share/march_gait_selection/launch/march_gait_selection.launch
