[0.162s] Invoking command in '/home/katja/march_ws/src/march/build/march_gait_selection': CMAKE_PREFIX_PATH=/home/katja/march_ws/src/march/install/march_shared_classes:/home/katja/march_ws/src/march/install/march_moveit:/home/katja/march_ws/src/march/install/march_shared_resources:/home/katja/march_ws/src/march/install/march_description:${CMAKE_PREFIX_PATH} PKG_CONFIG_PATH=/home/katja/march_ws/src/march/install/march_shared_classes/lib/x86_64-linux-gnu/pkgconfig:/home/katja/march_ws/src/march/install/march_shared_classes/lib/pkgconfig:/home/katja/march_ws/src/march/install/march_moveit/lib/x86_64-linux-gnu/pkgconfig:/home/katja/march_ws/src/march/install/march_moveit/lib/pkgconfig:/home/katja/march_ws/src/march/install/march_shared_resources/lib/x86_64-linux-gnu/pkgconfig:/home/katja/march_ws/src/march/install/march_shared_resources/lib/pkgconfig:/home/katja/march_ws/src/march/install/march_description/lib/x86_64-linux-gnu/pkgconfig:/home/katja/march_ws/src/march/install/march_description/lib/pkgconfig:${PKG_CONFIG_PATH} PYTHONPATH=/home/katja/march_ws/src/march/install/march_shared_classes/lib/python2.7/dist-packages:/home/katja/march_ws/src/march/install/march_shared_resources/lib/python2.7/dist-packages:${PYTHONPATH} ROS_PACKAGE_PATH=/home/katja/march_ws/src/march/install/march_shared_classes/share:/home/katja/march_ws/src/march/install/march_moveit/share:/home/katja/march_ws/src/march/install/march_shared_resources/share:/home/katja/march_ws/src/march/install/march_description/share:${ROS_PACKAGE_PATH} /usr/bin/cmake /home/katja/march_ws/src/march/march_gait_selection -DCATKIN_INSTALL_INTO_PREFIX_ROOT=0 -DCMAKE_INSTALL_PREFIX=/home/katja/march_ws/src/march/install/march_gait_selection
[0.330s] -- The C compiler identification is GNU 7.5.0
[0.480s] -- The CXX compiler identification is GNU 7.5.0
[0.495s] -- Check for working C compiler: /usr/bin/cc
[0.666s] -- Check for working C compiler: /usr/bin/cc -- works
[0.667s] -- Detecting C compiler ABI info
[0.831s] -- Detecting C compiler ABI info - done
[0.855s] -- Detecting C compile features
[1.338s] -- Detecting C compile features - done
[1.366s] -- Check for working CXX compiler: /usr/bin/c++
[1.536s] -- Check for working CXX compiler: /usr/bin/c++ -- works
[1.538s] -- Detecting CXX compiler ABI info
[1.699s] -- Detecting CXX compiler ABI info - done
[1.721s] -- Detecting CXX compile features
[2.564s] -- Detecting CXX compile features - done
[2.570s] -- Using CATKIN_DEVEL_PREFIX: /home/katja/march_ws/src/march/build/march_gait_selection/devel
[2.571s] -- Using CMAKE_PREFIX_PATH: /home/katja/march_ws/src/march/install/march_shared_classes;/home/katja/march_ws/src/march/install/march_moveit;/home/katja/march_ws/src/march/install/march_shared_resources;/home/katja/march_ws/src/march/install/march_description;/opt/ros/melodic
[2.571s] -- This workspace overlays: /home/katja/march_ws/src/march/install/march_shared_classes;/home/katja/march_ws/src/march/install/march_moveit;/home/katja/march_ws/src/march/install/march_shared_resources;/home/katja/march_ws/src/march/install/march_description;/opt/ros/melodic
[2.628s] -- Found PythonInterp: /usr/bin/python2 (found suitable version "2.7.17", minimum required is "2") 
[2.628s] -- Using PYTHON_EXECUTABLE: /usr/bin/python2
[2.628s] -- Using Debian Python package layout
[2.629s] -- Using empy: /usr/bin/empy
[3.013s] -- Using CATKIN_ENABLE_TESTING: ON
[3.014s] -- Call enable_testing()
[3.018s] -- Using CATKIN_TEST_RESULTS_DIR: /home/katja/march_ws/src/march/build/march_gait_selection/test_results
[3.062s] -- Found gtest sources under '/usr/src/googletest': gtests will be built
[3.062s] -- Found gmock sources under '/usr/src/googletest': gmock will be built
[3.090s] -- Found PythonInterp: /usr/bin/python2 (found version "2.7.17") 
[3.093s] -- Looking for pthread.h
[3.257s] -- Looking for pthread.h - found
[3.258s] -- Looking for pthread_create
[3.423s] -- Looking for pthread_create - not found
[3.424s] -- Looking for pthread_create in pthreads
[3.539s] -- Looking for pthread_create in pthreads - not found
[3.540s] -- Looking for pthread_create in pthread
[3.677s] -- Looking for pthread_create in pthread - found
[3.681s] -- Found Threads: TRUE  
[3.691s] -- Using Python nosetests: /usr/bin/nosetests-2.7
[3.799s] -- catkin 0.7.28
[3.799s] -- BUILD_SHARED_LIBS is on
[4.075s] -- Using these message generators: gencpp;geneus;genlisp;gennodejs;genpy
[5.151s] -- Configuring done
[5.188s] -- Generating done
[5.199s] -- Build files have been written to: /home/katja/march_ws/src/march/build/march_gait_selection
[5.205s] Invoked command in '/home/katja/march_ws/src/march/build/march_gait_selection' returned '0': CMAKE_PREFIX_PATH=/home/katja/march_ws/src/march/install/march_shared_classes:/home/katja/march_ws/src/march/install/march_moveit:/home/katja/march_ws/src/march/install/march_shared_resources:/home/katja/march_ws/src/march/install/march_description:${CMAKE_PREFIX_PATH} PKG_CONFIG_PATH=/home/katja/march_ws/src/march/install/march_shared_classes/lib/x86_64-linux-gnu/pkgconfig:/home/katja/march_ws/src/march/install/march_shared_classes/lib/pkgconfig:/home/katja/march_ws/src/march/install/march_moveit/lib/x86_64-linux-gnu/pkgconfig:/home/katja/march_ws/src/march/install/march_moveit/lib/pkgconfig:/home/katja/march_ws/src/march/install/march_shared_resources/lib/x86_64-linux-gnu/pkgconfig:/home/katja/march_ws/src/march/install/march_shared_resources/lib/pkgconfig:/home/katja/march_ws/src/march/install/march_description/lib/x86_64-linux-gnu/pkgconfig:/home/katja/march_ws/src/march/install/march_description/lib/pkgconfig:${PKG_CONFIG_PATH} PYTHONPATH=/home/katja/march_ws/src/march/install/march_shared_classes/lib/python2.7/dist-packages:/home/katja/march_ws/src/march/install/march_shared_resources/lib/python2.7/dist-packages:${PYTHONPATH} ROS_PACKAGE_PATH=/home/katja/march_ws/src/march/install/march_shared_classes/share:/home/katja/march_ws/src/march/install/march_moveit/share:/home/katja/march_ws/src/march/install/march_shared_resources/share:/home/katja/march_ws/src/march/install/march_description/share:${ROS_PACKAGE_PATH} /usr/bin/cmake /home/katja/march_ws/src/march/march_gait_selection -DCATKIN_INSTALL_INTO_PREFIX_ROOT=0 -DCMAKE_INSTALL_PREFIX=/home/katja/march_ws/src/march/install/march_gait_selection
[5.209s] Invoking command in '/home/katja/march_ws/src/march/build/march_gait_selection': CMAKE_PREFIX_PATH=/home/katja/march_ws/src/march/install/march_shared_classes:/home/katja/march_ws/src/march/install/march_moveit:/home/katja/march_ws/src/march/install/march_shared_resources:/home/katja/march_ws/src/march/install/march_description:${CMAKE_PREFIX_PATH} PKG_CONFIG_PATH=/home/katja/march_ws/src/march/install/march_shared_classes/lib/x86_64-linux-gnu/pkgconfig:/home/katja/march_ws/src/march/install/march_shared_classes/lib/pkgconfig:/home/katja/march_ws/src/march/install/march_moveit/lib/x86_64-linux-gnu/pkgconfig:/home/katja/march_ws/src/march/install/march_moveit/lib/pkgconfig:/home/katja/march_ws/src/march/install/march_shared_resources/lib/x86_64-linux-gnu/pkgconfig:/home/katja/march_ws/src/march/install/march_shared_resources/lib/pkgconfig:/home/katja/march_ws/src/march/install/march_description/lib/x86_64-linux-gnu/pkgconfig:/home/katja/march_ws/src/march/install/march_description/lib/pkgconfig:${PKG_CONFIG_PATH} PYTHONPATH=/home/katja/march_ws/src/march/install/march_shared_classes/lib/python2.7/dist-packages:/home/katja/march_ws/src/march/install/march_shared_resources/lib/python2.7/dist-packages:${PYTHONPATH} ROS_PACKAGE_PATH=/home/katja/march_ws/src/march/install/march_shared_classes/share:/home/katja/march_ws/src/march/install/march_moveit/share:/home/katja/march_ws/src/march/install/march_shared_resources/share:/home/katja/march_ws/src/march/install/march_description/share:${ROS_PACKAGE_PATH} /usr/bin/cmake --build /home/katja/march_ws/src/march/build/march_gait_selection -- -j8 -l8
[5.292s] Invoked command in '/home/katja/march_ws/src/march/build/march_gait_selection' returned '0': CMAKE_PREFIX_PATH=/home/katja/march_ws/src/march/install/march_shared_classes:/home/katja/march_ws/src/march/install/march_moveit:/home/katja/march_ws/src/march/install/march_shared_resources:/home/katja/march_ws/src/march/install/march_description:${CMAKE_PREFIX_PATH} PKG_CONFIG_PATH=/home/katja/march_ws/src/march/install/march_shared_classes/lib/x86_64-linux-gnu/pkgconfig:/home/katja/march_ws/src/march/install/march_shared_classes/lib/pkgconfig:/home/katja/march_ws/src/march/install/march_moveit/lib/x86_64-linux-gnu/pkgconfig:/home/katja/march_ws/src/march/install/march_moveit/lib/pkgconfig:/home/katja/march_ws/src/march/install/march_shared_resources/lib/x86_64-linux-gnu/pkgconfig:/home/katja/march_ws/src/march/install/march_shared_resources/lib/pkgconfig:/home/katja/march_ws/src/march/install/march_description/lib/x86_64-linux-gnu/pkgconfig:/home/katja/march_ws/src/march/install/march_description/lib/pkgconfig:${PKG_CONFIG_PATH} PYTHONPATH=/home/katja/march_ws/src/march/install/march_shared_classes/lib/python2.7/dist-packages:/home/katja/march_ws/src/march/install/march_shared_resources/lib/python2.7/dist-packages:${PYTHONPATH} ROS_PACKAGE_PATH=/home/katja/march_ws/src/march/install/march_shared_classes/share:/home/katja/march_ws/src/march/install/march_moveit/share:/home/katja/march_ws/src/march/install/march_shared_resources/share:/home/katja/march_ws/src/march/install/march_description/share:${ROS_PACKAGE_PATH} /usr/bin/cmake --build /home/katja/march_ws/src/march/build/march_gait_selection -- -j8 -l8
[5.373s] Invoking command in '/home/katja/march_ws/src/march/build/march_gait_selection': CMAKE_PREFIX_PATH=/home/katja/march_ws/src/march/install/march_shared_classes:/home/katja/march_ws/src/march/install/march_moveit:/home/katja/march_ws/src/march/install/march_shared_resources:/home/katja/march_ws/src/march/install/march_description:${CMAKE_PREFIX_PATH} PKG_CONFIG_PATH=/home/katja/march_ws/src/march/install/march_shared_classes/lib/x86_64-linux-gnu/pkgconfig:/home/katja/march_ws/src/march/install/march_shared_classes/lib/pkgconfig:/home/katja/march_ws/src/march/install/march_moveit/lib/x86_64-linux-gnu/pkgconfig:/home/katja/march_ws/src/march/install/march_moveit/lib/pkgconfig:/home/katja/march_ws/src/march/install/march_shared_resources/lib/x86_64-linux-gnu/pkgconfig:/home/katja/march_ws/src/march/install/march_shared_resources/lib/pkgconfig:/home/katja/march_ws/src/march/install/march_description/lib/x86_64-linux-gnu/pkgconfig:/home/katja/march_ws/src/march/install/march_description/lib/pkgconfig:${PKG_CONFIG_PATH} PYTHONPATH=/home/katja/march_ws/src/march/install/march_shared_classes/lib/python2.7/dist-packages:/home/katja/march_ws/src/march/install/march_shared_resources/lib/python2.7/dist-packages:${PYTHONPATH} ROS_PACKAGE_PATH=/home/katja/march_ws/src/march/install/march_shared_classes/share:/home/katja/march_ws/src/march/install/march_moveit/share:/home/katja/march_ws/src/march/install/march_shared_resources/share:/home/katja/march_ws/src/march/install/march_description/share:${ROS_PACKAGE_PATH} /usr/bin/cmake --build /home/katja/march_ws/src/march/build/march_gait_selection --target tests -- -j8 -l8
[5.485s] [35m[1mScanning dependencies of target tests[0m
[5.506s] Built target tests
[5.526s] Invoked command in '/home/katja/march_ws/src/march/build/march_gait_selection' returned '0': CMAKE_PREFIX_PATH=/home/katja/march_ws/src/march/install/march_shared_classes:/home/katja/march_ws/src/march/install/march_moveit:/home/katja/march_ws/src/march/install/march_shared_resources:/home/katja/march_ws/src/march/install/march_description:${CMAKE_PREFIX_PATH} PKG_CONFIG_PATH=/home/katja/march_ws/src/march/install/march_shared_classes/lib/x86_64-linux-gnu/pkgconfig:/home/katja/march_ws/src/march/install/march_shared_classes/lib/pkgconfig:/home/katja/march_ws/src/march/install/march_moveit/lib/x86_64-linux-gnu/pkgconfig:/home/katja/march_ws/src/march/install/march_moveit/lib/pkgconfig:/home/katja/march_ws/src/march/install/march_shared_resources/lib/x86_64-linux-gnu/pkgconfig:/home/katja/march_ws/src/march/install/march_shared_resources/lib/pkgconfig:/home/katja/march_ws/src/march/install/march_description/lib/x86_64-linux-gnu/pkgconfig:/home/katja/march_ws/src/march/install/march_description/lib/pkgconfig:${PKG_CONFIG_PATH} PYTHONPATH=/home/katja/march_ws/src/march/install/march_shared_classes/lib/python2.7/dist-packages:/home/katja/march_ws/src/march/install/march_shared_resources/lib/python2.7/dist-packages:${PYTHONPATH} ROS_PACKAGE_PATH=/home/katja/march_ws/src/march/install/march_shared_classes/share:/home/katja/march_ws/src/march/install/march_moveit/share:/home/katja/march_ws/src/march/install/march_shared_resources/share:/home/katja/march_ws/src/march/install/march_description/share:${ROS_PACKAGE_PATH} /usr/bin/cmake --build /home/katja/march_ws/src/march/build/march_gait_selection --target tests -- -j8 -l8
[5.611s] Invoking command in '/home/katja/march_ws/src/march/build/march_gait_selection': CMAKE_PREFIX_PATH=/home/katja/march_ws/src/march/install/march_shared_classes:/home/katja/march_ws/src/march/install/march_moveit:/home/katja/march_ws/src/march/install/march_shared_resources:/home/katja/march_ws/src/march/install/march_description:${CMAKE_PREFIX_PATH} PKG_CONFIG_PATH=/home/katja/march_ws/src/march/install/march_shared_classes/lib/x86_64-linux-gnu/pkgconfig:/home/katja/march_ws/src/march/install/march_shared_classes/lib/pkgconfig:/home/katja/march_ws/src/march/install/march_moveit/lib/x86_64-linux-gnu/pkgconfig:/home/katja/march_ws/src/march/install/march_moveit/lib/pkgconfig:/home/katja/march_ws/src/march/install/march_shared_resources/lib/x86_64-linux-gnu/pkgconfig:/home/katja/march_ws/src/march/install/march_shared_resources/lib/pkgconfig:/home/katja/march_ws/src/march/install/march_description/lib/x86_64-linux-gnu/pkgconfig:/home/katja/march_ws/src/march/install/march_description/lib/pkgconfig:${PKG_CONFIG_PATH} PYTHONPATH=/home/katja/march_ws/src/march/install/march_shared_classes/lib/python2.7/dist-packages:/home/katja/march_ws/src/march/install/march_shared_resources/lib/python2.7/dist-packages:${PYTHONPATH} ROS_PACKAGE_PATH=/home/katja/march_ws/src/march/install/march_shared_classes/share:/home/katja/march_ws/src/march/install/march_moveit/share:/home/katja/march_ws/src/march/install/march_shared_resources/share:/home/katja/march_ws/src/march/install/march_description/share:${ROS_PACKAGE_PATH} /usr/bin/cmake --build /home/katja/march_ws/src/march/build/march_gait_selection --target install -- -j8 -l8
[5.703s] [36mInstall the project...[0m
[5.721s] -- Install configuration: ""
[5.723s] + cd /home/katja/march_ws/src/march/march_gait_selection
[5.723s] + mkdir -p /home/katja/march_ws/src/march/install/march_gait_selection/lib/python2.7/dist-packages
[5.726s] + /usr/bin/env PYTHONPATH=/home/katja/march_ws/src/march/install/march_gait_selection/lib/python2.7/dist-packages:/home/katja/march_ws/src/march/build/march_gait_selection/lib/python2.7/dist-packages:/home/katja/march_ws/src/march/install/march_shared_classes/lib/python2.7/dist-packages:/home/katja/march_ws/src/march/install/march_shared_resources/lib/python2.7/dist-packages:/opt/ros/melodic/lib/python2.7/dist-packages CATKIN_BINARY_DIR=/home/katja/march_ws/src/march/build/march_gait_selection /usr/bin/python2 /home/katja/march_ws/src/march/march_gait_selection/setup.py egg_info --egg-base /home/katja/march_ws/src/march/build/march_gait_selection build --build-base /home/katja/march_ws/src/march/build/march_gait_selection install --root=/ --install-layout=deb --prefix=/home/katja/march_ws/src/march/install/march_gait_selection --install-scripts=/home/katja/march_ws/src/march/install/march_gait_selection/bin
[6.087s] running egg_info
[6.088s] creating /home/katja/march_ws/src/march/build/march_gait_selection/march_gait_selection.egg-info
[6.089s] writing /home/katja/march_ws/src/march/build/march_gait_selection/march_gait_selection.egg-info/PKG-INFO
[6.089s] writing top-level names to /home/katja/march_ws/src/march/build/march_gait_selection/march_gait_selection.egg-info/top_level.txt
[6.090s] writing dependency_links to /home/katja/march_ws/src/march/build/march_gait_selection/march_gait_selection.egg-info/dependency_links.txt
[6.094s] writing manifest file '/home/katja/march_ws/src/march/build/march_gait_selection/march_gait_selection.egg-info/SOURCES.txt'
[6.098s] reading manifest file '/home/katja/march_ws/src/march/build/march_gait_selection/march_gait_selection.egg-info/SOURCES.txt'
[6.100s] writing manifest file '/home/katja/march_ws/src/march/build/march_gait_selection/march_gait_selection.egg-info/SOURCES.txt'
[6.101s] running build
[6.101s] running build_py
[6.101s] creating /home/katja/march_ws/src/march/build/march_gait_selection/lib.linux-x86_64-2.7
[6.101s] creating /home/katja/march_ws/src/march/build/march_gait_selection/lib.linux-x86_64-2.7/march_gait_selection
[6.102s] copying src/march_gait_selection/perform_gait_action.py -> /home/katja/march_ws/src/march/build/march_gait_selection/lib.linux-x86_64-2.7/march_gait_selection
[6.102s] copying src/march_gait_selection/gait_selection.py -> /home/katja/march_ws/src/march/build/march_gait_selection/lib.linux-x86_64-2.7/march_gait_selection
[6.102s] copying src/march_gait_selection/gait_selection_node.py -> /home/katja/march_ws/src/march/build/march_gait_selection/lib.linux-x86_64-2.7/march_gait_selection
[6.103s] copying src/march_gait_selection/__init__.py -> /home/katja/march_ws/src/march/build/march_gait_selection/lib.linux-x86_64-2.7/march_gait_selection
[6.103s] creating /home/katja/march_ws/src/march/build/march_gait_selection/lib.linux-x86_64-2.7/march_gait_selection/dynamic_gaits
[6.103s] copying src/march_gait_selection/dynamic_gaits/inverted_pendulum.py -> /home/katja/march_ws/src/march/build/march_gait_selection/lib.linux-x86_64-2.7/march_gait_selection/dynamic_gaits
[6.104s] copying src/march_gait_selection/dynamic_gaits/balance_gait.py -> /home/katja/march_ws/src/march/build/march_gait_selection/lib.linux-x86_64-2.7/march_gait_selection/dynamic_gaits
[6.104s] copying src/march_gait_selection/dynamic_gaits/__init__.py -> /home/katja/march_ws/src/march/build/march_gait_selection/lib.linux-x86_64-2.7/march_gait_selection/dynamic_gaits
[6.104s] copying src/march_gait_selection/dynamic_gaits/transition_subgait.py -> /home/katja/march_ws/src/march/build/march_gait_selection/lib.linux-x86_64-2.7/march_gait_selection/dynamic_gaits
[6.104s] running build_scripts
[6.105s] creating /home/katja/march_ws/src/march/build/march_gait_selection/scripts-2.7
[6.105s] copying and adjusting scripts/march_gait_selection_node -> /home/katja/march_ws/src/march/build/march_gait_selection/scripts-2.7
[6.105s] changing mode of /home/katja/march_ws/src/march/build/march_gait_selection/scripts-2.7/march_gait_selection_node from 644 to 755
[6.105s] running install
[6.105s] running install_lib
[6.107s] creating /home/katja/march_ws/src/march/install/march_gait_selection/lib/python2.7/dist-packages/march_gait_selection
[6.107s] creating /home/katja/march_ws/src/march/install/march_gait_selection/lib/python2.7/dist-packages/march_gait_selection/dynamic_gaits
[6.107s] copying /home/katja/march_ws/src/march/build/march_gait_selection/lib.linux-x86_64-2.7/march_gait_selection/dynamic_gaits/inverted_pendulum.py -> /home/katja/march_ws/src/march/install/march_gait_selection/lib/python2.7/dist-packages/march_gait_selection/dynamic_gaits
[6.107s] copying /home/katja/march_ws/src/march/build/march_gait_selection/lib.linux-x86_64-2.7/march_gait_selection/dynamic_gaits/balance_gait.py -> /home/katja/march_ws/src/march/install/march_gait_selection/lib/python2.7/dist-packages/march_gait_selection/dynamic_gaits
[6.108s] copying /home/katja/march_ws/src/march/build/march_gait_selection/lib.linux-x86_64-2.7/march_gait_selection/dynamic_gaits/__init__.py -> /home/katja/march_ws/src/march/install/march_gait_selection/lib/python2.7/dist-packages/march_gait_selection/dynamic_gaits
[6.108s] copying /home/katja/march_ws/src/march/build/march_gait_selection/lib.linux-x86_64-2.7/march_gait_selection/dynamic_gaits/transition_subgait.py -> /home/katja/march_ws/src/march/install/march_gait_selection/lib/python2.7/dist-packages/march_gait_selection/dynamic_gaits
[6.108s] copying /home/katja/march_ws/src/march/build/march_gait_selection/lib.linux-x86_64-2.7/march_gait_selection/perform_gait_action.py -> /home/katja/march_ws/src/march/install/march_gait_selection/lib/python2.7/dist-packages/march_gait_selection
[6.108s] copying /home/katja/march_ws/src/march/build/march_gait_selection/lib.linux-x86_64-2.7/march_gait_selection/gait_selection.py -> /home/katja/march_ws/src/march/install/march_gait_selection/lib/python2.7/dist-packages/march_gait_selection
[6.108s] copying /home/katja/march_ws/src/march/build/march_gait_selection/lib.linux-x86_64-2.7/march_gait_selection/gait_selection_node.py -> /home/katja/march_ws/src/march/install/march_gait_selection/lib/python2.7/dist-packages/march_gait_selection
[6.109s] copying /home/katja/march_ws/src/march/build/march_gait_selection/lib.linux-x86_64-2.7/march_gait_selection/__init__.py -> /home/katja/march_ws/src/march/install/march_gait_selection/lib/python2.7/dist-packages/march_gait_selection
[6.109s] byte-compiling /home/katja/march_ws/src/march/install/march_gait_selection/lib/python2.7/dist-packages/march_gait_selection/dynamic_gaits/inverted_pendulum.py to inverted_pendulum.pyc
[6.113s] byte-compiling /home/katja/march_ws/src/march/install/march_gait_selection/lib/python2.7/dist-packages/march_gait_selection/dynamic_gaits/balance_gait.py to balance_gait.pyc
[6.116s] byte-compiling /home/katja/march_ws/src/march/install/march_gait_selection/lib/python2.7/dist-packages/march_gait_selection/dynamic_gaits/__init__.py to __init__.pyc
[6.116s] byte-compiling /home/katja/march_ws/src/march/install/march_gait_selection/lib/python2.7/dist-packages/march_gait_selection/dynamic_gaits/transition_subgait.py to transition_subgait.pyc
[6.117s] byte-compiling /home/katja/march_ws/src/march/install/march_gait_selection/lib/python2.7/dist-packages/march_gait_selection/perform_gait_action.py to perform_gait_action.pyc
[6.118s] byte-compiling /home/katja/march_ws/src/march/install/march_gait_selection/lib/python2.7/dist-packages/march_gait_selection/gait_selection.py to gait_selection.pyc
[6.120s] byte-compiling /home/katja/march_ws/src/march/install/march_gait_selection/lib/python2.7/dist-packages/march_gait_selection/gait_selection_node.py to gait_selection_node.pyc
[6.120s] byte-compiling /home/katja/march_ws/src/march/install/march_gait_selection/lib/python2.7/dist-packages/march_gait_selection/__init__.py to __init__.pyc
[6.121s] running install_egg_info
[6.123s] Copying /home/katja/march_ws/src/march/build/march_gait_selection/march_gait_selection.egg-info to /home/katja/march_ws/src/march/install/march_gait_selection/lib/python2.7/dist-packages/march_gait_selection-0.0.0.egg-info
[6.124s] Skipping SOURCES.txt
[6.124s] running install_scripts
[6.137s] creating /home/katja/march_ws/src/march/install/march_gait_selection/bin
[6.138s] copying /home/katja/march_ws/src/march/build/march_gait_selection/scripts-2.7/march_gait_selection_node -> /home/katja/march_ws/src/march/install/march_gait_selection/bin
[6.138s] changing mode of /home/katja/march_ws/src/march/install/march_gait_selection/bin/march_gait_selection_node to 755
[6.163s] -- Installing: /home/katja/march_ws/src/march/install/march_gait_selection/lib/pkgconfig/march_gait_selection.pc
[6.163s] -- Installing: /home/katja/march_ws/src/march/install/march_gait_selection/share/march_gait_selection/cmake/march_gait_selectionConfig.cmake
[6.164s] -- Installing: /home/katja/march_ws/src/march/install/march_gait_selection/share/march_gait_selection/cmake/march_gait_selectionConfig-version.cmake
[6.164s] -- Installing: /home/katja/march_ws/src/march/install/march_gait_selection/share/march_gait_selection/package.xml
[6.164s] -- Installing: /home/katja/march_ws/src/march/install/march_gait_selection/lib/march_gait_selection/march_gait_selection_node
[6.165s] -- Installing: /home/katja/march_ws/src/march/install/march_gait_selection/share/march_gait_selection/launch
[6.165s] -- Installing: /home/katja/march_ws/src/march/install/march_gait_selection/share/march_gait_selection/launch/march_gait_selection.launch
[6.173s] Invoked command in '/home/katja/march_ws/src/march/build/march_gait_selection' returned '0': CMAKE_PREFIX_PATH=/home/katja/march_ws/src/march/install/march_shared_classes:/home/katja/march_ws/src/march/install/march_moveit:/home/katja/march_ws/src/march/install/march_shared_resources:/home/katja/march_ws/src/march/install/march_description:${CMAKE_PREFIX_PATH} PKG_CONFIG_PATH=/home/katja/march_ws/src/march/install/march_shared_classes/lib/x86_64-linux-gnu/pkgconfig:/home/katja/march_ws/src/march/install/march_shared_classes/lib/pkgconfig:/home/katja/march_ws/src/march/install/march_moveit/lib/x86_64-linux-gnu/pkgconfig:/home/katja/march_ws/src/march/install/march_moveit/lib/pkgconfig:/home/katja/march_ws/src/march/install/march_shared_resources/lib/x86_64-linux-gnu/pkgconfig:/home/katja/march_ws/src/march/install/march_shared_resources/lib/pkgconfig:/home/katja/march_ws/src/march/install/march_description/lib/x86_64-linux-gnu/pkgconfig:/home/katja/march_ws/src/march/install/march_description/lib/pkgconfig:${PKG_CONFIG_PATH} PYTHONPATH=/home/katja/march_ws/src/march/install/march_shared_classes/lib/python2.7/dist-packages:/home/katja/march_ws/src/march/install/march_shared_resources/lib/python2.7/dist-packages:${PYTHONPATH} ROS_PACKAGE_PATH=/home/katja/march_ws/src/march/install/march_shared_classes/share:/home/katja/march_ws/src/march/install/march_moveit/share:/home/katja/march_ws/src/march/install/march_shared_resources/share:/home/katja/march_ws/src/march/install/march_description/share:${ROS_PACKAGE_PATH} /usr/bin/cmake --build /home/katja/march_ws/src/march/build/march_gait_selection --target install -- -j8 -l8
