[0.023s] Invoking command in '/home/rutger/march_ws/src/march/build/march_gait_selection': CMAKE_PREFIX_PATH=/home/rutger/march_ws/src/march/install/march_shared_resources:${CMAKE_PREFIX_PATH} PKG_CONFIG_PATH=/home/rutger/march_ws/src/march/install/march_shared_resources/lib/x86_64-linux-gnu/pkgconfig:/home/rutger/march_ws/src/march/install/march_shared_resources/lib/pkgconfig:${PKG_CONFIG_PATH} PYTHONPATH=/home/rutger/march_ws/src/march/install/march_shared_resources/lib/python2.7/dist-packages:${PYTHONPATH} ROS_PACKAGE_PATH=/home/rutger/march_ws/src/march/install/march_shared_resources/share:${ROS_PACKAGE_PATH} /usr/bin/cmake /home/rutger/march_ws/src/march/march_gait_selection -DCATKIN_INSTALL_INTO_PREFIX_ROOT=0 -DCMAKE_INSTALL_PREFIX=/home/rutger/march_ws/src/march/install/march_gait_selection
[0.128s] -- The C compiler identification is GNU 7.5.0
[0.225s] -- The CXX compiler identification is GNU 7.5.0
[0.232s] -- Check for working C compiler: /usr/bin/cc
[0.358s] -- Check for working C compiler: /usr/bin/cc -- works
[0.362s] -- Detecting C compiler ABI info
[0.515s] -- Detecting C compiler ABI info - done
[0.527s] -- Detecting C compile features
[0.861s] -- Detecting C compile features - done
[0.865s] -- Check for working CXX compiler: /usr/bin/c++
[0.992s] -- Check for working CXX compiler: /usr/bin/c++ -- works
[0.993s] -- Detecting CXX compiler ABI info
[1.114s] -- Detecting CXX compiler ABI info - done
[1.124s] -- Detecting CXX compile features
[1.702s] -- Detecting CXX compile features - done
[1.708s] -- Using CATKIN_DEVEL_PREFIX: /home/rutger/march_ws/src/march/build/march_gait_selection/devel
[1.709s] -- Using CMAKE_PREFIX_PATH: /home/rutger/march_ws/src/march/install/march_shared_resources;/home/rutger/march_ws/install/march_tutorials;/home/rutger/march_ws/install/march_temperature_sensor_controller;/home/rutger/march_ws/install/march_launch;/home/rutger/march_ws/install/march_state_machine;/home/rutger/march_ws/install/march_simulation;/home/rutger/march_ws/install/march_rqt_gait_generator;/home/rutger/march_ws/install/march_gait_selection;/home/rutger/march_ws/install/march_shared_classes;/home/rutger/march_ws/install/march_safety;/home/rutger/march_ws/install/march_rqt_note_taker;/home/rutger/march_ws/install/march_rqt_input_device;/home/rutger/march_ws/install/march_pdb_state_controller;/home/rutger/march_ws/install/march_hardware_interface;/home/rutger/march_ws/install/march_gazebo_plugins;/home/rutger/march_ws/install/march_gait_scheduler;/home/rutger/march_ws/install/march_gain_scheduling;/home/rutger/march_ws/install/march_data_collector;/home/rutger/march_ws/install/march_shared_resources;/home/rutger/march_ws/install/march_rqt_software_check;/home/rutger/march_ws/install/march_rqt_robot_monitor;/home/rutger/march_ws/install/march_rqt_gait_selection;/home/rutger/march_ws/install/march_moveit;/home/rutger/march_ws/install/march_imu_manager;/home/rutger/march_ws/install/march_hardware_builder;/home/rutger/march_ws/install/march_hardware;/home/rutger/march_ws/install/march_gait_files;/home/rutger/march_ws/install/march_fake_sensor_data;/home/rutger/march_ws/install/march_description;/opt/ros/melodic
[1.710s] -- This workspace overlays: /home/rutger/march_ws/src/march/install/march_shared_resources;/home/rutger/march_ws/install/march_tutorials;/home/rutger/march_ws/install/march_temperature_sensor_controller;/home/rutger/march_ws/install/march_launch;/home/rutger/march_ws/install/march_state_machine;/home/rutger/march_ws/install/march_simulation;/home/rutger/march_ws/install/march_rqt_gait_generator;/home/rutger/march_ws/install/march_gait_selection;/home/rutger/march_ws/install/march_shared_classes;/home/rutger/march_ws/install/march_safety;/home/rutger/march_ws/install/march_rqt_note_taker;/home/rutger/march_ws/install/march_rqt_input_device;/home/rutger/march_ws/install/march_pdb_state_controller;/home/rutger/march_ws/install/march_hardware_interface;/home/rutger/march_ws/install/march_gazebo_plugins;/home/rutger/march_ws/install/march_gait_scheduler;/home/rutger/march_ws/install/march_gain_scheduling;/home/rutger/march_ws/install/march_data_collector;/home/rutger/march_ws/install/march_shared_resources;/home/rutger/march_ws/install/march_rqt_software_check;/home/rutger/march_ws/install/march_rqt_robot_monitor;/home/rutger/march_ws/install/march_rqt_gait_selection;/home/rutger/march_ws/install/march_moveit;/home/rutger/march_ws/install/march_imu_manager;/home/rutger/march_ws/install/march_hardware_builder;/home/rutger/march_ws/install/march_hardware;/home/rutger/march_ws/install/march_gait_files;/home/rutger/march_ws/install/march_fake_sensor_data;/home/rutger/march_ws/install/march_description;/opt/ros/melodic
[1.736s] -- Found PythonInterp: /usr/bin/python2 (found suitable version "2.7.17", minimum required is "2") 
[1.736s] -- Using PYTHON_EXECUTABLE: /usr/bin/python2
[1.736s] -- Using Debian Python package layout
[1.737s] -- Using empy: /usr/bin/empy
[1.996s] -- Using CATKIN_ENABLE_TESTING: ON
[1.996s] -- Call enable_testing()
[1.999s] -- Using CATKIN_TEST_RESULTS_DIR: /home/rutger/march_ws/src/march/build/march_gait_selection/test_results
[2.028s] -- Found gtest sources under '/usr/src/googletest': gtests will be built
[2.028s] -- Found gmock sources under '/usr/src/googletest': gmock will be built
[2.055s] -- Found PythonInterp: /usr/bin/python2 (found version "2.7.17") 
[2.057s] -- Looking for pthread.h
[2.184s] -- Looking for pthread.h - found
[2.185s] -- Looking for pthread_create
[2.312s] -- Looking for pthread_create - not found
[2.313s] -- Looking for pthread_create in pthreads
[2.426s] -- Looking for pthread_create in pthreads - not found
[2.426s] -- Looking for pthread_create in pthread
[2.540s] -- Looking for pthread_create in pthread - found
[2.542s] -- Found Threads: TRUE  
[2.547s] -- Using Python nosetests: /usr/bin/nosetests-2.7
[2.630s] -- catkin 0.7.23
[2.630s] -- BUILD_SHARED_LIBS is on
[2.924s] -- Using these message generators: gencpp;geneus;genlisp;gennodejs;genpy
[4.048s] -- Configuring done
[4.076s] -- Generating done
[4.089s] -- Build files have been written to: /home/rutger/march_ws/src/march/build/march_gait_selection
[4.095s] Invoked command in '/home/rutger/march_ws/src/march/build/march_gait_selection' returned '0': CMAKE_PREFIX_PATH=/home/rutger/march_ws/src/march/install/march_shared_resources:${CMAKE_PREFIX_PATH} PKG_CONFIG_PATH=/home/rutger/march_ws/src/march/install/march_shared_resources/lib/x86_64-linux-gnu/pkgconfig:/home/rutger/march_ws/src/march/install/march_shared_resources/lib/pkgconfig:${PKG_CONFIG_PATH} PYTHONPATH=/home/rutger/march_ws/src/march/install/march_shared_resources/lib/python2.7/dist-packages:${PYTHONPATH} ROS_PACKAGE_PATH=/home/rutger/march_ws/src/march/install/march_shared_resources/share:${ROS_PACKAGE_PATH} /usr/bin/cmake /home/rutger/march_ws/src/march/march_gait_selection -DCATKIN_INSTALL_INTO_PREFIX_ROOT=0 -DCMAKE_INSTALL_PREFIX=/home/rutger/march_ws/src/march/install/march_gait_selection
[4.097s] Invoking command in '/home/rutger/march_ws/src/march/build/march_gait_selection': CMAKE_PREFIX_PATH=/home/rutger/march_ws/src/march/install/march_shared_resources:${CMAKE_PREFIX_PATH} PKG_CONFIG_PATH=/home/rutger/march_ws/src/march/install/march_shared_resources/lib/x86_64-linux-gnu/pkgconfig:/home/rutger/march_ws/src/march/install/march_shared_resources/lib/pkgconfig:${PKG_CONFIG_PATH} PYTHONPATH=/home/rutger/march_ws/src/march/install/march_shared_resources/lib/python2.7/dist-packages:${PYTHONPATH} ROS_PACKAGE_PATH=/home/rutger/march_ws/src/march/install/march_shared_resources/share:${ROS_PACKAGE_PATH} /usr/bin/cmake --build /home/rutger/march_ws/src/march/build/march_gait_selection -- -j4 -l4
[4.162s] Invoked command in '/home/rutger/march_ws/src/march/build/march_gait_selection' returned '0': CMAKE_PREFIX_PATH=/home/rutger/march_ws/src/march/install/march_shared_resources:${CMAKE_PREFIX_PATH} PKG_CONFIG_PATH=/home/rutger/march_ws/src/march/install/march_shared_resources/lib/x86_64-linux-gnu/pkgconfig:/home/rutger/march_ws/src/march/install/march_shared_resources/lib/pkgconfig:${PKG_CONFIG_PATH} PYTHONPATH=/home/rutger/march_ws/src/march/install/march_shared_resources/lib/python2.7/dist-packages:${PYTHONPATH} ROS_PACKAGE_PATH=/home/rutger/march_ws/src/march/install/march_shared_resources/share:${ROS_PACKAGE_PATH} /usr/bin/cmake --build /home/rutger/march_ws/src/march/build/march_gait_selection -- -j4 -l4
[4.254s] Invoking command in '/home/rutger/march_ws/src/march/build/march_gait_selection': CMAKE_PREFIX_PATH=/home/rutger/march_ws/src/march/install/march_shared_resources:${CMAKE_PREFIX_PATH} PKG_CONFIG_PATH=/home/rutger/march_ws/src/march/install/march_shared_resources/lib/x86_64-linux-gnu/pkgconfig:/home/rutger/march_ws/src/march/install/march_shared_resources/lib/pkgconfig:${PKG_CONFIG_PATH} PYTHONPATH=/home/rutger/march_ws/src/march/install/march_shared_resources/lib/python2.7/dist-packages:${PYTHONPATH} ROS_PACKAGE_PATH=/home/rutger/march_ws/src/march/install/march_shared_resources/share:${ROS_PACKAGE_PATH} /usr/bin/cmake --build /home/rutger/march_ws/src/march/build/march_gait_selection --target tests -- -j4 -l4
[4.361s] [35m[1mScanning dependencies of target tests[0m
[4.385s] Built target tests
[4.401s] Invoked command in '/home/rutger/march_ws/src/march/build/march_gait_selection' returned '0': CMAKE_PREFIX_PATH=/home/rutger/march_ws/src/march/install/march_shared_resources:${CMAKE_PREFIX_PATH} PKG_CONFIG_PATH=/home/rutger/march_ws/src/march/install/march_shared_resources/lib/x86_64-linux-gnu/pkgconfig:/home/rutger/march_ws/src/march/install/march_shared_resources/lib/pkgconfig:${PKG_CONFIG_PATH} PYTHONPATH=/home/rutger/march_ws/src/march/install/march_shared_resources/lib/python2.7/dist-packages:${PYTHONPATH} ROS_PACKAGE_PATH=/home/rutger/march_ws/src/march/install/march_shared_resources/share:${ROS_PACKAGE_PATH} /usr/bin/cmake --build /home/rutger/march_ws/src/march/build/march_gait_selection --target tests -- -j4 -l4
[4.511s] Invoking command in '/home/rutger/march_ws/src/march/build/march_gait_selection': CMAKE_PREFIX_PATH=/home/rutger/march_ws/src/march/install/march_shared_resources:${CMAKE_PREFIX_PATH} PKG_CONFIG_PATH=/home/rutger/march_ws/src/march/install/march_shared_resources/lib/x86_64-linux-gnu/pkgconfig:/home/rutger/march_ws/src/march/install/march_shared_resources/lib/pkgconfig:${PKG_CONFIG_PATH} PYTHONPATH=/home/rutger/march_ws/src/march/install/march_shared_resources/lib/python2.7/dist-packages:${PYTHONPATH} ROS_PACKAGE_PATH=/home/rutger/march_ws/src/march/install/march_shared_resources/share:${ROS_PACKAGE_PATH} /usr/bin/cmake --build /home/rutger/march_ws/src/march/build/march_gait_selection --target install -- -j4 -l4
[4.613s] [36mInstall the project...[0m
[4.627s] -- Install configuration: ""
[4.629s] + cd /home/rutger/march_ws/src/march/march_gait_selection
[4.629s] + mkdir -p /home/rutger/march_ws/src/march/install/march_gait_selection/lib/python2.7/dist-packages
[4.631s] + /usr/bin/env PYTHONPATH=/home/rutger/march_ws/src/march/install/march_gait_selection/lib/python2.7/dist-packages:/home/rutger/march_ws/src/march/build/march_gait_selection/lib/python2.7/dist-packages:/home/rutger/march_ws/src/march/install/march_shared_resources/lib/python2.7/dist-packages:/home/rutger/march_ws/install/march_tutorials/lib/python2.7/dist-packages:/home/rutger/march_ws/install/march_state_machine/lib/python2.7/dist-packages:/home/rutger/march_ws/install/march_rqt_gait_generator/lib/python2.7/dist-packages:/home/rutger/march_ws/install/march_gait_selection/lib/python2.7/dist-packages:/home/rutger/march_ws/install/march_shared_classes/lib/python2.7/dist-packages:/home/rutger/march_ws/install/march_rqt_note_taker/lib/python2.7/dist-packages:/home/rutger/march_ws/install/march_rqt_input_device/lib/python2.7/dist-packages:/home/rutger/march_ws/install/march_gait_scheduler/lib/python2.7/dist-packages:/home/rutger/march_ws/install/march_gain_scheduling/lib/python2.7/dist-packages:/home/rutger/march_ws/install/march_data_collector/lib/python2.7/dist-packages:/home/rutger/march_ws/install/march_shared_resources/lib/python2.7/dist-packages:/home/rutger/march_ws/install/march_rqt_software_check/lib/python2.7/dist-packages:/home/rutger/march_ws/install/march_rqt_robot_monitor/lib/python2.7/dist-packages:/home/rutger/march_ws/install/march_rqt_gait_selection/lib/python2.7/dist-packages:/home/rutger/march_ws/install/march_moveit/lib/python2.7/dist-packages:/home/rutger/march_ws/install/march_fake_sensor_data/lib/python2.7/dist-packages:/opt/ros/melodic/lib/python2.7/dist-packages CATKIN_BINARY_DIR=/home/rutger/march_ws/src/march/build/march_gait_selection /usr/bin/python2 /home/rutger/march_ws/src/march/march_gait_selection/setup.py build --build-base /home/rutger/march_ws/src/march/build/march_gait_selection install --root=/ --install-layout=deb --prefix=/home/rutger/march_ws/src/march/install/march_gait_selection --install-scripts=/home/rutger/march_ws/src/march/install/march_gait_selection/bin
[4.693s] running build
[4.693s] running build_py
[4.695s] creating /home/rutger/march_ws/src/march/build/march_gait_selection/lib.linux-x86_64-2.7
[4.695s] creating /home/rutger/march_ws/src/march/build/march_gait_selection/lib.linux-x86_64-2.7/march_gait_selection
[4.695s] copying src/march_gait_selection/__init__.py -> /home/rutger/march_ws/src/march/build/march_gait_selection/lib.linux-x86_64-2.7/march_gait_selection
[4.696s] copying src/march_gait_selection/gait_selection.py -> /home/rutger/march_ws/src/march/build/march_gait_selection/lib.linux-x86_64-2.7/march_gait_selection
[4.699s] copying src/march_gait_selection/perform_gait_action.py -> /home/rutger/march_ws/src/march/build/march_gait_selection/lib.linux-x86_64-2.7/march_gait_selection
[4.700s] copying src/march_gait_selection/gait_selection_node.py -> /home/rutger/march_ws/src/march/build/march_gait_selection/lib.linux-x86_64-2.7/march_gait_selection
[4.703s] creating /home/rutger/march_ws/src/march/build/march_gait_selection/lib.linux-x86_64-2.7/march_gait_selection/dynamic_gaits
[4.705s] copying src/march_gait_selection/dynamic_gaits/__init__.py -> /home/rutger/march_ws/src/march/build/march_gait_selection/lib.linux-x86_64-2.7/march_gait_selection/dynamic_gaits
[4.705s] copying src/march_gait_selection/dynamic_gaits/balance_gait.py -> /home/rutger/march_ws/src/march/build/march_gait_selection/lib.linux-x86_64-2.7/march_gait_selection/dynamic_gaits
[4.705s] copying src/march_gait_selection/dynamic_gaits/transition_subgait.py -> /home/rutger/march_ws/src/march/build/march_gait_selection/lib.linux-x86_64-2.7/march_gait_selection/dynamic_gaits
[4.706s] running install
[4.706s] running install_lib
[4.707s] creating /home/rutger/march_ws/src/march/install/march_gait_selection/lib/python2.7/dist-packages/march_gait_selection
[4.707s] copying /home/rutger/march_ws/src/march/build/march_gait_selection/lib.linux-x86_64-2.7/march_gait_selection/__init__.py -> /home/rutger/march_ws/src/march/install/march_gait_selection/lib/python2.7/dist-packages/march_gait_selection
[4.707s] copying /home/rutger/march_ws/src/march/build/march_gait_selection/lib.linux-x86_64-2.7/march_gait_selection/gait_selection.py -> /home/rutger/march_ws/src/march/install/march_gait_selection/lib/python2.7/dist-packages/march_gait_selection
[4.708s] copying /home/rutger/march_ws/src/march/build/march_gait_selection/lib.linux-x86_64-2.7/march_gait_selection/perform_gait_action.py -> /home/rutger/march_ws/src/march/install/march_gait_selection/lib/python2.7/dist-packages/march_gait_selection
[4.708s] copying /home/rutger/march_ws/src/march/build/march_gait_selection/lib.linux-x86_64-2.7/march_gait_selection/gait_selection_node.py -> /home/rutger/march_ws/src/march/install/march_gait_selection/lib/python2.7/dist-packages/march_gait_selection
[4.708s] creating /home/rutger/march_ws/src/march/install/march_gait_selection/lib/python2.7/dist-packages/march_gait_selection/dynamic_gaits
[4.708s] copying /home/rutger/march_ws/src/march/build/march_gait_selection/lib.linux-x86_64-2.7/march_gait_selection/dynamic_gaits/__init__.py -> /home/rutger/march_ws/src/march/install/march_gait_selection/lib/python2.7/dist-packages/march_gait_selection/dynamic_gaits
[4.708s] copying /home/rutger/march_ws/src/march/build/march_gait_selection/lib.linux-x86_64-2.7/march_gait_selection/dynamic_gaits/balance_gait.py -> /home/rutger/march_ws/src/march/install/march_gait_selection/lib/python2.7/dist-packages/march_gait_selection/dynamic_gaits
[4.709s] copying /home/rutger/march_ws/src/march/build/march_gait_selection/lib.linux-x86_64-2.7/march_gait_selection/dynamic_gaits/transition_subgait.py -> /home/rutger/march_ws/src/march/install/march_gait_selection/lib/python2.7/dist-packages/march_gait_selection/dynamic_gaits
[4.709s] byte-compiling /home/rutger/march_ws/src/march/install/march_gait_selection/lib/python2.7/dist-packages/march_gait_selection/__init__.py to __init__.pyc
[4.710s] byte-compiling /home/rutger/march_ws/src/march/install/march_gait_selection/lib/python2.7/dist-packages/march_gait_selection/gait_selection.py to gait_selection.pyc
[4.711s] byte-compiling /home/rutger/march_ws/src/march/install/march_gait_selection/lib/python2.7/dist-packages/march_gait_selection/perform_gait_action.py to perform_gait_action.pyc
[4.712s] byte-compiling /home/rutger/march_ws/src/march/install/march_gait_selection/lib/python2.7/dist-packages/march_gait_selection/gait_selection_node.py to gait_selection_node.pyc
[4.713s] byte-compiling /home/rutger/march_ws/src/march/install/march_gait_selection/lib/python2.7/dist-packages/march_gait_selection/dynamic_gaits/__init__.py to __init__.pyc
[4.713s] byte-compiling /home/rutger/march_ws/src/march/install/march_gait_selection/lib/python2.7/dist-packages/march_gait_selection/dynamic_gaits/balance_gait.py to balance_gait.pyc
[4.713s] byte-compiling /home/rutger/march_ws/src/march/install/march_gait_selection/lib/python2.7/dist-packages/march_gait_selection/dynamic_gaits/transition_subgait.py to transition_subgait.pyc
[4.715s] running install_egg_info
[4.715s] Writing /home/rutger/march_ws/src/march/install/march_gait_selection/lib/python2.7/dist-packages/march_gait_selection-0.0.0.egg-info
[4.724s] -- Installing: /home/rutger/march_ws/src/march/install/march_gait_selection/lib/pkgconfig/march_gait_selection.pc
[4.724s] -- Installing: /home/rutger/march_ws/src/march/install/march_gait_selection/share/march_gait_selection/cmake/march_gait_selectionConfig.cmake
[4.724s] -- Installing: /home/rutger/march_ws/src/march/install/march_gait_selection/share/march_gait_selection/cmake/march_gait_selectionConfig-version.cmake
[4.725s] -- Installing: /home/rutger/march_ws/src/march/install/march_gait_selection/share/march_gait_selection/package.xml
[4.725s] -- Installing: /home/rutger/march_ws/src/march/install/march_gait_selection/lib/march_gait_selection/march_gait_selection_node
[4.725s] -- Installing: /home/rutger/march_ws/src/march/install/march_gait_selection/share/march_gait_selection/launch
[4.725s] -- Installing: /home/rutger/march_ws/src/march/install/march_gait_selection/share/march_gait_selection/launch/march_gait_selection.launch
[4.731s] Invoked command in '/home/rutger/march_ws/src/march/build/march_gait_selection' returned '0': CMAKE_PREFIX_PATH=/home/rutger/march_ws/src/march/install/march_shared_resources:${CMAKE_PREFIX_PATH} PKG_CONFIG_PATH=/home/rutger/march_ws/src/march/install/march_shared_resources/lib/x86_64-linux-gnu/pkgconfig:/home/rutger/march_ws/src/march/install/march_shared_resources/lib/pkgconfig:${PKG_CONFIG_PATH} PYTHONPATH=/home/rutger/march_ws/src/march/install/march_shared_resources/lib/python2.7/dist-packages:${PYTHONPATH} ROS_PACKAGE_PATH=/home/rutger/march_ws/src/march/install/march_shared_resources/share:${ROS_PACKAGE_PATH} /usr/bin/cmake --build /home/rutger/march_ws/src/march/build/march_gait_selection --target install -- -j4 -l4
