[0.072s] Invoking command in '/home/katja/march_ws/src/march/build/march_state_machine': CMAKE_PREFIX_PATH=/home/katja/march_ws/src/march/install/march_shared_resources:${CMAKE_PREFIX_PATH} PKG_CONFIG_PATH=/home/katja/march_ws/src/march/install/march_shared_resources/lib/x86_64-linux-gnu/pkgconfig:/home/katja/march_ws/src/march/install/march_shared_resources/lib/pkgconfig:${PKG_CONFIG_PATH} PYTHONPATH=/home/katja/march_ws/src/march/install/march_shared_resources/lib/python2.7/dist-packages:${PYTHONPATH} ROS_PACKAGE_PATH=/home/katja/march_ws/src/march/install/march_shared_resources/share:${ROS_PACKAGE_PATH} /usr/bin/cmake /home/katja/march_ws/src/march/march_state_machine -DCATKIN_INSTALL_INTO_PREFIX_ROOT=0 -DCMAKE_INSTALL_PREFIX=/home/katja/march_ws/src/march/install/march_state_machine
[0.211s] -- The C compiler identification is GNU 7.5.0
[0.400s] -- The CXX compiler identification is GNU 7.5.0
[0.413s] -- Check for working C compiler: /usr/bin/cc
[0.584s] -- Check for working C compiler: /usr/bin/cc -- works
[0.585s] -- Detecting C compiler ABI info
[0.743s] -- Detecting C compiler ABI info - done
[0.765s] -- Detecting C compile features
[1.238s] -- Detecting C compile features - done
[1.247s] -- Check for working CXX compiler: /usr/bin/c++
[1.433s] -- Check for working CXX compiler: /usr/bin/c++ -- works
[1.435s] -- Detecting CXX compiler ABI info
[1.633s] -- Detecting CXX compiler ABI info - done
[1.647s] -- Detecting CXX compile features
[2.460s] -- Detecting CXX compile features - done
[2.466s] -- Using CATKIN_DEVEL_PREFIX: /home/katja/march_ws/src/march/build/march_state_machine/devel
[2.466s] -- Using CMAKE_PREFIX_PATH: /home/katja/march_ws/src/march/install/march_shared_resources;/opt/ros/melodic
[2.466s] -- This workspace overlays: /home/katja/march_ws/src/march/install/march_shared_resources;/opt/ros/melodic
[2.494s] -- Found PythonInterp: /usr/bin/python2 (found suitable version "2.7.17", minimum required is "2") 
[2.494s] -- Using PYTHON_EXECUTABLE: /usr/bin/python2
[2.495s] -- Using Debian Python package layout
[2.495s] -- Using empy: /usr/bin/empy
[2.884s] -- Using CATKIN_ENABLE_TESTING: ON
[2.884s] -- Call enable_testing()
[2.889s] -- Using CATKIN_TEST_RESULTS_DIR: /home/katja/march_ws/src/march/build/march_state_machine/test_results
[2.936s] -- Found gtest sources under '/usr/src/googletest': gtests will be built
[2.936s] -- Found gmock sources under '/usr/src/googletest': gmock will be built
[2.965s] -- Found PythonInterp: /usr/bin/python2 (found version "2.7.17") 
[2.968s] -- Looking for pthread.h
[3.123s] -- Looking for pthread.h - found
[3.125s] -- Looking for pthread_create
[3.288s] -- Looking for pthread_create - not found
[3.288s] -- Looking for pthread_create in pthreads
[3.408s] -- Looking for pthread_create in pthreads - not found
[3.408s] -- Looking for pthread_create in pthread
[3.562s] -- Looking for pthread_create in pthread - found
[3.565s] -- Found Threads: TRUE  
[3.574s] -- Using Python nosetests: /usr/bin/nosetests-2.7
[3.676s] -- catkin 0.7.28
[3.676s] -- BUILD_SHARED_LIBS is on
[3.971s] -- Using these message generators: gencpp;geneus;genlisp;gennodejs;genpy
[5.629s] -- Configuring done
[5.750s] -- Generating done
[5.772s] -- Build files have been written to: /home/katja/march_ws/src/march/build/march_state_machine
[5.782s] Invoked command in '/home/katja/march_ws/src/march/build/march_state_machine' returned '0': CMAKE_PREFIX_PATH=/home/katja/march_ws/src/march/install/march_shared_resources:${CMAKE_PREFIX_PATH} PKG_CONFIG_PATH=/home/katja/march_ws/src/march/install/march_shared_resources/lib/x86_64-linux-gnu/pkgconfig:/home/katja/march_ws/src/march/install/march_shared_resources/lib/pkgconfig:${PKG_CONFIG_PATH} PYTHONPATH=/home/katja/march_ws/src/march/install/march_shared_resources/lib/python2.7/dist-packages:${PYTHONPATH} ROS_PACKAGE_PATH=/home/katja/march_ws/src/march/install/march_shared_resources/share:${ROS_PACKAGE_PATH} /usr/bin/cmake /home/katja/march_ws/src/march/march_state_machine -DCATKIN_INSTALL_INTO_PREFIX_ROOT=0 -DCMAKE_INSTALL_PREFIX=/home/katja/march_ws/src/march/install/march_state_machine
[5.789s] Invoking command in '/home/katja/march_ws/src/march/build/march_state_machine': CMAKE_PREFIX_PATH=/home/katja/march_ws/src/march/install/march_shared_resources:${CMAKE_PREFIX_PATH} PKG_CONFIG_PATH=/home/katja/march_ws/src/march/install/march_shared_resources/lib/x86_64-linux-gnu/pkgconfig:/home/katja/march_ws/src/march/install/march_shared_resources/lib/pkgconfig:${PKG_CONFIG_PATH} PYTHONPATH=/home/katja/march_ws/src/march/install/march_shared_resources/lib/python2.7/dist-packages:${PYTHONPATH} ROS_PACKAGE_PATH=/home/katja/march_ws/src/march/install/march_shared_resources/share:${ROS_PACKAGE_PATH} /usr/bin/cmake --build /home/katja/march_ws/src/march/build/march_state_machine -- -j8 -l8
[5.916s] Invoked command in '/home/katja/march_ws/src/march/build/march_state_machine' returned '0': CMAKE_PREFIX_PATH=/home/katja/march_ws/src/march/install/march_shared_resources:${CMAKE_PREFIX_PATH} PKG_CONFIG_PATH=/home/katja/march_ws/src/march/install/march_shared_resources/lib/x86_64-linux-gnu/pkgconfig:/home/katja/march_ws/src/march/install/march_shared_resources/lib/pkgconfig:${PKG_CONFIG_PATH} PYTHONPATH=/home/katja/march_ws/src/march/install/march_shared_resources/lib/python2.7/dist-packages:${PYTHONPATH} ROS_PACKAGE_PATH=/home/katja/march_ws/src/march/install/march_shared_resources/share:${ROS_PACKAGE_PATH} /usr/bin/cmake --build /home/katja/march_ws/src/march/build/march_state_machine -- -j8 -l8
[6.086s] Invoking command in '/home/katja/march_ws/src/march/build/march_state_machine': CMAKE_PREFIX_PATH=/home/katja/march_ws/src/march/install/march_shared_resources:${CMAKE_PREFIX_PATH} PKG_CONFIG_PATH=/home/katja/march_ws/src/march/install/march_shared_resources/lib/x86_64-linux-gnu/pkgconfig:/home/katja/march_ws/src/march/install/march_shared_resources/lib/pkgconfig:${PKG_CONFIG_PATH} PYTHONPATH=/home/katja/march_ws/src/march/install/march_shared_resources/lib/python2.7/dist-packages:${PYTHONPATH} ROS_PACKAGE_PATH=/home/katja/march_ws/src/march/install/march_shared_resources/share:${ROS_PACKAGE_PATH} /usr/bin/cmake --build /home/katja/march_ws/src/march/build/march_state_machine --target tests -- -j8 -l8
[6.215s] [35m[1mScanning dependencies of target tests[0m
[6.241s] Built target tests
[6.276s] Invoked command in '/home/katja/march_ws/src/march/build/march_state_machine' returned '0': CMAKE_PREFIX_PATH=/home/katja/march_ws/src/march/install/march_shared_resources:${CMAKE_PREFIX_PATH} PKG_CONFIG_PATH=/home/katja/march_ws/src/march/install/march_shared_resources/lib/x86_64-linux-gnu/pkgconfig:/home/katja/march_ws/src/march/install/march_shared_resources/lib/pkgconfig:${PKG_CONFIG_PATH} PYTHONPATH=/home/katja/march_ws/src/march/install/march_shared_resources/lib/python2.7/dist-packages:${PYTHONPATH} ROS_PACKAGE_PATH=/home/katja/march_ws/src/march/install/march_shared_resources/share:${ROS_PACKAGE_PATH} /usr/bin/cmake --build /home/katja/march_ws/src/march/build/march_state_machine --target tests -- -j8 -l8
[6.431s] Invoking command in '/home/katja/march_ws/src/march/build/march_state_machine': CMAKE_PREFIX_PATH=/home/katja/march_ws/src/march/install/march_shared_resources:${CMAKE_PREFIX_PATH} PKG_CONFIG_PATH=/home/katja/march_ws/src/march/install/march_shared_resources/lib/x86_64-linux-gnu/pkgconfig:/home/katja/march_ws/src/march/install/march_shared_resources/lib/pkgconfig:${PKG_CONFIG_PATH} PYTHONPATH=/home/katja/march_ws/src/march/install/march_shared_resources/lib/python2.7/dist-packages:${PYTHONPATH} ROS_PACKAGE_PATH=/home/katja/march_ws/src/march/install/march_shared_resources/share:${ROS_PACKAGE_PATH} /usr/bin/cmake --build /home/katja/march_ws/src/march/build/march_state_machine --target install -- -j8 -l8
[6.560s] [36mInstall the project...[0m
[6.581s] -- Install configuration: ""
[6.584s] + cd /home/katja/march_ws/src/march/march_state_machine
[6.584s] + mkdir -p /home/katja/march_ws/src/march/install/march_state_machine/lib/python2.7/dist-packages
[6.588s] + /usr/bin/env PYTHONPATH=/home/katja/march_ws/src/march/install/march_state_machine/lib/python2.7/dist-packages:/home/katja/march_ws/src/march/build/march_state_machine/lib/python2.7/dist-packages:/home/katja/march_ws/src/march/install/march_shared_resources/lib/python2.7/dist-packages:/opt/ros/melodic/lib/python2.7/dist-packages CATKIN_BINARY_DIR=/home/katja/march_ws/src/march/build/march_state_machine /usr/bin/python2 /home/katja/march_ws/src/march/march_state_machine/setup.py egg_info --egg-base /home/katja/march_ws/src/march/build/march_state_machine build --build-base /home/katja/march_ws/src/march/build/march_state_machine install --root=/ --install-layout=deb --prefix=/home/katja/march_ws/src/march/install/march_state_machine --install-scripts=/home/katja/march_ws/src/march/install/march_state_machine/bin
[7.195s] running egg_info
[7.196s] creating /home/katja/march_ws/src/march/build/march_state_machine/march_state_machine.egg-info
[7.202s] writing /home/katja/march_ws/src/march/build/march_state_machine/march_state_machine.egg-info/PKG-INFO
[7.203s] writing top-level names to /home/katja/march_ws/src/march/build/march_state_machine/march_state_machine.egg-info/top_level.txt
[7.203s] writing dependency_links to /home/katja/march_ws/src/march/build/march_state_machine/march_state_machine.egg-info/dependency_links.txt
[7.205s] writing manifest file '/home/katja/march_ws/src/march/build/march_state_machine/march_state_machine.egg-info/SOURCES.txt'
[7.208s] reading manifest file '/home/katja/march_ws/src/march/build/march_state_machine/march_state_machine.egg-info/SOURCES.txt'
[7.210s] writing manifest file '/home/katja/march_ws/src/march/build/march_state_machine/march_state_machine.egg-info/SOURCES.txt'
[7.210s] running build
[7.211s] running build_py
[7.211s] creating /home/katja/march_ws/src/march/build/march_state_machine/lib.linux-x86_64-2.7
[7.211s] creating /home/katja/march_ws/src/march/build/march_state_machine/lib.linux-x86_64-2.7/march_state_machine
[7.212s] copying src/march_state_machine/healthy_sm.py -> /home/katja/march_ws/src/march/build/march_state_machine/lib.linux-x86_64-2.7/march_state_machine
[7.212s] copying src/march_state_machine/control_flow.py -> /home/katja/march_ws/src/march/build/march_state_machine/lib.linux-x86_64-2.7/march_state_machine
[7.212s] copying src/march_state_machine/sounds.py -> /home/katja/march_ws/src/march/build/march_state_machine/lib.linux-x86_64-2.7/march_state_machine
[7.214s] copying src/march_state_machine/launch_sm.py -> /home/katja/march_ws/src/march/build/march_state_machine/lib.linux-x86_64-2.7/march_state_machine
[7.214s] copying src/march_state_machine/state_machine.py -> /home/katja/march_ws/src/march/build/march_state_machine/lib.linux-x86_64-2.7/march_state_machine
[7.215s] copying src/march_state_machine/__init__.py -> /home/katja/march_ws/src/march/build/march_state_machine/lib.linux-x86_64-2.7/march_state_machine
[7.216s] creating /home/katja/march_ws/src/march/build/march_state_machine/lib.linux-x86_64-2.7/march_state_machine/gaits
[7.216s] copying src/march_state_machine/gaits/tilted_path_right_straight_sm.py -> /home/katja/march_ws/src/march/build/march_state_machine/lib.linux-x86_64-2.7/march_state_machine/gaits
[7.222s] copying src/march_state_machine/gaits/slope_down_sm.py -> /home/katja/march_ws/src/march/build/march_state_machine/lib.linux-x86_64-2.7/march_state_machine/gaits
[7.223s] copying src/march_state_machine/gaits/tilted_path_right_flexed_knee_step_sm.py -> /home/katja/march_ws/src/march/build/march_state_machine/lib.linux-x86_64-2.7/march_state_machine/gaits
[7.223s] copying src/march_state_machine/gaits/tilted_path_right_knee_bend_sm.py -> /home/katja/march_ws/src/march/build/march_state_machine/lib.linux-x86_64-2.7/march_state_machine/gaits
[7.223s] copying src/march_state_machine/gaits/tilted_path_left_knee_bend_sm.py -> /home/katja/march_ws/src/march/build/march_state_machine/lib.linux-x86_64-2.7/march_state_machine/gaits
[7.224s] copying src/march_state_machine/gaits/tilted_path_sideways_start_sm.py -> /home/katja/march_ws/src/march/build/march_state_machine/lib.linux-x86_64-2.7/march_state_machine/gaits
[7.225s] copying src/march_state_machine/gaits/tilted_path_left_flexed_knee_step_sm.py -> /home/katja/march_ws/src/march/build/march_state_machine/lib.linux-x86_64-2.7/march_state_machine/gaits
[7.225s] copying src/march_state_machine/gaits/tilted_path_left_straight_sm.py -> /home/katja/march_ws/src/march/build/march_state_machine/lib.linux-x86_64-2.7/march_state_machine/gaits
[7.225s] copying src/march_state_machine/gaits/slope_down_fixed_sm.py -> /home/katja/march_ws/src/march/build/march_state_machine/lib.linux-x86_64-2.7/march_state_machine/gaits
[7.227s] copying src/march_state_machine/gaits/__init__.py -> /home/katja/march_ws/src/march/build/march_state_machine/lib.linux-x86_64-2.7/march_state_machine/gaits
[7.227s] copying src/march_state_machine/gaits/tilted_path_sideways_end_sm.py -> /home/katja/march_ws/src/march/build/march_state_machine/lib.linux-x86_64-2.7/march_state_machine/gaits
[7.228s] creating /home/katja/march_ws/src/march/build/march_state_machine/lib.linux-x86_64-2.7/march_state_machine/states
[7.228s] copying src/march_state_machine/states/stoppable_state.py -> /home/katja/march_ws/src/march/build/march_state_machine/lib.linux-x86_64-2.7/march_state_machine/states
[7.230s] copying src/march_state_machine/states/wait_for_gait_server_state.py -> /home/katja/march_ws/src/march/build/march_state_machine/lib.linux-x86_64-2.7/march_state_machine/states
[7.231s] copying src/march_state_machine/states/shutdown_state.py -> /home/katja/march_ws/src/march/build/march_state_machine/lib.linux-x86_64-2.7/march_state_machine/states
[7.231s] copying src/march_state_machine/states/safety_state.py -> /home/katja/march_ws/src/march/build/march_state_machine/lib.linux-x86_64-2.7/march_state_machine/states
[7.232s] copying src/march_state_machine/states/idle_state.py -> /home/katja/march_ws/src/march/build/march_state_machine/lib.linux-x86_64-2.7/march_state_machine/states
[7.233s] copying src/march_state_machine/states/feedback_action_state.py -> /home/katja/march_ws/src/march/build/march_state_machine/lib.linux-x86_64-2.7/march_state_machine/states
[7.233s] copying src/march_state_machine/states/transition_state.py -> /home/katja/march_ws/src/march/build/march_state_machine/lib.linux-x86_64-2.7/march_state_machine/states
[7.233s] copying src/march_state_machine/states/gait_state.py -> /home/katja/march_ws/src/march/build/march_state_machine/lib.linux-x86_64-2.7/march_state_machine/states
[7.234s] copying src/march_state_machine/states/empty_state.py -> /home/katja/march_ws/src/march/build/march_state_machine/lib.linux-x86_64-2.7/march_state_machine/states
[7.237s] copying src/march_state_machine/states/error_state.py -> /home/katja/march_ws/src/march/build/march_state_machine/lib.linux-x86_64-2.7/march_state_machine/states
[7.238s] copying src/march_state_machine/states/__init__.py -> /home/katja/march_ws/src/march/build/march_state_machine/lib.linux-x86_64-2.7/march_state_machine/states
[7.239s] creating /home/katja/march_ws/src/march/build/march_state_machine/lib.linux-x86_64-2.7/march_state_machine/state_machines
[7.239s] copying src/march_state_machine/state_machines/balance_walk_state_machine.py -> /home/katja/march_ws/src/march/build/march_state_machine/lib.linux-x86_64-2.7/march_state_machine/state_machines
[7.239s] copying src/march_state_machine/state_machines/gait_state_machine.py -> /home/katja/march_ws/src/march/build/march_state_machine/lib.linux-x86_64-2.7/march_state_machine/state_machines
[7.240s] copying src/march_state_machine/state_machines/slope_state_machine.py -> /home/katja/march_ws/src/march/build/march_state_machine/lib.linux-x86_64-2.7/march_state_machine/state_machines
[7.240s] copying src/march_state_machine/state_machines/transition_state_machine.py -> /home/katja/march_ws/src/march/build/march_state_machine/lib.linux-x86_64-2.7/march_state_machine/state_machines
[7.240s] copying src/march_state_machine/state_machines/step_state_machine.py -> /home/katja/march_ws/src/march/build/march_state_machine/lib.linux-x86_64-2.7/march_state_machine/state_machines
[7.240s] copying src/march_state_machine/state_machines/walk_state_machine.py -> /home/katja/march_ws/src/march/build/march_state_machine/lib.linux-x86_64-2.7/march_state_machine/state_machines
[7.241s] copying src/march_state_machine/state_machines/__init__.py -> /home/katja/march_ws/src/march/build/march_state_machine/lib.linux-x86_64-2.7/march_state_machine/state_machines
[7.241s] running build_scripts
[7.242s] creating /home/katja/march_ws/src/march/build/march_state_machine/scripts-2.7
[7.242s] copying and adjusting scripts/march_state_machine -> /home/katja/march_ws/src/march/build/march_state_machine/scripts-2.7
[7.243s] changing mode of /home/katja/march_ws/src/march/build/march_state_machine/scripts-2.7/march_state_machine from 644 to 755
[7.243s] running install
[7.244s] running install_lib
[7.244s] creating /home/katja/march_ws/src/march/install/march_state_machine/lib/python2.7/dist-packages/march_state_machine
[7.244s] copying /home/katja/march_ws/src/march/build/march_state_machine/lib.linux-x86_64-2.7/march_state_machine/healthy_sm.py -> /home/katja/march_ws/src/march/install/march_state_machine/lib/python2.7/dist-packages/march_state_machine
[7.245s] copying /home/katja/march_ws/src/march/build/march_state_machine/lib.linux-x86_64-2.7/march_state_machine/control_flow.py -> /home/katja/march_ws/src/march/install/march_state_machine/lib/python2.7/dist-packages/march_state_machine
[7.255s] copying /home/katja/march_ws/src/march/build/march_state_machine/lib.linux-x86_64-2.7/march_state_machine/sounds.py -> /home/katja/march_ws/src/march/install/march_state_machine/lib/python2.7/dist-packages/march_state_machine
[7.257s] creating /home/katja/march_ws/src/march/install/march_state_machine/lib/python2.7/dist-packages/march_state_machine/gaits
[7.258s] copying /home/katja/march_ws/src/march/build/march_state_machine/lib.linux-x86_64-2.7/march_state_machine/gaits/tilted_path_right_straight_sm.py -> /home/katja/march_ws/src/march/install/march_state_machine/lib/python2.7/dist-packages/march_state_machine/gaits
[7.265s] copying /home/katja/march_ws/src/march/build/march_state_machine/lib.linux-x86_64-2.7/march_state_machine/gaits/slope_down_sm.py -> /home/katja/march_ws/src/march/install/march_state_machine/lib/python2.7/dist-packages/march_state_machine/gaits
[7.265s] copying /home/katja/march_ws/src/march/build/march_state_machine/lib.linux-x86_64-2.7/march_state_machine/gaits/tilted_path_right_flexed_knee_step_sm.py -> /home/katja/march_ws/src/march/install/march_state_machine/lib/python2.7/dist-packages/march_state_machine/gaits
[7.266s] copying /home/katja/march_ws/src/march/build/march_state_machine/lib.linux-x86_64-2.7/march_state_machine/gaits/tilted_path_right_knee_bend_sm.py -> /home/katja/march_ws/src/march/install/march_state_machine/lib/python2.7/dist-packages/march_state_machine/gaits
[7.280s] copying /home/katja/march_ws/src/march/build/march_state_machine/lib.linux-x86_64-2.7/march_state_machine/gaits/tilted_path_left_knee_bend_sm.py -> /home/katja/march_ws/src/march/install/march_state_machine/lib/python2.7/dist-packages/march_state_machine/gaits
[7.280s] copying /home/katja/march_ws/src/march/build/march_state_machine/lib.linux-x86_64-2.7/march_state_machine/gaits/tilted_path_sideways_start_sm.py -> /home/katja/march_ws/src/march/install/march_state_machine/lib/python2.7/dist-packages/march_state_machine/gaits
[7.281s] copying /home/katja/march_ws/src/march/build/march_state_machine/lib.linux-x86_64-2.7/march_state_machine/gaits/tilted_path_left_flexed_knee_step_sm.py -> /home/katja/march_ws/src/march/install/march_state_machine/lib/python2.7/dist-packages/march_state_machine/gaits
[7.281s] copying /home/katja/march_ws/src/march/build/march_state_machine/lib.linux-x86_64-2.7/march_state_machine/gaits/tilted_path_left_straight_sm.py -> /home/katja/march_ws/src/march/install/march_state_machine/lib/python2.7/dist-packages/march_state_machine/gaits
[7.281s] copying /home/katja/march_ws/src/march/build/march_state_machine/lib.linux-x86_64-2.7/march_state_machine/gaits/slope_down_fixed_sm.py -> /home/katja/march_ws/src/march/install/march_state_machine/lib/python2.7/dist-packages/march_state_machine/gaits
[7.282s] copying /home/katja/march_ws/src/march/build/march_state_machine/lib.linux-x86_64-2.7/march_state_machine/gaits/__init__.py -> /home/katja/march_ws/src/march/install/march_state_machine/lib/python2.7/dist-packages/march_state_machine/gaits
[7.282s] copying /home/katja/march_ws/src/march/build/march_state_machine/lib.linux-x86_64-2.7/march_state_machine/gaits/tilted_path_sideways_end_sm.py -> /home/katja/march_ws/src/march/install/march_state_machine/lib/python2.7/dist-packages/march_state_machine/gaits
[7.282s] creating /home/katja/march_ws/src/march/install/march_state_machine/lib/python2.7/dist-packages/march_state_machine/state_machines
[7.283s] copying /home/katja/march_ws/src/march/build/march_state_machine/lib.linux-x86_64-2.7/march_state_machine/state_machines/balance_walk_state_machine.py -> /home/katja/march_ws/src/march/install/march_state_machine/lib/python2.7/dist-packages/march_state_machine/state_machines
[7.283s] copying /home/katja/march_ws/src/march/build/march_state_machine/lib.linux-x86_64-2.7/march_state_machine/state_machines/gait_state_machine.py -> /home/katja/march_ws/src/march/install/march_state_machine/lib/python2.7/dist-packages/march_state_machine/state_machines
[7.283s] copying /home/katja/march_ws/src/march/build/march_state_machine/lib.linux-x86_64-2.7/march_state_machine/state_machines/slope_state_machine.py -> /home/katja/march_ws/src/march/install/march_state_machine/lib/python2.7/dist-packages/march_state_machine/state_machines
[7.283s] copying /home/katja/march_ws/src/march/build/march_state_machine/lib.linux-x86_64-2.7/march_state_machine/state_machines/transition_state_machine.py -> /home/katja/march_ws/src/march/install/march_state_machine/lib/python2.7/dist-packages/march_state_machine/state_machines
[7.284s] copying /home/katja/march_ws/src/march/build/march_state_machine/lib.linux-x86_64-2.7/march_state_machine/state_machines/step_state_machine.py -> /home/katja/march_ws/src/march/install/march_state_machine/lib/python2.7/dist-packages/march_state_machine/state_machines
[7.284s] copying /home/katja/march_ws/src/march/build/march_state_machine/lib.linux-x86_64-2.7/march_state_machine/state_machines/walk_state_machine.py -> /home/katja/march_ws/src/march/install/march_state_machine/lib/python2.7/dist-packages/march_state_machine/state_machines
[7.284s] copying /home/katja/march_ws/src/march/build/march_state_machine/lib.linux-x86_64-2.7/march_state_machine/state_machines/__init__.py -> /home/katja/march_ws/src/march/install/march_state_machine/lib/python2.7/dist-packages/march_state_machine/state_machines
[7.285s] copying /home/katja/march_ws/src/march/build/march_state_machine/lib.linux-x86_64-2.7/march_state_machine/launch_sm.py -> /home/katja/march_ws/src/march/install/march_state_machine/lib/python2.7/dist-packages/march_state_machine
[7.285s] copying /home/katja/march_ws/src/march/build/march_state_machine/lib.linux-x86_64-2.7/march_state_machine/state_machine.py -> /home/katja/march_ws/src/march/install/march_state_machine/lib/python2.7/dist-packages/march_state_machine
[7.285s] copying /home/katja/march_ws/src/march/build/march_state_machine/lib.linux-x86_64-2.7/march_state_machine/__init__.py -> /home/katja/march_ws/src/march/install/march_state_machine/lib/python2.7/dist-packages/march_state_machine
[7.285s] creating /home/katja/march_ws/src/march/install/march_state_machine/lib/python2.7/dist-packages/march_state_machine/states
[7.286s] copying /home/katja/march_ws/src/march/build/march_state_machine/lib.linux-x86_64-2.7/march_state_machine/states/stoppable_state.py -> /home/katja/march_ws/src/march/install/march_state_machine/lib/python2.7/dist-packages/march_state_machine/states
[7.286s] copying /home/katja/march_ws/src/march/build/march_state_machine/lib.linux-x86_64-2.7/march_state_machine/states/wait_for_gait_server_state.py -> /home/katja/march_ws/src/march/install/march_state_machine/lib/python2.7/dist-packages/march_state_machine/states
[7.288s] copying /home/katja/march_ws/src/march/build/march_state_machine/lib.linux-x86_64-2.7/march_state_machine/states/shutdown_state.py -> /home/katja/march_ws/src/march/install/march_state_machine/lib/python2.7/dist-packages/march_state_machine/states
[7.289s] copying /home/katja/march_ws/src/march/build/march_state_machine/lib.linux-x86_64-2.7/march_state_machine/states/safety_state.py -> /home/katja/march_ws/src/march/install/march_state_machine/lib/python2.7/dist-packages/march_state_machine/states
[7.289s] copying /home/katja/march_ws/src/march/build/march_state_machine/lib.linux-x86_64-2.7/march_state_machine/states/idle_state.py -> /home/katja/march_ws/src/march/install/march_state_machine/lib/python2.7/dist-packages/march_state_machine/states
[7.290s] copying /home/katja/march_ws/src/march/build/march_state_machine/lib.linux-x86_64-2.7/march_state_machine/states/feedback_action_state.py -> /home/katja/march_ws/src/march/install/march_state_machine/lib/python2.7/dist-packages/march_state_machine/states
[7.290s] copying /home/katja/march_ws/src/march/build/march_state_machine/lib.linux-x86_64-2.7/march_state_machine/states/transition_state.py -> /home/katja/march_ws/src/march/install/march_state_machine/lib/python2.7/dist-packages/march_state_machine/states
[7.291s] copying /home/katja/march_ws/src/march/build/march_state_machine/lib.linux-x86_64-2.7/march_state_machine/states/gait_state.py -> /home/katja/march_ws/src/march/install/march_state_machine/lib/python2.7/dist-packages/march_state_machine/states
[7.294s] copying /home/katja/march_ws/src/march/build/march_state_machine/lib.linux-x86_64-2.7/march_state_machine/states/empty_state.py -> /home/katja/march_ws/src/march/install/march_state_machine/lib/python2.7/dist-packages/march_state_machine/states
[7.295s] copying /home/katja/march_ws/src/march/build/march_state_machine/lib.linux-x86_64-2.7/march_state_machine/states/error_state.py -> /home/katja/march_ws/src/march/install/march_state_machine/lib/python2.7/dist-packages/march_state_machine/states
[7.296s] copying /home/katja/march_ws/src/march/build/march_state_machine/lib.linux-x86_64-2.7/march_state_machine/states/__init__.py -> /home/katja/march_ws/src/march/install/march_state_machine/lib/python2.7/dist-packages/march_state_machine/states
[7.296s] byte-compiling /home/katja/march_ws/src/march/install/march_state_machine/lib/python2.7/dist-packages/march_state_machine/healthy_sm.py to healthy_sm.pyc
[7.297s] byte-compiling /home/katja/march_ws/src/march/install/march_state_machine/lib/python2.7/dist-packages/march_state_machine/control_flow.py to control_flow.pyc
[7.298s] byte-compiling /home/katja/march_ws/src/march/install/march_state_machine/lib/python2.7/dist-packages/march_state_machine/sounds.py to sounds.pyc
[7.299s] byte-compiling /home/katja/march_ws/src/march/install/march_state_machine/lib/python2.7/dist-packages/march_state_machine/gaits/tilted_path_right_straight_sm.py to tilted_path_right_straight_sm.pyc
[7.300s] byte-compiling /home/katja/march_ws/src/march/install/march_state_machine/lib/python2.7/dist-packages/march_state_machine/gaits/slope_down_sm.py to slope_down_sm.pyc
[7.302s] byte-compiling /home/katja/march_ws/src/march/install/march_state_machine/lib/python2.7/dist-packages/march_state_machine/gaits/tilted_path_right_flexed_knee_step_sm.py to tilted_path_right_flexed_knee_step_sm.pyc
[7.303s] byte-compiling /home/katja/march_ws/src/march/install/march_state_machine/lib/python2.7/dist-packages/march_state_machine/gaits/tilted_path_right_knee_bend_sm.py to tilted_path_right_knee_bend_sm.pyc
[7.303s] byte-compiling /home/katja/march_ws/src/march/install/march_state_machine/lib/python2.7/dist-packages/march_state_machine/gaits/tilted_path_left_knee_bend_sm.py to tilted_path_left_knee_bend_sm.pyc
[7.306s] byte-compiling /home/katja/march_ws/src/march/install/march_state_machine/lib/python2.7/dist-packages/march_state_machine/gaits/tilted_path_sideways_start_sm.py to tilted_path_sideways_start_sm.pyc
[7.307s] byte-compiling /home/katja/march_ws/src/march/install/march_state_machine/lib/python2.7/dist-packages/march_state_machine/gaits/tilted_path_left_flexed_knee_step_sm.py to tilted_path_left_flexed_knee_step_sm.pyc
[7.307s] byte-compiling /home/katja/march_ws/src/march/install/march_state_machine/lib/python2.7/dist-packages/march_state_machine/gaits/tilted_path_left_straight_sm.py to tilted_path_left_straight_sm.pyc
[7.308s] byte-compiling /home/katja/march_ws/src/march/install/march_state_machine/lib/python2.7/dist-packages/march_state_machine/gaits/slope_down_fixed_sm.py to slope_down_fixed_sm.pyc
[7.309s] byte-compiling /home/katja/march_ws/src/march/install/march_state_machine/lib/python2.7/dist-packages/march_state_machine/gaits/__init__.py to __init__.pyc
[7.309s] byte-compiling /home/katja/march_ws/src/march/install/march_state_machine/lib/python2.7/dist-packages/march_state_machine/gaits/tilted_path_sideways_end_sm.py to tilted_path_sideways_end_sm.pyc
[7.310s] byte-compiling /home/katja/march_ws/src/march/install/march_state_machine/lib/python2.7/dist-packages/march_state_machine/state_machines/balance_walk_state_machine.py to balance_walk_state_machine.pyc
[7.311s] byte-compiling /home/katja/march_ws/src/march/install/march_state_machine/lib/python2.7/dist-packages/march_state_machine/state_machines/gait_state_machine.py to gait_state_machine.pyc
[7.311s] byte-compiling /home/katja/march_ws/src/march/install/march_state_machine/lib/python2.7/dist-packages/march_state_machine/state_machines/slope_state_machine.py to slope_state_machine.pyc
[7.312s] byte-compiling /home/katja/march_ws/src/march/install/march_state_machine/lib/python2.7/dist-packages/march_state_machine/state_machines/transition_state_machine.py to transition_state_machine.pyc
[7.313s] byte-compiling /home/katja/march_ws/src/march/install/march_state_machine/lib/python2.7/dist-packages/march_state_machine/state_machines/step_state_machine.py to step_state_machine.pyc
[7.316s] byte-compiling /home/katja/march_ws/src/march/install/march_state_machine/lib/python2.7/dist-packages/march_state_machine/state_machines/walk_state_machine.py to walk_state_machine.pyc
[7.318s] byte-compiling /home/katja/march_ws/src/march/install/march_state_machine/lib/python2.7/dist-packages/march_state_machine/state_machines/__init__.py to __init__.pyc
[7.318s] byte-compiling /home/katja/march_ws/src/march/install/march_state_machine/lib/python2.7/dist-packages/march_state_machine/launch_sm.py to launch_sm.pyc
[7.319s] byte-compiling /home/katja/march_ws/src/march/install/march_state_machine/lib/python2.7/dist-packages/march_state_machine/state_machine.py to state_machine.pyc
[7.320s] byte-compiling /home/katja/march_ws/src/march/install/march_state_machine/lib/python2.7/dist-packages/march_state_machine/__init__.py to __init__.pyc
[7.321s] byte-compiling /home/katja/march_ws/src/march/install/march_state_machine/lib/python2.7/dist-packages/march_state_machine/states/stoppable_state.py to stoppable_state.pyc
[7.321s] byte-compiling /home/katja/march_ws/src/march/install/march_state_machine/lib/python2.7/dist-packages/march_state_machine/states/wait_for_gait_server_state.py to wait_for_gait_server_state.pyc
[7.322s] byte-compiling /home/katja/march_ws/src/march/install/march_state_machine/lib/python2.7/dist-packages/march_state_machine/states/shutdown_state.py to shutdown_state.pyc
[7.323s] byte-compiling /home/katja/march_ws/src/march/install/march_state_machine/lib/python2.7/dist-packages/march_state_machine/states/safety_state.py to safety_state.pyc
[7.323s] byte-compiling /home/katja/march_ws/src/march/install/march_state_machine/lib/python2.7/dist-packages/march_state_machine/states/idle_state.py to idle_state.pyc
[7.327s] byte-compiling /home/katja/march_ws/src/march/install/march_state_machine/lib/python2.7/dist-packages/march_state_machine/states/feedback_action_state.py to feedback_action_state.pyc
[7.328s] byte-compiling /home/katja/march_ws/src/march/install/march_state_machine/lib/python2.7/dist-packages/march_state_machine/states/transition_state.py to transition_state.pyc
[7.330s] byte-compiling /home/katja/march_ws/src/march/install/march_state_machine/lib/python2.7/dist-packages/march_state_machine/states/gait_state.py to gait_state.pyc
[7.331s] byte-compiling /home/katja/march_ws/src/march/install/march_state_machine/lib/python2.7/dist-packages/march_state_machine/states/empty_state.py to empty_state.pyc
[7.332s] byte-compiling /home/katja/march_ws/src/march/install/march_state_machine/lib/python2.7/dist-packages/march_state_machine/states/error_state.py to error_state.pyc
[7.333s] byte-compiling /home/katja/march_ws/src/march/install/march_state_machine/lib/python2.7/dist-packages/march_state_machine/states/__init__.py to __init__.pyc
[7.333s] running install_egg_info
[7.334s] Copying /home/katja/march_ws/src/march/build/march_state_machine/march_state_machine.egg-info to /home/katja/march_ws/src/march/install/march_state_machine/lib/python2.7/dist-packages/march_state_machine-0.0.0.egg-info
[7.334s] Skipping SOURCES.txt
[7.334s] running install_scripts
[7.335s] creating /home/katja/march_ws/src/march/install/march_state_machine/bin
[7.335s] copying /home/katja/march_ws/src/march/build/march_state_machine/scripts-2.7/march_state_machine -> /home/katja/march_ws/src/march/install/march_state_machine/bin
[7.337s] changing mode of /home/katja/march_ws/src/march/install/march_state_machine/bin/march_state_machine to 755
[7.337s] -- Installing: /home/katja/march_ws/src/march/install/march_state_machine/lib/pkgconfig/march_state_machine.pc
[7.337s] -- Installing: /home/katja/march_ws/src/march/install/march_state_machine/share/march_state_machine/cmake/march_state_machineConfig.cmake
[7.338s] -- Installing: /home/katja/march_ws/src/march/install/march_state_machine/share/march_state_machine/cmake/march_state_machineConfig-version.cmake
[7.339s] -- Installing: /home/katja/march_ws/src/march/install/march_state_machine/share/march_state_machine/package.xml
[7.339s] -- Installing: /home/katja/march_ws/src/march/install/march_state_machine/lib/march_state_machine/march_state_machine
[7.340s] -- Installing: /home/katja/march_ws/src/march/install/march_state_machine/share/march_state_machine/launch
[7.341s] -- Installing: /home/katja/march_ws/src/march/install/march_state_machine/share/march_state_machine/launch/state_machine.launch
[7.342s] -- Installing: /home/katja/march_ws/src/march/install/march_state_machine/share/march_state_machine/sounds
[7.342s] -- Installing: /home/katja/march_ws/src/march/install/march_state_machine/share/march_state_machine/sounds/start.wav
[7.343s] -- Installing: /home/katja/march_ws/src/march/install/march_state_machine/share/march_state_machine/sounds/gait_start.wav
[7.344s] -- Installing: /home/katja/march_ws/src/march/install/march_state_machine/share/march_state_machine/sounds/error.wav
[7.344s] -- Installing: /home/katja/march_ws/src/march/install/march_state_machine/share/march_state_machine/sounds/gait_stop.wav
[7.345s] -- Installing: /home/katja/march_ws/src/march/install/march_state_machine/share/march_state_machine/sounds/gait_end.wav
[7.361s] Invoked command in '/home/katja/march_ws/src/march/build/march_state_machine' returned '0': CMAKE_PREFIX_PATH=/home/katja/march_ws/src/march/install/march_shared_resources:${CMAKE_PREFIX_PATH} PKG_CONFIG_PATH=/home/katja/march_ws/src/march/install/march_shared_resources/lib/x86_64-linux-gnu/pkgconfig:/home/katja/march_ws/src/march/install/march_shared_resources/lib/pkgconfig:${PKG_CONFIG_PATH} PYTHONPATH=/home/katja/march_ws/src/march/install/march_shared_resources/lib/python2.7/dist-packages:${PYTHONPATH} ROS_PACKAGE_PATH=/home/katja/march_ws/src/march/install/march_shared_resources/share:${ROS_PACKAGE_PATH} /usr/bin/cmake --build /home/katja/march_ws/src/march/build/march_state_machine --target install -- -j8 -l8
