-- The C compiler identification is GNU 7.5.0
-- The CXX compiler identification is GNU 7.5.0
-- Check for working C compiler: /usr/bin/cc
-- Check for working C compiler: /usr/bin/cc -- works
-- Detecting C compiler ABI info
-- Detecting C compiler ABI info - done
-- Detecting C compile features
-- Detecting C compile features - done
-- Check for working CXX compiler: /usr/bin/c++
-- Check for working CXX compiler: /usr/bin/c++ -- works
-- Detecting CXX compiler ABI info
-- Detecting CXX compiler ABI info - done
-- Detecting CXX compile features
-- Detecting CXX compile features - done
-- Using CATKIN_DEVEL_PREFIX: /home/katja/march_ws/src/march/build/march_description/devel
-- Using CMAKE_PREFIX_PATH: /opt/ros/melodic
-- This workspace overlays: /opt/ros/melodic
-- Found PythonInterp: /usr/bin/python2 (found suitable version "2.7.17", minimum required is "2") 
-- Using PYTHON_EXECUTABLE: /usr/bin/python2
-- Using Debian Python package layout
-- Using empy: /usr/bin/empy
-- Using CATKIN_ENABLE_TESTING: ON
-- Call enable_testing()
-- Using CATKIN_TEST_RESULTS_DIR: /home/katja/march_ws/src/march/build/march_description/test_results
-- Found gtest sources under '/usr/src/googletest': gtests will be built
-- Found gmock sources under '/usr/src/googletest': gmock will be built
-- Found PythonInterp: /usr/bin/python2 (found version "2.7.17") 
-- Looking for pthread.h
-- Looking for pthread.h - found
-- Looking for pthread_create
-- Looking for pthread_create - not found
-- Looking for pthread_create in pthreads
-- Looking for pthread_create in pthreads - not found
-- Looking for pthread_create in pthread
-- Looking for pthread_create in pthread - found
-- Found Threads: TRUE  
-- Using Python nosetests: /usr/bin/nosetests-2.7
-- catkin 0.7.28
-- BUILD_SHARED_LIBS is on
-- xacro: determining deps for: urdf/march3.xacro ...
-- xacro: determining deps for: urdf/march4.xacro ...
-- xacro: determining deps for: urdf/test_joint_linear.xacro ...
-- xacro: determining deps for: urdf/test_joint_rotational.xacro ...
-- Configuring done
-- Generating done
-- Build files have been written to: /home/katja/march_ws/src/march/build/march_description
[35m[1mScanning dependencies of target march_description_march3_xacro_to_devel_space_[0m
[35m[1mScanning dependencies of target march_description_march4_xacro_to_devel_space_[0m
[35m[1mScanning dependencies of target march_description_march3_xacro[0m
[35m[1mScanning dependencies of target march_description_test_joint_rotational_xacro[0m
[35m[1mScanning dependencies of target march_description_test_joint_rotational_xacro_to_devel_space_[0m
[35m[1mScanning dependencies of target march_description_test_joint_linear_xacro_to_devel_space_[0m
[35m[1mScanning dependencies of target march_description_test_joint_linear_xacro[0m
[35m[1mScanning dependencies of target march_description_march4_xacro[0m
[  6%] [34m[1mxacro: generating /home/katja/march_ws/src/march/build/march_description/test_joint_rotational.urdf from urdf/test_joint_rotational.xacro[0m
[ 18%] [34m[1mxacro: generating /home/katja/march_ws/src/march/build/march_description/march3.urdf from urdf/march3.xacro[0m
[ 18%] [34m[1mxacro: generating /home/katja/march_ws/src/march/build/march_description/march4.urdf from urdf/march4.xacro[0m
[ 25%] [34m[1mxacro: generating /home/katja/march_ws/src/march/build/march_description/test_joint_rotational.urdf from urdf/test_joint_rotational.xacro[0m
[ 31%] [34m[1mxacro: generating /home/katja/march_ws/src/march/build/march_description/march3.urdf from urdf/march3.xacro[0m
[ 37%] [34m[1mxacro: generating /home/katja/march_ws/src/march/build/march_description/test_joint_linear.urdf from urdf/test_joint_linear.xacro[0m
[ 43%] [34m[1mxacro: generating /home/katja/march_ws/src/march/build/march_description/march4.urdf from urdf/march4.xacro[0m
[ 50%] [34m[1mxacro: generating /home/katja/march_ws/src/march/build/march_description/test_joint_linear.urdf from urdf/test_joint_linear.xacro[0m




[ 50%] Built target march_description_march3_xacro

[ 50%] Built target march_description_test_joint_rotational_xacro
[ 56%] [34m[1mcreating dir /home/katja/march_ws/src/march/build/march_description/devel/share/march_description/urdf[0m
[ 62%] [34m[1mcreating dir /home/katja/march_ws/src/march/build/march_description/devel/share/march_description/urdf[0m

[ 68%] [34m[1mcreating dir /home/katja/march_ws/src/march/build/march_description/devel/share/march_description/urdf[0m
[ 75%] [34m[1mcreating dir /home/katja/march_ws/src/march/build/march_description/devel/share/march_description/urdf[0m

[ 75%] Built target march_description_test_joint_linear_xacro
[ 81%] [34m[1mCopying to devel space: /home/katja/march_ws/src/march/build/march_description/devel/share/march_description/urdf/test_joint_linear.urdf[0m
[ 87%] [34m[1mCopying to devel space: /home/katja/march_ws/src/march/build/march_description/devel/share/march_description/urdf/test_joint_rotational.urdf[0m
[ 93%] [34m[1mCopying to devel space: /home/katja/march_ws/src/march/build/march_description/devel/share/march_description/urdf/march4.urdf[0m

[ 93%] Built target march_description_test_joint_linear_xacro_to_devel_space_
[ 93%] Built target march_description_march4_xacro
[ 93%] Built target march_description_test_joint_rotational_xacro_to_devel_space_
[ 93%] Built target march_description_march4_xacro_to_devel_space_
[100%] [34m[1mCopying to devel space: /home/katja/march_ws/src/march/build/march_description/devel/share/march_description/urdf/march3.urdf[0m
[100%] Built target march_description_march3_xacro_to_devel_space_
[35m[1mScanning dependencies of target march_description_xacro_generated_to_devel_space_[0m
[100%] Built target march_description_xacro_generated_to_devel_space_
[35m[1mScanning dependencies of target tests[0m
Built target tests
[  6%] [34m[1mCopying to devel space: /home/katja/march_ws/src/march/build/march_description/devel/share/march_description/urdf/march4.urdf[0m
[ 12%] [34m[1mCopying to devel space: /home/katja/march_ws/src/march/build/march_description/devel/share/march_description/urdf/test_joint_rotational.urdf[0m
[ 31%] Built target march_description_march3_xacro_to_devel_space_
[ 37%] Built target march_description_test_joint_rotational_xacro
[ 43%] [34m[1mCopying to devel space: /home/katja/march_ws/src/march/build/march_description/devel/share/march_description/urdf/test_joint_linear.urdf[0m
[ 50%] Built target march_description_march3_xacro
[ 56%] Built target march_description_march4_xacro
[ 62%] Built target march_description_test_joint_linear_xacro
[ 75%] Built target march_description_test_joint_rotational_xacro_to_devel_space_
[ 87%] Built target march_description_test_joint_linear_xacro_to_devel_space_
[100%] Built target march_description_march4_xacro_to_devel_space_
[100%] Built target march_description_xacro_generated_to_devel_space_
[36mInstall the project...[0m
-- Install configuration: ""
-- Installing: /home/katja/march_ws/src/march/install/march_description/lib/pkgconfig/march_description.pc
-- Installing: /home/katja/march_ws/src/march/install/march_description/share/march_description/cmake/march_description-extras.cmake
-- Installing: /home/katja/march_ws/src/march/install/march_description/share/march_description/cmake/march_descriptionConfig.cmake
-- Installing: /home/katja/march_ws/src/march/install/march_description/share/march_description/cmake/march_descriptionConfig-version.cmake
-- Installing: /home/katja/march_ws/src/march/install/march_description/share/march_description/package.xml
-- Installing: /home/katja/march_ws/src/march/install/march_description/share/march_description/urdf/march3.urdf
-- Installing: /home/katja/march_ws/src/march/install/march_description/share/march_description/urdf/march4.urdf
-- Installing: /home/katja/march_ws/src/march/install/march_description/share/march_description/urdf/test_joint_linear.urdf
-- Installing: /home/katja/march_ws/src/march/install/march_description/share/march_description/urdf/test_joint_rotational.urdf
-- Up-to-date: /home/katja/march_ws/src/march/install/march_description/share/march_description/urdf
-- Installing: /home/katja/march_ws/src/march/install/march_description/share/march_description/urdf/stl-files
-- Installing: /home/katja/march_ws/src/march/install/march_description/share/march_description/urdf/stl-files/RightFoot.stl
-- Installing: /home/katja/march_ws/src/march/install/march_description/share/march_description/urdf/stl-files/LowerRightLeg.stl
-- Installing: /home/katja/march_ws/src/march/install/march_description/share/march_description/urdf/stl-files/LeftFoot.stl
-- Installing: /home/katja/march_ws/src/march/install/march_description/share/march_description/urdf/stl-files/UpperRightLeg.stl
-- Installing: /home/katja/march_ws/src/march/install/march_description/share/march_description/urdf/stl-files/HipBase.stl
-- Installing: /home/katja/march_ws/src/march/install/march_description/share/march_description/urdf/stl-files/UpperLeftLeg.stl
-- Installing: /home/katja/march_ws/src/march/install/march_description/share/march_description/urdf/stl-files/LowerLeftLeg.stl
-- Installing: /home/katja/march_ws/src/march/install/march_description/share/march_description/urdf/stl-files/LeftHAA.stl
-- Installing: /home/katja/march_ws/src/march/install/march_description/share/march_description/urdf/stl-files/RightHAA.stl
-- Installing: /home/katja/march_ws/src/march/install/march_description/share/march_description/urdf/march3.xacro
-- Installing: /home/katja/march_ws/src/march/install/march_description/share/march_description/urdf/test_joint_linear.xacro
-- Installing: /home/katja/march_ws/src/march/install/march_description/share/march_description/urdf/march4.xacro
-- Installing: /home/katja/march_ws/src/march/install/march_description/share/march_description/urdf/test_joint_rotational.xacro
-- Installing: /home/katja/march_ws/src/march/install/march_description/share/march_description/urdf/march.gazebo
