[0.020s] Invoking command in '/home/katja/march_ws/src/march/build/march_description': /usr/bin/cmake /home/katja/march_ws/src/march/march_description -DCATKIN_INSTALL_INTO_PREFIX_ROOT=0 -DCMAKE_INSTALL_PREFIX=/home/katja/march_ws/src/march/install/march_description
[0.224s] -- The C compiler identification is GNU 7.5.0
[0.365s] -- The CXX compiler identification is GNU 7.5.0
[0.373s] -- Check for working C compiler: /usr/bin/cc
[0.502s] -- Check for working C compiler: /usr/bin/cc -- works
[0.503s] -- Detecting C compiler ABI info
[0.618s] -- Detecting C compiler ABI info - done
[0.631s] -- Detecting C compile features
[0.979s] -- Detecting C compile features - done
[0.984s] -- Check for working CXX compiler: /usr/bin/c++
[1.107s] -- Check for working CXX compiler: /usr/bin/c++ -- works
[1.109s] -- Detecting CXX compiler ABI info
[1.238s] -- Detecting CXX compiler ABI info - done
[1.255s] -- Detecting CXX compile features
[1.838s] -- Detecting CXX compile features - done
[1.842s] -- Using CATKIN_DEVEL_PREFIX: /home/katja/march_ws/src/march/build/march_description/devel
[1.842s] -- Using CMAKE_PREFIX_PATH: /opt/ros/melodic
[1.843s] -- This workspace overlays: /opt/ros/melodic
[1.876s] -- Found PythonInterp: /usr/bin/python2 (found suitable version "2.7.17", minimum required is "2") 
[1.876s] -- Using PYTHON_EXECUTABLE: /usr/bin/python2
[1.876s] -- Using Debian Python package layout
[1.877s] -- Using empy: /usr/bin/empy
[2.110s] -- Using CATKIN_ENABLE_TESTING: ON
[2.110s] -- Call enable_testing()
[2.115s] -- Using CATKIN_TEST_RESULTS_DIR: /home/katja/march_ws/src/march/build/march_description/test_results
[2.150s] -- Found gtest sources under '/usr/src/googletest': gtests will be built
[2.151s] -- Found gmock sources under '/usr/src/googletest': gmock will be built
[2.175s] -- Found PythonInterp: /usr/bin/python2 (found version "2.7.17") 
[2.179s] -- Looking for pthread.h
[2.289s] -- Looking for pthread.h - found
[2.290s] -- Looking for pthread_create
[2.405s] -- Looking for pthread_create - not found
[2.406s] -- Looking for pthread_create in pthreads
[2.510s] -- Looking for pthread_create in pthreads - not found
[2.510s] -- Looking for pthread_create in pthread
[2.627s] -- Looking for pthread_create in pthread - found
[2.628s] -- Found Threads: TRUE  
[2.634s] -- Using Python nosetests: /usr/bin/nosetests-2.7
[2.706s] -- catkin 0.7.28
[2.706s] -- BUILD_SHARED_LIBS is on
[3.043s] -- xacro: determining deps for: urdf/march3.xacro ...
[3.507s] -- xacro: determining deps for: urdf/march4.xacro ...
[3.912s] -- xacro: determining deps for: urdf/test_joint_linear.xacro ...
[4.397s] -- xacro: determining deps for: urdf/test_joint_rotational.xacro ...
[4.838s] -- Configuring done
[4.904s] -- Generating done
[4.915s] -- Build files have been written to: /home/katja/march_ws/src/march/build/march_description
[4.926s] Invoked command in '/home/katja/march_ws/src/march/build/march_description' returned '0': /usr/bin/cmake /home/katja/march_ws/src/march/march_description -DCATKIN_INSTALL_INTO_PREFIX_ROOT=0 -DCMAKE_INSTALL_PREFIX=/home/katja/march_ws/src/march/install/march_description
[4.930s] Invoking command in '/home/katja/march_ws/src/march/build/march_description': /usr/bin/cmake --build /home/katja/march_ws/src/march/build/march_description -- -j8 -l8
[5.036s] [35m[1mScanning dependencies of target march_description_march3_xacro_to_devel_space_[0m
[5.051s] [35m[1mScanning dependencies of target march_description_march4_xacro_to_devel_space_[0m
[5.058s] [35m[1mScanning dependencies of target march_description_march3_xacro[0m
[5.061s] [35m[1mScanning dependencies of target march_description_test_joint_rotational_xacro[0m
[5.066s] [35m[1mScanning dependencies of target march_description_test_joint_rotational_xacro_to_devel_space_[0m
[5.082s] [35m[1mScanning dependencies of target march_description_test_joint_linear_xacro_to_devel_space_[0m
[5.091s] [35m[1mScanning dependencies of target march_description_test_joint_linear_xacro[0m
[5.093s] [35m[1mScanning dependencies of target march_description_march4_xacro[0m
[5.108s] [  6%] [34m[1mxacro: generating /home/katja/march_ws/src/march/build/march_description/test_joint_rotational.urdf from urdf/test_joint_rotational.xacro[0m
[5.119s] [ 18%] [34m[1mxacro: generating /home/katja/march_ws/src/march/build/march_description/march3.urdf from urdf/march3.xacro[0m
[5.120s] [ 18%] [34m[1mxacro: generating /home/katja/march_ws/src/march/build/march_description/march4.urdf from urdf/march4.xacro[0m
[5.126s] [ 25%] [34m[1mxacro: generating /home/katja/march_ws/src/march/build/march_description/test_joint_rotational.urdf from urdf/test_joint_rotational.xacro[0m
[5.132s] [ 31%] [34m[1mxacro: generating /home/katja/march_ws/src/march/build/march_description/march3.urdf from urdf/march3.xacro[0m
[5.132s] [ 37%] [34m[1mxacro: generating /home/katja/march_ws/src/march/build/march_description/test_joint_linear.urdf from urdf/test_joint_linear.xacro[0m
[5.144s] [ 43%] [34m[1mxacro: generating /home/katja/march_ws/src/march/build/march_description/march4.urdf from urdf/march4.xacro[0m
[5.160s] [ 50%] [34m[1mxacro: generating /home/katja/march_ws/src/march/build/march_description/test_joint_linear.urdf from urdf/test_joint_linear.xacro[0m
[6.047s] 
[6.093s] 
[6.129s] 
[6.135s] 
[6.193s] [ 50%] Built target march_description_march3_xacro
[6.197s] 
[6.248s] [ 50%] Built target march_description_test_joint_rotational_xacro
[6.253s] [ 56%] [34m[1mcreating dir /home/katja/march_ws/src/march/build/march_description/devel/share/march_description/urdf[0m
[6.269s] [ 62%] [34m[1mcreating dir /home/katja/march_ws/src/march/build/march_description/devel/share/march_description/urdf[0m
[6.271s] 
[6.274s] [ 68%] [34m[1mcreating dir /home/katja/march_ws/src/march/build/march_description/devel/share/march_description/urdf[0m
[6.341s] [ 75%] [34m[1mcreating dir /home/katja/march_ws/src/march/build/march_description/devel/share/march_description/urdf[0m
[6.360s] 
[6.379s] [ 75%] Built target march_description_test_joint_linear_xacro
[6.391s] [ 81%] [34m[1mCopying to devel space: /home/katja/march_ws/src/march/build/march_description/devel/share/march_description/urdf/test_joint_linear.urdf[0m
[6.404s] [ 87%] [34m[1mCopying to devel space: /home/katja/march_ws/src/march/build/march_description/devel/share/march_description/urdf/test_joint_rotational.urdf[0m
[6.426s] [ 93%] [34m[1mCopying to devel space: /home/katja/march_ws/src/march/build/march_description/devel/share/march_description/urdf/march4.urdf[0m
[6.441s] 
[6.459s] [ 93%] Built target march_description_test_joint_linear_xacro_to_devel_space_
[6.477s] [ 93%] Built target march_description_march4_xacro
[6.481s] [ 93%] Built target march_description_test_joint_rotational_xacro_to_devel_space_
[6.514s] [ 93%] Built target march_description_march4_xacro_to_devel_space_
[6.531s] [100%] [34m[1mCopying to devel space: /home/katja/march_ws/src/march/build/march_description/devel/share/march_description/urdf/march3.urdf[0m
[6.574s] [100%] Built target march_description_march3_xacro_to_devel_space_
[6.616s] [35m[1mScanning dependencies of target march_description_xacro_generated_to_devel_space_[0m
[6.642s] [100%] Built target march_description_xacro_generated_to_devel_space_
[6.672s] Invoked command in '/home/katja/march_ws/src/march/build/march_description' returned '0': /usr/bin/cmake --build /home/katja/march_ws/src/march/build/march_description -- -j8 -l8
[6.767s] Invoking command in '/home/katja/march_ws/src/march/build/march_description': /usr/bin/cmake --build /home/katja/march_ws/src/march/build/march_description --target tests -- -j8 -l8
[6.973s] [35m[1mScanning dependencies of target tests[0m
[7.002s] Built target tests
[7.059s] Invoked command in '/home/katja/march_ws/src/march/build/march_description' returned '0': /usr/bin/cmake --build /home/katja/march_ws/src/march/build/march_description --target tests -- -j8 -l8
[7.266s] Invoking command in '/home/katja/march_ws/src/march/build/march_description': /usr/bin/cmake --build /home/katja/march_ws/src/march/build/march_description --target install -- -j8 -l8
[7.521s] [  6%] [34m[1mCopying to devel space: /home/katja/march_ws/src/march/build/march_description/devel/share/march_description/urdf/march4.urdf[0m
[7.525s] [ 12%] [34m[1mCopying to devel space: /home/katja/march_ws/src/march/build/march_description/devel/share/march_description/urdf/test_joint_rotational.urdf[0m
[7.526s] [ 31%] Built target march_description_march3_xacro_to_devel_space_
[7.527s] [ 37%] Built target march_description_test_joint_rotational_xacro
[7.538s] [ 43%] [34m[1mCopying to devel space: /home/katja/march_ws/src/march/build/march_description/devel/share/march_description/urdf/test_joint_linear.urdf[0m
[7.559s] [ 50%] Built target march_description_march3_xacro
[7.566s] [ 56%] Built target march_description_march4_xacro
[7.574s] [ 62%] Built target march_description_test_joint_linear_xacro
[7.603s] [ 75%] Built target march_description_test_joint_rotational_xacro_to_devel_space_
[7.611s] [ 87%] Built target march_description_test_joint_linear_xacro_to_devel_space_
[7.623s] [100%] Built target march_description_march4_xacro_to_devel_space_
[7.703s] [100%] Built target march_description_xacro_generated_to_devel_space_
[7.791s] [36mInstall the project...[0m
[7.817s] -- Install configuration: ""
[7.817s] -- Installing: /home/katja/march_ws/src/march/install/march_description/lib/pkgconfig/march_description.pc
[7.820s] -- Installing: /home/katja/march_ws/src/march/install/march_description/share/march_description/cmake/march_description-extras.cmake
[7.820s] -- Installing: /home/katja/march_ws/src/march/install/march_description/share/march_description/cmake/march_descriptionConfig.cmake
[7.820s] -- Installing: /home/katja/march_ws/src/march/install/march_description/share/march_description/cmake/march_descriptionConfig-version.cmake
[7.821s] -- Installing: /home/katja/march_ws/src/march/install/march_description/share/march_description/package.xml
[7.821s] -- Installing: /home/katja/march_ws/src/march/install/march_description/share/march_description/urdf/march3.urdf
[7.821s] -- Installing: /home/katja/march_ws/src/march/install/march_description/share/march_description/urdf/march4.urdf
[7.821s] -- Installing: /home/katja/march_ws/src/march/install/march_description/share/march_description/urdf/test_joint_linear.urdf
[7.822s] -- Installing: /home/katja/march_ws/src/march/install/march_description/share/march_description/urdf/test_joint_rotational.urdf
[7.822s] -- Up-to-date: /home/katja/march_ws/src/march/install/march_description/share/march_description/urdf
[7.822s] -- Installing: /home/katja/march_ws/src/march/install/march_description/share/march_description/urdf/stl-files
[7.823s] -- Installing: /home/katja/march_ws/src/march/install/march_description/share/march_description/urdf/stl-files/RightFoot.stl
[7.825s] -- Installing: /home/katja/march_ws/src/march/install/march_description/share/march_description/urdf/stl-files/LowerRightLeg.stl
[7.834s] -- Installing: /home/katja/march_ws/src/march/install/march_description/share/march_description/urdf/stl-files/LeftFoot.stl
[7.836s] -- Installing: /home/katja/march_ws/src/march/install/march_description/share/march_description/urdf/stl-files/UpperRightLeg.stl
[7.849s] -- Installing: /home/katja/march_ws/src/march/install/march_description/share/march_description/urdf/stl-files/HipBase.stl
[7.867s] -- Installing: /home/katja/march_ws/src/march/install/march_description/share/march_description/urdf/stl-files/UpperLeftLeg.stl
[7.870s] -- Installing: /home/katja/march_ws/src/march/install/march_description/share/march_description/urdf/stl-files/LowerLeftLeg.stl
[7.877s] -- Installing: /home/katja/march_ws/src/march/install/march_description/share/march_description/urdf/stl-files/LeftHAA.stl
[7.880s] -- Installing: /home/katja/march_ws/src/march/install/march_description/share/march_description/urdf/stl-files/RightHAA.stl
[7.883s] -- Installing: /home/katja/march_ws/src/march/install/march_description/share/march_description/urdf/march3.xacro
[7.884s] -- Installing: /home/katja/march_ws/src/march/install/march_description/share/march_description/urdf/test_joint_linear.xacro
[7.884s] -- Installing: /home/katja/march_ws/src/march/install/march_description/share/march_description/urdf/march4.xacro
[7.884s] -- Installing: /home/katja/march_ws/src/march/install/march_description/share/march_description/urdf/test_joint_rotational.xacro
[7.885s] -- Installing: /home/katja/march_ws/src/march/install/march_description/share/march_description/urdf/march.gazebo
[7.894s] Invoked command in '/home/katja/march_ws/src/march/build/march_description' returned '0': /usr/bin/cmake --build /home/katja/march_ws/src/march/build/march_description --target install -- -j8 -l8
