-- The C compiler identification is GNU 7.5.0
-- The CXX compiler identification is GNU 7.5.0
-- Check for working C compiler: /usr/bin/cc
-- Check for working C compiler: /usr/bin/cc -- works
-- Detecting C compiler ABI info
-- Detecting C compiler ABI info - done
-- Detecting C compile features
-- Detecting C compile features - done
-- Check for working CXX compiler: /usr/bin/c++
-- Check for working CXX compiler: /usr/bin/c++ -- works
-- Detecting CXX compiler ABI info
-- Detecting CXX compiler ABI info - done
-- Detecting CXX compile features
-- Detecting CXX compile features - done
-- Using CATKIN_DEVEL_PREFIX: /home/katja/march_ws/src/march/build/march_data_collector/devel
-- Using CMAKE_PREFIX_PATH: /home/katja/march_ws/src/march/install/march_shared_resources;/opt/ros/melodic
-- This workspace overlays: /home/katja/march_ws/src/march/install/march_shared_resources;/opt/ros/melodic
-- Found PythonInterp: /usr/bin/python2 (found suitable version "2.7.17", minimum required is "2") 
-- Using PYTHON_EXECUTABLE: /usr/bin/python2
-- Using Debian Python package layout
-- Using empy: /usr/bin/empy
-- Using CATKIN_ENABLE_TESTING: ON
-- Call enable_testing()
-- Using CATKIN_TEST_RESULTS_DIR: /home/katja/march_ws/src/march/build/march_data_collector/test_results
-- Found gtest sources under '/usr/src/googletest': gtests will be built
-- Found gmock sources under '/usr/src/googletest': gmock will be built
-- Found PythonInterp: /usr/bin/python2 (found version "2.7.17") 
-- Looking for pthread.h
-- Looking for pthread.h - found
-- Looking for pthread_create
-- Looking for pthread_create - not found
-- Looking for pthread_create in pthreads
-- Looking for pthread_create in pthreads - not found
-- Looking for pthread_create in pthread
-- Looking for pthread_create in pthread - found
-- Found Threads: TRUE  
-- Using Python nosetests: /usr/bin/nosetests-2.7
-- catkin 0.7.28
-- BUILD_SHARED_LIBS is on
-- Using these message generators: gencpp;geneus;genlisp;gennodejs;genpy
-- Configuring done
-- Generating done
-- Build files have been written to: /home/katja/march_ws/src/march/build/march_data_collector
[35m[1mScanning dependencies of target tests[0m
Built target tests
[36mInstall the project...[0m
-- Install configuration: ""
+ cd /home/katja/march_ws/src/march/march_data_collector
+ mkdir -p /home/katja/march_ws/src/march/install/march_data_collector/lib/python2.7/dist-packages
+ /usr/bin/env PYTHONPATH=/home/katja/march_ws/src/march/install/march_data_collector/lib/python2.7/dist-packages:/home/katja/march_ws/src/march/build/march_data_collector/lib/python2.7/dist-packages:/home/katja/march_ws/src/march/install/march_shared_resources/lib/python2.7/dist-packages:/opt/ros/melodic/lib/python2.7/dist-packages CATKIN_BINARY_DIR=/home/katja/march_ws/src/march/build/march_data_collector /usr/bin/python2 /home/katja/march_ws/src/march/march_data_collector/setup.py egg_info --egg-base /home/katja/march_ws/src/march/build/march_data_collector build --build-base /home/katja/march_ws/src/march/build/march_data_collector install --root=/ --install-layout=deb --prefix=/home/katja/march_ws/src/march/install/march_data_collector --install-scripts=/home/katja/march_ws/src/march/install/march_data_collector/bin
running egg_info
creating /home/katja/march_ws/src/march/build/march_data_collector/march_data_collector.egg-info
writing /home/katja/march_ws/src/march/build/march_data_collector/march_data_collector.egg-info/PKG-INFO
writing top-level names to /home/katja/march_ws/src/march/build/march_data_collector/march_data_collector.egg-info/top_level.txt
writing dependency_links to /home/katja/march_ws/src/march/build/march_data_collector/march_data_collector.egg-info/dependency_links.txt
writing manifest file '/home/katja/march_ws/src/march/build/march_data_collector/march_data_collector.egg-info/SOURCES.txt'
reading manifest file '/home/katja/march_ws/src/march/build/march_data_collector/march_data_collector.egg-info/SOURCES.txt'
writing manifest file '/home/katja/march_ws/src/march/build/march_data_collector/march_data_collector.egg-info/SOURCES.txt'
running build
running build_py
creating /home/katja/march_ws/src/march/build/march_data_collector/lib.linux-x86_64-2.7
creating /home/katja/march_ws/src/march/build/march_data_collector/lib.linux-x86_64-2.7/march_data_collector
copying src/march_data_collector/esp_adapter.py -> /home/katja/march_ws/src/march/build/march_data_collector/lib.linux-x86_64-2.7/march_data_collector
copying src/march_data_collector/cp_calculator.py -> /home/katja/march_ws/src/march/build/march_data_collector/lib.linux-x86_64-2.7/march_data_collector
copying src/march_data_collector/data_collector_node.py -> /home/katja/march_ws/src/march/build/march_data_collector/lib.linux-x86_64-2.7/march_data_collector
copying src/march_data_collector/__init__.py -> /home/katja/march_ws/src/march/build/march_data_collector/lib.linux-x86_64-2.7/march_data_collector
copying src/march_data_collector/com_calculator.py -> /home/katja/march_ws/src/march/build/march_data_collector/lib.linux-x86_64-2.7/march_data_collector
running build_scripts
creating /home/katja/march_ws/src/march/build/march_data_collector/scripts-2.7
copying and adjusting scripts/march_data_collector -> /home/katja/march_ws/src/march/build/march_data_collector/scripts-2.7
changing mode of /home/katja/march_ws/src/march/build/march_data_collector/scripts-2.7/march_data_collector from 644 to 755
running install
running install_lib
creating /home/katja/march_ws/src/march/install/march_data_collector/lib/python2.7/dist-packages/march_data_collector
copying /home/katja/march_ws/src/march/build/march_data_collector/lib.linux-x86_64-2.7/march_data_collector/esp_adapter.py -> /home/katja/march_ws/src/march/install/march_data_collector/lib/python2.7/dist-packages/march_data_collector
copying /home/katja/march_ws/src/march/build/march_data_collector/lib.linux-x86_64-2.7/march_data_collector/cp_calculator.py -> /home/katja/march_ws/src/march/install/march_data_collector/lib/python2.7/dist-packages/march_data_collector
copying /home/katja/march_ws/src/march/build/march_data_collector/lib.linux-x86_64-2.7/march_data_collector/data_collector_node.py -> /home/katja/march_ws/src/march/install/march_data_collector/lib/python2.7/dist-packages/march_data_collector
copying /home/katja/march_ws/src/march/build/march_data_collector/lib.linux-x86_64-2.7/march_data_collector/__init__.py -> /home/katja/march_ws/src/march/install/march_data_collector/lib/python2.7/dist-packages/march_data_collector
copying /home/katja/march_ws/src/march/build/march_data_collector/lib.linux-x86_64-2.7/march_data_collector/com_calculator.py -> /home/katja/march_ws/src/march/install/march_data_collector/lib/python2.7/dist-packages/march_data_collector
byte-compiling /home/katja/march_ws/src/march/install/march_data_collector/lib/python2.7/dist-packages/march_data_collector/esp_adapter.py to esp_adapter.pyc
byte-compiling /home/katja/march_ws/src/march/install/march_data_collector/lib/python2.7/dist-packages/march_data_collector/cp_calculator.py to cp_calculator.pyc
byte-compiling /home/katja/march_ws/src/march/install/march_data_collector/lib/python2.7/dist-packages/march_data_collector/data_collector_node.py to data_collector_node.pyc
byte-compiling /home/katja/march_ws/src/march/install/march_data_collector/lib/python2.7/dist-packages/march_data_collector/__init__.py to __init__.pyc
byte-compiling /home/katja/march_ws/src/march/install/march_data_collector/lib/python2.7/dist-packages/march_data_collector/com_calculator.py to com_calculator.pyc
running install_egg_info
Copying /home/katja/march_ws/src/march/build/march_data_collector/march_data_collector.egg-info to /home/katja/march_ws/src/march/install/march_data_collector/lib/python2.7/dist-packages/march_data_collector-0.0.0.egg-info
Skipping SOURCES.txt
running install_scripts
creating /home/katja/march_ws/src/march/install/march_data_collector/bin
copying /home/katja/march_ws/src/march/build/march_data_collector/scripts-2.7/march_data_collector -> /home/katja/march_ws/src/march/install/march_data_collector/bin
changing mode of /home/katja/march_ws/src/march/install/march_data_collector/bin/march_data_collector to 755
-- Installing: /home/katja/march_ws/src/march/install/march_data_collector/lib/pkgconfig/march_data_collector.pc
-- Installing: /home/katja/march_ws/src/march/install/march_data_collector/share/march_data_collector/cmake/march_data_collectorConfig.cmake
-- Installing: /home/katja/march_ws/src/march/install/march_data_collector/share/march_data_collector/cmake/march_data_collectorConfig-version.cmake
-- Installing: /home/katja/march_ws/src/march/install/march_data_collector/share/march_data_collector/package.xml
-- Installing: /home/katja/march_ws/src/march/install/march_data_collector/lib/march_data_collector/march_data_collector
-- Installing: /home/katja/march_ws/src/march/install/march_data_collector/lib/march_data_collector/esp_adapter
-- Installing: /home/katja/march_ws/src/march/install/march_data_collector/share/march_data_collector/launch
-- Installing: /home/katja/march_ws/src/march/install/march_data_collector/share/march_data_collector/launch/esp_adapter.launch
-- Installing: /home/katja/march_ws/src/march/install/march_data_collector/share/march_data_collector/launch/march_data_collector.launch
