[0.063s] Invoking command in '/home/katja/march_ws/src/march/build/march_data_collector': CMAKE_PREFIX_PATH=/home/katja/march_ws/src/march/install/march_shared_resources:${CMAKE_PREFIX_PATH} PKG_CONFIG_PATH=/home/katja/march_ws/src/march/install/march_shared_resources/lib/x86_64-linux-gnu/pkgconfig:/home/katja/march_ws/src/march/install/march_shared_resources/lib/pkgconfig:${PKG_CONFIG_PATH} PYTHONPATH=/home/katja/march_ws/src/march/install/march_shared_resources/lib/python2.7/dist-packages:${PYTHONPATH} ROS_PACKAGE_PATH=/home/katja/march_ws/src/march/install/march_shared_resources/share:${ROS_PACKAGE_PATH} /usr/bin/cmake /home/katja/march_ws/src/march/march_data_collector -DCATKIN_INSTALL_INTO_PREFIX_ROOT=0 -DCMAKE_INSTALL_PREFIX=/home/katja/march_ws/src/march/install/march_data_collector
[0.204s] -- The C compiler identification is GNU 7.5.0
[0.355s] -- The CXX compiler identification is GNU 7.5.0
[0.367s] -- Check for working C compiler: /usr/bin/cc
[0.542s] -- Check for working C compiler: /usr/bin/cc -- works
[0.544s] -- Detecting C compiler ABI info
[0.711s] -- Detecting C compiler ABI info - done
[0.739s] -- Detecting C compile features
[1.255s] -- Detecting C compile features - done
[1.262s] -- Check for working CXX compiler: /usr/bin/c++
[1.444s] -- Check for working CXX compiler: /usr/bin/c++ -- works
[1.447s] -- Detecting CXX compiler ABI info
[1.654s] -- Detecting CXX compiler ABI info - done
[1.679s] -- Detecting CXX compile features
[2.462s] -- Detecting CXX compile features - done
[2.469s] -- Using CATKIN_DEVEL_PREFIX: /home/katja/march_ws/src/march/build/march_data_collector/devel
[2.469s] -- Using CMAKE_PREFIX_PATH: /home/katja/march_ws/src/march/install/march_shared_resources;/opt/ros/melodic
[2.469s] -- This workspace overlays: /home/katja/march_ws/src/march/install/march_shared_resources;/opt/ros/melodic
[2.502s] -- Found PythonInterp: /usr/bin/python2 (found suitable version "2.7.17", minimum required is "2") 
[2.502s] -- Using PYTHON_EXECUTABLE: /usr/bin/python2
[2.502s] -- Using Debian Python package layout
[2.504s] -- Using empy: /usr/bin/empy
[2.897s] -- Using CATKIN_ENABLE_TESTING: ON
[2.897s] -- Call enable_testing()
[2.902s] -- Using CATKIN_TEST_RESULTS_DIR: /home/katja/march_ws/src/march/build/march_data_collector/test_results
[2.951s] -- Found gtest sources under '/usr/src/googletest': gtests will be built
[2.951s] -- Found gmock sources under '/usr/src/googletest': gmock will be built
[2.978s] -- Found PythonInterp: /usr/bin/python2 (found version "2.7.17") 
[2.980s] -- Looking for pthread.h
[3.134s] -- Looking for pthread.h - found
[3.135s] -- Looking for pthread_create
[3.296s] -- Looking for pthread_create - not found
[3.298s] -- Looking for pthread_create in pthreads
[3.423s] -- Looking for pthread_create in pthreads - not found
[3.424s] -- Looking for pthread_create in pthread
[3.588s] -- Looking for pthread_create in pthread - found
[3.591s] -- Found Threads: TRUE  
[3.600s] -- Using Python nosetests: /usr/bin/nosetests-2.7
[3.707s] -- catkin 0.7.28
[3.708s] -- BUILD_SHARED_LIBS is on
[3.973s] -- Using these message generators: gencpp;geneus;genlisp;gennodejs;genpy
[5.895s] -- Configuring done
[5.973s] -- Generating done
[5.990s] -- Build files have been written to: /home/katja/march_ws/src/march/build/march_data_collector
[6.002s] Invoked command in '/home/katja/march_ws/src/march/build/march_data_collector' returned '0': CMAKE_PREFIX_PATH=/home/katja/march_ws/src/march/install/march_shared_resources:${CMAKE_PREFIX_PATH} PKG_CONFIG_PATH=/home/katja/march_ws/src/march/install/march_shared_resources/lib/x86_64-linux-gnu/pkgconfig:/home/katja/march_ws/src/march/install/march_shared_resources/lib/pkgconfig:${PKG_CONFIG_PATH} PYTHONPATH=/home/katja/march_ws/src/march/install/march_shared_resources/lib/python2.7/dist-packages:${PYTHONPATH} ROS_PACKAGE_PATH=/home/katja/march_ws/src/march/install/march_shared_resources/share:${ROS_PACKAGE_PATH} /usr/bin/cmake /home/katja/march_ws/src/march/march_data_collector -DCATKIN_INSTALL_INTO_PREFIX_ROOT=0 -DCMAKE_INSTALL_PREFIX=/home/katja/march_ws/src/march/install/march_data_collector
[6.008s] Invoking command in '/home/katja/march_ws/src/march/build/march_data_collector': CMAKE_PREFIX_PATH=/home/katja/march_ws/src/march/install/march_shared_resources:${CMAKE_PREFIX_PATH} PKG_CONFIG_PATH=/home/katja/march_ws/src/march/install/march_shared_resources/lib/x86_64-linux-gnu/pkgconfig:/home/katja/march_ws/src/march/install/march_shared_resources/lib/pkgconfig:${PKG_CONFIG_PATH} PYTHONPATH=/home/katja/march_ws/src/march/install/march_shared_resources/lib/python2.7/dist-packages:${PYTHONPATH} ROS_PACKAGE_PATH=/home/katja/march_ws/src/march/install/march_shared_resources/share:${ROS_PACKAGE_PATH} /usr/bin/cmake --build /home/katja/march_ws/src/march/build/march_data_collector -- -j8 -l8
[6.129s] Invoked command in '/home/katja/march_ws/src/march/build/march_data_collector' returned '0': CMAKE_PREFIX_PATH=/home/katja/march_ws/src/march/install/march_shared_resources:${CMAKE_PREFIX_PATH} PKG_CONFIG_PATH=/home/katja/march_ws/src/march/install/march_shared_resources/lib/x86_64-linux-gnu/pkgconfig:/home/katja/march_ws/src/march/install/march_shared_resources/lib/pkgconfig:${PKG_CONFIG_PATH} PYTHONPATH=/home/katja/march_ws/src/march/install/march_shared_resources/lib/python2.7/dist-packages:${PYTHONPATH} ROS_PACKAGE_PATH=/home/katja/march_ws/src/march/install/march_shared_resources/share:${ROS_PACKAGE_PATH} /usr/bin/cmake --build /home/katja/march_ws/src/march/build/march_data_collector -- -j8 -l8
[6.305s] Invoking command in '/home/katja/march_ws/src/march/build/march_data_collector': CMAKE_PREFIX_PATH=/home/katja/march_ws/src/march/install/march_shared_resources:${CMAKE_PREFIX_PATH} PKG_CONFIG_PATH=/home/katja/march_ws/src/march/install/march_shared_resources/lib/x86_64-linux-gnu/pkgconfig:/home/katja/march_ws/src/march/install/march_shared_resources/lib/pkgconfig:${PKG_CONFIG_PATH} PYTHONPATH=/home/katja/march_ws/src/march/install/march_shared_resources/lib/python2.7/dist-packages:${PYTHONPATH} ROS_PACKAGE_PATH=/home/katja/march_ws/src/march/install/march_shared_resources/share:${ROS_PACKAGE_PATH} /usr/bin/cmake --build /home/katja/march_ws/src/march/build/march_data_collector --target tests -- -j8 -l8
[6.451s] [35m[1mScanning dependencies of target tests[0m
[6.477s] Built target tests
[6.508s] Invoked command in '/home/katja/march_ws/src/march/build/march_data_collector' returned '0': CMAKE_PREFIX_PATH=/home/katja/march_ws/src/march/install/march_shared_resources:${CMAKE_PREFIX_PATH} PKG_CONFIG_PATH=/home/katja/march_ws/src/march/install/march_shared_resources/lib/x86_64-linux-gnu/pkgconfig:/home/katja/march_ws/src/march/install/march_shared_resources/lib/pkgconfig:${PKG_CONFIG_PATH} PYTHONPATH=/home/katja/march_ws/src/march/install/march_shared_resources/lib/python2.7/dist-packages:${PYTHONPATH} ROS_PACKAGE_PATH=/home/katja/march_ws/src/march/install/march_shared_resources/share:${ROS_PACKAGE_PATH} /usr/bin/cmake --build /home/katja/march_ws/src/march/build/march_data_collector --target tests -- -j8 -l8
[6.671s] Invoking command in '/home/katja/march_ws/src/march/build/march_data_collector': CMAKE_PREFIX_PATH=/home/katja/march_ws/src/march/install/march_shared_resources:${CMAKE_PREFIX_PATH} PKG_CONFIG_PATH=/home/katja/march_ws/src/march/install/march_shared_resources/lib/x86_64-linux-gnu/pkgconfig:/home/katja/march_ws/src/march/install/march_shared_resources/lib/pkgconfig:${PKG_CONFIG_PATH} PYTHONPATH=/home/katja/march_ws/src/march/install/march_shared_resources/lib/python2.7/dist-packages:${PYTHONPATH} ROS_PACKAGE_PATH=/home/katja/march_ws/src/march/install/march_shared_resources/share:${ROS_PACKAGE_PATH} /usr/bin/cmake --build /home/katja/march_ws/src/march/build/march_data_collector --target install -- -j8 -l8
[6.807s] [36mInstall the project...[0m
[6.829s] -- Install configuration: ""
[6.832s] + cd /home/katja/march_ws/src/march/march_data_collector
[6.832s] + mkdir -p /home/katja/march_ws/src/march/install/march_data_collector/lib/python2.7/dist-packages
[6.835s] + /usr/bin/env PYTHONPATH=/home/katja/march_ws/src/march/install/march_data_collector/lib/python2.7/dist-packages:/home/katja/march_ws/src/march/build/march_data_collector/lib/python2.7/dist-packages:/home/katja/march_ws/src/march/install/march_shared_resources/lib/python2.7/dist-packages:/opt/ros/melodic/lib/python2.7/dist-packages CATKIN_BINARY_DIR=/home/katja/march_ws/src/march/build/march_data_collector /usr/bin/python2 /home/katja/march_ws/src/march/march_data_collector/setup.py egg_info --egg-base /home/katja/march_ws/src/march/build/march_data_collector build --build-base /home/katja/march_ws/src/march/build/march_data_collector install --root=/ --install-layout=deb --prefix=/home/katja/march_ws/src/march/install/march_data_collector --install-scripts=/home/katja/march_ws/src/march/install/march_data_collector/bin
[7.427s] running egg_info
[7.432s] creating /home/katja/march_ws/src/march/build/march_data_collector/march_data_collector.egg-info
[7.432s] writing /home/katja/march_ws/src/march/build/march_data_collector/march_data_collector.egg-info/PKG-INFO
[7.432s] writing top-level names to /home/katja/march_ws/src/march/build/march_data_collector/march_data_collector.egg-info/top_level.txt
[7.432s] writing dependency_links to /home/katja/march_ws/src/march/build/march_data_collector/march_data_collector.egg-info/dependency_links.txt
[7.437s] writing manifest file '/home/katja/march_ws/src/march/build/march_data_collector/march_data_collector.egg-info/SOURCES.txt'
[7.441s] reading manifest file '/home/katja/march_ws/src/march/build/march_data_collector/march_data_collector.egg-info/SOURCES.txt'
[7.442s] writing manifest file '/home/katja/march_ws/src/march/build/march_data_collector/march_data_collector.egg-info/SOURCES.txt'
[7.443s] running build
[7.443s] running build_py
[7.444s] creating /home/katja/march_ws/src/march/build/march_data_collector/lib.linux-x86_64-2.7
[7.444s] creating /home/katja/march_ws/src/march/build/march_data_collector/lib.linux-x86_64-2.7/march_data_collector
[7.445s] copying src/march_data_collector/esp_adapter.py -> /home/katja/march_ws/src/march/build/march_data_collector/lib.linux-x86_64-2.7/march_data_collector
[7.445s] copying src/march_data_collector/cp_calculator.py -> /home/katja/march_ws/src/march/build/march_data_collector/lib.linux-x86_64-2.7/march_data_collector
[7.446s] copying src/march_data_collector/data_collector_node.py -> /home/katja/march_ws/src/march/build/march_data_collector/lib.linux-x86_64-2.7/march_data_collector
[7.446s] copying src/march_data_collector/__init__.py -> /home/katja/march_ws/src/march/build/march_data_collector/lib.linux-x86_64-2.7/march_data_collector
[7.447s] copying src/march_data_collector/com_calculator.py -> /home/katja/march_ws/src/march/build/march_data_collector/lib.linux-x86_64-2.7/march_data_collector
[7.450s] running build_scripts
[7.451s] creating /home/katja/march_ws/src/march/build/march_data_collector/scripts-2.7
[7.451s] copying and adjusting scripts/march_data_collector -> /home/katja/march_ws/src/march/build/march_data_collector/scripts-2.7
[7.452s] changing mode of /home/katja/march_ws/src/march/build/march_data_collector/scripts-2.7/march_data_collector from 644 to 755
[7.453s] running install
[7.453s] running install_lib
[7.453s] creating /home/katja/march_ws/src/march/install/march_data_collector/lib/python2.7/dist-packages/march_data_collector
[7.454s] copying /home/katja/march_ws/src/march/build/march_data_collector/lib.linux-x86_64-2.7/march_data_collector/esp_adapter.py -> /home/katja/march_ws/src/march/install/march_data_collector/lib/python2.7/dist-packages/march_data_collector
[7.455s] copying /home/katja/march_ws/src/march/build/march_data_collector/lib.linux-x86_64-2.7/march_data_collector/cp_calculator.py -> /home/katja/march_ws/src/march/install/march_data_collector/lib/python2.7/dist-packages/march_data_collector
[7.455s] copying /home/katja/march_ws/src/march/build/march_data_collector/lib.linux-x86_64-2.7/march_data_collector/data_collector_node.py -> /home/katja/march_ws/src/march/install/march_data_collector/lib/python2.7/dist-packages/march_data_collector
[7.456s] copying /home/katja/march_ws/src/march/build/march_data_collector/lib.linux-x86_64-2.7/march_data_collector/__init__.py -> /home/katja/march_ws/src/march/install/march_data_collector/lib/python2.7/dist-packages/march_data_collector
[7.460s] copying /home/katja/march_ws/src/march/build/march_data_collector/lib.linux-x86_64-2.7/march_data_collector/com_calculator.py -> /home/katja/march_ws/src/march/install/march_data_collector/lib/python2.7/dist-packages/march_data_collector
[7.461s] byte-compiling /home/katja/march_ws/src/march/install/march_data_collector/lib/python2.7/dist-packages/march_data_collector/esp_adapter.py to esp_adapter.pyc
[7.463s] byte-compiling /home/katja/march_ws/src/march/install/march_data_collector/lib/python2.7/dist-packages/march_data_collector/cp_calculator.py to cp_calculator.pyc
[7.464s] byte-compiling /home/katja/march_ws/src/march/install/march_data_collector/lib/python2.7/dist-packages/march_data_collector/data_collector_node.py to data_collector_node.pyc
[7.467s] byte-compiling /home/katja/march_ws/src/march/install/march_data_collector/lib/python2.7/dist-packages/march_data_collector/__init__.py to __init__.pyc
[7.467s] byte-compiling /home/katja/march_ws/src/march/install/march_data_collector/lib/python2.7/dist-packages/march_data_collector/com_calculator.py to com_calculator.pyc
[7.468s] running install_egg_info
[7.471s] Copying /home/katja/march_ws/src/march/build/march_data_collector/march_data_collector.egg-info to /home/katja/march_ws/src/march/install/march_data_collector/lib/python2.7/dist-packages/march_data_collector-0.0.0.egg-info
[7.471s] Skipping SOURCES.txt
[7.472s] running install_scripts
[7.485s] creating /home/katja/march_ws/src/march/install/march_data_collector/bin
[7.485s] copying /home/katja/march_ws/src/march/build/march_data_collector/scripts-2.7/march_data_collector -> /home/katja/march_ws/src/march/install/march_data_collector/bin
[7.485s] changing mode of /home/katja/march_ws/src/march/install/march_data_collector/bin/march_data_collector to 755
[7.515s] -- Installing: /home/katja/march_ws/src/march/install/march_data_collector/lib/pkgconfig/march_data_collector.pc
[7.515s] -- Installing: /home/katja/march_ws/src/march/install/march_data_collector/share/march_data_collector/cmake/march_data_collectorConfig.cmake
[7.516s] -- Installing: /home/katja/march_ws/src/march/install/march_data_collector/share/march_data_collector/cmake/march_data_collectorConfig-version.cmake
[7.516s] -- Installing: /home/katja/march_ws/src/march/install/march_data_collector/share/march_data_collector/package.xml
[7.516s] -- Installing: /home/katja/march_ws/src/march/install/march_data_collector/lib/march_data_collector/march_data_collector
[7.516s] -- Installing: /home/katja/march_ws/src/march/install/march_data_collector/lib/march_data_collector/esp_adapter
[7.517s] -- Installing: /home/katja/march_ws/src/march/install/march_data_collector/share/march_data_collector/launch
[7.517s] -- Installing: /home/katja/march_ws/src/march/install/march_data_collector/share/march_data_collector/launch/esp_adapter.launch
[7.517s] -- Installing: /home/katja/march_ws/src/march/install/march_data_collector/share/march_data_collector/launch/march_data_collector.launch
[7.526s] Invoked command in '/home/katja/march_ws/src/march/build/march_data_collector' returned '0': CMAKE_PREFIX_PATH=/home/katja/march_ws/src/march/install/march_shared_resources:${CMAKE_PREFIX_PATH} PKG_CONFIG_PATH=/home/katja/march_ws/src/march/install/march_shared_resources/lib/x86_64-linux-gnu/pkgconfig:/home/katja/march_ws/src/march/install/march_shared_resources/lib/pkgconfig:${PKG_CONFIG_PATH} PYTHONPATH=/home/katja/march_ws/src/march/install/march_shared_resources/lib/python2.7/dist-packages:${PYTHONPATH} ROS_PACKAGE_PATH=/home/katja/march_ws/src/march/install/march_shared_resources/share:${ROS_PACKAGE_PATH} /usr/bin/cmake --build /home/katja/march_ws/src/march/build/march_data_collector --target install -- -j8 -l8
