Built target tests
[36mInstall the project...[0m
-- Install configuration: ""
+ cd /home/katja/march_ws/src/march/march_gait_selection
+ mkdir -p /home/katja/march_ws/src/march/install/march_gait_selection/lib/python2.7/dist-packages
+ /usr/bin/env PYTHONPATH=/home/katja/march_ws/src/march/install/march_gait_selection/lib/python2.7/dist-packages:/home/katja/march_ws/src/march/build/march_gait_selection/lib/python2.7/dist-packages:/home/katja/march_ws/src/march/install/march_shared_classes/lib/python2.7/dist-packages:/home/katja/march_ws/src/march/install/march_shared_resources/lib/python2.7/dist-packages:/opt/ros/melodic/lib/python2.7/dist-packages CATKIN_BINARY_DIR=/home/katja/march_ws/src/march/build/march_gait_selection /usr/bin/python2 /home/katja/march_ws/src/march/march_gait_selection/setup.py egg_info --egg-base /home/katja/march_ws/src/march/build/march_gait_selection build --build-base /home/katja/march_ws/src/march/build/march_gait_selection install --root=/ --install-layout=deb --prefix=/home/katja/march_ws/src/march/install/march_gait_selection --install-scripts=/home/katja/march_ws/src/march/install/march_gait_selection/bin
running egg_info
writing /home/katja/march_ws/src/march/build/march_gait_selection/march_gait_selection.egg-info/PKG-INFO
writing top-level names to /home/katja/march_ws/src/march/build/march_gait_selection/march_gait_selection.egg-info/top_level.txt
writing dependency_links to /home/katja/march_ws/src/march/build/march_gait_selection/march_gait_selection.egg-info/dependency_links.txt
reading manifest file '/home/katja/march_ws/src/march/build/march_gait_selection/march_gait_selection.egg-info/SOURCES.txt'
writing manifest file '/home/katja/march_ws/src/march/build/march_gait_selection/march_gait_selection.egg-info/SOURCES.txt'
running build
running build_py
copying src/march_gait_selection/gait_selection.py -> /home/katja/march_ws/src/march/build/march_gait_selection/lib.linux-x86_64-2.7/march_gait_selection
running build_scripts
running install
running install_lib
copying /home/katja/march_ws/src/march/build/march_gait_selection/lib.linux-x86_64-2.7/march_gait_selection/gait_selection.py -> /home/katja/march_ws/src/march/install/march_gait_selection/lib/python2.7/dist-packages/march_gait_selection
byte-compiling /home/katja/march_ws/src/march/install/march_gait_selection/lib/python2.7/dist-packages/march_gait_selection/gait_selection.py to gait_selection.pyc
running install_egg_info
removing '/home/katja/march_ws/src/march/install/march_gait_selection/lib/python2.7/dist-packages/march_gait_selection-0.0.0.egg-info' (and everything under it)
Copying /home/katja/march_ws/src/march/build/march_gait_selection/march_gait_selection.egg-info to /home/katja/march_ws/src/march/install/march_gait_selection/lib/python2.7/dist-packages/march_gait_selection-0.0.0.egg-info
Skipping SOURCES.txt
running install_scripts
changing mode of /home/katja/march_ws/src/march/install/march_gait_selection/bin/march_gait_selection_node to 755
-- Up-to-date: /home/katja/march_ws/src/march/install/march_gait_selection/lib/pkgconfig/march_gait_selection.pc
-- Up-to-date: /home/katja/march_ws/src/march/install/march_gait_selection/share/march_gait_selection/cmake/march_gait_selectionConfig.cmake
-- Up-to-date: /home/katja/march_ws/src/march/install/march_gait_selection/share/march_gait_selection/cmake/march_gait_selectionConfig-version.cmake
-- Up-to-date: /home/katja/march_ws/src/march/install/march_gait_selection/share/march_gait_selection/package.xml
-- Up-to-date: /home/katja/march_ws/src/march/install/march_gait_selection/lib/march_gait_selection/march_gait_selection_node
-- Up-to-date: /home/katja/march_ws/src/march/install/march_gait_selection/share/march_gait_selection/launch
-- Up-to-date: /home/katja/march_ws/src/march/install/march_gait_selection/share/march_gait_selection/launch/march_gait_selection.launch
