-- The C compiler identification is GNU 7.5.0
-- The CXX compiler identification is GNU 7.5.0
-- Check for working C compiler: /usr/bin/cc
-- Check for working C compiler: /usr/bin/cc -- works
-- Detecting C compiler ABI info
-- Detecting C compiler ABI info - done
-- Detecting C compile features
-- Detecting C compile features - done
-- Check for working CXX compiler: /usr/bin/c++
-- Check for working CXX compiler: /usr/bin/c++ -- works
-- Detecting CXX compiler ABI info
-- Detecting CXX compiler ABI info - done
-- Detecting CXX compile features
-- Detecting CXX compile features - done
-- Using CATKIN_DEVEL_PREFIX: /home/katja/march_ws/src/march/build/march_shared_resources/devel
-- Using CMAKE_PREFIX_PATH: /opt/ros/melodic
-- This workspace overlays: /opt/ros/melodic
-- Found PythonInterp: /usr/bin/python2 (found suitable version "2.7.17", minimum required is "2") 
-- Using PYTHON_EXECUTABLE: /usr/bin/python2
-- Using Debian Python package layout
-- Using empy: /usr/bin/empy
-- Using CATKIN_ENABLE_TESTING: ON
-- Call enable_testing()
-- Using CATKIN_TEST_RESULTS_DIR: /home/katja/march_ws/src/march/build/march_shared_resources/test_results
-- Found gtest sources under '/usr/src/googletest': gtests will be built
-- Found gmock sources under '/usr/src/googletest': gmock will be built
-- Found PythonInterp: /usr/bin/python2 (found version "2.7.17") 
-- Looking for pthread.h
-- Looking for pthread.h - found
-- Looking for pthread_create
-- Looking for pthread_create - not found
-- Looking for pthread_create in pthreads
-- Looking for pthread_create in pthreads - not found
-- Looking for pthread_create in pthread
-- Looking for pthread_create in pthread - found
-- Found Threads: TRUE  
-- Using Python nosetests: /usr/bin/nosetests-2.7
-- catkin 0.7.28
-- BUILD_SHARED_LIBS is on
-- Using these message generators: gencpp;geneus;genlisp;gennodejs;genpy
-- Generating .msg files for action march_shared_resources/Gait /home/katja/march_ws/src/march/march_shared_resources/action/Gait.action
Generating for action Gait
-- Generating .msg files for action march_shared_resources/GaitName /home/katja/march_ws/src/march/march_shared_resources/action/GaitName.action
Generating for action GaitName
-- march_shared_resources: 25 messages, 4 services
-- Configuring done
-- Generating done
-- Build files have been written to: /home/katja/march_ws/src/march/build/march_shared_resources
[35m[1mScanning dependencies of target _march_shared_resources_generate_messages_check_deps_GaitNameActionFeedback[0m
[35m[1mScanning dependencies of target _march_shared_resources_generate_messages_check_deps_ContainsGait[0m
[35m[1mScanning dependencies of target _march_shared_resources_generate_messages_check_deps_GaitResult[0m
[35m[1mScanning dependencies of target _march_shared_resources_generate_messages_check_deps_SetGaitVersion[0m
[35m[1mScanning dependencies of target _march_shared_resources_generate_messages_check_deps_GaitNameFeedback[0m
[35m[1mScanning dependencies of target _march_shared_resources_generate_messages_check_deps_ImcState[0m
[35m[1mScanning dependencies of target _march_shared_resources_generate_messages_check_deps_GaitFeedback[0m
[35m[1mScanning dependencies of target _march_shared_resources_generate_messages_check_deps_PressureSole[0m
[  0%] Built target _march_shared_resources_generate_messages_check_deps_ImcState
[  0%] Built target _march_shared_resources_generate_messages_check_deps_GaitResult
[  0%] Built target _march_shared_resources_generate_messages_check_deps_ContainsGait
[  0%] Built target _march_shared_resources_generate_messages_check_deps_GaitFeedback
[  0%] Built target _march_shared_resources_generate_messages_check_deps_GaitNameActionFeedback
[  0%] Built target _march_shared_resources_generate_messages_check_deps_GaitNameFeedback
[  0%] Built target _march_shared_resources_generate_messages_check_deps_SetGaitVersion
[35m[1mScanning dependencies of target _march_shared_resources_generate_messages_check_deps_GaitNameAction[0m
[35m[1mScanning dependencies of target _march_shared_resources_generate_messages_check_deps_LowVoltageNet[0m
[35m[1mScanning dependencies of target _march_shared_resources_generate_messages_check_deps_GaitInstruction[0m
[  0%] Built target _march_shared_resources_generate_messages_check_deps_PressureSole
[35m[1mScanning dependencies of target _march_shared_resources_generate_messages_check_deps_GaitNameResult[0m
[35m[1mScanning dependencies of target _march_shared_resources_generate_messages_check_deps_GaitActionResult[0m
[35m[1mScanning dependencies of target _march_shared_resources_generate_messages_check_deps_GaitNameActionGoal[0m
[35m[1mScanning dependencies of target _march_shared_resources_generate_messages_check_deps_Error[0m
[35m[1mScanning dependencies of target std_msgs_generate_messages_lisp[0m
[  0%] Built target std_msgs_generate_messages_lisp
[  0%] Built target _march_shared_resources_generate_messages_check_deps_LowVoltageNet
[35m[1mScanning dependencies of target actionlib_msgs_generate_messages_lisp[0m
[  0%] Built target _march_shared_resources_generate_messages_check_deps_GaitNameAction
[  0%] Built target _march_shared_resources_generate_messages_check_deps_GaitNameResult
[  0%] Built target _march_shared_resources_generate_messages_check_deps_GaitInstruction
[  0%] Built target _march_shared_resources_generate_messages_check_deps_GaitActionResult
[  0%] Built target actionlib_msgs_generate_messages_lisp
[  0%] Built target _march_shared_resources_generate_messages_check_deps_GaitNameActionGoal
[35m[1mScanning dependencies of target _march_shared_resources_generate_messages_check_deps_CurrentState[0m
[35m[1mScanning dependencies of target _march_shared_resources_generate_messages_check_deps_JointValues[0m
[35m[1mScanning dependencies of target _march_shared_resources_generate_messages_check_deps_GaitInstructionResponse[0m
[35m[1mScanning dependencies of target _march_shared_resources_generate_messages_check_deps_PowerDistributionBoardState[0m
[35m[1mScanning dependencies of target control_msgs_generate_messages_lisp[0m
[35m[1mScanning dependencies of target _march_shared_resources_generate_messages_check_deps_HighVoltageNet[0m
[35m[1mScanning dependencies of target _march_shared_resources_generate_messages_check_deps_GaitActionFeedback[0m
[  0%] Built target _march_shared_resources_generate_messages_check_deps_Error
[  0%] Built target control_msgs_generate_messages_lisp
[35m[1mScanning dependencies of target _march_shared_resources_generate_messages_check_deps_GaitNameGoal[0m
[  0%] Built target _march_shared_resources_generate_messages_check_deps_CurrentState
[  0%] Built target _march_shared_resources_generate_messages_check_deps_JointValues
[  0%] Built target _march_shared_resources_generate_messages_check_deps_GaitInstructionResponse
[35m[1mScanning dependencies of target _march_shared_resources_generate_messages_check_deps_GaitActionGoal[0m
[35m[1mScanning dependencies of target _march_shared_resources_generate_messages_check_deps_AfterLimitJointCommand[0m
[  0%] Built target _march_shared_resources_generate_messages_check_deps_PowerDistributionBoardState
[  0%] Built target _march_shared_resources_generate_messages_check_deps_HighVoltageNet
[35m[1mScanning dependencies of target _march_shared_resources_generate_messages_check_deps_GaitAction[0m
[35m[1mScanning dependencies of target _march_shared_resources_generate_messages_check_deps_PossibleGaits[0m
[  0%] Built target _march_shared_resources_generate_messages_check_deps_GaitActionFeedback
[35m[1mScanning dependencies of target _march_shared_resources_generate_messages_check_deps_GaitNameActionResult[0m
[  0%] Built target _march_shared_resources_generate_messages_check_deps_GaitNameGoal
[35m[1mScanning dependencies of target _march_shared_resources_generate_messages_check_deps_Alive[0m
[35m[1mScanning dependencies of target _march_shared_resources_generate_messages_check_deps_GaitGoal[0m
[35m[1mScanning dependencies of target trajectory_msgs_generate_messages_lisp[0m
[  0%] Built target _march_shared_resources_generate_messages_check_deps_GaitActionGoal
[  0%] Built target _march_shared_resources_generate_messages_check_deps_GaitAction
[  0%] Built target _march_shared_resources_generate_messages_check_deps_AfterLimitJointCommand
[  0%] Built target trajectory_msgs_generate_messages_lisp
[  0%] Built target _march_shared_resources_generate_messages_check_deps_GaitNameActionResult
[35m[1mScanning dependencies of target std_msgs_generate_messages_cpp[0m
[  0%] Built target _march_shared_resources_generate_messages_check_deps_PossibleGaits
[35m[1mScanning dependencies of target control_msgs_generate_messages_cpp[0m
[35m[1mScanning dependencies of target trajectory_msgs_generate_messages_cpp[0m
[35m[1mScanning dependencies of target actionlib_msgs_generate_messages_cpp[0m
[  0%] Built target std_msgs_generate_messages_cpp
[35m[1mScanning dependencies of target std_msgs_generate_messages_nodejs[0m
[  0%] Built target _march_shared_resources_generate_messages_check_deps_Alive
[35m[1mScanning dependencies of target actionlib_msgs_generate_messages_nodejs[0m
[  0%] Built target actionlib_msgs_generate_messages_cpp
[  0%] Built target _march_shared_resources_generate_messages_check_deps_GaitGoal
[  0%] Built target trajectory_msgs_generate_messages_cpp
[  0%] Built target control_msgs_generate_messages_cpp
[35m[1mScanning dependencies of target trajectory_msgs_generate_messages_nodejs[0m
[  0%] Built target std_msgs_generate_messages_nodejs
[35m[1mScanning dependencies of target std_msgs_generate_messages_eus[0m
[35m[1mScanning dependencies of target control_msgs_generate_messages_nodejs[0m
[  0%] Built target actionlib_msgs_generate_messages_nodejs
[35m[1mScanning dependencies of target trajectory_msgs_generate_messages_eus[0m
[  0%] Built target trajectory_msgs_generate_messages_nodejs
[35m[1mScanning dependencies of target control_msgs_generate_messages_eus[0m
[35m[1mScanning dependencies of target actionlib_msgs_generate_messages_eus[0m
[  0%] Built target std_msgs_generate_messages_eus
[35m[1mScanning dependencies of target control_msgs_generate_messages_py[0m
[  0%] Built target control_msgs_generate_messages_nodejs
[  0%] Built target trajectory_msgs_generate_messages_eus
[35m[1mScanning dependencies of target actionlib_msgs_generate_messages_py[0m
[35m[1mScanning dependencies of target trajectory_msgs_generate_messages_py[0m
[  0%] Built target actionlib_msgs_generate_messages_eus
[  0%] Built target control_msgs_generate_messages_eus
[35m[1mScanning dependencies of target std_msgs_generate_messages_py[0m
[  0%] Built target control_msgs_generate_messages_py
[  0%] Built target actionlib_msgs_generate_messages_py
[35m[1mScanning dependencies of target march_shared_resources_generate_messages_lisp[0m
[35m[1mScanning dependencies of target march_shared_resources_generate_messages_cpp[0m
[  0%] Built target trajectory_msgs_generate_messages_py
[35m[1mScanning dependencies of target march_shared_resources_generate_messages_nodejs[0m
[35m[1mScanning dependencies of target march_shared_resources_generate_messages_eus[0m
[  0%] Built target std_msgs_generate_messages_py
[  0%] [34m[1mGenerating Lisp code from march_shared_resources/GaitNameFeedback.msg[0m
[  1%] [34m[1mGenerating C++ code from march_shared_resources/GaitNameFeedback.msg[0m
[  2%] [34m[1mGenerating Lisp code from march_shared_resources/GaitAction.msg[0m
[  2%] [34m[1mGenerating Lisp code from march_shared_resources/GaitActionFeedback.msg[0m
[  3%] [34m[1mGenerating Javascript code from march_shared_resources/GaitNameFeedback.msg[0m
[  3%] [34m[1mGenerating C++ code from march_shared_resources/GaitAction.msg[0m
[  3%] [34m[1mGenerating C++ code from march_shared_resources/GaitActionFeedback.msg[0m
[  3%] [34m[1mGenerating EusLisp code from march_shared_resources/GaitNameFeedback.msg[0m
[  4%] [34m[1mGenerating EusLisp code from march_shared_resources/GaitAction.msg[0m
[  5%] [34m[1mGenerating EusLisp code from march_shared_resources/GaitActionFeedback.msg[0m
[  6%] [34m[1mGenerating Javascript code from march_shared_resources/GaitAction.msg[0m
[  7%] [34m[1mGenerating Lisp code from march_shared_resources/JointValues.msg[0m
[  8%] [34m[1mGenerating Javascript code from march_shared_resources/GaitActionFeedback.msg[0m
[  9%] [34m[1mGenerating Lisp code from march_shared_resources/AfterLimitJointCommand.msg[0m
[  9%] [34m[1mGenerating Lisp code from march_shared_resources/GaitFeedback.msg[0m
[  9%] [34m[1mGenerating EusLisp code from march_shared_resources/JointValues.msg[0m
[ 10%] [34m[1mGenerating EusLisp code from march_shared_resources/AfterLimitJointCommand.msg[0m
[ 11%] [34m[1mGenerating C++ code from march_shared_resources/JointValues.msg[0m
[ 12%] [34m[1mGenerating C++ code from march_shared_resources/AfterLimitJointCommand.msg[0m
[ 13%] [34m[1mGenerating Javascript code from march_shared_resources/AfterLimitJointCommand.msg[0m
[ 13%] [34m[1mGenerating Javascript code from march_shared_resources/JointValues.msg[0m
[ 13%] [34m[1mGenerating C++ code from march_shared_resources/GaitFeedback.msg[0m
[ 14%] [34m[1mGenerating Lisp code from march_shared_resources/Alive.msg[0m
[ 15%] [34m[1mGenerating C++ code from march_shared_resources/Alive.msg[0m
[ 15%] [34m[1mGenerating C++ code from march_shared_resources/GaitNameActionGoal.msg[0m
[ 15%] [34m[1mGenerating EusLisp code from march_shared_resources/GaitFeedback.msg[0m
[ 17%] [34m[1mGenerating Javascript code from march_shared_resources/GaitFeedback.msg[0m
[ 18%] [34m[1mGenerating Lisp code from march_shared_resources/GaitNameActionGoal.msg[0m
[ 18%] [34m[1mGenerating Javascript code from march_shared_resources/Alive.msg[0m
[ 18%] [34m[1mGenerating Lisp code from march_shared_resources/PowerDistributionBoardState.msg[0m
[ 19%] [34m[1mGenerating EusLisp code from march_shared_resources/Alive.msg[0m
[ 20%] [34m[1mGenerating Javascript code from march_shared_resources/GaitNameActionGoal.msg[0m
[ 21%] [34m[1mGenerating C++ code from march_shared_resources/PowerDistributionBoardState.msg[0m
[ 22%] [34m[1mGenerating C++ code from march_shared_resources/GaitNameAction.msg[0m
[ 22%] [34m[1mGenerating Lisp code from march_shared_resources/GaitInstruction.msg[0m
[ 23%] [34m[1mGenerating Lisp code from march_shared_resources/GaitNameAction.msg[0m
[ 23%] [34m[1mGenerating Javascript code from march_shared_resources/PowerDistributionBoardState.msg[0m
[ 23%] [34m[1mGenerating C++ code from march_shared_resources/GaitInstruction.msg[0m
[ 24%] [34m[1mGenerating C++ code from march_shared_resources/LowVoltageNet.msg[0m
[ 25%] [34m[1mGenerating EusLisp code from march_shared_resources/GaitNameActionGoal.msg[0m
[ 25%] [34m[1mGenerating EusLisp code from march_shared_resources/PowerDistributionBoardState.msg[0m
[ 26%] [34m[1mGenerating Lisp code from march_shared_resources/LowVoltageNet.msg[0m
[ 27%] [34m[1mGenerating Javascript code from march_shared_resources/GaitNameAction.msg[0m
[ 28%] [34m[1mGenerating EusLisp code from march_shared_resources/GaitNameAction.msg[0m
[ 29%] [34m[1mGenerating Lisp code from march_shared_resources/GaitNameResult.msg[0m
[ 30%] [34m[1mGenerating Javascript code from march_shared_resources/GaitInstruction.msg[0m
[35m[1mScanning dependencies of target march_shared_resources_generate_messages_py[0m
[ 30%] [34m[1mGenerating Javascript code from march_shared_resources/LowVoltageNet.msg[0m
[ 31%] [34m[1mGenerating C++ code from march_shared_resources/GaitNameResult.msg[0m
[ 32%] [34m[1mGenerating Python from MSG march_shared_resources/GaitNameFeedback[0m
[ 34%] [34m[1mGenerating Javascript code from march_shared_resources/GaitNameResult.msg[0m
[ 34%] [34m[1mGenerating Lisp code from march_shared_resources/GaitActionResult.msg[0m
[ 35%] [34m[1mGenerating Javascript code from march_shared_resources/GaitActionResult.msg[0m
[ 35%] [34m[1mGenerating Python from MSG march_shared_resources/GaitAction[0m
[ 36%] [34m[1mGenerating EusLisp code from march_shared_resources/GaitInstruction.msg[0m
[ 37%] [34m[1mGenerating Lisp code from march_shared_resources/GaitNameActionFeedback.msg[0m
[ 38%] [34m[1mGenerating Python from MSG march_shared_resources/GaitActionFeedback[0m
[ 38%] [34m[1mGenerating EusLisp code from march_shared_resources/LowVoltageNet.msg[0m
[ 38%] [34m[1mGenerating Javascript code from march_shared_resources/GaitNameActionFeedback.msg[0m
[ 39%] [34m[1mGenerating Python from MSG march_shared_resources/JointValues[0m
[ 40%] [34m[1mGenerating Lisp code from march_shared_resources/PressureSole.msg[0m
[ 40%] [34m[1mGenerating C++ code from march_shared_resources/GaitActionResult.msg[0m
[ 40%] [34m[1mGenerating Python from MSG march_shared_resources/AfterLimitJointCommand[0m
[ 41%] [34m[1mGenerating Javascript code from march_shared_resources/PressureSole.msg[0m
[ 42%] [34m[1mGenerating C++ code from march_shared_resources/GaitNameActionFeedback.msg[0m
[ 43%] [34m[1mGenerating EusLisp code from march_shared_resources/GaitNameResult.msg[0m
[ 44%] [34m[1mGenerating Python from MSG march_shared_resources/GaitFeedback[0m
[ 44%] [34m[1mGenerating Lisp code from march_shared_resources/GaitNameActionResult.msg[0m
[ 44%] [34m[1mGenerating Javascript code from march_shared_resources/GaitNameActionResult.msg[0m
[ 44%] [34m[1mGenerating EusLisp code from march_shared_resources/GaitActionResult.msg[0m
[ 45%] [34m[1mGenerating Javascript code from march_shared_resources/GaitGoal.msg[0m
[ 46%] [34m[1mGenerating Lisp code from march_shared_resources/GaitGoal.msg[0m
[ 47%] [34m[1mGenerating Javascript code from march_shared_resources/GaitResult.msg[0m
[ 47%] [34m[1mGenerating Lisp code from march_shared_resources/GaitResult.msg[0m
[ 47%] [34m[1mGenerating Python from MSG march_shared_resources/Alive[0m
[ 48%] [34m[1mGenerating Python from MSG march_shared_resources/GaitNameActionGoal[0m
[ 50%] [34m[1mGenerating EusLisp code from march_shared_resources/GaitNameActionFeedback.msg[0m
[ 50%] [34m[1mGenerating C++ code from march_shared_resources/PressureSole.msg[0m
[ 50%] [34m[1mGenerating Javascript code from march_shared_resources/GaitInstructionResponse.msg[0m
[ 51%] [34m[1mGenerating C++ code from march_shared_resources/GaitGoal.msg[0m
[ 52%] [34m[1mGenerating C++ code from march_shared_resources/GaitNameActionResult.msg[0m
[ 53%] [34m[1mGenerating Lisp code from march_shared_resources/GaitInstructionResponse.msg[0m
[ 54%] [34m[1mGenerating Javascript code from march_shared_resources/Error.msg[0m
[ 55%] [34m[1mGenerating Lisp code from march_shared_resources/Error.msg[0m
[ 56%] [34m[1mGenerating EusLisp code from march_shared_resources/PressureSole.msg[0m
[ 56%] [34m[1mGenerating EusLisp code from march_shared_resources/GaitNameActionResult.msg[0m
[ 57%] [34m[1mGenerating Python from MSG march_shared_resources/PowerDistributionBoardState[0m
[ 58%] [34m[1mGenerating Javascript code from march_shared_resources/ImcState.msg[0m
[ 58%] [34m[1mGenerating Lisp code from march_shared_resources/ImcState.msg[0m
[ 59%] [34m[1mGenerating Lisp code from march_shared_resources/GaitActionGoal.msg[0m
[ 59%] [34m[1mGenerating Javascript code from march_shared_resources/GaitActionGoal.msg[0m
[ 59%] [34m[1mGenerating C++ code from march_shared_resources/GaitResult.msg[0m
[ 60%] [34m[1mGenerating Lisp code from march_shared_resources/GaitNameGoal.msg[0m
[ 61%] [34m[1mGenerating Javascript code from march_shared_resources/GaitNameGoal.msg[0m
[ 62%] [34m[1mGenerating EusLisp code from march_shared_resources/GaitGoal.msg[0m
[ 63%] [34m[1mGenerating C++ code from march_shared_resources/GaitInstructionResponse.msg[0m
[ 64%] [34m[1mGenerating C++ code from march_shared_resources/Error.msg[0m
[ 65%] [34m[1mGenerating Python from MSG march_shared_resources/GaitInstruction[0m
[ 65%] [34m[1mGenerating Lisp code from march_shared_resources/HighVoltageNet.msg[0m
[ 65%] [34m[1mGenerating Python from MSG march_shared_resources/GaitNameAction[0m
[ 65%] [34m[1mGenerating Javascript code from march_shared_resources/HighVoltageNet.msg[0m
[ 67%] [34m[1mGenerating EusLisp code from march_shared_resources/GaitResult.msg[0m
[ 68%] [34m[1mGenerating Lisp code from march_shared_resources/PossibleGaits.srv[0m
[ 70%] [34m[1mGenerating Lisp code from march_shared_resources/ContainsGait.srv[0m
[ 69%] [34m[1mGenerating Javascript code from march_shared_resources/PossibleGaits.srv[0m
[ 71%] [34m[1mGenerating Python from MSG march_shared_resources/LowVoltageNet[0m
[ 71%] [34m[1mGenerating EusLisp code from march_shared_resources/GaitInstructionResponse.msg[0m
[ 71%] [34m[1mGenerating Python from MSG march_shared_resources/GaitNameResult[0m
[ 72%] [34m[1mGenerating Lisp code from march_shared_resources/CurrentState.srv[0m
[ 72%] [34m[1mGenerating Python from MSG march_shared_resources/GaitActionResult[0m
[ 73%] [34m[1mGenerating EusLisp code from march_shared_resources/Error.msg[0m
[ 74%] [34m[1mGenerating Javascript code from march_shared_resources/ContainsGait.srv[0m
[ 74%] [34m[1mGenerating C++ code from march_shared_resources/ImcState.msg[0m
[ 75%] [34m[1mGenerating C++ code from march_shared_resources/GaitActionGoal.msg[0m
[ 76%] [34m[1mGenerating Lisp code from march_shared_resources/SetGaitVersion.srv[0m
[ 76%] [34m[1mGenerating Javascript code from march_shared_resources/CurrentState.srv[0m
[ 76%] [34m[1mGenerating EusLisp code from march_shared_resources/ImcState.msg[0m
[ 77%] [34m[1mGenerating C++ code from march_shared_resources/GaitNameGoal.msg[0m
[ 78%] [34m[1mGenerating EusLisp code from march_shared_resources/GaitActionGoal.msg[0m
[ 78%] Built target march_shared_resources_generate_messages_lisp
[ 79%] [34m[1mGenerating EusLisp code from march_shared_resources/GaitNameGoal.msg[0m
[ 80%] [34m[1mGenerating Javascript code from march_shared_resources/SetGaitVersion.srv[0m
[ 80%] [34m[1mGenerating Python from MSG march_shared_resources/GaitNameActionFeedback[0m
[ 81%] [34m[1mGenerating Python from MSG march_shared_resources/PressureSole[0m
[ 81%] Built target march_shared_resources_generate_messages_nodejs
[ 82%] [34m[1mGenerating Python from MSG march_shared_resources/GaitNameActionResult[0m
[ 82%] [34m[1mGenerating Python from MSG march_shared_resources/GaitGoal[0m
[ 84%] [34m[1mGenerating Python from MSG march_shared_resources/GaitResult[0m
[ 84%] [34m[1mGenerating EusLisp code from march_shared_resources/HighVoltageNet.msg[0m
[ 84%] [34m[1mGenerating C++ code from march_shared_resources/HighVoltageNet.msg[0m
[ 85%] [34m[1mGenerating EusLisp code from march_shared_resources/PossibleGaits.srv[0m
[ 86%] [34m[1mGenerating Python from MSG march_shared_resources/GaitInstructionResponse[0m
[ 87%] [34m[1mGenerating EusLisp code from march_shared_resources/ContainsGait.srv[0m
[ 87%] [34m[1mGenerating Python from MSG march_shared_resources/Error[0m
[ 87%] [34m[1mGenerating EusLisp code from march_shared_resources/CurrentState.srv[0m
[ 88%] [34m[1mGenerating Python from MSG march_shared_resources/ImcState[0m
[ 89%] [34m[1mGenerating EusLisp code from march_shared_resources/SetGaitVersion.srv[0m
[ 89%] [34m[1mGenerating Python from MSG march_shared_resources/GaitActionGoal[0m
[ 90%] [34m[1mGenerating Python from MSG march_shared_resources/HighVoltageNet[0m
[ 91%] [34m[1mGenerating Python from MSG march_shared_resources/GaitNameGoal[0m
[ 92%] [34m[1mGenerating C++ code from march_shared_resources/PossibleGaits.srv[0m
[ 93%] [34m[1mGenerating EusLisp manifest code for march_shared_resources[0m
[ 93%] [34m[1mGenerating C++ code from march_shared_resources/ContainsGait.srv[0m
[ 94%] [34m[1mGenerating C++ code from march_shared_resources/CurrentState.srv[0m
[ 95%] [34m[1mGenerating C++ code from march_shared_resources/SetGaitVersion.srv[0m
[ 95%] [34m[1mGenerating Python code from SRV march_shared_resources/PossibleGaits[0m
[ 96%] [34m[1mGenerating Python code from SRV march_shared_resources/ContainsGait[0m
[ 97%] [34m[1mGenerating Python code from SRV march_shared_resources/CurrentState[0m
[ 97%] [34m[1mGenerating Python code from SRV march_shared_resources/SetGaitVersion[0m
[ 98%] [34m[1mGenerating Python msg __init__.py for march_shared_resources[0m
[100%] [34m[1mGenerating Python srv __init__.py for march_shared_resources[0m
[100%] Built target march_shared_resources_generate_messages_cpp
[100%] Built target march_shared_resources_generate_messages_py
[100%] Built target march_shared_resources_generate_messages_eus
[35m[1mScanning dependencies of target march_shared_resources_generate_messages[0m
[100%] Built target march_shared_resources_generate_messages
[35m[1mScanning dependencies of target tests[0m
Built target tests
[  0%] Built target _march_shared_resources_generate_messages_check_deps_ImcState
[  0%] Built target _march_shared_resources_generate_messages_check_deps_GaitNameFeedback
[  0%] Built target _march_shared_resources_generate_messages_check_deps_GaitNameActionFeedback
[  0%] Built target _march_shared_resources_generate_messages_check_deps_ContainsGait
[  0%] Built target _march_shared_resources_generate_messages_check_deps_SetGaitVersion
[  0%] Built target _march_shared_resources_generate_messages_check_deps_GaitResult
[  0%] Built target _march_shared_resources_generate_messages_check_deps_GaitFeedback
[  0%] Built target _march_shared_resources_generate_messages_check_deps_PressureSole
[  0%] Built target _march_shared_resources_generate_messages_check_deps_LowVoltageNet
[  0%] Built target std_msgs_generate_messages_lisp
[  0%] Built target _march_shared_resources_generate_messages_check_deps_GaitNameResult
[  0%] Built target _march_shared_resources_generate_messages_check_deps_GaitNameAction
[  0%] Built target _march_shared_resources_generate_messages_check_deps_GaitActionResult
[  0%] Built target _march_shared_resources_generate_messages_check_deps_GaitInstruction
[  0%] Built target _march_shared_resources_generate_messages_check_deps_GaitNameActionGoal
[  0%] Built target _march_shared_resources_generate_messages_check_deps_Error
[  0%] Built target actionlib_msgs_generate_messages_lisp
[  0%] Built target control_msgs_generate_messages_lisp
[  0%] Built target _march_shared_resources_generate_messages_check_deps_CurrentState
[  0%] Built target _march_shared_resources_generate_messages_check_deps_JointValues
[  0%] Built target _march_shared_resources_generate_messages_check_deps_PowerDistributionBoardState
[  0%] Built target _march_shared_resources_generate_messages_check_deps_GaitActionFeedback
[  0%] Built target _march_shared_resources_generate_messages_check_deps_GaitInstructionResponse
[  0%] Built target _march_shared_resources_generate_messages_check_deps_HighVoltageNet
[  0%] Built target _march_shared_resources_generate_messages_check_deps_GaitNameGoal
[  0%] Built target _march_shared_resources_generate_messages_check_deps_GaitActionGoal
[  0%] Built target _march_shared_resources_generate_messages_check_deps_AfterLimitJointCommand
[  0%] Built target _march_shared_resources_generate_messages_check_deps_PossibleGaits
[  0%] Built target _march_shared_resources_generate_messages_check_deps_GaitAction
[  0%] Built target _march_shared_resources_generate_messages_check_deps_GaitNameActionResult
[  0%] Built target _march_shared_resources_generate_messages_check_deps_Alive
[  0%] Built target trajectory_msgs_generate_messages_lisp
[  0%] Built target actionlib_msgs_generate_messages_cpp
[  0%] Built target _march_shared_resources_generate_messages_check_deps_GaitGoal
[  0%] Built target std_msgs_generate_messages_cpp
[  0%] Built target control_msgs_generate_messages_cpp
[  0%] Built target trajectory_msgs_generate_messages_cpp
[  0%] Built target actionlib_msgs_generate_messages_nodejs
[  0%] Built target std_msgs_generate_messages_nodejs
[  0%] Built target trajectory_msgs_generate_messages_nodejs
[  0%] Built target control_msgs_generate_messages_nodejs
[  0%] Built target std_msgs_generate_messages_eus
[  0%] Built target actionlib_msgs_generate_messages_eus
[  0%] Built target control_msgs_generate_messages_eus
[  0%] Built target trajectory_msgs_generate_messages_eus
[  0%] Built target trajectory_msgs_generate_messages_py
[  0%] Built target control_msgs_generate_messages_py
[  0%] Built target actionlib_msgs_generate_messages_py
[  0%] Built target std_msgs_generate_messages_py
[ 19%] Built target march_shared_resources_generate_messages_lisp
[ 39%] Built target march_shared_resources_generate_messages_cpp
[ 58%] Built target march_shared_resources_generate_messages_nodejs
[ 78%] Built target march_shared_resources_generate_messages_eus
[100%] Built target march_shared_resources_generate_messages_py
[100%] Built target march_shared_resources_generate_messages
[36mInstall the project...[0m
-- Install configuration: ""
-- Installing: /home/katja/march_ws/src/march/install/march_shared_resources/share/march_shared_resources/msg/AfterLimitJointCommand.msg
-- Installing: /home/katja/march_ws/src/march/install/march_shared_resources/share/march_shared_resources/msg/Alive.msg
-- Installing: /home/katja/march_ws/src/march/install/march_shared_resources/share/march_shared_resources/msg/Error.msg
-- Installing: /home/katja/march_ws/src/march/install/march_shared_resources/share/march_shared_resources/msg/GaitInstruction.msg
-- Installing: /home/katja/march_ws/src/march/install/march_shared_resources/share/march_shared_resources/msg/GaitInstructionResponse.msg
-- Installing: /home/katja/march_ws/src/march/install/march_shared_resources/share/march_shared_resources/msg/HighVoltageNet.msg
-- Installing: /home/katja/march_ws/src/march/install/march_shared_resources/share/march_shared_resources/msg/ImcState.msg
-- Installing: /home/katja/march_ws/src/march/install/march_shared_resources/share/march_shared_resources/msg/JointValues.msg
-- Installing: /home/katja/march_ws/src/march/install/march_shared_resources/share/march_shared_resources/msg/LowVoltageNet.msg
-- Installing: /home/katja/march_ws/src/march/install/march_shared_resources/share/march_shared_resources/msg/PowerDistributionBoardState.msg
-- Installing: /home/katja/march_ws/src/march/install/march_shared_resources/share/march_shared_resources/msg/PressureSole.msg
-- Installing: /home/katja/march_ws/src/march/install/march_shared_resources/share/march_shared_resources/srv/ContainsGait.srv
-- Installing: /home/katja/march_ws/src/march/install/march_shared_resources/share/march_shared_resources/srv/CurrentState.srv
-- Installing: /home/katja/march_ws/src/march/install/march_shared_resources/share/march_shared_resources/srv/PossibleGaits.srv
-- Installing: /home/katja/march_ws/src/march/install/march_shared_resources/share/march_shared_resources/srv/SetGaitVersion.srv
-- Installing: /home/katja/march_ws/src/march/install/march_shared_resources/share/march_shared_resources/action/Gait.action
-- Installing: /home/katja/march_ws/src/march/install/march_shared_resources/share/march_shared_resources/action/GaitName.action
-- Installing: /home/katja/march_ws/src/march/install/march_shared_resources/share/march_shared_resources/msg/GaitAction.msg
-- Installing: /home/katja/march_ws/src/march/install/march_shared_resources/share/march_shared_resources/msg/GaitActionGoal.msg
-- Installing: /home/katja/march_ws/src/march/install/march_shared_resources/share/march_shared_resources/msg/GaitActionResult.msg
-- Installing: /home/katja/march_ws/src/march/install/march_shared_resources/share/march_shared_resources/msg/GaitActionFeedback.msg
-- Installing: /home/katja/march_ws/src/march/install/march_shared_resources/share/march_shared_resources/msg/GaitGoal.msg
-- Installing: /home/katja/march_ws/src/march/install/march_shared_resources/share/march_shared_resources/msg/GaitResult.msg
-- Installing: /home/katja/march_ws/src/march/install/march_shared_resources/share/march_shared_resources/msg/GaitFeedback.msg
-- Installing: /home/katja/march_ws/src/march/install/march_shared_resources/share/march_shared_resources/msg/GaitNameAction.msg
-- Installing: /home/katja/march_ws/src/march/install/march_shared_resources/share/march_shared_resources/msg/GaitNameActionGoal.msg
-- Installing: /home/katja/march_ws/src/march/install/march_shared_resources/share/march_shared_resources/msg/GaitNameActionResult.msg
-- Installing: /home/katja/march_ws/src/march/install/march_shared_resources/share/march_shared_resources/msg/GaitNameActionFeedback.msg
-- Installing: /home/katja/march_ws/src/march/install/march_shared_resources/share/march_shared_resources/msg/GaitNameGoal.msg
-- Installing: /home/katja/march_ws/src/march/install/march_shared_resources/share/march_shared_resources/msg/GaitNameResult.msg
-- Installing: /home/katja/march_ws/src/march/install/march_shared_resources/share/march_shared_resources/msg/GaitNameFeedback.msg
-- Installing: /home/katja/march_ws/src/march/install/march_shared_resources/share/march_shared_resources/cmake/march_shared_resources-msg-paths.cmake
-- Installing: /home/katja/march_ws/src/march/install/march_shared_resources/include/march_shared_resources
-- Installing: /home/katja/march_ws/src/march/install/march_shared_resources/include/march_shared_resources/PossibleGaits.h
-- Installing: /home/katja/march_ws/src/march/install/march_shared_resources/include/march_shared_resources/JointValues.h
-- Installing: /home/katja/march_ws/src/march/install/march_shared_resources/include/march_shared_resources/CurrentStateResponse.h
-- Installing: /home/katja/march_ws/src/march/install/march_shared_resources/include/march_shared_resources/GaitNameGoal.h
-- Installing: /home/katja/march_ws/src/march/install/march_shared_resources/include/march_shared_resources/HighVoltageNet.h
-- Installing: /home/katja/march_ws/src/march/install/march_shared_resources/include/march_shared_resources/GaitNameActionGoal.h
-- Installing: /home/katja/march_ws/src/march/install/march_shared_resources/include/march_shared_resources/ContainsGaitResponse.h
-- Installing: /home/katja/march_ws/src/march/install/march_shared_resources/include/march_shared_resources/LowVoltageNet.h
-- Installing: /home/katja/march_ws/src/march/install/march_shared_resources/include/march_shared_resources/GaitActionGoal.h
-- Installing: /home/katja/march_ws/src/march/install/march_shared_resources/include/march_shared_resources/ContainsGait.h
-- Installing: /home/katja/march_ws/src/march/install/march_shared_resources/include/march_shared_resources/GaitNameActionFeedback.h
-- Installing: /home/katja/march_ws/src/march/install/march_shared_resources/include/march_shared_resources/Error.h
-- Installing: /home/katja/march_ws/src/march/install/march_shared_resources/include/march_shared_resources/GaitInstructionResponse.h
-- Installing: /home/katja/march_ws/src/march/install/march_shared_resources/include/march_shared_resources/SetGaitVersion.h
-- Installing: /home/katja/march_ws/src/march/install/march_shared_resources/include/march_shared_resources/GaitGoal.h
-- Installing: /home/katja/march_ws/src/march/install/march_shared_resources/include/march_shared_resources/PossibleGaitsRequest.h
-- Installing: /home/katja/march_ws/src/march/install/march_shared_resources/include/march_shared_resources/GaitInstruction.h
-- Installing: /home/katja/march_ws/src/march/install/march_shared_resources/include/march_shared_resources/PressureSole.h
-- Installing: /home/katja/march_ws/src/march/install/march_shared_resources/include/march_shared_resources/AfterLimitJointCommand.h
-- Installing: /home/katja/march_ws/src/march/install/march_shared_resources/include/march_shared_resources/CurrentStateRequest.h
-- Installing: /home/katja/march_ws/src/march/install/march_shared_resources/include/march_shared_resources/SetGaitVersionRequest.h
-- Installing: /home/katja/march_ws/src/march/install/march_shared_resources/include/march_shared_resources/PossibleGaitsResponse.h
-- Installing: /home/katja/march_ws/src/march/install/march_shared_resources/include/march_shared_resources/Alive.h
-- Installing: /home/katja/march_ws/src/march/install/march_shared_resources/include/march_shared_resources/ContainsGaitRequest.h
-- Installing: /home/katja/march_ws/src/march/install/march_shared_resources/include/march_shared_resources/GaitActionResult.h
-- Installing: /home/katja/march_ws/src/march/install/march_shared_resources/include/march_shared_resources/GaitAction.h
-- Installing: /home/katja/march_ws/src/march/install/march_shared_resources/include/march_shared_resources/GaitFeedback.h
-- Installing: /home/katja/march_ws/src/march/install/march_shared_resources/include/march_shared_resources/GaitNameAction.h
-- Installing: /home/katja/march_ws/src/march/install/march_shared_resources/include/march_shared_resources/GaitActionFeedback.h
-- Installing: /home/katja/march_ws/src/march/install/march_shared_resources/include/march_shared_resources/CurrentState.h
-- Installing: /home/katja/march_ws/src/march/install/march_shared_resources/include/march_shared_resources/GaitResult.h
-- Installing: /home/katja/march_ws/src/march/install/march_shared_resources/include/march_shared_resources/SetGaitVersionResponse.h
-- Installing: /home/katja/march_ws/src/march/install/march_shared_resources/include/march_shared_resources/ImcState.h
-- Installing: /home/katja/march_ws/src/march/install/march_shared_resources/include/march_shared_resources/GaitNameFeedback.h
-- Installing: /home/katja/march_ws/src/march/install/march_shared_resources/include/march_shared_resources/GaitNameResult.h
-- Installing: /home/katja/march_ws/src/march/install/march_shared_resources/include/march_shared_resources/GaitNameActionResult.h
-- Installing: /home/katja/march_ws/src/march/install/march_shared_resources/include/march_shared_resources/PowerDistributionBoardState.h
-- Installing: /home/katja/march_ws/src/march/install/march_shared_resources/share/roseus/ros/march_shared_resources
-- Installing: /home/katja/march_ws/src/march/install/march_shared_resources/share/roseus/ros/march_shared_resources/manifest.l
-- Installing: /home/katja/march_ws/src/march/install/march_shared_resources/share/roseus/ros/march_shared_resources/srv
-- Installing: /home/katja/march_ws/src/march/install/march_shared_resources/share/roseus/ros/march_shared_resources/srv/SetGaitVersion.l
-- Installing: /home/katja/march_ws/src/march/install/march_shared_resources/share/roseus/ros/march_shared_resources/srv/ContainsGait.l
-- Installing: /home/katja/march_ws/src/march/install/march_shared_resources/share/roseus/ros/march_shared_resources/srv/CurrentState.l
-- Installing: /home/katja/march_ws/src/march/install/march_shared_resources/share/roseus/ros/march_shared_resources/srv/PossibleGaits.l
-- Installing: /home/katja/march_ws/src/march/install/march_shared_resources/share/roseus/ros/march_shared_resources/msg
-- Installing: /home/katja/march_ws/src/march/install/march_shared_resources/share/roseus/ros/march_shared_resources/msg/GaitNameGoal.l
-- Installing: /home/katja/march_ws/src/march/install/march_shared_resources/share/roseus/ros/march_shared_resources/msg/GaitNameResult.l
-- Installing: /home/katja/march_ws/src/march/install/march_shared_resources/share/roseus/ros/march_shared_resources/msg/GaitResult.l
-- Installing: /home/katja/march_ws/src/march/install/march_shared_resources/share/roseus/ros/march_shared_resources/msg/ImcState.l
-- Installing: /home/katja/march_ws/src/march/install/march_shared_resources/share/roseus/ros/march_shared_resources/msg/Error.l
-- Installing: /home/katja/march_ws/src/march/install/march_shared_resources/share/roseus/ros/march_shared_resources/msg/GaitNameActionFeedback.l
-- Installing: /home/katja/march_ws/src/march/install/march_shared_resources/share/roseus/ros/march_shared_resources/msg/AfterLimitJointCommand.l
-- Installing: /home/katja/march_ws/src/march/install/march_shared_resources/share/roseus/ros/march_shared_resources/msg/JointValues.l
-- Installing: /home/katja/march_ws/src/march/install/march_shared_resources/share/roseus/ros/march_shared_resources/msg/PressureSole.l
-- Installing: /home/katja/march_ws/src/march/install/march_shared_resources/share/roseus/ros/march_shared_resources/msg/HighVoltageNet.l
-- Installing: /home/katja/march_ws/src/march/install/march_shared_resources/share/roseus/ros/march_shared_resources/msg/PowerDistributionBoardState.l
-- Installing: /home/katja/march_ws/src/march/install/march_shared_resources/share/roseus/ros/march_shared_resources/msg/GaitActionGoal.l
-- Installing: /home/katja/march_ws/src/march/install/march_shared_resources/share/roseus/ros/march_shared_resources/msg/GaitAction.l
-- Installing: /home/katja/march_ws/src/march/install/march_shared_resources/share/roseus/ros/march_shared_resources/msg/GaitNameActionGoal.l
-- Installing: /home/katja/march_ws/src/march/install/march_shared_resources/share/roseus/ros/march_shared_resources/msg/Alive.l
-- Installing: /home/katja/march_ws/src/march/install/march_shared_resources/share/roseus/ros/march_shared_resources/msg/GaitInstructionResponse.l
-- Installing: /home/katja/march_ws/src/march/install/march_shared_resources/share/roseus/ros/march_shared_resources/msg/GaitNameAction.l
-- Installing: /home/katja/march_ws/src/march/install/march_shared_resources/share/roseus/ros/march_shared_resources/msg/GaitActionResult.l
-- Installing: /home/katja/march_ws/src/march/install/march_shared_resources/share/roseus/ros/march_shared_resources/msg/GaitNameFeedback.l
-- Installing: /home/katja/march_ws/src/march/install/march_shared_resources/share/roseus/ros/march_shared_resources/msg/GaitActionFeedback.l
-- Installing: /home/katja/march_ws/src/march/install/march_shared_resources/share/roseus/ros/march_shared_resources/msg/LowVoltageNet.l
-- Installing: /home/katja/march_ws/src/march/install/march_shared_resources/share/roseus/ros/march_shared_resources/msg/GaitGoal.l
-- Installing: /home/katja/march_ws/src/march/install/march_shared_resources/share/roseus/ros/march_shared_resources/msg/GaitInstruction.l
-- Installing: /home/katja/march_ws/src/march/install/march_shared_resources/share/roseus/ros/march_shared_resources/msg/GaitNameActionResult.l
-- Installing: /home/katja/march_ws/src/march/install/march_shared_resources/share/roseus/ros/march_shared_resources/msg/GaitFeedback.l
-- Installing: /home/katja/march_ws/src/march/install/march_shared_resources/share/common-lisp/ros/march_shared_resources
-- Installing: /home/katja/march_ws/src/march/install/march_shared_resources/share/common-lisp/ros/march_shared_resources/srv
-- Installing: /home/katja/march_ws/src/march/install/march_shared_resources/share/common-lisp/ros/march_shared_resources/srv/_package.lisp
-- Installing: /home/katja/march_ws/src/march/install/march_shared_resources/share/common-lisp/ros/march_shared_resources/srv/_package_SetGaitVersion.lisp
-- Installing: /home/katja/march_ws/src/march/install/march_shared_resources/share/common-lisp/ros/march_shared_resources/srv/march_shared_resources-srv.asd
-- Installing: /home/katja/march_ws/src/march/install/march_shared_resources/share/common-lisp/ros/march_shared_resources/srv/_package_PossibleGaits.lisp
-- Installing: /home/katja/march_ws/src/march/install/march_shared_resources/share/common-lisp/ros/march_shared_resources/srv/SetGaitVersion.lisp
-- Installing: /home/katja/march_ws/src/march/install/march_shared_resources/share/common-lisp/ros/march_shared_resources/srv/PossibleGaits.lisp
-- Installing: /home/katja/march_ws/src/march/install/march_shared_resources/share/common-lisp/ros/march_shared_resources/srv/_package_ContainsGait.lisp
-- Installing: /home/katja/march_ws/src/march/install/march_shared_resources/share/common-lisp/ros/march_shared_resources/srv/_package_CurrentState.lisp
-- Installing: /home/katja/march_ws/src/march/install/march_shared_resources/share/common-lisp/ros/march_shared_resources/srv/ContainsGait.lisp
-- Installing: /home/katja/march_ws/src/march/install/march_shared_resources/share/common-lisp/ros/march_shared_resources/srv/CurrentState.lisp
-- Installing: /home/katja/march_ws/src/march/install/march_shared_resources/share/common-lisp/ros/march_shared_resources/msg
-- Installing: /home/katja/march_ws/src/march/install/march_shared_resources/share/common-lisp/ros/march_shared_resources/msg/GaitNameResult.lisp
-- Installing: /home/katja/march_ws/src/march/install/march_shared_resources/share/common-lisp/ros/march_shared_resources/msg/GaitActionResult.lisp
-- Installing: /home/katja/march_ws/src/march/install/march_shared_resources/share/common-lisp/ros/march_shared_resources/msg/GaitInstructionResponse.lisp
-- Installing: /home/katja/march_ws/src/march/install/march_shared_resources/share/common-lisp/ros/march_shared_resources/msg/_package.lisp
-- Installing: /home/katja/march_ws/src/march/install/march_shared_resources/share/common-lisp/ros/march_shared_resources/msg/_package_GaitNameActionFeedback.lisp
-- Installing: /home/katja/march_ws/src/march/install/march_shared_resources/share/common-lisp/ros/march_shared_resources/msg/_package_GaitNameAction.lisp
-- Installing: /home/katja/march_ws/src/march/install/march_shared_resources/share/common-lisp/ros/march_shared_resources/msg/_package_LowVoltageNet.lisp
-- Installing: /home/katja/march_ws/src/march/install/march_shared_resources/share/common-lisp/ros/march_shared_resources/msg/GaitNameGoal.lisp
-- Installing: /home/katja/march_ws/src/march/install/march_shared_resources/share/common-lisp/ros/march_shared_resources/msg/_package_GaitNameActionResult.lisp
-- Installing: /home/katja/march_ws/src/march/install/march_shared_resources/share/common-lisp/ros/march_shared_resources/msg/_package_Error.lisp
-- Installing: /home/katja/march_ws/src/march/install/march_shared_resources/share/common-lisp/ros/march_shared_resources/msg/_package_GaitResult.lisp
-- Installing: /home/katja/march_ws/src/march/install/march_shared_resources/share/common-lisp/ros/march_shared_resources/msg/_package_PressureSole.lisp
-- Installing: /home/katja/march_ws/src/march/install/march_shared_resources/share/common-lisp/ros/march_shared_resources/msg/Alive.lisp
-- Installing: /home/katja/march_ws/src/march/install/march_shared_resources/share/common-lisp/ros/march_shared_resources/msg/GaitResult.lisp
-- Installing: /home/katja/march_ws/src/march/install/march_shared_resources/share/common-lisp/ros/march_shared_resources/msg/_package_GaitNameGoal.lisp
-- Installing: /home/katja/march_ws/src/march/install/march_shared_resources/share/common-lisp/ros/march_shared_resources/msg/AfterLimitJointCommand.lisp
-- Installing: /home/katja/march_ws/src/march/install/march_shared_resources/share/common-lisp/ros/march_shared_resources/msg/PressureSole.lisp
-- Installing: /home/katja/march_ws/src/march/install/march_shared_resources/share/common-lisp/ros/march_shared_resources/msg/GaitFeedback.lisp
-- Installing: /home/katja/march_ws/src/march/install/march_shared_resources/share/common-lisp/ros/march_shared_resources/msg/ImcState.lisp
-- Installing: /home/katja/march_ws/src/march/install/march_shared_resources/share/common-lisp/ros/march_shared_resources/msg/_package_GaitNameActionGoal.lisp
-- Installing: /home/katja/march_ws/src/march/install/march_shared_resources/share/common-lisp/ros/march_shared_resources/msg/_package_GaitNameFeedback.lisp
-- Installing: /home/katja/march_ws/src/march/install/march_shared_resources/share/common-lisp/ros/march_shared_resources/msg/_package_GaitActionFeedback.lisp
-- Installing: /home/katja/march_ws/src/march/install/march_shared_resources/share/common-lisp/ros/march_shared_resources/msg/_package_GaitInstruction.lisp
-- Installing: /home/katja/march_ws/src/march/install/march_shared_resources/share/common-lisp/ros/march_shared_resources/msg/LowVoltageNet.lisp
-- Installing: /home/katja/march_ws/src/march/install/march_shared_resources/share/common-lisp/ros/march_shared_resources/msg/_package_ImcState.lisp
-- Installing: /home/katja/march_ws/src/march/install/march_shared_resources/share/common-lisp/ros/march_shared_resources/msg/_package_GaitGoal.lisp
-- Installing: /home/katja/march_ws/src/march/install/march_shared_resources/share/common-lisp/ros/march_shared_resources/msg/_package_AfterLimitJointCommand.lisp
-- Installing: /home/katja/march_ws/src/march/install/march_shared_resources/share/common-lisp/ros/march_shared_resources/msg/_package_PowerDistributionBoardState.lisp
-- Installing: /home/katja/march_ws/src/march/install/march_shared_resources/share/common-lisp/ros/march_shared_resources/msg/GaitNameAction.lisp
-- Installing: /home/katja/march_ws/src/march/install/march_shared_resources/share/common-lisp/ros/march_shared_resources/msg/PowerDistributionBoardState.lisp
-- Installing: /home/katja/march_ws/src/march/install/march_shared_resources/share/common-lisp/ros/march_shared_resources/msg/JointValues.lisp
-- Installing: /home/katja/march_ws/src/march/install/march_shared_resources/share/common-lisp/ros/march_shared_resources/msg/_package_GaitActionResult.lisp
-- Installing: /home/katja/march_ws/src/march/install/march_shared_resources/share/common-lisp/ros/march_shared_resources/msg/GaitNameFeedback.lisp
-- Installing: /home/katja/march_ws/src/march/install/march_shared_resources/share/common-lisp/ros/march_shared_resources/msg/GaitGoal.lisp
-- Installing: /home/katja/march_ws/src/march/install/march_shared_resources/share/common-lisp/ros/march_shared_resources/msg/GaitNameActionGoal.lisp
-- Installing: /home/katja/march_ws/src/march/install/march_shared_resources/share/common-lisp/ros/march_shared_resources/msg/GaitActionFeedback.lisp
-- Installing: /home/katja/march_ws/src/march/install/march_shared_resources/share/common-lisp/ros/march_shared_resources/msg/GaitNameActionResult.lisp
-- Installing: /home/katja/march_ws/src/march/install/march_shared_resources/share/common-lisp/ros/march_shared_resources/msg/_package_JointValues.lisp
-- Installing: /home/katja/march_ws/src/march/install/march_shared_resources/share/common-lisp/ros/march_shared_resources/msg/GaitAction.lisp
-- Installing: /home/katja/march_ws/src/march/install/march_shared_resources/share/common-lisp/ros/march_shared_resources/msg/_package_GaitAction.lisp
-- Installing: /home/katja/march_ws/src/march/install/march_shared_resources/share/common-lisp/ros/march_shared_resources/msg/march_shared_resources-msg.asd
-- Installing: /home/katja/march_ws/src/march/install/march_shared_resources/share/common-lisp/ros/march_shared_resources/msg/GaitInstruction.lisp
-- Installing: /home/katja/march_ws/src/march/install/march_shared_resources/share/common-lisp/ros/march_shared_resources/msg/GaitNameActionFeedback.lisp
-- Installing: /home/katja/march_ws/src/march/install/march_shared_resources/share/common-lisp/ros/march_shared_resources/msg/_package_GaitInstructionResponse.lisp
-- Installing: /home/katja/march_ws/src/march/install/march_shared_resources/share/common-lisp/ros/march_shared_resources/msg/_package_Alive.lisp
-- Installing: /home/katja/march_ws/src/march/install/march_shared_resources/share/common-lisp/ros/march_shared_resources/msg/HighVoltageNet.lisp
-- Installing: /home/katja/march_ws/src/march/install/march_shared_resources/share/common-lisp/ros/march_shared_resources/msg/_package_GaitNameResult.lisp
-- Installing: /home/katja/march_ws/src/march/install/march_shared_resources/share/common-lisp/ros/march_shared_resources/msg/_package_GaitActionGoal.lisp
-- Installing: /home/katja/march_ws/src/march/install/march_shared_resources/share/common-lisp/ros/march_shared_resources/msg/Error.lisp
-- Installing: /home/katja/march_ws/src/march/install/march_shared_resources/share/common-lisp/ros/march_shared_resources/msg/GaitActionGoal.lisp
-- Installing: /home/katja/march_ws/src/march/install/march_shared_resources/share/common-lisp/ros/march_shared_resources/msg/_package_HighVoltageNet.lisp
-- Installing: /home/katja/march_ws/src/march/install/march_shared_resources/share/common-lisp/ros/march_shared_resources/msg/_package_GaitFeedback.lisp
-- Installing: /home/katja/march_ws/src/march/install/march_shared_resources/share/gennodejs/ros/march_shared_resources
-- Installing: /home/katja/march_ws/src/march/install/march_shared_resources/share/gennodejs/ros/march_shared_resources/srv
-- Installing: /home/katja/march_ws/src/march/install/march_shared_resources/share/gennodejs/ros/march_shared_resources/srv/PossibleGaits.js
-- Installing: /home/katja/march_ws/src/march/install/march_shared_resources/share/gennodejs/ros/march_shared_resources/srv/SetGaitVersion.js
-- Installing: /home/katja/march_ws/src/march/install/march_shared_resources/share/gennodejs/ros/march_shared_resources/srv/ContainsGait.js
-- Installing: /home/katja/march_ws/src/march/install/march_shared_resources/share/gennodejs/ros/march_shared_resources/srv/CurrentState.js
-- Installing: /home/katja/march_ws/src/march/install/march_shared_resources/share/gennodejs/ros/march_shared_resources/srv/_index.js
-- Installing: /home/katja/march_ws/src/march/install/march_shared_resources/share/gennodejs/ros/march_shared_resources/_index.js
-- Installing: /home/katja/march_ws/src/march/install/march_shared_resources/share/gennodejs/ros/march_shared_resources/msg
-- Installing: /home/katja/march_ws/src/march/install/march_shared_resources/share/gennodejs/ros/march_shared_resources/msg/AfterLimitJointCommand.js
-- Installing: /home/katja/march_ws/src/march/install/march_shared_resources/share/gennodejs/ros/march_shared_resources/msg/GaitGoal.js
-- Installing: /home/katja/march_ws/src/march/install/march_shared_resources/share/gennodejs/ros/march_shared_resources/msg/PowerDistributionBoardState.js
-- Installing: /home/katja/march_ws/src/march/install/march_shared_resources/share/gennodejs/ros/march_shared_resources/msg/GaitResult.js
-- Installing: /home/katja/march_ws/src/march/install/march_shared_resources/share/gennodejs/ros/march_shared_resources/msg/Alive.js
-- Installing: /home/katja/march_ws/src/march/install/march_shared_resources/share/gennodejs/ros/march_shared_resources/msg/HighVoltageNet.js
-- Installing: /home/katja/march_ws/src/march/install/march_shared_resources/share/gennodejs/ros/march_shared_resources/msg/GaitInstruction.js
-- Installing: /home/katja/march_ws/src/march/install/march_shared_resources/share/gennodejs/ros/march_shared_resources/msg/GaitNameActionGoal.js
-- Installing: /home/katja/march_ws/src/march/install/march_shared_resources/share/gennodejs/ros/march_shared_resources/msg/GaitNameAction.js
-- Installing: /home/katja/march_ws/src/march/install/march_shared_resources/share/gennodejs/ros/march_shared_resources/msg/GaitNameActionFeedback.js
-- Installing: /home/katja/march_ws/src/march/install/march_shared_resources/share/gennodejs/ros/march_shared_resources/msg/GaitInstructionResponse.js
-- Installing: /home/katja/march_ws/src/march/install/march_shared_resources/share/gennodejs/ros/march_shared_resources/msg/ImcState.js
-- Installing: /home/katja/march_ws/src/march/install/march_shared_resources/share/gennodejs/ros/march_shared_resources/msg/GaitNameActionResult.js
-- Installing: /home/katja/march_ws/src/march/install/march_shared_resources/share/gennodejs/ros/march_shared_resources/msg/JointValues.js
-- Installing: /home/katja/march_ws/src/march/install/march_shared_resources/share/gennodejs/ros/march_shared_resources/msg/GaitActionFeedback.js
-- Installing: /home/katja/march_ws/src/march/install/march_shared_resources/share/gennodejs/ros/march_shared_resources/msg/GaitNameResult.js
-- Installing: /home/katja/march_ws/src/march/install/march_shared_resources/share/gennodejs/ros/march_shared_resources/msg/GaitNameFeedback.js
-- Installing: /home/katja/march_ws/src/march/install/march_shared_resources/share/gennodejs/ros/march_shared_resources/msg/GaitFeedback.js
-- Installing: /home/katja/march_ws/src/march/install/march_shared_resources/share/gennodejs/ros/march_shared_resources/msg/_index.js
-- Installing: /home/katja/march_ws/src/march/install/march_shared_resources/share/gennodejs/ros/march_shared_resources/msg/GaitActionGoal.js
-- Installing: /home/katja/march_ws/src/march/install/march_shared_resources/share/gennodejs/ros/march_shared_resources/msg/GaitActionResult.js
-- Installing: /home/katja/march_ws/src/march/install/march_shared_resources/share/gennodejs/ros/march_shared_resources/msg/PressureSole.js
-- Installing: /home/katja/march_ws/src/march/install/march_shared_resources/share/gennodejs/ros/march_shared_resources/msg/GaitNameGoal.js
-- Installing: /home/katja/march_ws/src/march/install/march_shared_resources/share/gennodejs/ros/march_shared_resources/msg/GaitAction.js
-- Installing: /home/katja/march_ws/src/march/install/march_shared_resources/share/gennodejs/ros/march_shared_resources/msg/LowVoltageNet.js
-- Installing: /home/katja/march_ws/src/march/install/march_shared_resources/share/gennodejs/ros/march_shared_resources/msg/Error.js
Listing /home/katja/march_ws/src/march/build/march_shared_resources/devel/lib/python2.7/dist-packages/march_shared_resources ...
Compiling /home/katja/march_ws/src/march/build/march_shared_resources/devel/lib/python2.7/dist-packages/march_shared_resources/__init__.py ...
Listing /home/katja/march_ws/src/march/build/march_shared_resources/devel/lib/python2.7/dist-packages/march_shared_resources/msg ...
Compiling /home/katja/march_ws/src/march/build/march_shared_resources/devel/lib/python2.7/dist-packages/march_shared_resources/msg/_AfterLimitJointCommand.py ...
Compiling /home/katja/march_ws/src/march/build/march_shared_resources/devel/lib/python2.7/dist-packages/march_shared_resources/msg/_Alive.py ...
Compiling /home/katja/march_ws/src/march/build/march_shared_resources/devel/lib/python2.7/dist-packages/march_shared_resources/msg/_Error.py ...
Compiling /home/katja/march_ws/src/march/build/march_shared_resources/devel/lib/python2.7/dist-packages/march_shared_resources/msg/_GaitAction.py ...
Compiling /home/katja/march_ws/src/march/build/march_shared_resources/devel/lib/python2.7/dist-packages/march_shared_resources/msg/_GaitActionFeedback.py ...
Compiling /home/katja/march_ws/src/march/build/march_shared_resources/devel/lib/python2.7/dist-packages/march_shared_resources/msg/_GaitActionGoal.py ...
Compiling /home/katja/march_ws/src/march/build/march_shared_resources/devel/lib/python2.7/dist-packages/march_shared_resources/msg/_GaitActionResult.py ...
Compiling /home/katja/march_ws/src/march/build/march_shared_resources/devel/lib/python2.7/dist-packages/march_shared_resources/msg/_GaitFeedback.py ...
Compiling /home/katja/march_ws/src/march/build/march_shared_resources/devel/lib/python2.7/dist-packages/march_shared_resources/msg/_GaitGoal.py ...
Compiling /home/katja/march_ws/src/march/build/march_shared_resources/devel/lib/python2.7/dist-packages/march_shared_resources/msg/_GaitInstruction.py ...
Compiling /home/katja/march_ws/src/march/build/march_shared_resources/devel/lib/python2.7/dist-packages/march_shared_resources/msg/_GaitInstructionResponse.py ...
Compiling /home/katja/march_ws/src/march/build/march_shared_resources/devel/lib/python2.7/dist-packages/march_shared_resources/msg/_GaitNameAction.py ...
Compiling /home/katja/march_ws/src/march/build/march_shared_resources/devel/lib/python2.7/dist-packages/march_shared_resources/msg/_GaitNameActionFeedback.py ...
Compiling /home/katja/march_ws/src/march/build/march_shared_resources/devel/lib/python2.7/dist-packages/march_shared_resources/msg/_GaitNameActionGoal.py ...
Compiling /home/katja/march_ws/src/march/build/march_shared_resources/devel/lib/python2.7/dist-packages/march_shared_resources/msg/_GaitNameActionResult.py ...
Compiling /home/katja/march_ws/src/march/build/march_shared_resources/devel/lib/python2.7/dist-packages/march_shared_resources/msg/_GaitNameFeedback.py ...
Compiling /home/katja/march_ws/src/march/build/march_shared_resources/devel/lib/python2.7/dist-packages/march_shared_resources/msg/_GaitNameGoal.py ...
Compiling /home/katja/march_ws/src/march/build/march_shared_resources/devel/lib/python2.7/dist-packages/march_shared_resources/msg/_GaitNameResult.py ...
Compiling /home/katja/march_ws/src/march/build/march_shared_resources/devel/lib/python2.7/dist-packages/march_shared_resources/msg/_GaitResult.py ...
Compiling /home/katja/march_ws/src/march/build/march_shared_resources/devel/lib/python2.7/dist-packages/march_shared_resources/msg/_HighVoltageNet.py ...
Compiling /home/katja/march_ws/src/march/build/march_shared_resources/devel/lib/python2.7/dist-packages/march_shared_resources/msg/_ImcState.py ...
Compiling /home/katja/march_ws/src/march/build/march_shared_resources/devel/lib/python2.7/dist-packages/march_shared_resources/msg/_JointValues.py ...
Compiling /home/katja/march_ws/src/march/build/march_shared_resources/devel/lib/python2.7/dist-packages/march_shared_resources/msg/_LowVoltageNet.py ...
Compiling /home/katja/march_ws/src/march/build/march_shared_resources/devel/lib/python2.7/dist-packages/march_shared_resources/msg/_PowerDistributionBoardState.py ...
Compiling /home/katja/march_ws/src/march/build/march_shared_resources/devel/lib/python2.7/dist-packages/march_shared_resources/msg/_PressureSole.py ...
Compiling /home/katja/march_ws/src/march/build/march_shared_resources/devel/lib/python2.7/dist-packages/march_shared_resources/msg/__init__.py ...
Listing /home/katja/march_ws/src/march/build/march_shared_resources/devel/lib/python2.7/dist-packages/march_shared_resources/srv ...
Compiling /home/katja/march_ws/src/march/build/march_shared_resources/devel/lib/python2.7/dist-packages/march_shared_resources/srv/_ContainsGait.py ...
Compiling /home/katja/march_ws/src/march/build/march_shared_resources/devel/lib/python2.7/dist-packages/march_shared_resources/srv/_CurrentState.py ...
Compiling /home/katja/march_ws/src/march/build/march_shared_resources/devel/lib/python2.7/dist-packages/march_shared_resources/srv/_PossibleGaits.py ...
Compiling /home/katja/march_ws/src/march/build/march_shared_resources/devel/lib/python2.7/dist-packages/march_shared_resources/srv/_SetGaitVersion.py ...
Compiling /home/katja/march_ws/src/march/build/march_shared_resources/devel/lib/python2.7/dist-packages/march_shared_resources/srv/__init__.py ...
-- Installing: /home/katja/march_ws/src/march/install/march_shared_resources/lib/python2.7/dist-packages/march_shared_resources
-- Installing: /home/katja/march_ws/src/march/install/march_shared_resources/lib/python2.7/dist-packages/march_shared_resources/__init__.pyc
-- Installing: /home/katja/march_ws/src/march/install/march_shared_resources/lib/python2.7/dist-packages/march_shared_resources/srv
-- Installing: /home/katja/march_ws/src/march/install/march_shared_resources/lib/python2.7/dist-packages/march_shared_resources/srv/_ContainsGait.pyc
-- Installing: /home/katja/march_ws/src/march/install/march_shared_resources/lib/python2.7/dist-packages/march_shared_resources/srv/_ContainsGait.py
-- Installing: /home/katja/march_ws/src/march/install/march_shared_resources/lib/python2.7/dist-packages/march_shared_resources/srv/_CurrentState.pyc
-- Installing: /home/katja/march_ws/src/march/install/march_shared_resources/lib/python2.7/dist-packages/march_shared_resources/srv/__init__.pyc
-- Installing: /home/katja/march_ws/src/march/install/march_shared_resources/lib/python2.7/dist-packages/march_shared_resources/srv/_CurrentState.py
-- Installing: /home/katja/march_ws/src/march/install/march_shared_resources/lib/python2.7/dist-packages/march_shared_resources/srv/_SetGaitVersion.py
-- Installing: /home/katja/march_ws/src/march/install/march_shared_resources/lib/python2.7/dist-packages/march_shared_resources/srv/_PossibleGaits.py
-- Installing: /home/katja/march_ws/src/march/install/march_shared_resources/lib/python2.7/dist-packages/march_shared_resources/srv/_PossibleGaits.pyc
-- Installing: /home/katja/march_ws/src/march/install/march_shared_resources/lib/python2.7/dist-packages/march_shared_resources/srv/_SetGaitVersion.pyc
-- Installing: /home/katja/march_ws/src/march/install/march_shared_resources/lib/python2.7/dist-packages/march_shared_resources/srv/__init__.py
-- Installing: /home/katja/march_ws/src/march/install/march_shared_resources/lib/python2.7/dist-packages/march_shared_resources/msg
-- Installing: /home/katja/march_ws/src/march/install/march_shared_resources/lib/python2.7/dist-packages/march_shared_resources/msg/_GaitNameActionResult.pyc
-- Installing: /home/katja/march_ws/src/march/install/march_shared_resources/lib/python2.7/dist-packages/march_shared_resources/msg/_GaitActionGoal.pyc
-- Installing: /home/katja/march_ws/src/march/install/march_shared_resources/lib/python2.7/dist-packages/march_shared_resources/msg/_GaitInstruction.py
-- Installing: /home/katja/march_ws/src/march/install/march_shared_resources/lib/python2.7/dist-packages/march_shared_resources/msg/_GaitNameFeedback.py
-- Installing: /home/katja/march_ws/src/march/install/march_shared_resources/lib/python2.7/dist-packages/march_shared_resources/msg/_GaitInstruction.pyc
-- Installing: /home/katja/march_ws/src/march/install/march_shared_resources/lib/python2.7/dist-packages/march_shared_resources/msg/_GaitNameFeedback.pyc
-- Installing: /home/katja/march_ws/src/march/install/march_shared_resources/lib/python2.7/dist-packages/march_shared_resources/msg/_GaitInstructionResponse.pyc
-- Installing: /home/katja/march_ws/src/march/install/march_shared_resources/lib/python2.7/dist-packages/march_shared_resources/msg/_GaitNameResult.pyc
-- Installing: /home/katja/march_ws/src/march/install/march_shared_resources/lib/python2.7/dist-packages/march_shared_resources/msg/_GaitNameGoal.py
-- Installing: /home/katja/march_ws/src/march/install/march_shared_resources/lib/python2.7/dist-packages/march_shared_resources/msg/_JointValues.py
-- Installing: /home/katja/march_ws/src/march/install/march_shared_resources/lib/python2.7/dist-packages/march_shared_resources/msg/_Error.py
-- Installing: /home/katja/march_ws/src/march/install/march_shared_resources/lib/python2.7/dist-packages/march_shared_resources/msg/_ImcState.pyc
-- Installing: /home/katja/march_ws/src/march/install/march_shared_resources/lib/python2.7/dist-packages/march_shared_resources/msg/_PowerDistributionBoardState.py
-- Installing: /home/katja/march_ws/src/march/install/march_shared_resources/lib/python2.7/dist-packages/march_shared_resources/msg/_GaitResult.py
-- Installing: /home/katja/march_ws/src/march/install/march_shared_resources/lib/python2.7/dist-packages/march_shared_resources/msg/_GaitNameActionResult.py
-- Installing: /home/katja/march_ws/src/march/install/march_shared_resources/lib/python2.7/dist-packages/march_shared_resources/msg/_GaitAction.py
-- Installing: /home/katja/march_ws/src/march/install/march_shared_resources/lib/python2.7/dist-packages/march_shared_resources/msg/_GaitFeedback.pyc
-- Installing: /home/katja/march_ws/src/march/install/march_shared_resources/lib/python2.7/dist-packages/march_shared_resources/msg/__init__.pyc
-- Installing: /home/katja/march_ws/src/march/install/march_shared_resources/lib/python2.7/dist-packages/march_shared_resources/msg/_AfterLimitJointCommand.pyc
-- Installing: /home/katja/march_ws/src/march/install/march_shared_resources/lib/python2.7/dist-packages/march_shared_resources/msg/_GaitAction.pyc
-- Installing: /home/katja/march_ws/src/march/install/march_shared_resources/lib/python2.7/dist-packages/march_shared_resources/msg/_GaitActionGoal.py
-- Installing: /home/katja/march_ws/src/march/install/march_shared_resources/lib/python2.7/dist-packages/march_shared_resources/msg/_GaitActionResult.py
-- Installing: /home/katja/march_ws/src/march/install/march_shared_resources/lib/python2.7/dist-packages/march_shared_resources/msg/_GaitNameActionGoal.pyc
-- Installing: /home/katja/march_ws/src/march/install/march_shared_resources/lib/python2.7/dist-packages/march_shared_resources/msg/_GaitFeedback.py
-- Installing: /home/katja/march_ws/src/march/install/march_shared_resources/lib/python2.7/dist-packages/march_shared_resources/msg/_GaitNameGoal.pyc
-- Installing: /home/katja/march_ws/src/march/install/march_shared_resources/lib/python2.7/dist-packages/march_shared_resources/msg/_GaitNameActionFeedback.pyc
-- Installing: /home/katja/march_ws/src/march/install/march_shared_resources/lib/python2.7/dist-packages/march_shared_resources/msg/_GaitInstructionResponse.py
-- Installing: /home/katja/march_ws/src/march/install/march_shared_resources/lib/python2.7/dist-packages/march_shared_resources/msg/_LowVoltageNet.py
-- Installing: /home/katja/march_ws/src/march/install/march_shared_resources/lib/python2.7/dist-packages/march_shared_resources/msg/_GaitResult.pyc
-- Installing: /home/katja/march_ws/src/march/install/march_shared_resources/lib/python2.7/dist-packages/march_shared_resources/msg/_GaitNameResult.py
-- Installing: /home/katja/march_ws/src/march/install/march_shared_resources/lib/python2.7/dist-packages/march_shared_resources/msg/_PressureSole.py
-- Installing: /home/katja/march_ws/src/march/install/march_shared_resources/lib/python2.7/dist-packages/march_shared_resources/msg/_HighVoltageNet.py
-- Installing: /home/katja/march_ws/src/march/install/march_shared_resources/lib/python2.7/dist-packages/march_shared_resources/msg/_AfterLimitJointCommand.py
-- Installing: /home/katja/march_ws/src/march/install/march_shared_resources/lib/python2.7/dist-packages/march_shared_resources/msg/_Alive.pyc
-- Installing: /home/katja/march_ws/src/march/install/march_shared_resources/lib/python2.7/dist-packages/march_shared_resources/msg/_JointValues.pyc
-- Installing: /home/katja/march_ws/src/march/install/march_shared_resources/lib/python2.7/dist-packages/march_shared_resources/msg/_Alive.py
-- Installing: /home/katja/march_ws/src/march/install/march_shared_resources/lib/python2.7/dist-packages/march_shared_resources/msg/_LowVoltageNet.pyc
-- Installing: /home/katja/march_ws/src/march/install/march_shared_resources/lib/python2.7/dist-packages/march_shared_resources/msg/_ImcState.py
-- Installing: /home/katja/march_ws/src/march/install/march_shared_resources/lib/python2.7/dist-packages/march_shared_resources/msg/_GaitGoal.py
-- Installing: /home/katja/march_ws/src/march/install/march_shared_resources/lib/python2.7/dist-packages/march_shared_resources/msg/_GaitActionResult.pyc
-- Installing: /home/katja/march_ws/src/march/install/march_shared_resources/lib/python2.7/dist-packages/march_shared_resources/msg/_HighVoltageNet.pyc
-- Installing: /home/katja/march_ws/src/march/install/march_shared_resources/lib/python2.7/dist-packages/march_shared_resources/msg/_GaitActionFeedback.pyc
-- Installing: /home/katja/march_ws/src/march/install/march_shared_resources/lib/python2.7/dist-packages/march_shared_resources/msg/_GaitGoal.pyc
-- Installing: /home/katja/march_ws/src/march/install/march_shared_resources/lib/python2.7/dist-packages/march_shared_resources/msg/_GaitNameAction.py
-- Installing: /home/katja/march_ws/src/march/install/march_shared_resources/lib/python2.7/dist-packages/march_shared_resources/msg/__init__.py
-- Installing: /home/katja/march_ws/src/march/install/march_shared_resources/lib/python2.7/dist-packages/march_shared_resources/msg/_GaitActionFeedback.py
-- Installing: /home/katja/march_ws/src/march/install/march_shared_resources/lib/python2.7/dist-packages/march_shared_resources/msg/_GaitNameActionFeedback.py
-- Installing: /home/katja/march_ws/src/march/install/march_shared_resources/lib/python2.7/dist-packages/march_shared_resources/msg/_Error.pyc
-- Installing: /home/katja/march_ws/src/march/install/march_shared_resources/lib/python2.7/dist-packages/march_shared_resources/msg/_GaitNameAction.pyc
-- Installing: /home/katja/march_ws/src/march/install/march_shared_resources/lib/python2.7/dist-packages/march_shared_resources/msg/_PowerDistributionBoardState.pyc
-- Installing: /home/katja/march_ws/src/march/install/march_shared_resources/lib/python2.7/dist-packages/march_shared_resources/msg/_PressureSole.pyc
-- Installing: /home/katja/march_ws/src/march/install/march_shared_resources/lib/python2.7/dist-packages/march_shared_resources/msg/_GaitNameActionGoal.py
-- Installing: /home/katja/march_ws/src/march/install/march_shared_resources/lib/python2.7/dist-packages/march_shared_resources/__init__.py
-- Installing: /home/katja/march_ws/src/march/install/march_shared_resources/lib/pkgconfig/march_shared_resources.pc
-- Installing: /home/katja/march_ws/src/march/install/march_shared_resources/share/march_shared_resources/cmake/march_shared_resources-msg-extras.cmake
-- Installing: /home/katja/march_ws/src/march/install/march_shared_resources/share/march_shared_resources/cmake/march_shared_resourcesConfig.cmake
-- Installing: /home/katja/march_ws/src/march/install/march_shared_resources/share/march_shared_resources/cmake/march_shared_resourcesConfig-version.cmake
-- Installing: /home/katja/march_ws/src/march/install/march_shared_resources/share/march_shared_resources/package.xml
