[0.039s] Invoking command in '/home/katja/march_ws/src/march/build/march_shared_resources': /usr/bin/cmake /home/katja/march_ws/src/march/march_shared_resources -DCATKIN_INSTALL_INTO_PREFIX_ROOT=0 -DCMAKE_INSTALL_PREFIX=/home/katja/march_ws/src/march/install/march_shared_resources
[0.246s] -- The C compiler identification is GNU 7.5.0
[0.395s] -- The CXX compiler identification is GNU 7.5.0
[0.404s] -- Check for working C compiler: /usr/bin/cc
[0.511s] -- Check for working C compiler: /usr/bin/cc -- works
[0.514s] -- Detecting C compiler ABI info
[0.634s] -- Detecting C compiler ABI info - done
[0.652s] -- Detecting C compile features
[1.017s] -- Detecting C compile features - done
[1.028s] -- Check for working CXX compiler: /usr/bin/c++
[1.150s] -- Check for working CXX compiler: /usr/bin/c++ -- works
[1.152s] -- Detecting CXX compiler ABI info
[1.289s] -- Detecting CXX compiler ABI info - done
[1.313s] -- Detecting CXX compile features
[1.921s] -- Detecting CXX compile features - done
[1.925s] -- Using CATKIN_DEVEL_PREFIX: /home/katja/march_ws/src/march/build/march_shared_resources/devel
[1.925s] -- Using CMAKE_PREFIX_PATH: /opt/ros/melodic
[1.925s] -- This workspace overlays: /opt/ros/melodic
[1.950s] -- Found PythonInterp: /usr/bin/python2 (found suitable version "2.7.17", minimum required is "2") 
[1.950s] -- Using PYTHON_EXECUTABLE: /usr/bin/python2
[1.951s] -- Using Debian Python package layout
[1.951s] -- Using empy: /usr/bin/empy
[2.172s] -- Using CATKIN_ENABLE_TESTING: ON
[2.172s] -- Call enable_testing()
[2.176s] -- Using CATKIN_TEST_RESULTS_DIR: /home/katja/march_ws/src/march/build/march_shared_resources/test_results
[2.206s] -- Found gtest sources under '/usr/src/googletest': gtests will be built
[2.206s] -- Found gmock sources under '/usr/src/googletest': gmock will be built
[2.234s] -- Found PythonInterp: /usr/bin/python2 (found version "2.7.17") 
[2.237s] -- Looking for pthread.h
[2.358s] -- Looking for pthread.h - found
[2.359s] -- Looking for pthread_create
[2.486s] -- Looking for pthread_create - not found
[2.487s] -- Looking for pthread_create in pthreads
[2.604s] -- Looking for pthread_create in pthreads - not found
[2.604s] -- Looking for pthread_create in pthread
[2.717s] -- Looking for pthread_create in pthread - found
[2.719s] -- Found Threads: TRUE  
[2.728s] -- Using Python nosetests: /usr/bin/nosetests-2.7
[2.797s] -- catkin 0.7.28
[2.797s] -- BUILD_SHARED_LIBS is on
[3.023s] -- Using these message generators: gencpp;geneus;genlisp;gennodejs;genpy
[3.134s] -- Generating .msg files for action march_shared_resources/Gait /home/katja/march_ws/src/march/march_shared_resources/action/Gait.action
[3.161s] Generating for action Gait
[3.167s] -- Generating .msg files for action march_shared_resources/GaitName /home/katja/march_ws/src/march/march_shared_resources/action/GaitName.action
[3.196s] Generating for action GaitName
[3.446s] -- march_shared_resources: 25 messages, 4 services
[3.722s] -- Configuring done
[3.800s] -- Generating done
[3.814s] -- Build files have been written to: /home/katja/march_ws/src/march/build/march_shared_resources
[3.820s] Invoked command in '/home/katja/march_ws/src/march/build/march_shared_resources' returned '0': /usr/bin/cmake /home/katja/march_ws/src/march/march_shared_resources -DCATKIN_INSTALL_INTO_PREFIX_ROOT=0 -DCMAKE_INSTALL_PREFIX=/home/katja/march_ws/src/march/install/march_shared_resources
[3.826s] Invoking command in '/home/katja/march_ws/src/march/build/march_shared_resources': /usr/bin/cmake --build /home/katja/march_ws/src/march/build/march_shared_resources -- -j8 -l8
[3.913s] [35m[1mScanning dependencies of target _march_shared_resources_generate_messages_check_deps_GaitNameActionFeedback[0m
[3.914s] [35m[1mScanning dependencies of target _march_shared_resources_generate_messages_check_deps_ContainsGait[0m
[3.916s] [35m[1mScanning dependencies of target _march_shared_resources_generate_messages_check_deps_GaitResult[0m
[3.916s] [35m[1mScanning dependencies of target _march_shared_resources_generate_messages_check_deps_SetGaitVersion[0m
[3.917s] [35m[1mScanning dependencies of target _march_shared_resources_generate_messages_check_deps_GaitNameFeedback[0m
[3.917s] [35m[1mScanning dependencies of target _march_shared_resources_generate_messages_check_deps_ImcState[0m
[3.918s] [35m[1mScanning dependencies of target _march_shared_resources_generate_messages_check_deps_GaitFeedback[0m
[3.937s] [35m[1mScanning dependencies of target _march_shared_resources_generate_messages_check_deps_PressureSole[0m
[3.990s] [  0%] Built target _march_shared_resources_generate_messages_check_deps_ImcState
[3.990s] [  0%] Built target _march_shared_resources_generate_messages_check_deps_GaitResult
[3.990s] [  0%] Built target _march_shared_resources_generate_messages_check_deps_ContainsGait
[3.992s] [  0%] Built target _march_shared_resources_generate_messages_check_deps_GaitFeedback
[3.996s] [  0%] Built target _march_shared_resources_generate_messages_check_deps_GaitNameActionFeedback
[3.997s] [  0%] Built target _march_shared_resources_generate_messages_check_deps_GaitNameFeedback
[3.998s] [  0%] Built target _march_shared_resources_generate_messages_check_deps_SetGaitVersion
[4.010s] [35m[1mScanning dependencies of target _march_shared_resources_generate_messages_check_deps_GaitNameAction[0m
[4.010s] [35m[1mScanning dependencies of target _march_shared_resources_generate_messages_check_deps_LowVoltageNet[0m
[4.012s] [35m[1mScanning dependencies of target _march_shared_resources_generate_messages_check_deps_GaitInstruction[0m
[4.013s] [  0%] Built target _march_shared_resources_generate_messages_check_deps_PressureSole
[4.016s] [35m[1mScanning dependencies of target _march_shared_resources_generate_messages_check_deps_GaitNameResult[0m
[4.016s] [35m[1mScanning dependencies of target _march_shared_resources_generate_messages_check_deps_GaitActionResult[0m
[4.021s] [35m[1mScanning dependencies of target _march_shared_resources_generate_messages_check_deps_GaitNameActionGoal[0m
[4.030s] [35m[1mScanning dependencies of target _march_shared_resources_generate_messages_check_deps_Error[0m
[4.035s] [35m[1mScanning dependencies of target std_msgs_generate_messages_lisp[0m
[4.060s] [  0%] Built target std_msgs_generate_messages_lisp
[4.082s] [  0%] Built target _march_shared_resources_generate_messages_check_deps_LowVoltageNet
[4.082s] [35m[1mScanning dependencies of target actionlib_msgs_generate_messages_lisp[0m
[4.085s] [  0%] Built target _march_shared_resources_generate_messages_check_deps_GaitNameAction
[4.087s] [  0%] Built target _march_shared_resources_generate_messages_check_deps_GaitNameResult
[4.092s] [  0%] Built target _march_shared_resources_generate_messages_check_deps_GaitInstruction
[4.100s] [  0%] Built target _march_shared_resources_generate_messages_check_deps_GaitActionResult
[4.102s] [  0%] Built target actionlib_msgs_generate_messages_lisp
[4.102s] [  0%] Built target _march_shared_resources_generate_messages_check_deps_GaitNameActionGoal
[4.105s] [35m[1mScanning dependencies of target _march_shared_resources_generate_messages_check_deps_CurrentState[0m
[4.113s] [35m[1mScanning dependencies of target _march_shared_resources_generate_messages_check_deps_JointValues[0m
[4.117s] [35m[1mScanning dependencies of target _march_shared_resources_generate_messages_check_deps_GaitInstructionResponse[0m
[4.120s] [35m[1mScanning dependencies of target _march_shared_resources_generate_messages_check_deps_PowerDistributionBoardState[0m
[4.124s] [35m[1mScanning dependencies of target control_msgs_generate_messages_lisp[0m
[4.128s] [35m[1mScanning dependencies of target _march_shared_resources_generate_messages_check_deps_HighVoltageNet[0m
[4.129s] [35m[1mScanning dependencies of target _march_shared_resources_generate_messages_check_deps_GaitActionFeedback[0m
[4.137s] [  0%] Built target _march_shared_resources_generate_messages_check_deps_Error
[4.148s] [  0%] Built target control_msgs_generate_messages_lisp
[4.168s] [35m[1mScanning dependencies of target _march_shared_resources_generate_messages_check_deps_GaitNameGoal[0m
[4.189s] [  0%] Built target _march_shared_resources_generate_messages_check_deps_CurrentState
[4.193s] [  0%] Built target _march_shared_resources_generate_messages_check_deps_JointValues
[4.194s] [  0%] Built target _march_shared_resources_generate_messages_check_deps_GaitInstructionResponse
[4.200s] [35m[1mScanning dependencies of target _march_shared_resources_generate_messages_check_deps_GaitActionGoal[0m
[4.207s] [35m[1mScanning dependencies of target _march_shared_resources_generate_messages_check_deps_AfterLimitJointCommand[0m
[4.208s] [  0%] Built target _march_shared_resources_generate_messages_check_deps_PowerDistributionBoardState
[4.215s] [  0%] Built target _march_shared_resources_generate_messages_check_deps_HighVoltageNet
[4.219s] [35m[1mScanning dependencies of target _march_shared_resources_generate_messages_check_deps_GaitAction[0m
[4.225s] [35m[1mScanning dependencies of target _march_shared_resources_generate_messages_check_deps_PossibleGaits[0m
[4.226s] [  0%] Built target _march_shared_resources_generate_messages_check_deps_GaitActionFeedback
[4.227s] [35m[1mScanning dependencies of target _march_shared_resources_generate_messages_check_deps_GaitNameActionResult[0m
[4.243s] [  0%] Built target _march_shared_resources_generate_messages_check_deps_GaitNameGoal
[4.244s] [35m[1mScanning dependencies of target _march_shared_resources_generate_messages_check_deps_Alive[0m
[4.264s] [35m[1mScanning dependencies of target _march_shared_resources_generate_messages_check_deps_GaitGoal[0m
[4.267s] [35m[1mScanning dependencies of target trajectory_msgs_generate_messages_lisp[0m
[4.278s] [  0%] Built target _march_shared_resources_generate_messages_check_deps_GaitActionGoal
[4.292s] [  0%] Built target _march_shared_resources_generate_messages_check_deps_GaitAction
[4.295s] [  0%] Built target _march_shared_resources_generate_messages_check_deps_AfterLimitJointCommand
[4.298s] [  0%] Built target trajectory_msgs_generate_messages_lisp
[4.299s] [  0%] Built target _march_shared_resources_generate_messages_check_deps_GaitNameActionResult
[4.302s] [35m[1mScanning dependencies of target std_msgs_generate_messages_cpp[0m
[4.310s] [  0%] Built target _march_shared_resources_generate_messages_check_deps_PossibleGaits
[4.317s] [35m[1mScanning dependencies of target control_msgs_generate_messages_cpp[0m
[4.319s] [35m[1mScanning dependencies of target trajectory_msgs_generate_messages_cpp[0m
[4.319s] [35m[1mScanning dependencies of target actionlib_msgs_generate_messages_cpp[0m
[4.324s] [  0%] Built target std_msgs_generate_messages_cpp
[4.329s] [35m[1mScanning dependencies of target std_msgs_generate_messages_nodejs[0m
[4.334s] [  0%] Built target _march_shared_resources_generate_messages_check_deps_Alive
[4.340s] [35m[1mScanning dependencies of target actionlib_msgs_generate_messages_nodejs[0m
[4.340s] [  0%] Built target actionlib_msgs_generate_messages_cpp
[4.344s] [  0%] Built target _march_shared_resources_generate_messages_check_deps_GaitGoal
[4.346s] [  0%] Built target trajectory_msgs_generate_messages_cpp
[4.346s] [  0%] Built target control_msgs_generate_messages_cpp
[4.347s] [35m[1mScanning dependencies of target trajectory_msgs_generate_messages_nodejs[0m
[4.358s] [  0%] Built target std_msgs_generate_messages_nodejs
[4.358s] [35m[1mScanning dependencies of target std_msgs_generate_messages_eus[0m
[4.360s] [35m[1mScanning dependencies of target control_msgs_generate_messages_nodejs[0m
[4.360s] [  0%] Built target actionlib_msgs_generate_messages_nodejs
[4.366s] [35m[1mScanning dependencies of target trajectory_msgs_generate_messages_eus[0m
[4.368s] [  0%] Built target trajectory_msgs_generate_messages_nodejs
[4.375s] [35m[1mScanning dependencies of target control_msgs_generate_messages_eus[0m
[4.377s] [35m[1mScanning dependencies of target actionlib_msgs_generate_messages_eus[0m
[4.378s] [  0%] Built target std_msgs_generate_messages_eus
[4.380s] [35m[1mScanning dependencies of target control_msgs_generate_messages_py[0m
[4.381s] [  0%] Built target control_msgs_generate_messages_nodejs
[4.386s] [  0%] Built target trajectory_msgs_generate_messages_eus
[4.386s] [35m[1mScanning dependencies of target actionlib_msgs_generate_messages_py[0m
[4.394s] [35m[1mScanning dependencies of target trajectory_msgs_generate_messages_py[0m
[4.396s] [  0%] Built target actionlib_msgs_generate_messages_eus
[4.396s] [  0%] Built target control_msgs_generate_messages_eus
[4.400s] [35m[1mScanning dependencies of target std_msgs_generate_messages_py[0m
[4.402s] [  0%] Built target control_msgs_generate_messages_py
[4.411s] [  0%] Built target actionlib_msgs_generate_messages_py
[4.411s] [35m[1mScanning dependencies of target march_shared_resources_generate_messages_lisp[0m
[4.411s] [35m[1mScanning dependencies of target march_shared_resources_generate_messages_cpp[0m
[4.417s] [  0%] Built target trajectory_msgs_generate_messages_py
[4.418s] [35m[1mScanning dependencies of target march_shared_resources_generate_messages_nodejs[0m
[4.421s] [35m[1mScanning dependencies of target march_shared_resources_generate_messages_eus[0m
[4.422s] [  0%] Built target std_msgs_generate_messages_py
[4.431s] [  0%] [34m[1mGenerating Lisp code from march_shared_resources/GaitNameFeedback.msg[0m
[4.433s] [  1%] [34m[1mGenerating C++ code from march_shared_resources/GaitNameFeedback.msg[0m
[4.434s] [  2%] [34m[1mGenerating Lisp code from march_shared_resources/GaitAction.msg[0m
[4.436s] [  2%] [34m[1mGenerating Lisp code from march_shared_resources/GaitActionFeedback.msg[0m
[4.441s] [  3%] [34m[1mGenerating Javascript code from march_shared_resources/GaitNameFeedback.msg[0m
[4.442s] [  3%] [34m[1mGenerating C++ code from march_shared_resources/GaitAction.msg[0m
[4.442s] [  3%] [34m[1mGenerating C++ code from march_shared_resources/GaitActionFeedback.msg[0m
[4.451s] [  3%] [34m[1mGenerating EusLisp code from march_shared_resources/GaitNameFeedback.msg[0m
[4.530s] [  4%] [34m[1mGenerating EusLisp code from march_shared_resources/GaitAction.msg[0m
[4.531s] [  5%] [34m[1mGenerating EusLisp code from march_shared_resources/GaitActionFeedback.msg[0m
[4.554s] [  6%] [34m[1mGenerating Javascript code from march_shared_resources/GaitAction.msg[0m
[4.554s] [  7%] [34m[1mGenerating Lisp code from march_shared_resources/JointValues.msg[0m
[4.650s] [  8%] [34m[1mGenerating Javascript code from march_shared_resources/GaitActionFeedback.msg[0m
[4.662s] [  9%] [34m[1mGenerating Lisp code from march_shared_resources/AfterLimitJointCommand.msg[0m
[4.663s] [  9%] [34m[1mGenerating Lisp code from march_shared_resources/GaitFeedback.msg[0m
[4.678s] [  9%] [34m[1mGenerating EusLisp code from march_shared_resources/JointValues.msg[0m
[4.686s] [ 10%] [34m[1mGenerating EusLisp code from march_shared_resources/AfterLimitJointCommand.msg[0m
[4.746s] [ 11%] [34m[1mGenerating C++ code from march_shared_resources/JointValues.msg[0m
[4.750s] [ 12%] [34m[1mGenerating C++ code from march_shared_resources/AfterLimitJointCommand.msg[0m
[4.752s] [ 13%] [34m[1mGenerating Javascript code from march_shared_resources/AfterLimitJointCommand.msg[0m
[4.759s] [ 13%] [34m[1mGenerating Javascript code from march_shared_resources/JointValues.msg[0m
[4.762s] [ 13%] [34m[1mGenerating C++ code from march_shared_resources/GaitFeedback.msg[0m
[4.762s] [ 14%] [34m[1mGenerating Lisp code from march_shared_resources/Alive.msg[0m
[4.843s] [ 15%] [34m[1mGenerating C++ code from march_shared_resources/Alive.msg[0m
[4.849s] [ 15%] [34m[1mGenerating C++ code from march_shared_resources/GaitNameActionGoal.msg[0m
[4.853s] [ 15%] [34m[1mGenerating EusLisp code from march_shared_resources/GaitFeedback.msg[0m
[4.856s] [ 17%] [34m[1mGenerating Javascript code from march_shared_resources/GaitFeedback.msg[0m
[4.862s] [ 18%] [34m[1mGenerating Lisp code from march_shared_resources/GaitNameActionGoal.msg[0m
[4.938s] [ 18%] [34m[1mGenerating Javascript code from march_shared_resources/Alive.msg[0m
[4.992s] [ 18%] [34m[1mGenerating Lisp code from march_shared_resources/PowerDistributionBoardState.msg[0m
[5.003s] [ 19%] [34m[1mGenerating EusLisp code from march_shared_resources/Alive.msg[0m
[5.017s] [ 20%] [34m[1mGenerating Javascript code from march_shared_resources/GaitNameActionGoal.msg[0m
[5.044s] [ 21%] [34m[1mGenerating C++ code from march_shared_resources/PowerDistributionBoardState.msg[0m
[5.063s] [ 22%] [34m[1mGenerating C++ code from march_shared_resources/GaitNameAction.msg[0m
[5.114s] [ 22%] [34m[1mGenerating Lisp code from march_shared_resources/GaitInstruction.msg[0m
[5.120s] [ 23%] [34m[1mGenerating Lisp code from march_shared_resources/GaitNameAction.msg[0m
[5.138s] [ 23%] [34m[1mGenerating Javascript code from march_shared_resources/PowerDistributionBoardState.msg[0m
[5.173s] [ 23%] [34m[1mGenerating C++ code from march_shared_resources/GaitInstruction.msg[0m
[5.174s] [ 24%] [34m[1mGenerating C++ code from march_shared_resources/LowVoltageNet.msg[0m
[5.192s] [ 25%] [34m[1mGenerating EusLisp code from march_shared_resources/GaitNameActionGoal.msg[0m
[5.216s] [ 25%] [34m[1mGenerating EusLisp code from march_shared_resources/PowerDistributionBoardState.msg[0m
[5.296s] [ 26%] [34m[1mGenerating Lisp code from march_shared_resources/LowVoltageNet.msg[0m
[5.359s] [ 27%] [34m[1mGenerating Javascript code from march_shared_resources/GaitNameAction.msg[0m
[5.447s] [ 28%] [34m[1mGenerating EusLisp code from march_shared_resources/GaitNameAction.msg[0m
[5.452s] [ 29%] [34m[1mGenerating Lisp code from march_shared_resources/GaitNameResult.msg[0m
[5.497s] [ 30%] [34m[1mGenerating Javascript code from march_shared_resources/GaitInstruction.msg[0m
[5.523s] [35m[1mScanning dependencies of target march_shared_resources_generate_messages_py[0m
[5.549s] [ 30%] [34m[1mGenerating Javascript code from march_shared_resources/LowVoltageNet.msg[0m
[5.670s] [ 31%] [34m[1mGenerating C++ code from march_shared_resources/GaitNameResult.msg[0m
[5.714s] [ 32%] [34m[1mGenerating Python from MSG march_shared_resources/GaitNameFeedback[0m
[5.727s] [ 34%] [34m[1mGenerating Javascript code from march_shared_resources/GaitNameResult.msg[0m
[5.837s] [ 34%] [34m[1mGenerating Lisp code from march_shared_resources/GaitActionResult.msg[0m
[5.855s] [ 35%] [34m[1mGenerating Javascript code from march_shared_resources/GaitActionResult.msg[0m
[5.894s] [ 35%] [34m[1mGenerating Python from MSG march_shared_resources/GaitAction[0m
[5.977s] [ 36%] [34m[1mGenerating EusLisp code from march_shared_resources/GaitInstruction.msg[0m
[6.017s] [ 37%] [34m[1mGenerating Lisp code from march_shared_resources/GaitNameActionFeedback.msg[0m
[6.109s] [ 38%] [34m[1mGenerating Python from MSG march_shared_resources/GaitActionFeedback[0m
[6.113s] [ 38%] [34m[1mGenerating EusLisp code from march_shared_resources/LowVoltageNet.msg[0m
[6.161s] [ 38%] [34m[1mGenerating Javascript code from march_shared_resources/GaitNameActionFeedback.msg[0m
[6.297s] [ 39%] [34m[1mGenerating Python from MSG march_shared_resources/JointValues[0m
[6.367s] [ 40%] [34m[1mGenerating Lisp code from march_shared_resources/PressureSole.msg[0m
[6.389s] [ 40%] [34m[1mGenerating C++ code from march_shared_resources/GaitActionResult.msg[0m
[6.395s] [ 40%] [34m[1mGenerating Python from MSG march_shared_resources/AfterLimitJointCommand[0m
[6.414s] [ 41%] [34m[1mGenerating Javascript code from march_shared_resources/PressureSole.msg[0m
[6.415s] [ 42%] [34m[1mGenerating C++ code from march_shared_resources/GaitNameActionFeedback.msg[0m
[6.417s] [ 43%] [34m[1mGenerating EusLisp code from march_shared_resources/GaitNameResult.msg[0m
[6.522s] [ 44%] [34m[1mGenerating Python from MSG march_shared_resources/GaitFeedback[0m
[6.534s] [ 44%] [34m[1mGenerating Lisp code from march_shared_resources/GaitNameActionResult.msg[0m
[6.624s] [ 44%] [34m[1mGenerating Javascript code from march_shared_resources/GaitNameActionResult.msg[0m
[6.636s] [ 44%] [34m[1mGenerating EusLisp code from march_shared_resources/GaitActionResult.msg[0m
[6.676s] [ 45%] [34m[1mGenerating Javascript code from march_shared_resources/GaitGoal.msg[0m
[6.707s] [ 46%] [34m[1mGenerating Lisp code from march_shared_resources/GaitGoal.msg[0m
[6.722s] [ 47%] [34m[1mGenerating Javascript code from march_shared_resources/GaitResult.msg[0m
[6.758s] [ 47%] [34m[1mGenerating Lisp code from march_shared_resources/GaitResult.msg[0m
[6.795s] [ 47%] [34m[1mGenerating Python from MSG march_shared_resources/Alive[0m
[6.811s] [ 48%] [34m[1mGenerating Python from MSG march_shared_resources/GaitNameActionGoal[0m
[6.813s] [ 50%] [34m[1mGenerating EusLisp code from march_shared_resources/GaitNameActionFeedback.msg[0m
[6.819s] [ 50%] [34m[1mGenerating C++ code from march_shared_resources/PressureSole.msg[0m
[6.849s] [ 50%] [34m[1mGenerating Javascript code from march_shared_resources/GaitInstructionResponse.msg[0m
[6.857s] [ 51%] [34m[1mGenerating C++ code from march_shared_resources/GaitGoal.msg[0m
[6.857s] [ 52%] [34m[1mGenerating C++ code from march_shared_resources/GaitNameActionResult.msg[0m
[6.860s] [ 53%] [34m[1mGenerating Lisp code from march_shared_resources/GaitInstructionResponse.msg[0m
[6.974s] [ 54%] [34m[1mGenerating Javascript code from march_shared_resources/Error.msg[0m
[6.983s] [ 55%] [34m[1mGenerating Lisp code from march_shared_resources/Error.msg[0m
[7.003s] [ 56%] [34m[1mGenerating EusLisp code from march_shared_resources/PressureSole.msg[0m
[7.053s] [ 56%] [34m[1mGenerating EusLisp code from march_shared_resources/GaitNameActionResult.msg[0m
[7.085s] [ 57%] [34m[1mGenerating Python from MSG march_shared_resources/PowerDistributionBoardState[0m
[7.094s] [ 58%] [34m[1mGenerating Javascript code from march_shared_resources/ImcState.msg[0m
[7.114s] [ 58%] [34m[1mGenerating Lisp code from march_shared_resources/ImcState.msg[0m
[7.171s] [ 59%] [34m[1mGenerating Lisp code from march_shared_resources/GaitActionGoal.msg[0m
[7.229s] [ 59%] [34m[1mGenerating Javascript code from march_shared_resources/GaitActionGoal.msg[0m
[7.235s] [ 59%] [34m[1mGenerating C++ code from march_shared_resources/GaitResult.msg[0m
[7.240s] [ 60%] [34m[1mGenerating Lisp code from march_shared_resources/GaitNameGoal.msg[0m
[7.242s] [ 61%] [34m[1mGenerating Javascript code from march_shared_resources/GaitNameGoal.msg[0m
[7.255s] [ 62%] [34m[1mGenerating EusLisp code from march_shared_resources/GaitGoal.msg[0m
[7.270s] [ 63%] [34m[1mGenerating C++ code from march_shared_resources/GaitInstructionResponse.msg[0m
[7.333s] [ 64%] [34m[1mGenerating C++ code from march_shared_resources/Error.msg[0m
[7.343s] [ 65%] [34m[1mGenerating Python from MSG march_shared_resources/GaitInstruction[0m
[7.344s] [ 65%] [34m[1mGenerating Lisp code from march_shared_resources/HighVoltageNet.msg[0m
[7.345s] [ 65%] [34m[1mGenerating Python from MSG march_shared_resources/GaitNameAction[0m
[7.353s] [ 65%] [34m[1mGenerating Javascript code from march_shared_resources/HighVoltageNet.msg[0m
[7.530s] [ 67%] [34m[1mGenerating EusLisp code from march_shared_resources/GaitResult.msg[0m
[7.538s] [ 68%] [34m[1mGenerating Lisp code from march_shared_resources/PossibleGaits.srv[0m
[7.621s] [ 70%] [34m[1mGenerating Lisp code from march_shared_resources/ContainsGait.srv[0m
[7.622s] [ 69%] [34m[1mGenerating Javascript code from march_shared_resources/PossibleGaits.srv[0m
[7.627s] [ 71%] [34m[1mGenerating Python from MSG march_shared_resources/LowVoltageNet[0m
[7.644s] [ 71%] [34m[1mGenerating EusLisp code from march_shared_resources/GaitInstructionResponse.msg[0m
[7.669s] [ 71%] [34m[1mGenerating Python from MSG march_shared_resources/GaitNameResult[0m
[7.732s] [ 72%] [34m[1mGenerating Lisp code from march_shared_resources/CurrentState.srv[0m
[7.733s] [ 72%] [34m[1mGenerating Python from MSG march_shared_resources/GaitActionResult[0m
[7.738s] [ 73%] [34m[1mGenerating EusLisp code from march_shared_resources/Error.msg[0m
[7.740s] [ 74%] [34m[1mGenerating Javascript code from march_shared_resources/ContainsGait.srv[0m
[7.746s] [ 74%] [34m[1mGenerating C++ code from march_shared_resources/ImcState.msg[0m
[7.854s] [ 75%] [34m[1mGenerating C++ code from march_shared_resources/GaitActionGoal.msg[0m
[7.866s] [ 76%] [34m[1mGenerating Lisp code from march_shared_resources/SetGaitVersion.srv[0m
[7.879s] [ 76%] [34m[1mGenerating Javascript code from march_shared_resources/CurrentState.srv[0m
[7.931s] [ 76%] [34m[1mGenerating EusLisp code from march_shared_resources/ImcState.msg[0m
[7.941s] [ 77%] [34m[1mGenerating C++ code from march_shared_resources/GaitNameGoal.msg[0m
[7.957s] [ 78%] [34m[1mGenerating EusLisp code from march_shared_resources/GaitActionGoal.msg[0m
[7.980s] [ 78%] Built target march_shared_resources_generate_messages_lisp
[8.002s] [ 79%] [34m[1mGenerating EusLisp code from march_shared_resources/GaitNameGoal.msg[0m
[8.014s] [ 80%] [34m[1mGenerating Javascript code from march_shared_resources/SetGaitVersion.srv[0m
[8.025s] [ 80%] [34m[1mGenerating Python from MSG march_shared_resources/GaitNameActionFeedback[0m
[8.122s] [ 81%] [34m[1mGenerating Python from MSG march_shared_resources/PressureSole[0m
[8.137s] [ 81%] Built target march_shared_resources_generate_messages_nodejs
[8.140s] [ 82%] [34m[1mGenerating Python from MSG march_shared_resources/GaitNameActionResult[0m
[8.150s] [ 82%] [34m[1mGenerating Python from MSG march_shared_resources/GaitGoal[0m
[8.166s] [ 84%] [34m[1mGenerating Python from MSG march_shared_resources/GaitResult[0m
[8.191s] [ 84%] [34m[1mGenerating EusLisp code from march_shared_resources/HighVoltageNet.msg[0m
[8.317s] [ 84%] [34m[1mGenerating C++ code from march_shared_resources/HighVoltageNet.msg[0m
[8.349s] [ 85%] [34m[1mGenerating EusLisp code from march_shared_resources/PossibleGaits.srv[0m
[8.360s] [ 86%] [34m[1mGenerating Python from MSG march_shared_resources/GaitInstructionResponse[0m
[8.419s] [ 87%] [34m[1mGenerating EusLisp code from march_shared_resources/ContainsGait.srv[0m
[8.433s] [ 87%] [34m[1mGenerating Python from MSG march_shared_resources/Error[0m
[8.437s] [ 87%] [34m[1mGenerating EusLisp code from march_shared_resources/CurrentState.srv[0m
[8.440s] [ 88%] [34m[1mGenerating Python from MSG march_shared_resources/ImcState[0m
[8.488s] [ 89%] [34m[1mGenerating EusLisp code from march_shared_resources/SetGaitVersion.srv[0m
[8.548s] [ 89%] [34m[1mGenerating Python from MSG march_shared_resources/GaitActionGoal[0m
[8.615s] [ 90%] [34m[1mGenerating Python from MSG march_shared_resources/HighVoltageNet[0m
[8.617s] [ 91%] [34m[1mGenerating Python from MSG march_shared_resources/GaitNameGoal[0m
[8.688s] [ 92%] [34m[1mGenerating C++ code from march_shared_resources/PossibleGaits.srv[0m
[8.714s] [ 93%] [34m[1mGenerating EusLisp manifest code for march_shared_resources[0m
[8.737s] [ 93%] [34m[1mGenerating C++ code from march_shared_resources/ContainsGait.srv[0m
[8.750s] [ 94%] [34m[1mGenerating C++ code from march_shared_resources/CurrentState.srv[0m
[8.764s] [ 95%] [34m[1mGenerating C++ code from march_shared_resources/SetGaitVersion.srv[0m
[8.854s] [ 95%] [34m[1mGenerating Python code from SRV march_shared_resources/PossibleGaits[0m
[8.913s] [ 96%] [34m[1mGenerating Python code from SRV march_shared_resources/ContainsGait[0m
[8.930s] [ 97%] [34m[1mGenerating Python code from SRV march_shared_resources/CurrentState[0m
[9.144s] [ 97%] [34m[1mGenerating Python code from SRV march_shared_resources/SetGaitVersion[0m
[9.392s] [ 98%] [34m[1mGenerating Python msg __init__.py for march_shared_resources[0m
[9.409s] [100%] [34m[1mGenerating Python srv __init__.py for march_shared_resources[0m
[9.490s] [100%] Built target march_shared_resources_generate_messages_cpp
[9.642s] [100%] Built target march_shared_resources_generate_messages_py
[9.993s] [100%] Built target march_shared_resources_generate_messages_eus
[10.011s] [35m[1mScanning dependencies of target march_shared_resources_generate_messages[0m
[10.030s] [100%] Built target march_shared_resources_generate_messages
[10.047s] Invoked command in '/home/katja/march_ws/src/march/build/march_shared_resources' returned '0': /usr/bin/cmake --build /home/katja/march_ws/src/march/build/march_shared_resources -- -j8 -l8
[10.158s] Invoking command in '/home/katja/march_ws/src/march/build/march_shared_resources': /usr/bin/cmake --build /home/katja/march_ws/src/march/build/march_shared_resources --target tests -- -j8 -l8
[10.270s] [35m[1mScanning dependencies of target tests[0m
[10.285s] Built target tests
[10.301s] Invoked command in '/home/katja/march_ws/src/march/build/march_shared_resources' returned '0': /usr/bin/cmake --build /home/katja/march_ws/src/march/build/march_shared_resources --target tests -- -j8 -l8
[10.393s] Invoking command in '/home/katja/march_ws/src/march/build/march_shared_resources': /usr/bin/cmake --build /home/katja/march_ws/src/march/build/march_shared_resources --target install -- -j8 -l8
[10.534s] [  0%] Built target _march_shared_resources_generate_messages_check_deps_ImcState
[10.550s] [  0%] Built target _march_shared_resources_generate_messages_check_deps_GaitNameFeedback
[10.550s] [  0%] Built target _march_shared_resources_generate_messages_check_deps_GaitNameActionFeedback
[10.553s] [  0%] Built target _march_shared_resources_generate_messages_check_deps_ContainsGait
[10.554s] [  0%] Built target _march_shared_resources_generate_messages_check_deps_SetGaitVersion
[10.557s] [  0%] Built target _march_shared_resources_generate_messages_check_deps_GaitResult
[10.559s] [  0%] Built target _march_shared_resources_generate_messages_check_deps_GaitFeedback
[10.591s] [  0%] Built target _march_shared_resources_generate_messages_check_deps_PressureSole
[10.653s] [  0%] Built target _march_shared_resources_generate_messages_check_deps_LowVoltageNet
[10.653s] [  0%] Built target std_msgs_generate_messages_lisp
[10.659s] [  0%] Built target _march_shared_resources_generate_messages_check_deps_GaitNameResult
[10.660s] [  0%] Built target _march_shared_resources_generate_messages_check_deps_GaitNameAction
[10.662s] [  0%] Built target _march_shared_resources_generate_messages_check_deps_GaitActionResult
[10.668s] [  0%] Built target _march_shared_resources_generate_messages_check_deps_GaitInstruction
[10.670s] [  0%] Built target _march_shared_resources_generate_messages_check_deps_GaitNameActionGoal
[10.676s] [  0%] Built target _march_shared_resources_generate_messages_check_deps_Error
[10.707s] [  0%] Built target actionlib_msgs_generate_messages_lisp
[10.728s] [  0%] Built target control_msgs_generate_messages_lisp
[10.761s] [  0%] Built target _march_shared_resources_generate_messages_check_deps_CurrentState
[10.771s] [  0%] Built target _march_shared_resources_generate_messages_check_deps_JointValues
[10.780s] [  0%] Built target _march_shared_resources_generate_messages_check_deps_PowerDistributionBoardState
[10.787s] [  0%] Built target _march_shared_resources_generate_messages_check_deps_GaitActionFeedback
[10.787s] [  0%] Built target _march_shared_resources_generate_messages_check_deps_GaitInstructionResponse
[10.804s] [  0%] Built target _march_shared_resources_generate_messages_check_deps_HighVoltageNet
[10.852s] [  0%] Built target _march_shared_resources_generate_messages_check_deps_GaitNameGoal
[10.858s] [  0%] Built target _march_shared_resources_generate_messages_check_deps_GaitActionGoal
[10.882s] [  0%] Built target _march_shared_resources_generate_messages_check_deps_AfterLimitJointCommand
[10.903s] [  0%] Built target _march_shared_resources_generate_messages_check_deps_PossibleGaits
[10.905s] [  0%] Built target _march_shared_resources_generate_messages_check_deps_GaitAction
[10.915s] [  0%] Built target _march_shared_resources_generate_messages_check_deps_GaitNameActionResult
[10.919s] [  0%] Built target _march_shared_resources_generate_messages_check_deps_Alive
[10.919s] [  0%] Built target trajectory_msgs_generate_messages_lisp
[10.933s] [  0%] Built target actionlib_msgs_generate_messages_cpp
[10.937s] [  0%] Built target _march_shared_resources_generate_messages_check_deps_GaitGoal
[10.939s] [  0%] Built target std_msgs_generate_messages_cpp
[10.958s] [  0%] Built target control_msgs_generate_messages_cpp
[10.963s] [  0%] Built target trajectory_msgs_generate_messages_cpp
[10.972s] [  0%] Built target actionlib_msgs_generate_messages_nodejs
[10.981s] [  0%] Built target std_msgs_generate_messages_nodejs
[10.984s] [  0%] Built target trajectory_msgs_generate_messages_nodejs
[10.991s] [  0%] Built target control_msgs_generate_messages_nodejs
[10.991s] [  0%] Built target std_msgs_generate_messages_eus
[10.995s] [  0%] Built target actionlib_msgs_generate_messages_eus
[11.016s] [  0%] Built target control_msgs_generate_messages_eus
[11.021s] [  0%] Built target trajectory_msgs_generate_messages_eus
[11.035s] [  0%] Built target trajectory_msgs_generate_messages_py
[11.038s] [  0%] Built target control_msgs_generate_messages_py
[11.040s] [  0%] Built target actionlib_msgs_generate_messages_py
[11.044s] [  0%] Built target std_msgs_generate_messages_py
[11.054s] [ 19%] Built target march_shared_resources_generate_messages_lisp
[11.059s] [ 39%] Built target march_shared_resources_generate_messages_cpp
[11.070s] [ 58%] Built target march_shared_resources_generate_messages_nodejs
[11.078s] [ 78%] Built target march_shared_resources_generate_messages_eus
[11.093s] [100%] Built target march_shared_resources_generate_messages_py
[11.127s] [100%] Built target march_shared_resources_generate_messages
[11.179s] [36mInstall the project...[0m
[11.196s] -- Install configuration: ""
[11.196s] -- Installing: /home/katja/march_ws/src/march/install/march_shared_resources/share/march_shared_resources/msg/AfterLimitJointCommand.msg
[11.196s] -- Installing: /home/katja/march_ws/src/march/install/march_shared_resources/share/march_shared_resources/msg/Alive.msg
[11.197s] -- Installing: /home/katja/march_ws/src/march/install/march_shared_resources/share/march_shared_resources/msg/Error.msg
[11.197s] -- Installing: /home/katja/march_ws/src/march/install/march_shared_resources/share/march_shared_resources/msg/GaitInstruction.msg
[11.197s] -- Installing: /home/katja/march_ws/src/march/install/march_shared_resources/share/march_shared_resources/msg/GaitInstructionResponse.msg
[11.198s] -- Installing: /home/katja/march_ws/src/march/install/march_shared_resources/share/march_shared_resources/msg/HighVoltageNet.msg
[11.198s] -- Installing: /home/katja/march_ws/src/march/install/march_shared_resources/share/march_shared_resources/msg/ImcState.msg
[11.199s] -- Installing: /home/katja/march_ws/src/march/install/march_shared_resources/share/march_shared_resources/msg/JointValues.msg
[11.199s] -- Installing: /home/katja/march_ws/src/march/install/march_shared_resources/share/march_shared_resources/msg/LowVoltageNet.msg
[11.199s] -- Installing: /home/katja/march_ws/src/march/install/march_shared_resources/share/march_shared_resources/msg/PowerDistributionBoardState.msg
[11.200s] -- Installing: /home/katja/march_ws/src/march/install/march_shared_resources/share/march_shared_resources/msg/PressureSole.msg
[11.200s] -- Installing: /home/katja/march_ws/src/march/install/march_shared_resources/share/march_shared_resources/srv/ContainsGait.srv
[11.200s] -- Installing: /home/katja/march_ws/src/march/install/march_shared_resources/share/march_shared_resources/srv/CurrentState.srv
[11.201s] -- Installing: /home/katja/march_ws/src/march/install/march_shared_resources/share/march_shared_resources/srv/PossibleGaits.srv
[11.201s] -- Installing: /home/katja/march_ws/src/march/install/march_shared_resources/share/march_shared_resources/srv/SetGaitVersion.srv
[11.201s] -- Installing: /home/katja/march_ws/src/march/install/march_shared_resources/share/march_shared_resources/action/Gait.action
[11.202s] -- Installing: /home/katja/march_ws/src/march/install/march_shared_resources/share/march_shared_resources/action/GaitName.action
[11.202s] -- Installing: /home/katja/march_ws/src/march/install/march_shared_resources/share/march_shared_resources/msg/GaitAction.msg
[11.202s] -- Installing: /home/katja/march_ws/src/march/install/march_shared_resources/share/march_shared_resources/msg/GaitActionGoal.msg
[11.203s] -- Installing: /home/katja/march_ws/src/march/install/march_shared_resources/share/march_shared_resources/msg/GaitActionResult.msg
[11.203s] -- Installing: /home/katja/march_ws/src/march/install/march_shared_resources/share/march_shared_resources/msg/GaitActionFeedback.msg
[11.204s] -- Installing: /home/katja/march_ws/src/march/install/march_shared_resources/share/march_shared_resources/msg/GaitGoal.msg
[11.204s] -- Installing: /home/katja/march_ws/src/march/install/march_shared_resources/share/march_shared_resources/msg/GaitResult.msg
[11.205s] -- Installing: /home/katja/march_ws/src/march/install/march_shared_resources/share/march_shared_resources/msg/GaitFeedback.msg
[11.205s] -- Installing: /home/katja/march_ws/src/march/install/march_shared_resources/share/march_shared_resources/msg/GaitNameAction.msg
[11.206s] -- Installing: /home/katja/march_ws/src/march/install/march_shared_resources/share/march_shared_resources/msg/GaitNameActionGoal.msg
[11.206s] -- Installing: /home/katja/march_ws/src/march/install/march_shared_resources/share/march_shared_resources/msg/GaitNameActionResult.msg
[11.207s] -- Installing: /home/katja/march_ws/src/march/install/march_shared_resources/share/march_shared_resources/msg/GaitNameActionFeedback.msg
[11.207s] -- Installing: /home/katja/march_ws/src/march/install/march_shared_resources/share/march_shared_resources/msg/GaitNameGoal.msg
[11.207s] -- Installing: /home/katja/march_ws/src/march/install/march_shared_resources/share/march_shared_resources/msg/GaitNameResult.msg
[11.208s] -- Installing: /home/katja/march_ws/src/march/install/march_shared_resources/share/march_shared_resources/msg/GaitNameFeedback.msg
[11.208s] -- Installing: /home/katja/march_ws/src/march/install/march_shared_resources/share/march_shared_resources/cmake/march_shared_resources-msg-paths.cmake
[11.208s] -- Installing: /home/katja/march_ws/src/march/install/march_shared_resources/include/march_shared_resources
[11.209s] -- Installing: /home/katja/march_ws/src/march/install/march_shared_resources/include/march_shared_resources/PossibleGaits.h
[11.209s] -- Installing: /home/katja/march_ws/src/march/install/march_shared_resources/include/march_shared_resources/JointValues.h
[11.209s] -- Installing: /home/katja/march_ws/src/march/install/march_shared_resources/include/march_shared_resources/CurrentStateResponse.h
[11.210s] -- Installing: /home/katja/march_ws/src/march/install/march_shared_resources/include/march_shared_resources/GaitNameGoal.h
[11.210s] -- Installing: /home/katja/march_ws/src/march/install/march_shared_resources/include/march_shared_resources/HighVoltageNet.h
[11.210s] -- Installing: /home/katja/march_ws/src/march/install/march_shared_resources/include/march_shared_resources/GaitNameActionGoal.h
[11.211s] -- Installing: /home/katja/march_ws/src/march/install/march_shared_resources/include/march_shared_resources/ContainsGaitResponse.h
[11.211s] -- Installing: /home/katja/march_ws/src/march/install/march_shared_resources/include/march_shared_resources/LowVoltageNet.h
[11.212s] -- Installing: /home/katja/march_ws/src/march/install/march_shared_resources/include/march_shared_resources/GaitActionGoal.h
[11.212s] -- Installing: /home/katja/march_ws/src/march/install/march_shared_resources/include/march_shared_resources/ContainsGait.h
[11.212s] -- Installing: /home/katja/march_ws/src/march/install/march_shared_resources/include/march_shared_resources/GaitNameActionFeedback.h
[11.212s] -- Installing: /home/katja/march_ws/src/march/install/march_shared_resources/include/march_shared_resources/Error.h
[11.212s] -- Installing: /home/katja/march_ws/src/march/install/march_shared_resources/include/march_shared_resources/GaitInstructionResponse.h
[11.213s] -- Installing: /home/katja/march_ws/src/march/install/march_shared_resources/include/march_shared_resources/SetGaitVersion.h
[11.213s] -- Installing: /home/katja/march_ws/src/march/install/march_shared_resources/include/march_shared_resources/GaitGoal.h
[11.213s] -- Installing: /home/katja/march_ws/src/march/install/march_shared_resources/include/march_shared_resources/PossibleGaitsRequest.h
[11.213s] -- Installing: /home/katja/march_ws/src/march/install/march_shared_resources/include/march_shared_resources/GaitInstruction.h
[11.213s] -- Installing: /home/katja/march_ws/src/march/install/march_shared_resources/include/march_shared_resources/PressureSole.h
[11.214s] -- Installing: /home/katja/march_ws/src/march/install/march_shared_resources/include/march_shared_resources/AfterLimitJointCommand.h
[11.214s] -- Installing: /home/katja/march_ws/src/march/install/march_shared_resources/include/march_shared_resources/CurrentStateRequest.h
[11.214s] -- Installing: /home/katja/march_ws/src/march/install/march_shared_resources/include/march_shared_resources/SetGaitVersionRequest.h
[11.214s] -- Installing: /home/katja/march_ws/src/march/install/march_shared_resources/include/march_shared_resources/PossibleGaitsResponse.h
[11.214s] -- Installing: /home/katja/march_ws/src/march/install/march_shared_resources/include/march_shared_resources/Alive.h
[11.215s] -- Installing: /home/katja/march_ws/src/march/install/march_shared_resources/include/march_shared_resources/ContainsGaitRequest.h
[11.215s] -- Installing: /home/katja/march_ws/src/march/install/march_shared_resources/include/march_shared_resources/GaitActionResult.h
[11.215s] -- Installing: /home/katja/march_ws/src/march/install/march_shared_resources/include/march_shared_resources/GaitAction.h
[11.215s] -- Installing: /home/katja/march_ws/src/march/install/march_shared_resources/include/march_shared_resources/GaitFeedback.h
[11.216s] -- Installing: /home/katja/march_ws/src/march/install/march_shared_resources/include/march_shared_resources/GaitNameAction.h
[11.216s] -- Installing: /home/katja/march_ws/src/march/install/march_shared_resources/include/march_shared_resources/GaitActionFeedback.h
[11.216s] -- Installing: /home/katja/march_ws/src/march/install/march_shared_resources/include/march_shared_resources/CurrentState.h
[11.216s] -- Installing: /home/katja/march_ws/src/march/install/march_shared_resources/include/march_shared_resources/GaitResult.h
[11.216s] -- Installing: /home/katja/march_ws/src/march/install/march_shared_resources/include/march_shared_resources/SetGaitVersionResponse.h
[11.217s] -- Installing: /home/katja/march_ws/src/march/install/march_shared_resources/include/march_shared_resources/ImcState.h
[11.217s] -- Installing: /home/katja/march_ws/src/march/install/march_shared_resources/include/march_shared_resources/GaitNameFeedback.h
[11.217s] -- Installing: /home/katja/march_ws/src/march/install/march_shared_resources/include/march_shared_resources/GaitNameResult.h
[11.217s] -- Installing: /home/katja/march_ws/src/march/install/march_shared_resources/include/march_shared_resources/GaitNameActionResult.h
[11.217s] -- Installing: /home/katja/march_ws/src/march/install/march_shared_resources/include/march_shared_resources/PowerDistributionBoardState.h
[11.218s] -- Installing: /home/katja/march_ws/src/march/install/march_shared_resources/share/roseus/ros/march_shared_resources
[11.218s] -- Installing: /home/katja/march_ws/src/march/install/march_shared_resources/share/roseus/ros/march_shared_resources/manifest.l
[11.218s] -- Installing: /home/katja/march_ws/src/march/install/march_shared_resources/share/roseus/ros/march_shared_resources/srv
[11.218s] -- Installing: /home/katja/march_ws/src/march/install/march_shared_resources/share/roseus/ros/march_shared_resources/srv/SetGaitVersion.l
[11.219s] -- Installing: /home/katja/march_ws/src/march/install/march_shared_resources/share/roseus/ros/march_shared_resources/srv/ContainsGait.l
[11.219s] -- Installing: /home/katja/march_ws/src/march/install/march_shared_resources/share/roseus/ros/march_shared_resources/srv/CurrentState.l
[11.219s] -- Installing: /home/katja/march_ws/src/march/install/march_shared_resources/share/roseus/ros/march_shared_resources/srv/PossibleGaits.l
[11.219s] -- Installing: /home/katja/march_ws/src/march/install/march_shared_resources/share/roseus/ros/march_shared_resources/msg
[11.219s] -- Installing: /home/katja/march_ws/src/march/install/march_shared_resources/share/roseus/ros/march_shared_resources/msg/GaitNameGoal.l
[11.219s] -- Installing: /home/katja/march_ws/src/march/install/march_shared_resources/share/roseus/ros/march_shared_resources/msg/GaitNameResult.l
[11.219s] -- Installing: /home/katja/march_ws/src/march/install/march_shared_resources/share/roseus/ros/march_shared_resources/msg/GaitResult.l
[11.219s] -- Installing: /home/katja/march_ws/src/march/install/march_shared_resources/share/roseus/ros/march_shared_resources/msg/ImcState.l
[11.220s] -- Installing: /home/katja/march_ws/src/march/install/march_shared_resources/share/roseus/ros/march_shared_resources/msg/Error.l
[11.220s] -- Installing: /home/katja/march_ws/src/march/install/march_shared_resources/share/roseus/ros/march_shared_resources/msg/GaitNameActionFeedback.l
[11.220s] -- Installing: /home/katja/march_ws/src/march/install/march_shared_resources/share/roseus/ros/march_shared_resources/msg/AfterLimitJointCommand.l
[11.220s] -- Installing: /home/katja/march_ws/src/march/install/march_shared_resources/share/roseus/ros/march_shared_resources/msg/JointValues.l
[11.220s] -- Installing: /home/katja/march_ws/src/march/install/march_shared_resources/share/roseus/ros/march_shared_resources/msg/PressureSole.l
[11.220s] -- Installing: /home/katja/march_ws/src/march/install/march_shared_resources/share/roseus/ros/march_shared_resources/msg/HighVoltageNet.l
[11.220s] -- Installing: /home/katja/march_ws/src/march/install/march_shared_resources/share/roseus/ros/march_shared_resources/msg/PowerDistributionBoardState.l
[11.220s] -- Installing: /home/katja/march_ws/src/march/install/march_shared_resources/share/roseus/ros/march_shared_resources/msg/GaitActionGoal.l
[11.220s] -- Installing: /home/katja/march_ws/src/march/install/march_shared_resources/share/roseus/ros/march_shared_resources/msg/GaitAction.l
[11.221s] -- Installing: /home/katja/march_ws/src/march/install/march_shared_resources/share/roseus/ros/march_shared_resources/msg/GaitNameActionGoal.l
[11.221s] -- Installing: /home/katja/march_ws/src/march/install/march_shared_resources/share/roseus/ros/march_shared_resources/msg/Alive.l
[11.221s] -- Installing: /home/katja/march_ws/src/march/install/march_shared_resources/share/roseus/ros/march_shared_resources/msg/GaitInstructionResponse.l
[11.221s] -- Installing: /home/katja/march_ws/src/march/install/march_shared_resources/share/roseus/ros/march_shared_resources/msg/GaitNameAction.l
[11.221s] -- Installing: /home/katja/march_ws/src/march/install/march_shared_resources/share/roseus/ros/march_shared_resources/msg/GaitActionResult.l
[11.221s] -- Installing: /home/katja/march_ws/src/march/install/march_shared_resources/share/roseus/ros/march_shared_resources/msg/GaitNameFeedback.l
[11.221s] -- Installing: /home/katja/march_ws/src/march/install/march_shared_resources/share/roseus/ros/march_shared_resources/msg/GaitActionFeedback.l
[11.221s] -- Installing: /home/katja/march_ws/src/march/install/march_shared_resources/share/roseus/ros/march_shared_resources/msg/LowVoltageNet.l
[11.221s] -- Installing: /home/katja/march_ws/src/march/install/march_shared_resources/share/roseus/ros/march_shared_resources/msg/GaitGoal.l
[11.221s] -- Installing: /home/katja/march_ws/src/march/install/march_shared_resources/share/roseus/ros/march_shared_resources/msg/GaitInstruction.l
[11.221s] -- Installing: /home/katja/march_ws/src/march/install/march_shared_resources/share/roseus/ros/march_shared_resources/msg/GaitNameActionResult.l
[11.222s] -- Installing: /home/katja/march_ws/src/march/install/march_shared_resources/share/roseus/ros/march_shared_resources/msg/GaitFeedback.l
[11.222s] -- Installing: /home/katja/march_ws/src/march/install/march_shared_resources/share/common-lisp/ros/march_shared_resources
[11.222s] -- Installing: /home/katja/march_ws/src/march/install/march_shared_resources/share/common-lisp/ros/march_shared_resources/srv
[11.222s] -- Installing: /home/katja/march_ws/src/march/install/march_shared_resources/share/common-lisp/ros/march_shared_resources/srv/_package.lisp
[11.222s] -- Installing: /home/katja/march_ws/src/march/install/march_shared_resources/share/common-lisp/ros/march_shared_resources/srv/_package_SetGaitVersion.lisp
[11.222s] -- Installing: /home/katja/march_ws/src/march/install/march_shared_resources/share/common-lisp/ros/march_shared_resources/srv/march_shared_resources-srv.asd
[11.222s] -- Installing: /home/katja/march_ws/src/march/install/march_shared_resources/share/common-lisp/ros/march_shared_resources/srv/_package_PossibleGaits.lisp
[11.222s] -- Installing: /home/katja/march_ws/src/march/install/march_shared_resources/share/common-lisp/ros/march_shared_resources/srv/SetGaitVersion.lisp
[11.222s] -- Installing: /home/katja/march_ws/src/march/install/march_shared_resources/share/common-lisp/ros/march_shared_resources/srv/PossibleGaits.lisp
[11.223s] -- Installing: /home/katja/march_ws/src/march/install/march_shared_resources/share/common-lisp/ros/march_shared_resources/srv/_package_ContainsGait.lisp
[11.223s] -- Installing: /home/katja/march_ws/src/march/install/march_shared_resources/share/common-lisp/ros/march_shared_resources/srv/_package_CurrentState.lisp
[11.223s] -- Installing: /home/katja/march_ws/src/march/install/march_shared_resources/share/common-lisp/ros/march_shared_resources/srv/ContainsGait.lisp
[11.223s] -- Installing: /home/katja/march_ws/src/march/install/march_shared_resources/share/common-lisp/ros/march_shared_resources/srv/CurrentState.lisp
[11.223s] -- Installing: /home/katja/march_ws/src/march/install/march_shared_resources/share/common-lisp/ros/march_shared_resources/msg
[11.223s] -- Installing: /home/katja/march_ws/src/march/install/march_shared_resources/share/common-lisp/ros/march_shared_resources/msg/GaitNameResult.lisp
[11.223s] -- Installing: /home/katja/march_ws/src/march/install/march_shared_resources/share/common-lisp/ros/march_shared_resources/msg/GaitActionResult.lisp
[11.223s] -- Installing: /home/katja/march_ws/src/march/install/march_shared_resources/share/common-lisp/ros/march_shared_resources/msg/GaitInstructionResponse.lisp
[11.223s] -- Installing: /home/katja/march_ws/src/march/install/march_shared_resources/share/common-lisp/ros/march_shared_resources/msg/_package.lisp
[11.223s] -- Installing: /home/katja/march_ws/src/march/install/march_shared_resources/share/common-lisp/ros/march_shared_resources/msg/_package_GaitNameActionFeedback.lisp
[11.224s] -- Installing: /home/katja/march_ws/src/march/install/march_shared_resources/share/common-lisp/ros/march_shared_resources/msg/_package_GaitNameAction.lisp
[11.224s] -- Installing: /home/katja/march_ws/src/march/install/march_shared_resources/share/common-lisp/ros/march_shared_resources/msg/_package_LowVoltageNet.lisp
[11.224s] -- Installing: /home/katja/march_ws/src/march/install/march_shared_resources/share/common-lisp/ros/march_shared_resources/msg/GaitNameGoal.lisp
[11.224s] -- Installing: /home/katja/march_ws/src/march/install/march_shared_resources/share/common-lisp/ros/march_shared_resources/msg/_package_GaitNameActionResult.lisp
[11.224s] -- Installing: /home/katja/march_ws/src/march/install/march_shared_resources/share/common-lisp/ros/march_shared_resources/msg/_package_Error.lisp
[11.224s] -- Installing: /home/katja/march_ws/src/march/install/march_shared_resources/share/common-lisp/ros/march_shared_resources/msg/_package_GaitResult.lisp
[11.224s] -- Installing: /home/katja/march_ws/src/march/install/march_shared_resources/share/common-lisp/ros/march_shared_resources/msg/_package_PressureSole.lisp
[11.224s] -- Installing: /home/katja/march_ws/src/march/install/march_shared_resources/share/common-lisp/ros/march_shared_resources/msg/Alive.lisp
[11.224s] -- Installing: /home/katja/march_ws/src/march/install/march_shared_resources/share/common-lisp/ros/march_shared_resources/msg/GaitResult.lisp
[11.225s] -- Installing: /home/katja/march_ws/src/march/install/march_shared_resources/share/common-lisp/ros/march_shared_resources/msg/_package_GaitNameGoal.lisp
[11.225s] -- Installing: /home/katja/march_ws/src/march/install/march_shared_resources/share/common-lisp/ros/march_shared_resources/msg/AfterLimitJointCommand.lisp
[11.225s] -- Installing: /home/katja/march_ws/src/march/install/march_shared_resources/share/common-lisp/ros/march_shared_resources/msg/PressureSole.lisp
[11.225s] -- Installing: /home/katja/march_ws/src/march/install/march_shared_resources/share/common-lisp/ros/march_shared_resources/msg/GaitFeedback.lisp
[11.225s] -- Installing: /home/katja/march_ws/src/march/install/march_shared_resources/share/common-lisp/ros/march_shared_resources/msg/ImcState.lisp
[11.225s] -- Installing: /home/katja/march_ws/src/march/install/march_shared_resources/share/common-lisp/ros/march_shared_resources/msg/_package_GaitNameActionGoal.lisp
[11.225s] -- Installing: /home/katja/march_ws/src/march/install/march_shared_resources/share/common-lisp/ros/march_shared_resources/msg/_package_GaitNameFeedback.lisp
[11.225s] -- Installing: /home/katja/march_ws/src/march/install/march_shared_resources/share/common-lisp/ros/march_shared_resources/msg/_package_GaitActionFeedback.lisp
[11.225s] -- Installing: /home/katja/march_ws/src/march/install/march_shared_resources/share/common-lisp/ros/march_shared_resources/msg/_package_GaitInstruction.lisp
[11.226s] -- Installing: /home/katja/march_ws/src/march/install/march_shared_resources/share/common-lisp/ros/march_shared_resources/msg/LowVoltageNet.lisp
[11.226s] -- Installing: /home/katja/march_ws/src/march/install/march_shared_resources/share/common-lisp/ros/march_shared_resources/msg/_package_ImcState.lisp
[11.226s] -- Installing: /home/katja/march_ws/src/march/install/march_shared_resources/share/common-lisp/ros/march_shared_resources/msg/_package_GaitGoal.lisp
[11.226s] -- Installing: /home/katja/march_ws/src/march/install/march_shared_resources/share/common-lisp/ros/march_shared_resources/msg/_package_AfterLimitJointCommand.lisp
[11.226s] -- Installing: /home/katja/march_ws/src/march/install/march_shared_resources/share/common-lisp/ros/march_shared_resources/msg/_package_PowerDistributionBoardState.lisp
[11.226s] -- Installing: /home/katja/march_ws/src/march/install/march_shared_resources/share/common-lisp/ros/march_shared_resources/msg/GaitNameAction.lisp
[11.226s] -- Installing: /home/katja/march_ws/src/march/install/march_shared_resources/share/common-lisp/ros/march_shared_resources/msg/PowerDistributionBoardState.lisp
[11.226s] -- Installing: /home/katja/march_ws/src/march/install/march_shared_resources/share/common-lisp/ros/march_shared_resources/msg/JointValues.lisp
[11.227s] -- Installing: /home/katja/march_ws/src/march/install/march_shared_resources/share/common-lisp/ros/march_shared_resources/msg/_package_GaitActionResult.lisp
[11.227s] -- Installing: /home/katja/march_ws/src/march/install/march_shared_resources/share/common-lisp/ros/march_shared_resources/msg/GaitNameFeedback.lisp
[11.227s] -- Installing: /home/katja/march_ws/src/march/install/march_shared_resources/share/common-lisp/ros/march_shared_resources/msg/GaitGoal.lisp
[11.227s] -- Installing: /home/katja/march_ws/src/march/install/march_shared_resources/share/common-lisp/ros/march_shared_resources/msg/GaitNameActionGoal.lisp
[11.227s] -- Installing: /home/katja/march_ws/src/march/install/march_shared_resources/share/common-lisp/ros/march_shared_resources/msg/GaitActionFeedback.lisp
[11.227s] -- Installing: /home/katja/march_ws/src/march/install/march_shared_resources/share/common-lisp/ros/march_shared_resources/msg/GaitNameActionResult.lisp
[11.227s] -- Installing: /home/katja/march_ws/src/march/install/march_shared_resources/share/common-lisp/ros/march_shared_resources/msg/_package_JointValues.lisp
[11.227s] -- Installing: /home/katja/march_ws/src/march/install/march_shared_resources/share/common-lisp/ros/march_shared_resources/msg/GaitAction.lisp
[11.227s] -- Installing: /home/katja/march_ws/src/march/install/march_shared_resources/share/common-lisp/ros/march_shared_resources/msg/_package_GaitAction.lisp
[11.228s] -- Installing: /home/katja/march_ws/src/march/install/march_shared_resources/share/common-lisp/ros/march_shared_resources/msg/march_shared_resources-msg.asd
[11.228s] -- Installing: /home/katja/march_ws/src/march/install/march_shared_resources/share/common-lisp/ros/march_shared_resources/msg/GaitInstruction.lisp
[11.228s] -- Installing: /home/katja/march_ws/src/march/install/march_shared_resources/share/common-lisp/ros/march_shared_resources/msg/GaitNameActionFeedback.lisp
[11.228s] -- Installing: /home/katja/march_ws/src/march/install/march_shared_resources/share/common-lisp/ros/march_shared_resources/msg/_package_GaitInstructionResponse.lisp
[11.228s] -- Installing: /home/katja/march_ws/src/march/install/march_shared_resources/share/common-lisp/ros/march_shared_resources/msg/_package_Alive.lisp
[11.228s] -- Installing: /home/katja/march_ws/src/march/install/march_shared_resources/share/common-lisp/ros/march_shared_resources/msg/HighVoltageNet.lisp
[11.228s] -- Installing: /home/katja/march_ws/src/march/install/march_shared_resources/share/common-lisp/ros/march_shared_resources/msg/_package_GaitNameResult.lisp
[11.228s] -- Installing: /home/katja/march_ws/src/march/install/march_shared_resources/share/common-lisp/ros/march_shared_resources/msg/_package_GaitActionGoal.lisp
[11.228s] -- Installing: /home/katja/march_ws/src/march/install/march_shared_resources/share/common-lisp/ros/march_shared_resources/msg/Error.lisp
[11.229s] -- Installing: /home/katja/march_ws/src/march/install/march_shared_resources/share/common-lisp/ros/march_shared_resources/msg/GaitActionGoal.lisp
[11.229s] -- Installing: /home/katja/march_ws/src/march/install/march_shared_resources/share/common-lisp/ros/march_shared_resources/msg/_package_HighVoltageNet.lisp
[11.229s] -- Installing: /home/katja/march_ws/src/march/install/march_shared_resources/share/common-lisp/ros/march_shared_resources/msg/_package_GaitFeedback.lisp
[11.229s] -- Installing: /home/katja/march_ws/src/march/install/march_shared_resources/share/gennodejs/ros/march_shared_resources
[11.229s] -- Installing: /home/katja/march_ws/src/march/install/march_shared_resources/share/gennodejs/ros/march_shared_resources/srv
[11.229s] -- Installing: /home/katja/march_ws/src/march/install/march_shared_resources/share/gennodejs/ros/march_shared_resources/srv/PossibleGaits.js
[11.229s] -- Installing: /home/katja/march_ws/src/march/install/march_shared_resources/share/gennodejs/ros/march_shared_resources/srv/SetGaitVersion.js
[11.229s] -- Installing: /home/katja/march_ws/src/march/install/march_shared_resources/share/gennodejs/ros/march_shared_resources/srv/ContainsGait.js
[11.229s] -- Installing: /home/katja/march_ws/src/march/install/march_shared_resources/share/gennodejs/ros/march_shared_resources/srv/CurrentState.js
[11.230s] -- Installing: /home/katja/march_ws/src/march/install/march_shared_resources/share/gennodejs/ros/march_shared_resources/srv/_index.js
[11.230s] -- Installing: /home/katja/march_ws/src/march/install/march_shared_resources/share/gennodejs/ros/march_shared_resources/_index.js
[11.230s] -- Installing: /home/katja/march_ws/src/march/install/march_shared_resources/share/gennodejs/ros/march_shared_resources/msg
[11.230s] -- Installing: /home/katja/march_ws/src/march/install/march_shared_resources/share/gennodejs/ros/march_shared_resources/msg/AfterLimitJointCommand.js
[11.230s] -- Installing: /home/katja/march_ws/src/march/install/march_shared_resources/share/gennodejs/ros/march_shared_resources/msg/GaitGoal.js
[11.230s] -- Installing: /home/katja/march_ws/src/march/install/march_shared_resources/share/gennodejs/ros/march_shared_resources/msg/PowerDistributionBoardState.js
[11.230s] -- Installing: /home/katja/march_ws/src/march/install/march_shared_resources/share/gennodejs/ros/march_shared_resources/msg/GaitResult.js
[11.230s] -- Installing: /home/katja/march_ws/src/march/install/march_shared_resources/share/gennodejs/ros/march_shared_resources/msg/Alive.js
[11.230s] -- Installing: /home/katja/march_ws/src/march/install/march_shared_resources/share/gennodejs/ros/march_shared_resources/msg/HighVoltageNet.js
[11.231s] -- Installing: /home/katja/march_ws/src/march/install/march_shared_resources/share/gennodejs/ros/march_shared_resources/msg/GaitInstruction.js
[11.231s] -- Installing: /home/katja/march_ws/src/march/install/march_shared_resources/share/gennodejs/ros/march_shared_resources/msg/GaitNameActionGoal.js
[11.231s] -- Installing: /home/katja/march_ws/src/march/install/march_shared_resources/share/gennodejs/ros/march_shared_resources/msg/GaitNameAction.js
[11.231s] -- Installing: /home/katja/march_ws/src/march/install/march_shared_resources/share/gennodejs/ros/march_shared_resources/msg/GaitNameActionFeedback.js
[11.231s] -- Installing: /home/katja/march_ws/src/march/install/march_shared_resources/share/gennodejs/ros/march_shared_resources/msg/GaitInstructionResponse.js
[11.231s] -- Installing: /home/katja/march_ws/src/march/install/march_shared_resources/share/gennodejs/ros/march_shared_resources/msg/ImcState.js
[11.231s] -- Installing: /home/katja/march_ws/src/march/install/march_shared_resources/share/gennodejs/ros/march_shared_resources/msg/GaitNameActionResult.js
[11.232s] -- Installing: /home/katja/march_ws/src/march/install/march_shared_resources/share/gennodejs/ros/march_shared_resources/msg/JointValues.js
[11.232s] -- Installing: /home/katja/march_ws/src/march/install/march_shared_resources/share/gennodejs/ros/march_shared_resources/msg/GaitActionFeedback.js
[11.232s] -- Installing: /home/katja/march_ws/src/march/install/march_shared_resources/share/gennodejs/ros/march_shared_resources/msg/GaitNameResult.js
[11.232s] -- Installing: /home/katja/march_ws/src/march/install/march_shared_resources/share/gennodejs/ros/march_shared_resources/msg/GaitNameFeedback.js
[11.232s] -- Installing: /home/katja/march_ws/src/march/install/march_shared_resources/share/gennodejs/ros/march_shared_resources/msg/GaitFeedback.js
[11.232s] -- Installing: /home/katja/march_ws/src/march/install/march_shared_resources/share/gennodejs/ros/march_shared_resources/msg/_index.js
[11.232s] -- Installing: /home/katja/march_ws/src/march/install/march_shared_resources/share/gennodejs/ros/march_shared_resources/msg/GaitActionGoal.js
[11.232s] -- Installing: /home/katja/march_ws/src/march/install/march_shared_resources/share/gennodejs/ros/march_shared_resources/msg/GaitActionResult.js
[11.232s] -- Installing: /home/katja/march_ws/src/march/install/march_shared_resources/share/gennodejs/ros/march_shared_resources/msg/PressureSole.js
[11.233s] -- Installing: /home/katja/march_ws/src/march/install/march_shared_resources/share/gennodejs/ros/march_shared_resources/msg/GaitNameGoal.js
[11.233s] -- Installing: /home/katja/march_ws/src/march/install/march_shared_resources/share/gennodejs/ros/march_shared_resources/msg/GaitAction.js
[11.233s] -- Installing: /home/katja/march_ws/src/march/install/march_shared_resources/share/gennodejs/ros/march_shared_resources/msg/LowVoltageNet.js
[11.233s] -- Installing: /home/katja/march_ws/src/march/install/march_shared_resources/share/gennodejs/ros/march_shared_resources/msg/Error.js
[11.300s] Listing /home/katja/march_ws/src/march/build/march_shared_resources/devel/lib/python2.7/dist-packages/march_shared_resources ...
[11.301s] Compiling /home/katja/march_ws/src/march/build/march_shared_resources/devel/lib/python2.7/dist-packages/march_shared_resources/__init__.py ...
[11.301s] Listing /home/katja/march_ws/src/march/build/march_shared_resources/devel/lib/python2.7/dist-packages/march_shared_resources/msg ...
[11.301s] Compiling /home/katja/march_ws/src/march/build/march_shared_resources/devel/lib/python2.7/dist-packages/march_shared_resources/msg/_AfterLimitJointCommand.py ...
[11.301s] Compiling /home/katja/march_ws/src/march/build/march_shared_resources/devel/lib/python2.7/dist-packages/march_shared_resources/msg/_Alive.py ...
[11.301s] Compiling /home/katja/march_ws/src/march/build/march_shared_resources/devel/lib/python2.7/dist-packages/march_shared_resources/msg/_Error.py ...
[11.301s] Compiling /home/katja/march_ws/src/march/build/march_shared_resources/devel/lib/python2.7/dist-packages/march_shared_resources/msg/_GaitAction.py ...
[11.302s] Compiling /home/katja/march_ws/src/march/build/march_shared_resources/devel/lib/python2.7/dist-packages/march_shared_resources/msg/_GaitActionFeedback.py ...
[11.302s] Compiling /home/katja/march_ws/src/march/build/march_shared_resources/devel/lib/python2.7/dist-packages/march_shared_resources/msg/_GaitActionGoal.py ...
[11.302s] Compiling /home/katja/march_ws/src/march/build/march_shared_resources/devel/lib/python2.7/dist-packages/march_shared_resources/msg/_GaitActionResult.py ...
[11.302s] Compiling /home/katja/march_ws/src/march/build/march_shared_resources/devel/lib/python2.7/dist-packages/march_shared_resources/msg/_GaitFeedback.py ...
[11.302s] Compiling /home/katja/march_ws/src/march/build/march_shared_resources/devel/lib/python2.7/dist-packages/march_shared_resources/msg/_GaitGoal.py ...
[11.302s] Compiling /home/katja/march_ws/src/march/build/march_shared_resources/devel/lib/python2.7/dist-packages/march_shared_resources/msg/_GaitInstruction.py ...
[11.303s] Compiling /home/katja/march_ws/src/march/build/march_shared_resources/devel/lib/python2.7/dist-packages/march_shared_resources/msg/_GaitInstructionResponse.py ...
[11.303s] Compiling /home/katja/march_ws/src/march/build/march_shared_resources/devel/lib/python2.7/dist-packages/march_shared_resources/msg/_GaitNameAction.py ...
[11.303s] Compiling /home/katja/march_ws/src/march/build/march_shared_resources/devel/lib/python2.7/dist-packages/march_shared_resources/msg/_GaitNameActionFeedback.py ...
[11.303s] Compiling /home/katja/march_ws/src/march/build/march_shared_resources/devel/lib/python2.7/dist-packages/march_shared_resources/msg/_GaitNameActionGoal.py ...
[11.303s] Compiling /home/katja/march_ws/src/march/build/march_shared_resources/devel/lib/python2.7/dist-packages/march_shared_resources/msg/_GaitNameActionResult.py ...
[11.303s] Compiling /home/katja/march_ws/src/march/build/march_shared_resources/devel/lib/python2.7/dist-packages/march_shared_resources/msg/_GaitNameFeedback.py ...
[11.304s] Compiling /home/katja/march_ws/src/march/build/march_shared_resources/devel/lib/python2.7/dist-packages/march_shared_resources/msg/_GaitNameGoal.py ...
[11.304s] Compiling /home/katja/march_ws/src/march/build/march_shared_resources/devel/lib/python2.7/dist-packages/march_shared_resources/msg/_GaitNameResult.py ...
[11.304s] Compiling /home/katja/march_ws/src/march/build/march_shared_resources/devel/lib/python2.7/dist-packages/march_shared_resources/msg/_GaitResult.py ...
[11.304s] Compiling /home/katja/march_ws/src/march/build/march_shared_resources/devel/lib/python2.7/dist-packages/march_shared_resources/msg/_HighVoltageNet.py ...
[11.304s] Compiling /home/katja/march_ws/src/march/build/march_shared_resources/devel/lib/python2.7/dist-packages/march_shared_resources/msg/_ImcState.py ...
[11.304s] Compiling /home/katja/march_ws/src/march/build/march_shared_resources/devel/lib/python2.7/dist-packages/march_shared_resources/msg/_JointValues.py ...
[11.304s] Compiling /home/katja/march_ws/src/march/build/march_shared_resources/devel/lib/python2.7/dist-packages/march_shared_resources/msg/_LowVoltageNet.py ...
[11.314s] Compiling /home/katja/march_ws/src/march/build/march_shared_resources/devel/lib/python2.7/dist-packages/march_shared_resources/msg/_PowerDistributionBoardState.py ...
[11.314s] Compiling /home/katja/march_ws/src/march/build/march_shared_resources/devel/lib/python2.7/dist-packages/march_shared_resources/msg/_PressureSole.py ...
[11.314s] Compiling /home/katja/march_ws/src/march/build/march_shared_resources/devel/lib/python2.7/dist-packages/march_shared_resources/msg/__init__.py ...
[11.314s] Listing /home/katja/march_ws/src/march/build/march_shared_resources/devel/lib/python2.7/dist-packages/march_shared_resources/srv ...
[11.315s] Compiling /home/katja/march_ws/src/march/build/march_shared_resources/devel/lib/python2.7/dist-packages/march_shared_resources/srv/_ContainsGait.py ...
[11.315s] Compiling /home/katja/march_ws/src/march/build/march_shared_resources/devel/lib/python2.7/dist-packages/march_shared_resources/srv/_CurrentState.py ...
[11.315s] Compiling /home/katja/march_ws/src/march/build/march_shared_resources/devel/lib/python2.7/dist-packages/march_shared_resources/srv/_PossibleGaits.py ...
[11.315s] Compiling /home/katja/march_ws/src/march/build/march_shared_resources/devel/lib/python2.7/dist-packages/march_shared_resources/srv/_SetGaitVersion.py ...
[11.315s] Compiling /home/katja/march_ws/src/march/build/march_shared_resources/devel/lib/python2.7/dist-packages/march_shared_resources/srv/__init__.py ...
[11.317s] -- Installing: /home/katja/march_ws/src/march/install/march_shared_resources/lib/python2.7/dist-packages/march_shared_resources
[11.317s] -- Installing: /home/katja/march_ws/src/march/install/march_shared_resources/lib/python2.7/dist-packages/march_shared_resources/__init__.pyc
[11.317s] -- Installing: /home/katja/march_ws/src/march/install/march_shared_resources/lib/python2.7/dist-packages/march_shared_resources/srv
[11.317s] -- Installing: /home/katja/march_ws/src/march/install/march_shared_resources/lib/python2.7/dist-packages/march_shared_resources/srv/_ContainsGait.pyc
[11.318s] -- Installing: /home/katja/march_ws/src/march/install/march_shared_resources/lib/python2.7/dist-packages/march_shared_resources/srv/_ContainsGait.py
[11.318s] -- Installing: /home/katja/march_ws/src/march/install/march_shared_resources/lib/python2.7/dist-packages/march_shared_resources/srv/_CurrentState.pyc
[11.318s] -- Installing: /home/katja/march_ws/src/march/install/march_shared_resources/lib/python2.7/dist-packages/march_shared_resources/srv/__init__.pyc
[11.318s] -- Installing: /home/katja/march_ws/src/march/install/march_shared_resources/lib/python2.7/dist-packages/march_shared_resources/srv/_CurrentState.py
[11.319s] -- Installing: /home/katja/march_ws/src/march/install/march_shared_resources/lib/python2.7/dist-packages/march_shared_resources/srv/_SetGaitVersion.py
[11.319s] -- Installing: /home/katja/march_ws/src/march/install/march_shared_resources/lib/python2.7/dist-packages/march_shared_resources/srv/_PossibleGaits.py
[11.319s] -- Installing: /home/katja/march_ws/src/march/install/march_shared_resources/lib/python2.7/dist-packages/march_shared_resources/srv/_PossibleGaits.pyc
[11.319s] -- Installing: /home/katja/march_ws/src/march/install/march_shared_resources/lib/python2.7/dist-packages/march_shared_resources/srv/_SetGaitVersion.pyc
[11.319s] -- Installing: /home/katja/march_ws/src/march/install/march_shared_resources/lib/python2.7/dist-packages/march_shared_resources/srv/__init__.py
[11.320s] -- Installing: /home/katja/march_ws/src/march/install/march_shared_resources/lib/python2.7/dist-packages/march_shared_resources/msg
[11.320s] -- Installing: /home/katja/march_ws/src/march/install/march_shared_resources/lib/python2.7/dist-packages/march_shared_resources/msg/_GaitNameActionResult.pyc
[11.320s] -- Installing: /home/katja/march_ws/src/march/install/march_shared_resources/lib/python2.7/dist-packages/march_shared_resources/msg/_GaitActionGoal.pyc
[11.320s] -- Installing: /home/katja/march_ws/src/march/install/march_shared_resources/lib/python2.7/dist-packages/march_shared_resources/msg/_GaitInstruction.py
[11.321s] -- Installing: /home/katja/march_ws/src/march/install/march_shared_resources/lib/python2.7/dist-packages/march_shared_resources/msg/_GaitNameFeedback.py
[11.321s] -- Installing: /home/katja/march_ws/src/march/install/march_shared_resources/lib/python2.7/dist-packages/march_shared_resources/msg/_GaitInstruction.pyc
[11.321s] -- Installing: /home/katja/march_ws/src/march/install/march_shared_resources/lib/python2.7/dist-packages/march_shared_resources/msg/_GaitNameFeedback.pyc
[11.321s] -- Installing: /home/katja/march_ws/src/march/install/march_shared_resources/lib/python2.7/dist-packages/march_shared_resources/msg/_GaitInstructionResponse.pyc
[11.322s] -- Installing: /home/katja/march_ws/src/march/install/march_shared_resources/lib/python2.7/dist-packages/march_shared_resources/msg/_GaitNameResult.pyc
[11.322s] -- Installing: /home/katja/march_ws/src/march/install/march_shared_resources/lib/python2.7/dist-packages/march_shared_resources/msg/_GaitNameGoal.py
[11.322s] -- Installing: /home/katja/march_ws/src/march/install/march_shared_resources/lib/python2.7/dist-packages/march_shared_resources/msg/_JointValues.py
[11.322s] -- Installing: /home/katja/march_ws/src/march/install/march_shared_resources/lib/python2.7/dist-packages/march_shared_resources/msg/_Error.py
[11.323s] -- Installing: /home/katja/march_ws/src/march/install/march_shared_resources/lib/python2.7/dist-packages/march_shared_resources/msg/_ImcState.pyc
[11.323s] -- Installing: /home/katja/march_ws/src/march/install/march_shared_resources/lib/python2.7/dist-packages/march_shared_resources/msg/_PowerDistributionBoardState.py
[11.323s] -- Installing: /home/katja/march_ws/src/march/install/march_shared_resources/lib/python2.7/dist-packages/march_shared_resources/msg/_GaitResult.py
[11.324s] -- Installing: /home/katja/march_ws/src/march/install/march_shared_resources/lib/python2.7/dist-packages/march_shared_resources/msg/_GaitNameActionResult.py
[11.324s] -- Installing: /home/katja/march_ws/src/march/install/march_shared_resources/lib/python2.7/dist-packages/march_shared_resources/msg/_GaitAction.py
[11.324s] -- Installing: /home/katja/march_ws/src/march/install/march_shared_resources/lib/python2.7/dist-packages/march_shared_resources/msg/_GaitFeedback.pyc
[11.324s] -- Installing: /home/katja/march_ws/src/march/install/march_shared_resources/lib/python2.7/dist-packages/march_shared_resources/msg/__init__.pyc
[11.325s] -- Installing: /home/katja/march_ws/src/march/install/march_shared_resources/lib/python2.7/dist-packages/march_shared_resources/msg/_AfterLimitJointCommand.pyc
[11.325s] -- Installing: /home/katja/march_ws/src/march/install/march_shared_resources/lib/python2.7/dist-packages/march_shared_resources/msg/_GaitAction.pyc
[11.325s] -- Installing: /home/katja/march_ws/src/march/install/march_shared_resources/lib/python2.7/dist-packages/march_shared_resources/msg/_GaitActionGoal.py
[11.325s] -- Installing: /home/katja/march_ws/src/march/install/march_shared_resources/lib/python2.7/dist-packages/march_shared_resources/msg/_GaitActionResult.py
[11.325s] -- Installing: /home/katja/march_ws/src/march/install/march_shared_resources/lib/python2.7/dist-packages/march_shared_resources/msg/_GaitNameActionGoal.pyc
[11.326s] -- Installing: /home/katja/march_ws/src/march/install/march_shared_resources/lib/python2.7/dist-packages/march_shared_resources/msg/_GaitFeedback.py
[11.326s] -- Installing: /home/katja/march_ws/src/march/install/march_shared_resources/lib/python2.7/dist-packages/march_shared_resources/msg/_GaitNameGoal.pyc
[11.326s] -- Installing: /home/katja/march_ws/src/march/install/march_shared_resources/lib/python2.7/dist-packages/march_shared_resources/msg/_GaitNameActionFeedback.pyc
[11.326s] -- Installing: /home/katja/march_ws/src/march/install/march_shared_resources/lib/python2.7/dist-packages/march_shared_resources/msg/_GaitInstructionResponse.py
[11.327s] -- Installing: /home/katja/march_ws/src/march/install/march_shared_resources/lib/python2.7/dist-packages/march_shared_resources/msg/_LowVoltageNet.py
[11.327s] -- Installing: /home/katja/march_ws/src/march/install/march_shared_resources/lib/python2.7/dist-packages/march_shared_resources/msg/_GaitResult.pyc
[11.327s] -- Installing: /home/katja/march_ws/src/march/install/march_shared_resources/lib/python2.7/dist-packages/march_shared_resources/msg/_GaitNameResult.py
[11.327s] -- Installing: /home/katja/march_ws/src/march/install/march_shared_resources/lib/python2.7/dist-packages/march_shared_resources/msg/_PressureSole.py
[11.328s] -- Installing: /home/katja/march_ws/src/march/install/march_shared_resources/lib/python2.7/dist-packages/march_shared_resources/msg/_HighVoltageNet.py
[11.328s] -- Installing: /home/katja/march_ws/src/march/install/march_shared_resources/lib/python2.7/dist-packages/march_shared_resources/msg/_AfterLimitJointCommand.py
[11.329s] -- Installing: /home/katja/march_ws/src/march/install/march_shared_resources/lib/python2.7/dist-packages/march_shared_resources/msg/_Alive.pyc
[11.329s] -- Installing: /home/katja/march_ws/src/march/install/march_shared_resources/lib/python2.7/dist-packages/march_shared_resources/msg/_JointValues.pyc
[11.330s] -- Installing: /home/katja/march_ws/src/march/install/march_shared_resources/lib/python2.7/dist-packages/march_shared_resources/msg/_Alive.py
[11.330s] -- Installing: /home/katja/march_ws/src/march/install/march_shared_resources/lib/python2.7/dist-packages/march_shared_resources/msg/_LowVoltageNet.pyc
[11.331s] -- Installing: /home/katja/march_ws/src/march/install/march_shared_resources/lib/python2.7/dist-packages/march_shared_resources/msg/_ImcState.py
[11.331s] -- Installing: /home/katja/march_ws/src/march/install/march_shared_resources/lib/python2.7/dist-packages/march_shared_resources/msg/_GaitGoal.py
[11.331s] -- Installing: /home/katja/march_ws/src/march/install/march_shared_resources/lib/python2.7/dist-packages/march_shared_resources/msg/_GaitActionResult.pyc
[11.332s] -- Installing: /home/katja/march_ws/src/march/install/march_shared_resources/lib/python2.7/dist-packages/march_shared_resources/msg/_HighVoltageNet.pyc
[11.332s] -- Installing: /home/katja/march_ws/src/march/install/march_shared_resources/lib/python2.7/dist-packages/march_shared_resources/msg/_GaitActionFeedback.pyc
[11.332s] -- Installing: /home/katja/march_ws/src/march/install/march_shared_resources/lib/python2.7/dist-packages/march_shared_resources/msg/_GaitGoal.pyc
[11.332s] -- Installing: /home/katja/march_ws/src/march/install/march_shared_resources/lib/python2.7/dist-packages/march_shared_resources/msg/_GaitNameAction.py
[11.332s] -- Installing: /home/katja/march_ws/src/march/install/march_shared_resources/lib/python2.7/dist-packages/march_shared_resources/msg/__init__.py
[11.333s] -- Installing: /home/katja/march_ws/src/march/install/march_shared_resources/lib/python2.7/dist-packages/march_shared_resources/msg/_GaitActionFeedback.py
[11.333s] -- Installing: /home/katja/march_ws/src/march/install/march_shared_resources/lib/python2.7/dist-packages/march_shared_resources/msg/_GaitNameActionFeedback.py
[11.333s] -- Installing: /home/katja/march_ws/src/march/install/march_shared_resources/lib/python2.7/dist-packages/march_shared_resources/msg/_Error.pyc
[11.333s] -- Installing: /home/katja/march_ws/src/march/install/march_shared_resources/lib/python2.7/dist-packages/march_shared_resources/msg/_GaitNameAction.pyc
[11.333s] -- Installing: /home/katja/march_ws/src/march/install/march_shared_resources/lib/python2.7/dist-packages/march_shared_resources/msg/_PowerDistributionBoardState.pyc
[11.333s] -- Installing: /home/katja/march_ws/src/march/install/march_shared_resources/lib/python2.7/dist-packages/march_shared_resources/msg/_PressureSole.pyc
[11.333s] -- Installing: /home/katja/march_ws/src/march/install/march_shared_resources/lib/python2.7/dist-packages/march_shared_resources/msg/_GaitNameActionGoal.py
[11.333s] -- Installing: /home/katja/march_ws/src/march/install/march_shared_resources/lib/python2.7/dist-packages/march_shared_resources/__init__.py
[11.334s] -- Installing: /home/katja/march_ws/src/march/install/march_shared_resources/lib/pkgconfig/march_shared_resources.pc
[11.334s] -- Installing: /home/katja/march_ws/src/march/install/march_shared_resources/share/march_shared_resources/cmake/march_shared_resources-msg-extras.cmake
[11.334s] -- Installing: /home/katja/march_ws/src/march/install/march_shared_resources/share/march_shared_resources/cmake/march_shared_resourcesConfig.cmake
[11.334s] -- Installing: /home/katja/march_ws/src/march/install/march_shared_resources/share/march_shared_resources/cmake/march_shared_resourcesConfig-version.cmake
[11.334s] -- Installing: /home/katja/march_ws/src/march/install/march_shared_resources/share/march_shared_resources/package.xml
[11.338s] Invoked command in '/home/katja/march_ws/src/march/build/march_shared_resources' returned '0': /usr/bin/cmake --build /home/katja/march_ws/src/march/build/march_shared_resources --target install -- -j8 -l8
