[0.252s] DEBUG:colcon:Command line arguments: ['/usr/bin/colcon', 'build', '--packages-select', 'march_gait_selection', 'march_shared_resources']
[0.252s] DEBUG:colcon:Parsed command line arguments: Namespace(ament_cmake_args=None, base_paths=['.'], build_base='build', catkin_cmake_args=None, catkin_skip_building_tests=False, cmake_args=None, cmake_clean_cache=False, cmake_clean_first=False, cmake_force_configure=False, cmake_target=None, cmake_target_skip_unavailable=False, continue_on_error=False, event_handlers=None, executor='parallel', ignore_user_meta=False, install_base='install', log_base=None, log_level=None, main=<bound method BuildVerb.main of <colcon_core.verb.build.BuildVerb object at 0x7fd88d1a9128>>, merge_install=False, metas=['./colcon.meta'], packages_above=None, packages_above_depth=None, packages_end=None, packages_ignore=None, packages_ignore_regex=None, packages_select=['march_gait_selection', 'march_shared_resources'], packages_select_build_failed=False, packages_select_by_dep=None, packages_select_regex=None, packages_select_test_failures=False, packages_skip=None, packages_skip_build_finished=False, packages_skip_by_dep=None, packages_skip_regex=None, packages_skip_test_passed=False, packages_skip_up_to=None, packages_start=None, packages_up_to=None, parallel_workers=4, paths=None, symlink_install=False, test_result_base=None, verb_extension=<colcon_core.verb.build.BuildVerb object at 0x7fd88d1a9128>, verb_name='build', verb_parser=<colcon_defaults.argument_parser.defaults.DefaultArgumentsDecorator object at 0x7fd88d1a9470>)
[0.311s] Level 1:colcon.colcon_core.package_discovery:discover_packages(colcon_meta) check parameters
[0.311s] Level 1:colcon.colcon_core.package_discovery:discover_packages(recursive) check parameters
[0.311s] Level 1:colcon.colcon_core.package_discovery:discover_packages(ignore) check parameters
[0.311s] Level 1:colcon.colcon_core.package_discovery:discover_packages(path) check parameters
[0.311s] Level 1:colcon.colcon_core.package_discovery:discover_packages(colcon_meta) discover
[0.311s] Level 1:colcon.colcon_core.package_discovery:discover_packages(recursive) discover
[0.312s] INFO:colcon.colcon_core.package_discovery:Crawling recursively for packages in '/home/rutger/march_ws/src/march'
[0.312s] Level 1:colcon.colcon_core.package_identification:_identify(.) by extensions ['ignore', 'ignore_ament_install']
[0.312s] Level 1:colcon.colcon_core.package_identification:_identify(.) by extension 'ignore'
[0.312s] Level 1:colcon.colcon_core.package_identification:_identify(.) by extension 'ignore_ament_install'
[0.312s] Level 1:colcon.colcon_core.package_identification:_identify(.) by extensions ['colcon_pkg']
[0.312s] Level 1:colcon.colcon_core.package_identification:_identify(.) by extension 'colcon_pkg'
[0.312s] Level 1:colcon.colcon_core.package_identification:_identify(.) by extensions ['colcon_meta']
[0.312s] Level 1:colcon.colcon_core.package_identification:_identify(.) by extension 'colcon_meta'
[0.312s] Level 1:colcon.colcon_core.package_identification:_identify(.) by extensions ['ros']
[0.312s] Level 1:colcon.colcon_core.package_identification:_identify(.) by extension 'ros'
[0.336s] Level 1:colcon.colcon_core.package_identification:_identify(.) by extensions ['cmake', 'python']
[0.336s] Level 1:colcon.colcon_core.package_identification:_identify(.) by extension 'cmake'
[0.336s] Level 1:colcon.colcon_core.package_identification:_identify(.) by extension 'python'
[0.336s] Level 1:colcon.colcon_core.package_identification:_identify(.) by extensions ['python_setup_py']
[0.336s] Level 1:colcon.colcon_core.package_identification:_identify(.) by extension 'python_setup_py'
[0.336s] Level 1:colcon.colcon_core.package_identification:_identify(build) by extensions ['ignore', 'ignore_ament_install']
[0.336s] Level 1:colcon.colcon_core.package_identification:_identify(build) by extension 'ignore'
[0.336s] Level 1:colcon.colcon_core.package_identification:_identify(build) ignored
[0.337s] Level 1:colcon.colcon_core.package_identification:_identify(install) by extensions ['ignore', 'ignore_ament_install']
[0.337s] Level 1:colcon.colcon_core.package_identification:_identify(install) by extension 'ignore'
[0.337s] Level 1:colcon.colcon_core.package_identification:_identify(install) ignored
[0.337s] Level 1:colcon.colcon_core.package_identification:_identify(log) by extensions ['ignore', 'ignore_ament_install']
[0.337s] Level 1:colcon.colcon_core.package_identification:_identify(log) by extension 'ignore'
[0.337s] Level 1:colcon.colcon_core.package_identification:_identify(log) ignored
[0.337s] Level 1:colcon.colcon_core.package_identification:_identify(march_data_collector) by extensions ['ignore', 'ignore_ament_install']
[0.337s] Level 1:colcon.colcon_core.package_identification:_identify(march_data_collector) by extension 'ignore'
[0.337s] Level 1:colcon.colcon_core.package_identification:_identify(march_data_collector) by extension 'ignore_ament_install'
[0.337s] Level 1:colcon.colcon_core.package_identification:_identify(march_data_collector) by extensions ['colcon_pkg']
[0.338s] Level 1:colcon.colcon_core.package_identification:_identify(march_data_collector) by extension 'colcon_pkg'
[0.338s] Level 1:colcon.colcon_core.package_identification:_identify(march_data_collector) by extensions ['colcon_meta']
[0.338s] Level 1:colcon.colcon_core.package_identification:_identify(march_data_collector) by extension 'colcon_meta'
[0.338s] Level 1:colcon.colcon_core.package_identification:_identify(march_data_collector) by extensions ['ros']
[0.338s] Level 1:colcon.colcon_core.package_identification:_identify(march_data_collector) by extension 'ros'
[0.342s] DEBUG:colcon.colcon_core.package_identification:Package 'march_data_collector' with type 'ros.catkin' and name 'march_data_collector'
[0.342s] Level 1:colcon.colcon_core.package_identification:_identify(march_description) by extensions ['ignore', 'ignore_ament_install']
[0.342s] Level 1:colcon.colcon_core.package_identification:_identify(march_description) by extension 'ignore'
[0.342s] Level 1:colcon.colcon_core.package_identification:_identify(march_description) by extension 'ignore_ament_install'
[0.342s] Level 1:colcon.colcon_core.package_identification:_identify(march_description) by extensions ['colcon_pkg']
[0.342s] Level 1:colcon.colcon_core.package_identification:_identify(march_description) by extension 'colcon_pkg'
[0.342s] Level 1:colcon.colcon_core.package_identification:_identify(march_description) by extensions ['colcon_meta']
[0.342s] Level 1:colcon.colcon_core.package_identification:_identify(march_description) by extension 'colcon_meta'
[0.342s] Level 1:colcon.colcon_core.package_identification:_identify(march_description) by extensions ['ros']
[0.342s] Level 1:colcon.colcon_core.package_identification:_identify(march_description) by extension 'ros'
[0.343s] DEBUG:colcon.colcon_core.package_identification:Package 'march_description' with type 'ros.catkin' and name 'march_description'
[0.343s] Level 1:colcon.colcon_core.package_identification:_identify(march_gain_scheduling) by extensions ['ignore', 'ignore_ament_install']
[0.343s] Level 1:colcon.colcon_core.package_identification:_identify(march_gain_scheduling) by extension 'ignore'
[0.343s] Level 1:colcon.colcon_core.package_identification:_identify(march_gain_scheduling) by extension 'ignore_ament_install'
[0.343s] Level 1:colcon.colcon_core.package_identification:_identify(march_gain_scheduling) by extensions ['colcon_pkg']
[0.343s] Level 1:colcon.colcon_core.package_identification:_identify(march_gain_scheduling) by extension 'colcon_pkg'
[0.343s] Level 1:colcon.colcon_core.package_identification:_identify(march_gain_scheduling) by extensions ['colcon_meta']
[0.343s] Level 1:colcon.colcon_core.package_identification:_identify(march_gain_scheduling) by extension 'colcon_meta'
[0.344s] Level 1:colcon.colcon_core.package_identification:_identify(march_gain_scheduling) by extensions ['ros']
[0.344s] Level 1:colcon.colcon_core.package_identification:_identify(march_gain_scheduling) by extension 'ros'
[0.345s] DEBUG:colcon.colcon_core.package_identification:Package 'march_gain_scheduling' with type 'ros.catkin' and name 'march_gain_scheduling'
[0.345s] Level 1:colcon.colcon_core.package_identification:_identify(march_gait_scheduler) by extensions ['ignore', 'ignore_ament_install']
[0.345s] Level 1:colcon.colcon_core.package_identification:_identify(march_gait_scheduler) by extension 'ignore'
[0.345s] Level 1:colcon.colcon_core.package_identification:_identify(march_gait_scheduler) by extension 'ignore_ament_install'
[0.345s] Level 1:colcon.colcon_core.package_identification:_identify(march_gait_scheduler) by extensions ['colcon_pkg']
[0.345s] Level 1:colcon.colcon_core.package_identification:_identify(march_gait_scheduler) by extension 'colcon_pkg'
[0.345s] Level 1:colcon.colcon_core.package_identification:_identify(march_gait_scheduler) by extensions ['colcon_meta']
[0.345s] Level 1:colcon.colcon_core.package_identification:_identify(march_gait_scheduler) by extension 'colcon_meta'
[0.345s] Level 1:colcon.colcon_core.package_identification:_identify(march_gait_scheduler) by extensions ['ros']
[0.345s] Level 1:colcon.colcon_core.package_identification:_identify(march_gait_scheduler) by extension 'ros'
[0.347s] DEBUG:colcon.colcon_core.package_identification:Package 'march_gait_scheduler' with type 'ros.catkin' and name 'march_gait_scheduler'
[0.347s] Level 1:colcon.colcon_core.package_identification:_identify(march_gait_selection) by extensions ['ignore', 'ignore_ament_install']
[0.347s] Level 1:colcon.colcon_core.package_identification:_identify(march_gait_selection) by extension 'ignore'
[0.347s] Level 1:colcon.colcon_core.package_identification:_identify(march_gait_selection) by extension 'ignore_ament_install'
[0.347s] Level 1:colcon.colcon_core.package_identification:_identify(march_gait_selection) by extensions ['colcon_pkg']
[0.347s] Level 1:colcon.colcon_core.package_identification:_identify(march_gait_selection) by extension 'colcon_pkg'
[0.347s] Level 1:colcon.colcon_core.package_identification:_identify(march_gait_selection) by extensions ['colcon_meta']
[0.347s] Level 1:colcon.colcon_core.package_identification:_identify(march_gait_selection) by extension 'colcon_meta'
[0.347s] Level 1:colcon.colcon_core.package_identification:_identify(march_gait_selection) by extensions ['ros']
[0.347s] Level 1:colcon.colcon_core.package_identification:_identify(march_gait_selection) by extension 'ros'
[0.348s] DEBUG:colcon.colcon_core.package_identification:Package 'march_gait_selection' with type 'ros.catkin' and name 'march_gait_selection'
[0.349s] Level 1:colcon.colcon_core.package_identification:_identify(march_launch) by extensions ['ignore', 'ignore_ament_install']
[0.349s] Level 1:colcon.colcon_core.package_identification:_identify(march_launch) by extension 'ignore'
[0.349s] Level 1:colcon.colcon_core.package_identification:_identify(march_launch) by extension 'ignore_ament_install'
[0.349s] Level 1:colcon.colcon_core.package_identification:_identify(march_launch) by extensions ['colcon_pkg']
[0.349s] Level 1:colcon.colcon_core.package_identification:_identify(march_launch) by extension 'colcon_pkg'
[0.349s] Level 1:colcon.colcon_core.package_identification:_identify(march_launch) by extensions ['colcon_meta']
[0.349s] Level 1:colcon.colcon_core.package_identification:_identify(march_launch) by extension 'colcon_meta'
[0.349s] Level 1:colcon.colcon_core.package_identification:_identify(march_launch) by extensions ['ros']
[0.349s] Level 1:colcon.colcon_core.package_identification:_identify(march_launch) by extension 'ros'
[0.350s] DEBUG:colcon.colcon_core.package_identification:Package 'march_launch' with type 'ros.catkin' and name 'march_launch'
[0.350s] Level 1:colcon.colcon_core.package_identification:_identify(march_moveit) by extensions ['ignore', 'ignore_ament_install']
[0.350s] Level 1:colcon.colcon_core.package_identification:_identify(march_moveit) by extension 'ignore'
[0.350s] Level 1:colcon.colcon_core.package_identification:_identify(march_moveit) by extension 'ignore_ament_install'
[0.350s] Level 1:colcon.colcon_core.package_identification:_identify(march_moveit) by extensions ['colcon_pkg']
[0.350s] Level 1:colcon.colcon_core.package_identification:_identify(march_moveit) by extension 'colcon_pkg'
[0.350s] Level 1:colcon.colcon_core.package_identification:_identify(march_moveit) by extensions ['colcon_meta']
[0.350s] Level 1:colcon.colcon_core.package_identification:_identify(march_moveit) by extension 'colcon_meta'
[0.350s] Level 1:colcon.colcon_core.package_identification:_identify(march_moveit) by extensions ['ros']
[0.350s] Level 1:colcon.colcon_core.package_identification:_identify(march_moveit) by extension 'ros'
[0.353s] DEBUG:colcon.colcon_core.package_identification:Package 'march_moveit' with type 'ros.catkin' and name 'march_moveit'
[0.353s] Level 1:colcon.colcon_core.package_identification:_identify(march_safety) by extensions ['ignore', 'ignore_ament_install']
[0.353s] Level 1:colcon.colcon_core.package_identification:_identify(march_safety) by extension 'ignore'
[0.353s] Level 1:colcon.colcon_core.package_identification:_identify(march_safety) by extension 'ignore_ament_install'
[0.353s] Level 1:colcon.colcon_core.package_identification:_identify(march_safety) by extensions ['colcon_pkg']
[0.353s] Level 1:colcon.colcon_core.package_identification:_identify(march_safety) by extension 'colcon_pkg'
[0.353s] Level 1:colcon.colcon_core.package_identification:_identify(march_safety) by extensions ['colcon_meta']
[0.353s] Level 1:colcon.colcon_core.package_identification:_identify(march_safety) by extension 'colcon_meta'
[0.353s] Level 1:colcon.colcon_core.package_identification:_identify(march_safety) by extensions ['ros']
[0.353s] Level 1:colcon.colcon_core.package_identification:_identify(march_safety) by extension 'ros'
[0.355s] DEBUG:colcon.colcon_core.package_identification:Package 'march_safety' with type 'ros.catkin' and name 'march_safety'
[0.355s] Level 1:colcon.colcon_core.package_identification:_identify(march_shared_classes) by extensions ['ignore', 'ignore_ament_install']
[0.355s] Level 1:colcon.colcon_core.package_identification:_identify(march_shared_classes) by extension 'ignore'
[0.355s] Level 1:colcon.colcon_core.package_identification:_identify(march_shared_classes) by extension 'ignore_ament_install'
[0.355s] Level 1:colcon.colcon_core.package_identification:_identify(march_shared_classes) by extensions ['colcon_pkg']
[0.355s] Level 1:colcon.colcon_core.package_identification:_identify(march_shared_classes) by extension 'colcon_pkg'
[0.355s] Level 1:colcon.colcon_core.package_identification:_identify(march_shared_classes) by extensions ['colcon_meta']
[0.355s] Level 1:colcon.colcon_core.package_identification:_identify(march_shared_classes) by extension 'colcon_meta'
[0.355s] Level 1:colcon.colcon_core.package_identification:_identify(march_shared_classes) by extensions ['ros']
[0.355s] Level 1:colcon.colcon_core.package_identification:_identify(march_shared_classes) by extension 'ros'
[0.356s] DEBUG:colcon.colcon_core.package_identification:Package 'march_shared_classes' with type 'ros.catkin' and name 'march_shared_classes'
[0.356s] Level 1:colcon.colcon_core.package_identification:_identify(march_shared_resources) by extensions ['ignore', 'ignore_ament_install']
[0.356s] Level 1:colcon.colcon_core.package_identification:_identify(march_shared_resources) by extension 'ignore'
[0.356s] Level 1:colcon.colcon_core.package_identification:_identify(march_shared_resources) by extension 'ignore_ament_install'
[0.356s] Level 1:colcon.colcon_core.package_identification:_identify(march_shared_resources) by extensions ['colcon_pkg']
[0.356s] Level 1:colcon.colcon_core.package_identification:_identify(march_shared_resources) by extension 'colcon_pkg'
[0.356s] Level 1:colcon.colcon_core.package_identification:_identify(march_shared_resources) by extensions ['colcon_meta']
[0.357s] Level 1:colcon.colcon_core.package_identification:_identify(march_shared_resources) by extension 'colcon_meta'
[0.357s] Level 1:colcon.colcon_core.package_identification:_identify(march_shared_resources) by extensions ['ros']
[0.357s] Level 1:colcon.colcon_core.package_identification:_identify(march_shared_resources) by extension 'ros'
[0.357s] DEBUG:colcon.colcon_core.package_identification:Package 'march_shared_resources' with type 'ros.catkin' and name 'march_shared_resources'
[0.357s] Level 1:colcon.colcon_core.package_identification:_identify(march_state_machine) by extensions ['ignore', 'ignore_ament_install']
[0.358s] Level 1:colcon.colcon_core.package_identification:_identify(march_state_machine) by extension 'ignore'
[0.358s] Level 1:colcon.colcon_core.package_identification:_identify(march_state_machine) by extension 'ignore_ament_install'
[0.358s] Level 1:colcon.colcon_core.package_identification:_identify(march_state_machine) by extensions ['colcon_pkg']
[0.358s] Level 1:colcon.colcon_core.package_identification:_identify(march_state_machine) by extension 'colcon_pkg'
[0.358s] Level 1:colcon.colcon_core.package_identification:_identify(march_state_machine) by extensions ['colcon_meta']
[0.358s] Level 1:colcon.colcon_core.package_identification:_identify(march_state_machine) by extension 'colcon_meta'
[0.358s] Level 1:colcon.colcon_core.package_identification:_identify(march_state_machine) by extensions ['ros']
[0.358s] Level 1:colcon.colcon_core.package_identification:_identify(march_state_machine) by extension 'ros'
[0.359s] DEBUG:colcon.colcon_core.package_identification:Package 'march_state_machine' with type 'ros.catkin' and name 'march_state_machine'
[0.359s] Level 1:colcon.colcon_core.package_discovery:discover_packages(recursive) using defaults
[0.359s] Level 1:colcon.colcon_core.package_discovery:discover_packages(ignore) discover
[0.359s] Level 1:colcon.colcon_core.package_discovery:discover_packages(ignore) using defaults
[0.359s] Level 1:colcon.colcon_core.package_discovery:discover_packages(path) discover
[0.359s] Level 1:colcon.colcon_core.package_discovery:discover_packages(path) using defaults
[0.375s] INFO:colcon.colcon_core.package_selection:Skipping not selected package 'march_description' in 'march_description'
[0.375s] INFO:colcon.colcon_core.package_selection:Skipping not selected package 'march_data_collector' in 'march_data_collector'
[0.375s] INFO:colcon.colcon_core.package_selection:Skipping not selected package 'march_gain_scheduling' in 'march_gain_scheduling'
[0.375s] INFO:colcon.colcon_core.package_selection:Skipping not selected package 'march_gait_scheduler' in 'march_gait_scheduler'
[0.375s] INFO:colcon.colcon_core.package_selection:Skipping not selected package 'march_moveit' in 'march_moveit'
[0.375s] INFO:colcon.colcon_core.package_selection:Skipping not selected package 'march_safety' in 'march_safety'
[0.375s] INFO:colcon.colcon_core.package_selection:Skipping not selected package 'march_shared_classes' in 'march_shared_classes'
[0.375s] INFO:colcon.colcon_core.package_selection:Skipping not selected package 'march_state_machine' in 'march_state_machine'
[0.375s] INFO:colcon.colcon_core.package_selection:Skipping not selected package 'march_launch' in 'march_launch'
[0.379s] Level 5:colcon.colcon_core.verb:set package 'march_shared_resources' build argument 'cmake_args' from command line to 'None'
[0.379s] Level 5:colcon.colcon_core.verb:set package 'march_shared_resources' build argument 'cmake_target' from command line to 'None'
[0.379s] Level 5:colcon.colcon_core.verb:set package 'march_shared_resources' build argument 'cmake_target_skip_unavailable' from command line to 'False'
[0.379s] Level 5:colcon.colcon_core.verb:set package 'march_shared_resources' build argument 'cmake_clean_cache' from command line to 'False'
[0.379s] Level 5:colcon.colcon_core.verb:set package 'march_shared_resources' build argument 'cmake_clean_first' from command line to 'False'
[0.379s] Level 5:colcon.colcon_core.verb:set package 'march_shared_resources' build argument 'cmake_force_configure' from command line to 'False'
[0.379s] Level 5:colcon.colcon_core.verb:set package 'march_shared_resources' build argument 'ament_cmake_args' from command line to 'None'
[0.379s] Level 5:colcon.colcon_core.verb:set package 'march_shared_resources' build argument 'catkin_cmake_args' from command line to 'None'
[0.379s] Level 5:colcon.colcon_core.verb:set package 'march_shared_resources' build argument 'catkin_skip_building_tests' from command line to 'False'
[0.379s] DEBUG:colcon.colcon_core.verb:Building package 'march_shared_resources' with the following arguments: {'ament_cmake_args': None, 'build_base': '/home/rutger/march_ws/src/march/build/march_shared_resources', 'catkin_cmake_args': None, 'catkin_skip_building_tests': False, 'cmake_args': None, 'cmake_clean_cache': False, 'cmake_clean_first': False, 'cmake_force_configure': False, 'cmake_target': None, 'cmake_target_skip_unavailable': False, 'install_base': '/home/rutger/march_ws/src/march/install/march_shared_resources', 'merge_install': False, 'path': '/home/rutger/march_ws/src/march/march_shared_resources', 'symlink_install': False, 'test_result_base': None}
[0.384s] Level 5:colcon.colcon_core.verb:set package 'march_gait_selection' build argument 'cmake_args' from command line to 'None'
[0.384s] Level 5:colcon.colcon_core.verb:set package 'march_gait_selection' build argument 'cmake_target' from command line to 'None'
[0.384s] Level 5:colcon.colcon_core.verb:set package 'march_gait_selection' build argument 'cmake_target_skip_unavailable' from command line to 'False'
[0.384s] Level 5:colcon.colcon_core.verb:set package 'march_gait_selection' build argument 'cmake_clean_cache' from command line to 'False'
[0.384s] Level 5:colcon.colcon_core.verb:set package 'march_gait_selection' build argument 'cmake_clean_first' from command line to 'False'
[0.384s] Level 5:colcon.colcon_core.verb:set package 'march_gait_selection' build argument 'cmake_force_configure' from command line to 'False'
[0.384s] Level 5:colcon.colcon_core.verb:set package 'march_gait_selection' build argument 'ament_cmake_args' from command line to 'None'
[0.384s] Level 5:colcon.colcon_core.verb:set package 'march_gait_selection' build argument 'catkin_cmake_args' from command line to 'None'
[0.384s] Level 5:colcon.colcon_core.verb:set package 'march_gait_selection' build argument 'catkin_skip_building_tests' from command line to 'False'
[0.384s] DEBUG:colcon.colcon_core.verb:Building package 'march_gait_selection' with the following arguments: {'ament_cmake_args': None, 'build_base': '/home/rutger/march_ws/src/march/build/march_gait_selection', 'catkin_cmake_args': None, 'catkin_skip_building_tests': False, 'cmake_args': None, 'cmake_clean_cache': False, 'cmake_clean_first': False, 'cmake_force_configure': False, 'cmake_target': None, 'cmake_target_skip_unavailable': False, 'install_base': '/home/rutger/march_ws/src/march/install/march_gait_selection', 'merge_install': False, 'path': '/home/rutger/march_ws/src/march/march_gait_selection', 'symlink_install': False, 'test_result_base': None}
[0.385s] INFO:colcon.colcon_core.executor:Executing jobs using 'parallel' executor
[0.387s] DEBUG:colcon.colcon_parallel_executor.executor.parallel:run_until_complete
[0.388s] INFO:colcon.colcon_ros.task.catkin.build:Building ROS package in '/home/rutger/march_ws/src/march/march_shared_resources' with build type 'catkin'
[0.388s] INFO:colcon.colcon_cmake.task.cmake.build:Building CMake package in '/home/rutger/march_ws/src/march/march_shared_resources'
[0.394s] INFO:colcon.colcon_core.plugin_system:Skipping extension 'colcon_core.shell.bat': Not used on non-Windows systems
[0.394s] INFO:colcon.colcon_core.shell:Skip shell extension 'powershell' for command environment: Not usable outside of PowerShell
[0.394s] DEBUG:colcon.colcon_core.shell:Skip shell extension 'dsv' for command environment
[0.400s] DEBUG:colcon.colcon_core.shell:Ignoring prefix path '/opt/ros/melodic'
[0.408s] DEBUG:colcon.colcon_core.event_handler.log_command:Invoking command in '/home/rutger/march_ws/src/march/build/march_shared_resources': /usr/bin/cmake /home/rutger/march_ws/src/march/march_shared_resources -DCATKIN_INSTALL_INTO_PREFIX_ROOT=0 -DCMAKE_INSTALL_PREFIX=/home/rutger/march_ws/src/march/install/march_shared_resources
[4.710s] DEBUG:colcon.colcon_core.event_handler.log_command:Invoked command in '/home/rutger/march_ws/src/march/build/march_shared_resources' returned '0': /usr/bin/cmake /home/rutger/march_ws/src/march/march_shared_resources -DCATKIN_INSTALL_INTO_PREFIX_ROOT=0 -DCMAKE_INSTALL_PREFIX=/home/rutger/march_ws/src/march/install/march_shared_resources
[4.715s] DEBUG:colcon.colcon_core.event_handler.log_command:Invoking command in '/home/rutger/march_ws/src/march/build/march_shared_resources': /usr/bin/cmake --build /home/rutger/march_ws/src/march/build/march_shared_resources -- -j4 -l4
[23.406s] DEBUG:colcon.colcon_core.event_handler.log_command:Invoked command in '/home/rutger/march_ws/src/march/build/march_shared_resources' returned '0': /usr/bin/cmake --build /home/rutger/march_ws/src/march/build/march_shared_resources -- -j4 -l4
[23.670s] DEBUG:colcon.colcon_core.event_handler.log_command:Invoking command in '/home/rutger/march_ws/src/march/build/march_shared_resources': /usr/bin/cmake --build /home/rutger/march_ws/src/march/build/march_shared_resources --target tests -- -j4 -l4
[23.987s] DEBUG:colcon.colcon_core.event_handler.log_command:Invoked command in '/home/rutger/march_ws/src/march/build/march_shared_resources' returned '0': /usr/bin/cmake --build /home/rutger/march_ws/src/march/build/march_shared_resources --target tests -- -j4 -l4
[24.272s] DEBUG:colcon.colcon_core.event_handler.log_command:Invoking command in '/home/rutger/march_ws/src/march/build/march_shared_resources': /usr/bin/cmake --build /home/rutger/march_ws/src/march/build/march_shared_resources --target install -- -j4 -l4
[28.466s] Level 1:colcon.colcon_core.shell:create_environment_hook('march_shared_resources', 'ros_package_path')
[28.467s] INFO:colcon.colcon_core.shell:Creating environment hook '/home/rutger/march_ws/src/march/install/march_shared_resources/share/march_shared_resources/hook/ros_package_path.ps1'
[28.468s] DEBUG:colcon.colcon_core.event_handler.log_command:Invoked command in '/home/rutger/march_ws/src/march/build/march_shared_resources' returned '0': /usr/bin/cmake --build /home/rutger/march_ws/src/march/build/march_shared_resources --target install -- -j4 -l4
[28.469s] INFO:colcon.colcon_core.shell:Creating environment descriptor '/home/rutger/march_ws/src/march/install/march_shared_resources/share/march_shared_resources/hook/ros_package_path.dsv'
[28.470s] INFO:colcon.colcon_core.shell:Creating environment hook '/home/rutger/march_ws/src/march/install/march_shared_resources/share/march_shared_resources/hook/ros_package_path.sh'
[28.471s] Level 1:colcon.colcon_ros.task.catkin:checking '/home/rutger/march_ws/src/march/install/march_shared_resources/lib/python2.7/dist-packages'
[28.471s] Level 1:colcon.colcon_core.shell:create_environment_hook('march_shared_resources', 'catkin_pythonpath')
[28.472s] INFO:colcon.colcon_core.shell:Creating environment hook '/home/rutger/march_ws/src/march/install/march_shared_resources/share/march_shared_resources/hook/catkin_pythonpath.ps1'
[28.472s] INFO:colcon.colcon_core.shell:Creating environment descriptor '/home/rutger/march_ws/src/march/install/march_shared_resources/share/march_shared_resources/hook/catkin_pythonpath.dsv'
[28.472s] INFO:colcon.colcon_core.shell:Creating environment hook '/home/rutger/march_ws/src/march/install/march_shared_resources/share/march_shared_resources/hook/catkin_pythonpath.sh'
[28.473s] Level 1:colcon.colcon_core.shell:create_environment_hook('march_shared_resources', 'pkg_config_path')
[28.473s] INFO:colcon.colcon_core.shell:Creating environment hook '/home/rutger/march_ws/src/march/install/march_shared_resources/share/march_shared_resources/hook/pkg_config_path.ps1'
[28.474s] INFO:colcon.colcon_core.shell:Creating environment descriptor '/home/rutger/march_ws/src/march/install/march_shared_resources/share/march_shared_resources/hook/pkg_config_path.dsv'
[28.474s] INFO:colcon.colcon_core.shell:Creating environment hook '/home/rutger/march_ws/src/march/install/march_shared_resources/share/march_shared_resources/hook/pkg_config_path.sh'
[28.482s] Level 1:colcon.colcon_core.shell:create_environment_hook('march_shared_resources', 'pkg_config_path_multiarch')
[28.484s] INFO:colcon.colcon_core.shell:Creating environment hook '/home/rutger/march_ws/src/march/install/march_shared_resources/share/march_shared_resources/hook/pkg_config_path_multiarch.ps1'
[28.486s] INFO:colcon.colcon_core.shell:Creating environment descriptor '/home/rutger/march_ws/src/march/install/march_shared_resources/share/march_shared_resources/hook/pkg_config_path_multiarch.dsv'
[28.486s] INFO:colcon.colcon_core.shell:Creating environment hook '/home/rutger/march_ws/src/march/install/march_shared_resources/share/march_shared_resources/hook/pkg_config_path_multiarch.sh'
[28.490s] Level 1:colcon.colcon_core.environment:create_environment_scripts_only(march_shared_resources)
[28.498s] Level 1:colcon.colcon_core.environment:checking '/home/rutger/march_ws/src/march/install/march_shared_resources' for CMake module files
[28.500s] Level 1:colcon.colcon_core.environment:checking '/home/rutger/march_ws/src/march/install/march_shared_resources' for CMake config files
[28.501s] Level 1:colcon.colcon_core.shell:create_environment_hook('march_shared_resources', 'cmake_prefix_path')
[28.503s] INFO:colcon.colcon_core.shell:Creating environment hook '/home/rutger/march_ws/src/march/install/march_shared_resources/share/march_shared_resources/hook/cmake_prefix_path.ps1'
[28.504s] INFO:colcon.colcon_core.shell:Creating environment descriptor '/home/rutger/march_ws/src/march/install/march_shared_resources/share/march_shared_resources/hook/cmake_prefix_path.dsv'
[28.504s] INFO:colcon.colcon_core.shell:Creating environment hook '/home/rutger/march_ws/src/march/install/march_shared_resources/share/march_shared_resources/hook/cmake_prefix_path.sh'
[28.507s] Level 1:colcon.colcon_core.environment:checking '/home/rutger/march_ws/src/march/install/march_shared_resources/lib'
[28.507s] Level 1:colcon.colcon_core.environment:checking '/home/rutger/march_ws/src/march/install/march_shared_resources/bin'
[28.507s] Level 1:colcon.colcon_core.environment:checking '/home/rutger/march_ws/src/march/install/march_shared_resources/lib/pkgconfig/march_shared_resources.pc'
[28.507s] Level 1:colcon.colcon_core.shell:create_environment_hook('march_shared_resources', 'pkg_config')
[28.508s] INFO:colcon.colcon_core.shell:Creating environment hook '/home/rutger/march_ws/src/march/install/march_shared_resources/share/march_shared_resources/hook/pkg_config.ps1'
[28.509s] INFO:colcon.colcon_core.shell:Creating environment descriptor '/home/rutger/march_ws/src/march/install/march_shared_resources/share/march_shared_resources/hook/pkg_config.dsv'
[28.510s] INFO:colcon.colcon_core.shell:Creating environment hook '/home/rutger/march_ws/src/march/install/march_shared_resources/share/march_shared_resources/hook/pkg_config.sh'
[28.512s] Level 1:colcon.colcon_core.environment:checking '/home/rutger/march_ws/src/march/install/march_shared_resources/lib/python3.6/site-packages'
[28.515s] INFO:colcon.colcon_core.shell:Creating package script '/home/rutger/march_ws/src/march/install/march_shared_resources/share/march_shared_resources/package.ps1'
[28.517s] INFO:colcon.colcon_core.shell:Creating package descriptor '/home/rutger/march_ws/src/march/install/march_shared_resources/share/march_shared_resources/package.dsv'
[28.518s] INFO:colcon.colcon_core.shell:Creating package script '/home/rutger/march_ws/src/march/install/march_shared_resources/share/march_shared_resources/package.sh'
[28.520s] INFO:colcon.colcon_core.shell:Creating package script '/home/rutger/march_ws/src/march/install/march_shared_resources/share/march_shared_resources/package.bash'
[28.521s] INFO:colcon.colcon_core.shell:Creating package script '/home/rutger/march_ws/src/march/install/march_shared_resources/share/march_shared_resources/package.zsh'
[28.521s] Level 1:colcon.colcon_core.environment:create_file_with_runtime_dependencies(/home/rutger/march_ws/src/march/install/march_shared_resources/share/colcon-core/packages/march_shared_resources)
[28.522s] INFO:colcon.colcon_ros.task.catkin.build:Building ROS package in '/home/rutger/march_ws/src/march/march_gait_selection' with build type 'catkin'
[28.523s] INFO:colcon.colcon_cmake.task.cmake.build:Building CMake package in '/home/rutger/march_ws/src/march/march_gait_selection'
[28.523s] INFO:colcon.colcon_core.shell:Skip shell extension 'powershell' for command environment: Not usable outside of PowerShell
[28.524s] DEBUG:colcon.colcon_core.shell:Skip shell extension 'dsv' for command environment
[28.529s] DEBUG:colcon.colcon_core.shell:Ignoring prefix path '/opt/ros/melodic'
[28.529s] WARNING:colcon.colcon_core.shell:The following packages are in the workspace but haven't been built:
- march_description
- march_shared_classes
They are being used from the following locations instead:
- /home/rutger/march_ws/install/march_description
- /home/rutger/march_ws/install/march_shared_classes
To suppress this warning ignore these packages in the workspace:
--packages-ignore march_description march_shared_classes
[28.551s] DEBUG:colcon.colcon_core.event_handler.log_command:Invoking command in '/home/rutger/march_ws/src/march/build/march_gait_selection': CMAKE_PREFIX_PATH=/home/rutger/march_ws/src/march/install/march_shared_resources:${CMAKE_PREFIX_PATH} PKG_CONFIG_PATH=/home/rutger/march_ws/src/march/install/march_shared_resources/lib/x86_64-linux-gnu/pkgconfig:/home/rutger/march_ws/src/march/install/march_shared_resources/lib/pkgconfig:${PKG_CONFIG_PATH} PYTHONPATH=/home/rutger/march_ws/src/march/install/march_shared_resources/lib/python2.7/dist-packages:${PYTHONPATH} ROS_PACKAGE_PATH=/home/rutger/march_ws/src/march/install/march_shared_resources/share:${ROS_PACKAGE_PATH} /usr/bin/cmake /home/rutger/march_ws/src/march/march_gait_selection -DCATKIN_INSTALL_INTO_PREFIX_ROOT=0 -DCMAKE_INSTALL_PREFIX=/home/rutger/march_ws/src/march/install/march_gait_selection
[32.621s] DEBUG:colcon.colcon_core.event_handler.log_command:Invoked command in '/home/rutger/march_ws/src/march/build/march_gait_selection' returned '0': CMAKE_PREFIX_PATH=/home/rutger/march_ws/src/march/install/march_shared_resources:${CMAKE_PREFIX_PATH} PKG_CONFIG_PATH=/home/rutger/march_ws/src/march/install/march_shared_resources/lib/x86_64-linux-gnu/pkgconfig:/home/rutger/march_ws/src/march/install/march_shared_resources/lib/pkgconfig:${PKG_CONFIG_PATH} PYTHONPATH=/home/rutger/march_ws/src/march/install/march_shared_resources/lib/python2.7/dist-packages:${PYTHONPATH} ROS_PACKAGE_PATH=/home/rutger/march_ws/src/march/install/march_shared_resources/share:${ROS_PACKAGE_PATH} /usr/bin/cmake /home/rutger/march_ws/src/march/march_gait_selection -DCATKIN_INSTALL_INTO_PREFIX_ROOT=0 -DCMAKE_INSTALL_PREFIX=/home/rutger/march_ws/src/march/install/march_gait_selection
[32.623s] DEBUG:colcon.colcon_core.event_handler.log_command:Invoking command in '/home/rutger/march_ws/src/march/build/march_gait_selection': CMAKE_PREFIX_PATH=/home/rutger/march_ws/src/march/install/march_shared_resources:${CMAKE_PREFIX_PATH} PKG_CONFIG_PATH=/home/rutger/march_ws/src/march/install/march_shared_resources/lib/x86_64-linux-gnu/pkgconfig:/home/rutger/march_ws/src/march/install/march_shared_resources/lib/pkgconfig:${PKG_CONFIG_PATH} PYTHONPATH=/home/rutger/march_ws/src/march/install/march_shared_resources/lib/python2.7/dist-packages:${PYTHONPATH} ROS_PACKAGE_PATH=/home/rutger/march_ws/src/march/install/march_shared_resources/share:${ROS_PACKAGE_PATH} /usr/bin/cmake --build /home/rutger/march_ws/src/march/build/march_gait_selection -- -j4 -l4
[32.689s] DEBUG:colcon.colcon_core.event_handler.log_command:Invoked command in '/home/rutger/march_ws/src/march/build/march_gait_selection' returned '0': CMAKE_PREFIX_PATH=/home/rutger/march_ws/src/march/install/march_shared_resources:${CMAKE_PREFIX_PATH} PKG_CONFIG_PATH=/home/rutger/march_ws/src/march/install/march_shared_resources/lib/x86_64-linux-gnu/pkgconfig:/home/rutger/march_ws/src/march/install/march_shared_resources/lib/pkgconfig:${PKG_CONFIG_PATH} PYTHONPATH=/home/rutger/march_ws/src/march/install/march_shared_resources/lib/python2.7/dist-packages:${PYTHONPATH} ROS_PACKAGE_PATH=/home/rutger/march_ws/src/march/install/march_shared_resources/share:${ROS_PACKAGE_PATH} /usr/bin/cmake --build /home/rutger/march_ws/src/march/build/march_gait_selection -- -j4 -l4
[32.781s] DEBUG:colcon.colcon_core.event_handler.log_command:Invoking command in '/home/rutger/march_ws/src/march/build/march_gait_selection': CMAKE_PREFIX_PATH=/home/rutger/march_ws/src/march/install/march_shared_resources:${CMAKE_PREFIX_PATH} PKG_CONFIG_PATH=/home/rutger/march_ws/src/march/install/march_shared_resources/lib/x86_64-linux-gnu/pkgconfig:/home/rutger/march_ws/src/march/install/march_shared_resources/lib/pkgconfig:${PKG_CONFIG_PATH} PYTHONPATH=/home/rutger/march_ws/src/march/install/march_shared_resources/lib/python2.7/dist-packages:${PYTHONPATH} ROS_PACKAGE_PATH=/home/rutger/march_ws/src/march/install/march_shared_resources/share:${ROS_PACKAGE_PATH} /usr/bin/cmake --build /home/rutger/march_ws/src/march/build/march_gait_selection --target tests -- -j4 -l4
[32.928s] DEBUG:colcon.colcon_core.event_handler.log_command:Invoked command in '/home/rutger/march_ws/src/march/build/march_gait_selection' returned '0': CMAKE_PREFIX_PATH=/home/rutger/march_ws/src/march/install/march_shared_resources:${CMAKE_PREFIX_PATH} PKG_CONFIG_PATH=/home/rutger/march_ws/src/march/install/march_shared_resources/lib/x86_64-linux-gnu/pkgconfig:/home/rutger/march_ws/src/march/install/march_shared_resources/lib/pkgconfig:${PKG_CONFIG_PATH} PYTHONPATH=/home/rutger/march_ws/src/march/install/march_shared_resources/lib/python2.7/dist-packages:${PYTHONPATH} ROS_PACKAGE_PATH=/home/rutger/march_ws/src/march/install/march_shared_resources/share:${ROS_PACKAGE_PATH} /usr/bin/cmake --build /home/rutger/march_ws/src/march/build/march_gait_selection --target tests -- -j4 -l4
[33.039s] DEBUG:colcon.colcon_core.event_handler.log_command:Invoking command in '/home/rutger/march_ws/src/march/build/march_gait_selection': CMAKE_PREFIX_PATH=/home/rutger/march_ws/src/march/install/march_shared_resources:${CMAKE_PREFIX_PATH} PKG_CONFIG_PATH=/home/rutger/march_ws/src/march/install/march_shared_resources/lib/x86_64-linux-gnu/pkgconfig:/home/rutger/march_ws/src/march/install/march_shared_resources/lib/pkgconfig:${PKG_CONFIG_PATH} PYTHONPATH=/home/rutger/march_ws/src/march/install/march_shared_resources/lib/python2.7/dist-packages:${PYTHONPATH} ROS_PACKAGE_PATH=/home/rutger/march_ws/src/march/install/march_shared_resources/share:${ROS_PACKAGE_PATH} /usr/bin/cmake --build /home/rutger/march_ws/src/march/build/march_gait_selection --target install -- -j4 -l4
[33.255s] Level 1:colcon.colcon_core.shell:create_environment_hook('march_gait_selection', 'ros_package_path')
[33.256s] INFO:colcon.colcon_core.shell:Creating environment hook '/home/rutger/march_ws/src/march/install/march_gait_selection/share/march_gait_selection/hook/ros_package_path.ps1'
[33.257s] DEBUG:colcon.colcon_core.event_handler.log_command:Invoked command in '/home/rutger/march_ws/src/march/build/march_gait_selection' returned '0': CMAKE_PREFIX_PATH=/home/rutger/march_ws/src/march/install/march_shared_resources:${CMAKE_PREFIX_PATH} PKG_CONFIG_PATH=/home/rutger/march_ws/src/march/install/march_shared_resources/lib/x86_64-linux-gnu/pkgconfig:/home/rutger/march_ws/src/march/install/march_shared_resources/lib/pkgconfig:${PKG_CONFIG_PATH} PYTHONPATH=/home/rutger/march_ws/src/march/install/march_shared_resources/lib/python2.7/dist-packages:${PYTHONPATH} ROS_PACKAGE_PATH=/home/rutger/march_ws/src/march/install/march_shared_resources/share:${ROS_PACKAGE_PATH} /usr/bin/cmake --build /home/rutger/march_ws/src/march/build/march_gait_selection --target install -- -j4 -l4
[33.258s] INFO:colcon.colcon_core.shell:Creating environment descriptor '/home/rutger/march_ws/src/march/install/march_gait_selection/share/march_gait_selection/hook/ros_package_path.dsv'
[33.258s] INFO:colcon.colcon_core.shell:Creating environment hook '/home/rutger/march_ws/src/march/install/march_gait_selection/share/march_gait_selection/hook/ros_package_path.sh'
[33.259s] Level 1:colcon.colcon_ros.task.catkin:checking '/home/rutger/march_ws/src/march/install/march_gait_selection/lib/python2.7/dist-packages'
[33.259s] Level 1:colcon.colcon_core.shell:create_environment_hook('march_gait_selection', 'catkin_pythonpath')
[33.260s] INFO:colcon.colcon_core.shell:Creating environment hook '/home/rutger/march_ws/src/march/install/march_gait_selection/share/march_gait_selection/hook/catkin_pythonpath.ps1'
[33.260s] INFO:colcon.colcon_core.shell:Creating environment descriptor '/home/rutger/march_ws/src/march/install/march_gait_selection/share/march_gait_selection/hook/catkin_pythonpath.dsv'
[33.261s] INFO:colcon.colcon_core.shell:Creating environment hook '/home/rutger/march_ws/src/march/install/march_gait_selection/share/march_gait_selection/hook/catkin_pythonpath.sh'
[33.261s] Level 1:colcon.colcon_core.shell:create_environment_hook('march_gait_selection', 'pkg_config_path')
[33.262s] INFO:colcon.colcon_core.shell:Creating environment hook '/home/rutger/march_ws/src/march/install/march_gait_selection/share/march_gait_selection/hook/pkg_config_path.ps1'
[33.262s] INFO:colcon.colcon_core.shell:Creating environment descriptor '/home/rutger/march_ws/src/march/install/march_gait_selection/share/march_gait_selection/hook/pkg_config_path.dsv'
[33.263s] INFO:colcon.colcon_core.shell:Creating environment hook '/home/rutger/march_ws/src/march/install/march_gait_selection/share/march_gait_selection/hook/pkg_config_path.sh'
[33.263s] Level 1:colcon.colcon_core.shell:create_environment_hook('march_gait_selection', 'pkg_config_path_multiarch')
[33.264s] INFO:colcon.colcon_core.shell:Creating environment hook '/home/rutger/march_ws/src/march/install/march_gait_selection/share/march_gait_selection/hook/pkg_config_path_multiarch.ps1'
[33.265s] INFO:colcon.colcon_core.shell:Creating environment descriptor '/home/rutger/march_ws/src/march/install/march_gait_selection/share/march_gait_selection/hook/pkg_config_path_multiarch.dsv'
[33.265s] INFO:colcon.colcon_core.shell:Creating environment hook '/home/rutger/march_ws/src/march/install/march_gait_selection/share/march_gait_selection/hook/pkg_config_path_multiarch.sh'
[33.266s] Level 1:colcon.colcon_core.environment:create_environment_scripts_only(march_gait_selection)
[33.268s] Level 1:colcon.colcon_core.environment:checking '/home/rutger/march_ws/src/march/install/march_gait_selection' for CMake module files
[33.268s] Level 1:colcon.colcon_core.environment:checking '/home/rutger/march_ws/src/march/install/march_gait_selection' for CMake config files
[33.269s] Level 1:colcon.colcon_core.shell:create_environment_hook('march_gait_selection', 'cmake_prefix_path')
[33.269s] INFO:colcon.colcon_core.shell:Creating environment hook '/home/rutger/march_ws/src/march/install/march_gait_selection/share/march_gait_selection/hook/cmake_prefix_path.ps1'
[33.270s] INFO:colcon.colcon_core.shell:Creating environment descriptor '/home/rutger/march_ws/src/march/install/march_gait_selection/share/march_gait_selection/hook/cmake_prefix_path.dsv'
[33.270s] INFO:colcon.colcon_core.shell:Creating environment hook '/home/rutger/march_ws/src/march/install/march_gait_selection/share/march_gait_selection/hook/cmake_prefix_path.sh'
[33.272s] Level 1:colcon.colcon_core.environment:checking '/home/rutger/march_ws/src/march/install/march_gait_selection/lib'
[33.272s] Level 1:colcon.colcon_core.environment:checking '/home/rutger/march_ws/src/march/install/march_gait_selection/bin'
[33.272s] Level 1:colcon.colcon_core.environment:checking '/home/rutger/march_ws/src/march/install/march_gait_selection/lib/pkgconfig/march_gait_selection.pc'
[33.272s] Level 1:colcon.colcon_core.shell:create_environment_hook('march_gait_selection', 'pkg_config')
[33.273s] INFO:colcon.colcon_core.shell:Creating environment hook '/home/rutger/march_ws/src/march/install/march_gait_selection/share/march_gait_selection/hook/pkg_config.ps1'
[33.273s] INFO:colcon.colcon_core.shell:Creating environment descriptor '/home/rutger/march_ws/src/march/install/march_gait_selection/share/march_gait_selection/hook/pkg_config.dsv'
[33.274s] INFO:colcon.colcon_core.shell:Creating environment hook '/home/rutger/march_ws/src/march/install/march_gait_selection/share/march_gait_selection/hook/pkg_config.sh'
[33.274s] Level 1:colcon.colcon_core.environment:checking '/home/rutger/march_ws/src/march/install/march_gait_selection/lib/python3.6/site-packages'
[33.276s] INFO:colcon.colcon_core.shell:Creating package script '/home/rutger/march_ws/src/march/install/march_gait_selection/share/march_gait_selection/package.ps1'
[33.276s] INFO:colcon.colcon_core.shell:Creating package descriptor '/home/rutger/march_ws/src/march/install/march_gait_selection/share/march_gait_selection/package.dsv'
[33.277s] INFO:colcon.colcon_core.shell:Creating package script '/home/rutger/march_ws/src/march/install/march_gait_selection/share/march_gait_selection/package.sh'
[33.278s] INFO:colcon.colcon_core.shell:Creating package script '/home/rutger/march_ws/src/march/install/march_gait_selection/share/march_gait_selection/package.bash'
[33.278s] INFO:colcon.colcon_core.shell:Creating package script '/home/rutger/march_ws/src/march/install/march_gait_selection/share/march_gait_selection/package.zsh'
[33.279s] Level 1:colcon.colcon_core.environment:create_file_with_runtime_dependencies(/home/rutger/march_ws/src/march/install/march_gait_selection/share/colcon-core/packages/march_gait_selection)
[33.279s] DEBUG:colcon.colcon_parallel_executor.executor.parallel:closing loop
[33.280s] DEBUG:colcon.colcon_parallel_executor.executor.parallel:loop closed
[33.280s] DEBUG:colcon.colcon_parallel_executor.executor.parallel:run_until_complete finished with '0'
[33.280s] DEBUG:colcon.colcon_core.event_reactor:joining thread
[33.289s] INFO:colcon.colcon_core.plugin_system:Skipping extension 'colcon_notification.desktop_notification.terminal_notifier': Not used on non-Darwin systems
[33.289s] INFO:colcon.colcon_core.plugin_system:Skipping extension 'colcon_notification.desktop_notification.win32': Not used on non-Windows systems
[33.289s] INFO:colcon.colcon_notification.desktop_notification:Sending desktop notification using 'notify2'
[33.292s] DEBUG:colcon.colcon_core.event_reactor:joined thread
[33.293s] INFO:colcon.colcon_core.shell:Creating prefix script '/home/rutger/march_ws/src/march/install/local_setup.ps1'
[33.296s] INFO:colcon.colcon_core.shell:Creating prefix util module '/home/rutger/march_ws/src/march/install/_local_setup_util_ps1.py'
[33.299s] INFO:colcon.colcon_core.shell:Creating prefix chain script '/home/rutger/march_ws/src/march/install/setup.ps1'
[33.305s] INFO:colcon.colcon_core.shell:Creating prefix script '/home/rutger/march_ws/src/march/install/local_setup.sh'
[33.306s] INFO:colcon.colcon_core.shell:Creating prefix util module '/home/rutger/march_ws/src/march/install/_local_setup_util_sh.py'
[33.307s] INFO:colcon.colcon_core.shell:Creating prefix chain script '/home/rutger/march_ws/src/march/install/setup.sh'
[33.312s] INFO:colcon.colcon_core.shell:Creating prefix script '/home/rutger/march_ws/src/march/install/local_setup.bash'
[33.313s] INFO:colcon.colcon_core.shell:Creating prefix chain script '/home/rutger/march_ws/src/march/install/setup.bash'
[33.327s] INFO:colcon.colcon_core.shell:Creating prefix script '/home/rutger/march_ws/src/march/install/local_setup.zsh'
[33.328s] INFO:colcon.colcon_core.shell:Creating prefix chain script '/home/rutger/march_ws/src/march/install/setup.zsh'
