[0.060s] Invoking command in '/home/katja/march_ws/src/march/build/march_shared_classes': CMAKE_PREFIX_PATH=/home/katja/march_ws/src/march/install/march_shared_resources:/home/katja/march_ws/src/march/install/march_description:${CMAKE_PREFIX_PATH} PKG_CONFIG_PATH=/home/katja/march_ws/src/march/install/march_shared_resources/lib/x86_64-linux-gnu/pkgconfig:/home/katja/march_ws/src/march/install/march_shared_resources/lib/pkgconfig:/home/katja/march_ws/src/march/install/march_description/lib/x86_64-linux-gnu/pkgconfig:/home/katja/march_ws/src/march/install/march_description/lib/pkgconfig:${PKG_CONFIG_PATH} PYTHONPATH=/home/katja/march_ws/src/march/install/march_shared_resources/lib/python2.7/dist-packages:${PYTHONPATH} ROS_PACKAGE_PATH=/home/katja/march_ws/src/march/install/march_shared_resources/share:/home/katja/march_ws/src/march/install/march_description/share:${ROS_PACKAGE_PATH} /usr/bin/cmake /home/katja/march_ws/src/march/march_shared_classes -DCATKIN_INSTALL_INTO_PREFIX_ROOT=0 -DCMAKE_INSTALL_PREFIX=/home/katja/march_ws/src/march/install/march_shared_classes
[0.216s] -- The C compiler identification is GNU 7.5.0
[0.383s] -- The CXX compiler identification is GNU 7.5.0
[0.400s] -- Check for working C compiler: /usr/bin/cc
[0.580s] -- Check for working C compiler: /usr/bin/cc -- works
[0.582s] -- Detecting C compiler ABI info
[0.761s] -- Detecting C compiler ABI info - done
[0.788s] -- Detecting C compile features
[1.255s] -- Detecting C compile features - done
[1.262s] -- Check for working CXX compiler: /usr/bin/c++
[1.449s] -- Check for working CXX compiler: /usr/bin/c++ -- works
[1.451s] -- Detecting CXX compiler ABI info
[1.644s] -- Detecting CXX compiler ABI info - done
[1.666s] -- Detecting CXX compile features
[2.445s] -- Detecting CXX compile features - done
[2.449s] -- Using CATKIN_DEVEL_PREFIX: /home/katja/march_ws/src/march/build/march_shared_classes/devel
[2.450s] -- Using CMAKE_PREFIX_PATH: /home/katja/march_ws/src/march/install/march_shared_resources;/home/katja/march_ws/src/march/install/march_description;/opt/ros/melodic
[2.450s] -- This workspace overlays: /home/katja/march_ws/src/march/install/march_shared_resources;/home/katja/march_ws/src/march/install/march_description;/opt/ros/melodic
[2.478s] -- Found PythonInterp: /usr/bin/python2 (found suitable version "2.7.17", minimum required is "2") 
[2.478s] -- Using PYTHON_EXECUTABLE: /usr/bin/python2
[2.478s] -- Using Debian Python package layout
[2.479s] -- Using empy: /usr/bin/empy
[2.888s] -- Using CATKIN_ENABLE_TESTING: ON
[2.889s] -- Call enable_testing()
[2.893s] -- Using CATKIN_TEST_RESULTS_DIR: /home/katja/march_ws/src/march/build/march_shared_classes/test_results
[2.939s] -- Found gtest sources under '/usr/src/googletest': gtests will be built
[2.939s] -- Found gmock sources under '/usr/src/googletest': gmock will be built
[2.968s] -- Found PythonInterp: /usr/bin/python2 (found version "2.7.17") 
[2.971s] -- Looking for pthread.h
[3.143s] -- Looking for pthread.h - found
[3.144s] -- Looking for pthread_create
[3.303s] -- Looking for pthread_create - not found
[3.304s] -- Looking for pthread_create in pthreads
[3.423s] -- Looking for pthread_create in pthreads - not found
[3.423s] -- Looking for pthread_create in pthread
[3.570s] -- Looking for pthread_create in pthread - found
[3.572s] -- Found Threads: TRUE  
[3.584s] -- Using Python nosetests: /usr/bin/nosetests-2.7
[3.683s] -- catkin 0.7.28
[3.683s] -- BUILD_SHARED_LIBS is on
[3.964s] -- Using these message generators: gencpp;geneus;genlisp;gennodejs;genpy
[5.354s] -- Configuring done
[5.461s] -- Generating done
[5.481s] -- Build files have been written to: /home/katja/march_ws/src/march/build/march_shared_classes
[5.492s] Invoked command in '/home/katja/march_ws/src/march/build/march_shared_classes' returned '0': CMAKE_PREFIX_PATH=/home/katja/march_ws/src/march/install/march_shared_resources:/home/katja/march_ws/src/march/install/march_description:${CMAKE_PREFIX_PATH} PKG_CONFIG_PATH=/home/katja/march_ws/src/march/install/march_shared_resources/lib/x86_64-linux-gnu/pkgconfig:/home/katja/march_ws/src/march/install/march_shared_resources/lib/pkgconfig:/home/katja/march_ws/src/march/install/march_description/lib/x86_64-linux-gnu/pkgconfig:/home/katja/march_ws/src/march/install/march_description/lib/pkgconfig:${PKG_CONFIG_PATH} PYTHONPATH=/home/katja/march_ws/src/march/install/march_shared_resources/lib/python2.7/dist-packages:${PYTHONPATH} ROS_PACKAGE_PATH=/home/katja/march_ws/src/march/install/march_shared_resources/share:/home/katja/march_ws/src/march/install/march_description/share:${ROS_PACKAGE_PATH} /usr/bin/cmake /home/katja/march_ws/src/march/march_shared_classes -DCATKIN_INSTALL_INTO_PREFIX_ROOT=0 -DCMAKE_INSTALL_PREFIX=/home/katja/march_ws/src/march/install/march_shared_classes
[5.500s] Invoking command in '/home/katja/march_ws/src/march/build/march_shared_classes': CMAKE_PREFIX_PATH=/home/katja/march_ws/src/march/install/march_shared_resources:/home/katja/march_ws/src/march/install/march_description:${CMAKE_PREFIX_PATH} PKG_CONFIG_PATH=/home/katja/march_ws/src/march/install/march_shared_resources/lib/x86_64-linux-gnu/pkgconfig:/home/katja/march_ws/src/march/install/march_shared_resources/lib/pkgconfig:/home/katja/march_ws/src/march/install/march_description/lib/x86_64-linux-gnu/pkgconfig:/home/katja/march_ws/src/march/install/march_description/lib/pkgconfig:${PKG_CONFIG_PATH} PYTHONPATH=/home/katja/march_ws/src/march/install/march_shared_resources/lib/python2.7/dist-packages:${PYTHONPATH} ROS_PACKAGE_PATH=/home/katja/march_ws/src/march/install/march_shared_resources/share:/home/katja/march_ws/src/march/install/march_description/share:${ROS_PACKAGE_PATH} /usr/bin/cmake --build /home/katja/march_ws/src/march/build/march_shared_classes -- -j8 -l8
[5.706s] Invoked command in '/home/katja/march_ws/src/march/build/march_shared_classes' returned '0': CMAKE_PREFIX_PATH=/home/katja/march_ws/src/march/install/march_shared_resources:/home/katja/march_ws/src/march/install/march_description:${CMAKE_PREFIX_PATH} PKG_CONFIG_PATH=/home/katja/march_ws/src/march/install/march_shared_resources/lib/x86_64-linux-gnu/pkgconfig:/home/katja/march_ws/src/march/install/march_shared_resources/lib/pkgconfig:/home/katja/march_ws/src/march/install/march_description/lib/x86_64-linux-gnu/pkgconfig:/home/katja/march_ws/src/march/install/march_description/lib/pkgconfig:${PKG_CONFIG_PATH} PYTHONPATH=/home/katja/march_ws/src/march/install/march_shared_resources/lib/python2.7/dist-packages:${PYTHONPATH} ROS_PACKAGE_PATH=/home/katja/march_ws/src/march/install/march_shared_resources/share:/home/katja/march_ws/src/march/install/march_description/share:${ROS_PACKAGE_PATH} /usr/bin/cmake --build /home/katja/march_ws/src/march/build/march_shared_classes -- -j8 -l8
[5.975s] Invoking command in '/home/katja/march_ws/src/march/build/march_shared_classes': CMAKE_PREFIX_PATH=/home/katja/march_ws/src/march/install/march_shared_resources:/home/katja/march_ws/src/march/install/march_description:${CMAKE_PREFIX_PATH} PKG_CONFIG_PATH=/home/katja/march_ws/src/march/install/march_shared_resources/lib/x86_64-linux-gnu/pkgconfig:/home/katja/march_ws/src/march/install/march_shared_resources/lib/pkgconfig:/home/katja/march_ws/src/march/install/march_description/lib/x86_64-linux-gnu/pkgconfig:/home/katja/march_ws/src/march/install/march_description/lib/pkgconfig:${PKG_CONFIG_PATH} PYTHONPATH=/home/katja/march_ws/src/march/install/march_shared_resources/lib/python2.7/dist-packages:${PYTHONPATH} ROS_PACKAGE_PATH=/home/katja/march_ws/src/march/install/march_shared_resources/share:/home/katja/march_ws/src/march/install/march_description/share:${ROS_PACKAGE_PATH} /usr/bin/cmake --build /home/katja/march_ws/src/march/build/march_shared_classes --target tests -- -j8 -l8
[6.102s] [35m[1mScanning dependencies of target tests[0m
[6.131s] Built target tests
[6.158s] Invoked command in '/home/katja/march_ws/src/march/build/march_shared_classes' returned '0': CMAKE_PREFIX_PATH=/home/katja/march_ws/src/march/install/march_shared_resources:/home/katja/march_ws/src/march/install/march_description:${CMAKE_PREFIX_PATH} PKG_CONFIG_PATH=/home/katja/march_ws/src/march/install/march_shared_resources/lib/x86_64-linux-gnu/pkgconfig:/home/katja/march_ws/src/march/install/march_shared_resources/lib/pkgconfig:/home/katja/march_ws/src/march/install/march_description/lib/x86_64-linux-gnu/pkgconfig:/home/katja/march_ws/src/march/install/march_description/lib/pkgconfig:${PKG_CONFIG_PATH} PYTHONPATH=/home/katja/march_ws/src/march/install/march_shared_resources/lib/python2.7/dist-packages:${PYTHONPATH} ROS_PACKAGE_PATH=/home/katja/march_ws/src/march/install/march_shared_resources/share:/home/katja/march_ws/src/march/install/march_description/share:${ROS_PACKAGE_PATH} /usr/bin/cmake --build /home/katja/march_ws/src/march/build/march_shared_classes --target tests -- -j8 -l8
[6.300s] Invoking command in '/home/katja/march_ws/src/march/build/march_shared_classes': CMAKE_PREFIX_PATH=/home/katja/march_ws/src/march/install/march_shared_resources:/home/katja/march_ws/src/march/install/march_description:${CMAKE_PREFIX_PATH} PKG_CONFIG_PATH=/home/katja/march_ws/src/march/install/march_shared_resources/lib/x86_64-linux-gnu/pkgconfig:/home/katja/march_ws/src/march/install/march_shared_resources/lib/pkgconfig:/home/katja/march_ws/src/march/install/march_description/lib/x86_64-linux-gnu/pkgconfig:/home/katja/march_ws/src/march/install/march_description/lib/pkgconfig:${PKG_CONFIG_PATH} PYTHONPATH=/home/katja/march_ws/src/march/install/march_shared_resources/lib/python2.7/dist-packages:${PYTHONPATH} ROS_PACKAGE_PATH=/home/katja/march_ws/src/march/install/march_shared_resources/share:/home/katja/march_ws/src/march/install/march_description/share:${ROS_PACKAGE_PATH} /usr/bin/cmake --build /home/katja/march_ws/src/march/build/march_shared_classes --target install -- -j8 -l8
[6.418s] [36mInstall the project...[0m
[6.439s] -- Install configuration: ""
[6.442s] + cd /home/katja/march_ws/src/march/march_shared_classes
[6.442s] + mkdir -p /home/katja/march_ws/src/march/install/march_shared_classes/lib/python2.7/dist-packages
[6.445s] + /usr/bin/env PYTHONPATH=/home/katja/march_ws/src/march/install/march_shared_classes/lib/python2.7/dist-packages:/home/katja/march_ws/src/march/build/march_shared_classes/lib/python2.7/dist-packages:/home/katja/march_ws/src/march/install/march_shared_resources/lib/python2.7/dist-packages:/opt/ros/melodic/lib/python2.7/dist-packages CATKIN_BINARY_DIR=/home/katja/march_ws/src/march/build/march_shared_classes /usr/bin/python2 /home/katja/march_ws/src/march/march_shared_classes/setup.py egg_info --egg-base /home/katja/march_ws/src/march/build/march_shared_classes build --build-base /home/katja/march_ws/src/march/build/march_shared_classes install --root=/ --install-layout=deb --prefix=/home/katja/march_ws/src/march/install/march_shared_classes --install-scripts=/home/katja/march_ws/src/march/install/march_shared_classes/bin
[6.998s] running egg_info
[7.000s] creating /home/katja/march_ws/src/march/build/march_shared_classes/march_shared_classes.egg-info
[7.001s] writing /home/katja/march_ws/src/march/build/march_shared_classes/march_shared_classes.egg-info/PKG-INFO
[7.001s] writing top-level names to /home/katja/march_ws/src/march/build/march_shared_classes/march_shared_classes.egg-info/top_level.txt
[7.002s] writing dependency_links to /home/katja/march_ws/src/march/build/march_shared_classes/march_shared_classes.egg-info/dependency_links.txt
[7.033s] writing manifest file '/home/katja/march_ws/src/march/build/march_shared_classes/march_shared_classes.egg-info/SOURCES.txt'
[7.046s] reading manifest file '/home/katja/march_ws/src/march/build/march_shared_classes/march_shared_classes.egg-info/SOURCES.txt'
[7.048s] writing manifest file '/home/katja/march_ws/src/march/build/march_shared_classes/march_shared_classes.egg-info/SOURCES.txt'
[7.049s] running build
[7.049s] running build_py
[7.049s] creating /home/katja/march_ws/src/march/build/march_shared_classes/lib.linux-x86_64-2.7
[7.050s] creating /home/katja/march_ws/src/march/build/march_shared_classes/lib.linux-x86_64-2.7/march_shared_classes
[7.050s] copying src/march_shared_classes/__init__.py -> /home/katja/march_ws/src/march/build/march_shared_classes/lib.linux-x86_64-2.7/march_shared_classes
[7.050s] creating /home/katja/march_ws/src/march/build/march_shared_classes/lib.linux-x86_64-2.7/march_shared_classes/gait
[7.051s] copying src/march_shared_classes/gait/gait.py -> /home/katja/march_ws/src/march/build/march_shared_classes/lib.linux-x86_64-2.7/march_shared_classes/gait
[7.051s] copying src/march_shared_classes/gait/limits.py -> /home/katja/march_ws/src/march/build/march_shared_classes/lib.linux-x86_64-2.7/march_shared_classes/gait
[7.052s] copying src/march_shared_classes/gait/subgait_graph.py -> /home/katja/march_ws/src/march/build/march_shared_classes/lib.linux-x86_64-2.7/march_shared_classes/gait
[7.052s] copying src/march_shared_classes/gait/subgait.py -> /home/katja/march_ws/src/march/build/march_shared_classes/lib.linux-x86_64-2.7/march_shared_classes/gait
[7.053s] copying src/march_shared_classes/gait/setpoint.py -> /home/katja/march_ws/src/march/build/march_shared_classes/lib.linux-x86_64-2.7/march_shared_classes/gait
[7.054s] copying src/march_shared_classes/gait/joint_trajectory.py -> /home/katja/march_ws/src/march/build/march_shared_classes/lib.linux-x86_64-2.7/march_shared_classes/gait
[7.054s] copying src/march_shared_classes/gait/__init__.py -> /home/katja/march_ws/src/march/build/march_shared_classes/lib.linux-x86_64-2.7/march_shared_classes/gait
[7.056s] creating /home/katja/march_ws/src/march/build/march_shared_classes/lib.linux-x86_64-2.7/march_shared_classes/exceptions
[7.056s] copying src/march_shared_classes/exceptions/gait_exceptions.py -> /home/katja/march_ws/src/march/build/march_shared_classes/lib.linux-x86_64-2.7/march_shared_classes/exceptions
[7.056s] copying src/march_shared_classes/exceptions/general_exceptions.py -> /home/katja/march_ws/src/march/build/march_shared_classes/lib.linux-x86_64-2.7/march_shared_classes/exceptions
[7.057s] copying src/march_shared_classes/exceptions/__init__.py -> /home/katja/march_ws/src/march/build/march_shared_classes/lib.linux-x86_64-2.7/march_shared_classes/exceptions
[7.058s] running install
[7.059s] running install_lib
[7.061s] creating /home/katja/march_ws/src/march/install/march_shared_classes/lib/python2.7/dist-packages/march_shared_classes
[7.062s] creating /home/katja/march_ws/src/march/install/march_shared_classes/lib/python2.7/dist-packages/march_shared_classes/gait
[7.062s] copying /home/katja/march_ws/src/march/build/march_shared_classes/lib.linux-x86_64-2.7/march_shared_classes/gait/gait.py -> /home/katja/march_ws/src/march/install/march_shared_classes/lib/python2.7/dist-packages/march_shared_classes/gait
[7.063s] copying /home/katja/march_ws/src/march/build/march_shared_classes/lib.linux-x86_64-2.7/march_shared_classes/gait/limits.py -> /home/katja/march_ws/src/march/install/march_shared_classes/lib/python2.7/dist-packages/march_shared_classes/gait
[7.063s] copying /home/katja/march_ws/src/march/build/march_shared_classes/lib.linux-x86_64-2.7/march_shared_classes/gait/subgait_graph.py -> /home/katja/march_ws/src/march/install/march_shared_classes/lib/python2.7/dist-packages/march_shared_classes/gait
[7.063s] copying /home/katja/march_ws/src/march/build/march_shared_classes/lib.linux-x86_64-2.7/march_shared_classes/gait/subgait.py -> /home/katja/march_ws/src/march/install/march_shared_classes/lib/python2.7/dist-packages/march_shared_classes/gait
[7.064s] copying /home/katja/march_ws/src/march/build/march_shared_classes/lib.linux-x86_64-2.7/march_shared_classes/gait/setpoint.py -> /home/katja/march_ws/src/march/install/march_shared_classes/lib/python2.7/dist-packages/march_shared_classes/gait
[7.064s] copying /home/katja/march_ws/src/march/build/march_shared_classes/lib.linux-x86_64-2.7/march_shared_classes/gait/joint_trajectory.py -> /home/katja/march_ws/src/march/install/march_shared_classes/lib/python2.7/dist-packages/march_shared_classes/gait
[7.065s] copying /home/katja/march_ws/src/march/build/march_shared_classes/lib.linux-x86_64-2.7/march_shared_classes/gait/__init__.py -> /home/katja/march_ws/src/march/install/march_shared_classes/lib/python2.7/dist-packages/march_shared_classes/gait
[7.065s] creating /home/katja/march_ws/src/march/install/march_shared_classes/lib/python2.7/dist-packages/march_shared_classes/exceptions
[7.065s] copying /home/katja/march_ws/src/march/build/march_shared_classes/lib.linux-x86_64-2.7/march_shared_classes/exceptions/gait_exceptions.py -> /home/katja/march_ws/src/march/install/march_shared_classes/lib/python2.7/dist-packages/march_shared_classes/exceptions
[7.066s] copying /home/katja/march_ws/src/march/build/march_shared_classes/lib.linux-x86_64-2.7/march_shared_classes/exceptions/general_exceptions.py -> /home/katja/march_ws/src/march/install/march_shared_classes/lib/python2.7/dist-packages/march_shared_classes/exceptions
[7.067s] copying /home/katja/march_ws/src/march/build/march_shared_classes/lib.linux-x86_64-2.7/march_shared_classes/exceptions/__init__.py -> /home/katja/march_ws/src/march/install/march_shared_classes/lib/python2.7/dist-packages/march_shared_classes/exceptions
[7.068s] copying /home/katja/march_ws/src/march/build/march_shared_classes/lib.linux-x86_64-2.7/march_shared_classes/__init__.py -> /home/katja/march_ws/src/march/install/march_shared_classes/lib/python2.7/dist-packages/march_shared_classes
[7.068s] byte-compiling /home/katja/march_ws/src/march/install/march_shared_classes/lib/python2.7/dist-packages/march_shared_classes/gait/gait.py to gait.pyc
[7.075s] byte-compiling /home/katja/march_ws/src/march/install/march_shared_classes/lib/python2.7/dist-packages/march_shared_classes/gait/limits.py to limits.pyc
[7.076s] byte-compiling /home/katja/march_ws/src/march/install/march_shared_classes/lib/python2.7/dist-packages/march_shared_classes/gait/subgait_graph.py to subgait_graph.pyc
[7.078s] byte-compiling /home/katja/march_ws/src/march/install/march_shared_classes/lib/python2.7/dist-packages/march_shared_classes/gait/subgait.py to subgait.pyc
[7.083s] byte-compiling /home/katja/march_ws/src/march/install/march_shared_classes/lib/python2.7/dist-packages/march_shared_classes/gait/setpoint.py to setpoint.pyc
[7.085s] byte-compiling /home/katja/march_ws/src/march/install/march_shared_classes/lib/python2.7/dist-packages/march_shared_classes/gait/joint_trajectory.py to joint_trajectory.pyc
[7.088s] byte-compiling /home/katja/march_ws/src/march/install/march_shared_classes/lib/python2.7/dist-packages/march_shared_classes/gait/__init__.py to __init__.pyc
[7.088s] byte-compiling /home/katja/march_ws/src/march/install/march_shared_classes/lib/python2.7/dist-packages/march_shared_classes/exceptions/gait_exceptions.py to gait_exceptions.pyc
[7.089s] byte-compiling /home/katja/march_ws/src/march/install/march_shared_classes/lib/python2.7/dist-packages/march_shared_classes/exceptions/general_exceptions.py to general_exceptions.pyc
[7.091s] byte-compiling /home/katja/march_ws/src/march/install/march_shared_classes/lib/python2.7/dist-packages/march_shared_classes/exceptions/__init__.py to __init__.pyc
[7.091s] byte-compiling /home/katja/march_ws/src/march/install/march_shared_classes/lib/python2.7/dist-packages/march_shared_classes/__init__.py to __init__.pyc
[7.091s] running install_egg_info
[7.096s] Copying /home/katja/march_ws/src/march/build/march_shared_classes/march_shared_classes.egg-info to /home/katja/march_ws/src/march/install/march_shared_classes/lib/python2.7/dist-packages/march_shared_classes-0.0.0.egg-info
[7.097s] Skipping SOURCES.txt
[7.097s] running install_scripts
[7.167s] -- Installing: /home/katja/march_ws/src/march/install/march_shared_classes/lib/pkgconfig/march_shared_classes.pc
[7.168s] -- Installing: /home/katja/march_ws/src/march/install/march_shared_classes/share/march_shared_classes/cmake/march_shared_classesConfig.cmake
[7.168s] -- Installing: /home/katja/march_ws/src/march/install/march_shared_classes/share/march_shared_classes/cmake/march_shared_classesConfig-version.cmake
[7.169s] -- Installing: /home/katja/march_ws/src/march/install/march_shared_classes/share/march_shared_classes/package.xml
[7.179s] Invoked command in '/home/katja/march_ws/src/march/build/march_shared_classes' returned '0': CMAKE_PREFIX_PATH=/home/katja/march_ws/src/march/install/march_shared_resources:/home/katja/march_ws/src/march/install/march_description:${CMAKE_PREFIX_PATH} PKG_CONFIG_PATH=/home/katja/march_ws/src/march/install/march_shared_resources/lib/x86_64-linux-gnu/pkgconfig:/home/katja/march_ws/src/march/install/march_shared_resources/lib/pkgconfig:/home/katja/march_ws/src/march/install/march_description/lib/x86_64-linux-gnu/pkgconfig:/home/katja/march_ws/src/march/install/march_description/lib/pkgconfig:${PKG_CONFIG_PATH} PYTHONPATH=/home/katja/march_ws/src/march/install/march_shared_resources/lib/python2.7/dist-packages:${PYTHONPATH} ROS_PACKAGE_PATH=/home/katja/march_ws/src/march/install/march_shared_resources/share:/home/katja/march_ws/src/march/install/march_description/share:${ROS_PACKAGE_PATH} /usr/bin/cmake --build /home/katja/march_ws/src/march/build/march_shared_classes --target install -- -j8 -l8
