-- The C compiler identification is GNU 7.5.0
-- The CXX compiler identification is GNU 7.5.0
-- Check for working C compiler: /usr/bin/cc
-- Check for working C compiler: /usr/bin/cc -- works
-- Detecting C compiler ABI info
-- Detecting C compiler ABI info - done
-- Detecting C compile features
-- Detecting C compile features - done
-- Check for working CXX compiler: /usr/bin/c++
-- Check for working CXX compiler: /usr/bin/c++ -- works
-- Detecting CXX compiler ABI info
-- Detecting CXX compiler ABI info - done
-- Detecting CXX compile features
-- Detecting CXX compile features - done
-- Using CATKIN_DEVEL_PREFIX: /home/katja/march_ws/src/march/build/march_gain_scheduling/devel
-- Using CMAKE_PREFIX_PATH: /home/katja/march_ws/src/march/install/march_shared_resources;/opt/ros/melodic
-- This workspace overlays: /home/katja/march_ws/src/march/install/march_shared_resources;/opt/ros/melodic
-- Found PythonInterp: /usr/bin/python2 (found suitable version "2.7.17", minimum required is "2") 
-- Using PYTHON_EXECUTABLE: /usr/bin/python2
-- Using Debian Python package layout
-- Using empy: /usr/bin/empy
-- Using CATKIN_ENABLE_TESTING: ON
-- Call enable_testing()
-- Using CATKIN_TEST_RESULTS_DIR: /home/katja/march_ws/src/march/build/march_gain_scheduling/test_results
-- Found gtest sources under '/usr/src/googletest': gtests will be built
-- Found gmock sources under '/usr/src/googletest': gmock will be built
-- Found PythonInterp: /usr/bin/python2 (found version "2.7.17") 
-- Looking for pthread.h
-- Looking for pthread.h - found
-- Looking for pthread_create
-- Looking for pthread_create - not found
-- Looking for pthread_create in pthreads
-- Looking for pthread_create in pthreads - not found
-- Looking for pthread_create in pthread
-- Looking for pthread_create in pthread - found
-- Found Threads: TRUE  
-- Using Python nosetests: /usr/bin/nosetests-2.7
-- catkin 0.7.28
-- BUILD_SHARED_LIBS is on
-- Using these message generators: gencpp;geneus;genlisp;gennodejs;genpy
-- Configuring done
-- Generating done
-- Build files have been written to: /home/katja/march_ws/src/march/build/march_gain_scheduling
[35m[1mScanning dependencies of target tests[0m
Built target tests
[36mInstall the project...[0m
-- Install configuration: ""
+ cd /home/katja/march_ws/src/march/march_gain_scheduling
+ mkdir -p /home/katja/march_ws/src/march/install/march_gain_scheduling/lib/python2.7/dist-packages
+ /usr/bin/env PYTHONPATH=/home/katja/march_ws/src/march/install/march_gain_scheduling/lib/python2.7/dist-packages:/home/katja/march_ws/src/march/build/march_gain_scheduling/lib/python2.7/dist-packages:/home/katja/march_ws/src/march/install/march_shared_resources/lib/python2.7/dist-packages:/opt/ros/melodic/lib/python2.7/dist-packages CATKIN_BINARY_DIR=/home/katja/march_ws/src/march/build/march_gain_scheduling /usr/bin/python2 /home/katja/march_ws/src/march/march_gain_scheduling/setup.py egg_info --egg-base /home/katja/march_ws/src/march/build/march_gain_scheduling build --build-base /home/katja/march_ws/src/march/build/march_gain_scheduling install --root=/ --install-layout=deb --prefix=/home/katja/march_ws/src/march/install/march_gain_scheduling --install-scripts=/home/katja/march_ws/src/march/install/march_gain_scheduling/bin
running egg_info
creating /home/katja/march_ws/src/march/build/march_gain_scheduling/march_gain_scheduling.egg-info
writing /home/katja/march_ws/src/march/build/march_gain_scheduling/march_gain_scheduling.egg-info/PKG-INFO
writing top-level names to /home/katja/march_ws/src/march/build/march_gain_scheduling/march_gain_scheduling.egg-info/top_level.txt
writing dependency_links to /home/katja/march_ws/src/march/build/march_gain_scheduling/march_gain_scheduling.egg-info/dependency_links.txt
writing manifest file '/home/katja/march_ws/src/march/build/march_gain_scheduling/march_gain_scheduling.egg-info/SOURCES.txt'
reading manifest file '/home/katja/march_ws/src/march/build/march_gain_scheduling/march_gain_scheduling.egg-info/SOURCES.txt'
writing manifest file '/home/katja/march_ws/src/march/build/march_gain_scheduling/march_gain_scheduling.egg-info/SOURCES.txt'
running build
running build_py
creating /home/katja/march_ws/src/march/build/march_gain_scheduling/lib.linux-x86_64-2.7
creating /home/katja/march_ws/src/march/build/march_gain_scheduling/lib.linux-x86_64-2.7/march_gain_scheduling
copying src/march_gain_scheduling/one_step_linear_interpolation.py -> /home/katja/march_ws/src/march/build/march_gain_scheduling/lib.linux-x86_64-2.7/march_gain_scheduling
copying src/march_gain_scheduling/dynamic_pid_reconfigurer.py -> /home/katja/march_ws/src/march/build/march_gain_scheduling/lib.linux-x86_64-2.7/march_gain_scheduling
copying src/march_gain_scheduling/interpolation_errors.py -> /home/katja/march_ws/src/march/build/march_gain_scheduling/lib.linux-x86_64-2.7/march_gain_scheduling
copying src/march_gain_scheduling/gain_scheduling_node.py -> /home/katja/march_ws/src/march/build/march_gain_scheduling/lib.linux-x86_64-2.7/march_gain_scheduling
copying src/march_gain_scheduling/__init__.py -> /home/katja/march_ws/src/march/build/march_gain_scheduling/lib.linux-x86_64-2.7/march_gain_scheduling
running build_scripts
creating /home/katja/march_ws/src/march/build/march_gain_scheduling/scripts-2.7
copying and adjusting scripts/march_gain_scheduling_node -> /home/katja/march_ws/src/march/build/march_gain_scheduling/scripts-2.7
changing mode of /home/katja/march_ws/src/march/build/march_gain_scheduling/scripts-2.7/march_gain_scheduling_node from 644 to 755
running install
running install_lib
creating /home/katja/march_ws/src/march/install/march_gain_scheduling/lib/python2.7/dist-packages/march_gain_scheduling
copying /home/katja/march_ws/src/march/build/march_gain_scheduling/lib.linux-x86_64-2.7/march_gain_scheduling/one_step_linear_interpolation.py -> /home/katja/march_ws/src/march/install/march_gain_scheduling/lib/python2.7/dist-packages/march_gain_scheduling
copying /home/katja/march_ws/src/march/build/march_gain_scheduling/lib.linux-x86_64-2.7/march_gain_scheduling/dynamic_pid_reconfigurer.py -> /home/katja/march_ws/src/march/install/march_gain_scheduling/lib/python2.7/dist-packages/march_gain_scheduling
copying /home/katja/march_ws/src/march/build/march_gain_scheduling/lib.linux-x86_64-2.7/march_gain_scheduling/interpolation_errors.py -> /home/katja/march_ws/src/march/install/march_gain_scheduling/lib/python2.7/dist-packages/march_gain_scheduling
copying /home/katja/march_ws/src/march/build/march_gain_scheduling/lib.linux-x86_64-2.7/march_gain_scheduling/gain_scheduling_node.py -> /home/katja/march_ws/src/march/install/march_gain_scheduling/lib/python2.7/dist-packages/march_gain_scheduling
copying /home/katja/march_ws/src/march/build/march_gain_scheduling/lib.linux-x86_64-2.7/march_gain_scheduling/__init__.py -> /home/katja/march_ws/src/march/install/march_gain_scheduling/lib/python2.7/dist-packages/march_gain_scheduling
byte-compiling /home/katja/march_ws/src/march/install/march_gain_scheduling/lib/python2.7/dist-packages/march_gain_scheduling/one_step_linear_interpolation.py to one_step_linear_interpolation.pyc
byte-compiling /home/katja/march_ws/src/march/install/march_gain_scheduling/lib/python2.7/dist-packages/march_gain_scheduling/dynamic_pid_reconfigurer.py to dynamic_pid_reconfigurer.pyc
byte-compiling /home/katja/march_ws/src/march/install/march_gain_scheduling/lib/python2.7/dist-packages/march_gain_scheduling/interpolation_errors.py to interpolation_errors.pyc
byte-compiling /home/katja/march_ws/src/march/install/march_gain_scheduling/lib/python2.7/dist-packages/march_gain_scheduling/gain_scheduling_node.py to gain_scheduling_node.pyc
byte-compiling /home/katja/march_ws/src/march/install/march_gain_scheduling/lib/python2.7/dist-packages/march_gain_scheduling/__init__.py to __init__.pyc
running install_egg_info
Copying /home/katja/march_ws/src/march/build/march_gain_scheduling/march_gain_scheduling.egg-info to /home/katja/march_ws/src/march/install/march_gain_scheduling/lib/python2.7/dist-packages/march_gain_scheduling-0.0.0.egg-info
Skipping SOURCES.txt
running install_scripts
creating /home/katja/march_ws/src/march/install/march_gain_scheduling/bin
copying /home/katja/march_ws/src/march/build/march_gain_scheduling/scripts-2.7/march_gain_scheduling_node -> /home/katja/march_ws/src/march/install/march_gain_scheduling/bin
changing mode of /home/katja/march_ws/src/march/install/march_gain_scheduling/bin/march_gain_scheduling_node to 755
-- Installing: /home/katja/march_ws/src/march/install/march_gain_scheduling/lib/pkgconfig/march_gain_scheduling.pc
-- Installing: /home/katja/march_ws/src/march/install/march_gain_scheduling/share/march_gain_scheduling/cmake/march_gain_schedulingConfig.cmake
-- Installing: /home/katja/march_ws/src/march/install/march_gain_scheduling/share/march_gain_scheduling/cmake/march_gain_schedulingConfig-version.cmake
-- Installing: /home/katja/march_ws/src/march/install/march_gain_scheduling/share/march_gain_scheduling/package.xml
-- Installing: /home/katja/march_ws/src/march/install/march_gain_scheduling/lib/march_gain_scheduling/march_gain_scheduling_node
-- Installing: /home/katja/march_ws/src/march/install/march_gain_scheduling/share/march_gain_scheduling/config
-- Installing: /home/katja/march_ws/src/march/install/march_gain_scheduling/share/march_gain_scheduling/config/groundgait.yaml
-- Installing: /home/katja/march_ws/src/march/install/march_gain_scheduling/share/march_gain_scheduling/config/test_joint_linear.yaml
-- Installing: /home/katja/march_ws/src/march/install/march_gain_scheduling/share/march_gain_scheduling/config/sjaan_gait.yaml
-- Installing: /home/katja/march_ws/src/march/install/march_gain_scheduling/share/march_gain_scheduling/config/test_joint_rotational.yaml
-- Installing: /home/katja/march_ws/src/march/install/march_gain_scheduling/share/march_gain_scheduling/launch
-- Installing: /home/katja/march_ws/src/march/install/march_gain_scheduling/share/march_gain_scheduling/launch/march_gain_scheduling.launch
