[0.059s] Invoking command in '/home/katja/march_ws/src/march/build/march_gain_scheduling': CMAKE_PREFIX_PATH=/home/katja/march_ws/src/march/install/march_shared_resources:${CMAKE_PREFIX_PATH} PKG_CONFIG_PATH=/home/katja/march_ws/src/march/install/march_shared_resources/lib/x86_64-linux-gnu/pkgconfig:/home/katja/march_ws/src/march/install/march_shared_resources/lib/pkgconfig:${PKG_CONFIG_PATH} PYTHONPATH=/home/katja/march_ws/src/march/install/march_shared_resources/lib/python2.7/dist-packages:${PYTHONPATH} ROS_PACKAGE_PATH=/home/katja/march_ws/src/march/install/march_shared_resources/share:${ROS_PACKAGE_PATH} /usr/bin/cmake /home/katja/march_ws/src/march/march_gain_scheduling -DCATKIN_INSTALL_INTO_PREFIX_ROOT=0 -DCMAKE_INSTALL_PREFIX=/home/katja/march_ws/src/march/install/march_gain_scheduling
[0.206s] -- The C compiler identification is GNU 7.5.0
[0.385s] -- The CXX compiler identification is GNU 7.5.0
[0.398s] -- Check for working C compiler: /usr/bin/cc
[0.555s] -- Check for working C compiler: /usr/bin/cc -- works
[0.556s] -- Detecting C compiler ABI info
[0.719s] -- Detecting C compiler ABI info - done
[0.744s] -- Detecting C compile features
[1.237s] -- Detecting C compile features - done
[1.246s] -- Check for working CXX compiler: /usr/bin/c++
[1.443s] -- Check for working CXX compiler: /usr/bin/c++ -- works
[1.446s] -- Detecting CXX compiler ABI info
[1.641s] -- Detecting CXX compiler ABI info - done
[1.661s] -- Detecting CXX compile features
[2.446s] -- Detecting CXX compile features - done
[2.452s] -- Using CATKIN_DEVEL_PREFIX: /home/katja/march_ws/src/march/build/march_gain_scheduling/devel
[2.453s] -- Using CMAKE_PREFIX_PATH: /home/katja/march_ws/src/march/install/march_shared_resources;/opt/ros/melodic
[2.453s] -- This workspace overlays: /home/katja/march_ws/src/march/install/march_shared_resources;/opt/ros/melodic
[2.488s] -- Found PythonInterp: /usr/bin/python2 (found suitable version "2.7.17", minimum required is "2") 
[2.488s] -- Using PYTHON_EXECUTABLE: /usr/bin/python2
[2.489s] -- Using Debian Python package layout
[2.489s] -- Using empy: /usr/bin/empy
[2.826s] -- Using CATKIN_ENABLE_TESTING: ON
[2.826s] -- Call enable_testing()
[2.830s] -- Using CATKIN_TEST_RESULTS_DIR: /home/katja/march_ws/src/march/build/march_gain_scheduling/test_results
[2.875s] -- Found gtest sources under '/usr/src/googletest': gtests will be built
[2.875s] -- Found gmock sources under '/usr/src/googletest': gmock will be built
[2.906s] -- Found PythonInterp: /usr/bin/python2 (found version "2.7.17") 
[2.910s] -- Looking for pthread.h
[3.065s] -- Looking for pthread.h - found
[3.066s] -- Looking for pthread_create
[3.221s] -- Looking for pthread_create - not found
[3.222s] -- Looking for pthread_create in pthreads
[3.356s] -- Looking for pthread_create in pthreads - not found
[3.356s] -- Looking for pthread_create in pthread
[3.506s] -- Looking for pthread_create in pthread - found
[3.510s] -- Found Threads: TRUE  
[3.521s] -- Using Python nosetests: /usr/bin/nosetests-2.7
[3.628s] -- catkin 0.7.28
[3.629s] -- BUILD_SHARED_LIBS is on
[3.908s] -- Using these message generators: gencpp;geneus;genlisp;gennodejs;genpy
[5.294s] -- Configuring done
[5.377s] -- Generating done
[5.397s] -- Build files have been written to: /home/katja/march_ws/src/march/build/march_gain_scheduling
[5.413s] Invoked command in '/home/katja/march_ws/src/march/build/march_gain_scheduling' returned '0': CMAKE_PREFIX_PATH=/home/katja/march_ws/src/march/install/march_shared_resources:${CMAKE_PREFIX_PATH} PKG_CONFIG_PATH=/home/katja/march_ws/src/march/install/march_shared_resources/lib/x86_64-linux-gnu/pkgconfig:/home/katja/march_ws/src/march/install/march_shared_resources/lib/pkgconfig:${PKG_CONFIG_PATH} PYTHONPATH=/home/katja/march_ws/src/march/install/march_shared_resources/lib/python2.7/dist-packages:${PYTHONPATH} ROS_PACKAGE_PATH=/home/katja/march_ws/src/march/install/march_shared_resources/share:${ROS_PACKAGE_PATH} /usr/bin/cmake /home/katja/march_ws/src/march/march_gain_scheduling -DCATKIN_INSTALL_INTO_PREFIX_ROOT=0 -DCMAKE_INSTALL_PREFIX=/home/katja/march_ws/src/march/install/march_gain_scheduling
[5.416s] Invoking command in '/home/katja/march_ws/src/march/build/march_gain_scheduling': CMAKE_PREFIX_PATH=/home/katja/march_ws/src/march/install/march_shared_resources:${CMAKE_PREFIX_PATH} PKG_CONFIG_PATH=/home/katja/march_ws/src/march/install/march_shared_resources/lib/x86_64-linux-gnu/pkgconfig:/home/katja/march_ws/src/march/install/march_shared_resources/lib/pkgconfig:${PKG_CONFIG_PATH} PYTHONPATH=/home/katja/march_ws/src/march/install/march_shared_resources/lib/python2.7/dist-packages:${PYTHONPATH} ROS_PACKAGE_PATH=/home/katja/march_ws/src/march/install/march_shared_resources/share:${ROS_PACKAGE_PATH} /usr/bin/cmake --build /home/katja/march_ws/src/march/build/march_gain_scheduling -- -j8 -l8
[5.719s] Invoked command in '/home/katja/march_ws/src/march/build/march_gain_scheduling' returned '0': CMAKE_PREFIX_PATH=/home/katja/march_ws/src/march/install/march_shared_resources:${CMAKE_PREFIX_PATH} PKG_CONFIG_PATH=/home/katja/march_ws/src/march/install/march_shared_resources/lib/x86_64-linux-gnu/pkgconfig:/home/katja/march_ws/src/march/install/march_shared_resources/lib/pkgconfig:${PKG_CONFIG_PATH} PYTHONPATH=/home/katja/march_ws/src/march/install/march_shared_resources/lib/python2.7/dist-packages:${PYTHONPATH} ROS_PACKAGE_PATH=/home/katja/march_ws/src/march/install/march_shared_resources/share:${ROS_PACKAGE_PATH} /usr/bin/cmake --build /home/katja/march_ws/src/march/build/march_gain_scheduling -- -j8 -l8
[6.005s] Invoking command in '/home/katja/march_ws/src/march/build/march_gain_scheduling': CMAKE_PREFIX_PATH=/home/katja/march_ws/src/march/install/march_shared_resources:${CMAKE_PREFIX_PATH} PKG_CONFIG_PATH=/home/katja/march_ws/src/march/install/march_shared_resources/lib/x86_64-linux-gnu/pkgconfig:/home/katja/march_ws/src/march/install/march_shared_resources/lib/pkgconfig:${PKG_CONFIG_PATH} PYTHONPATH=/home/katja/march_ws/src/march/install/march_shared_resources/lib/python2.7/dist-packages:${PYTHONPATH} ROS_PACKAGE_PATH=/home/katja/march_ws/src/march/install/march_shared_resources/share:${ROS_PACKAGE_PATH} /usr/bin/cmake --build /home/katja/march_ws/src/march/build/march_gain_scheduling --target tests -- -j8 -l8
[6.143s] [35m[1mScanning dependencies of target tests[0m
[6.174s] Built target tests
[6.205s] Invoked command in '/home/katja/march_ws/src/march/build/march_gain_scheduling' returned '0': CMAKE_PREFIX_PATH=/home/katja/march_ws/src/march/install/march_shared_resources:${CMAKE_PREFIX_PATH} PKG_CONFIG_PATH=/home/katja/march_ws/src/march/install/march_shared_resources/lib/x86_64-linux-gnu/pkgconfig:/home/katja/march_ws/src/march/install/march_shared_resources/lib/pkgconfig:${PKG_CONFIG_PATH} PYTHONPATH=/home/katja/march_ws/src/march/install/march_shared_resources/lib/python2.7/dist-packages:${PYTHONPATH} ROS_PACKAGE_PATH=/home/katja/march_ws/src/march/install/march_shared_resources/share:${ROS_PACKAGE_PATH} /usr/bin/cmake --build /home/katja/march_ws/src/march/build/march_gain_scheduling --target tests -- -j8 -l8
[6.355s] Invoking command in '/home/katja/march_ws/src/march/build/march_gain_scheduling': CMAKE_PREFIX_PATH=/home/katja/march_ws/src/march/install/march_shared_resources:${CMAKE_PREFIX_PATH} PKG_CONFIG_PATH=/home/katja/march_ws/src/march/install/march_shared_resources/lib/x86_64-linux-gnu/pkgconfig:/home/katja/march_ws/src/march/install/march_shared_resources/lib/pkgconfig:${PKG_CONFIG_PATH} PYTHONPATH=/home/katja/march_ws/src/march/install/march_shared_resources/lib/python2.7/dist-packages:${PYTHONPATH} ROS_PACKAGE_PATH=/home/katja/march_ws/src/march/install/march_shared_resources/share:${ROS_PACKAGE_PATH} /usr/bin/cmake --build /home/katja/march_ws/src/march/build/march_gain_scheduling --target install -- -j8 -l8
[6.480s] [36mInstall the project...[0m
[6.501s] -- Install configuration: ""
[6.503s] + cd /home/katja/march_ws/src/march/march_gain_scheduling
[6.504s] + mkdir -p /home/katja/march_ws/src/march/install/march_gain_scheduling/lib/python2.7/dist-packages
[6.508s] + /usr/bin/env PYTHONPATH=/home/katja/march_ws/src/march/install/march_gain_scheduling/lib/python2.7/dist-packages:/home/katja/march_ws/src/march/build/march_gain_scheduling/lib/python2.7/dist-packages:/home/katja/march_ws/src/march/install/march_shared_resources/lib/python2.7/dist-packages:/opt/ros/melodic/lib/python2.7/dist-packages CATKIN_BINARY_DIR=/home/katja/march_ws/src/march/build/march_gain_scheduling /usr/bin/python2 /home/katja/march_ws/src/march/march_gain_scheduling/setup.py egg_info --egg-base /home/katja/march_ws/src/march/build/march_gain_scheduling build --build-base /home/katja/march_ws/src/march/build/march_gain_scheduling install --root=/ --install-layout=deb --prefix=/home/katja/march_ws/src/march/install/march_gain_scheduling --install-scripts=/home/katja/march_ws/src/march/install/march_gain_scheduling/bin
[7.048s] running egg_info
[7.050s] creating /home/katja/march_ws/src/march/build/march_gain_scheduling/march_gain_scheduling.egg-info
[7.050s] writing /home/katja/march_ws/src/march/build/march_gain_scheduling/march_gain_scheduling.egg-info/PKG-INFO
[7.051s] writing top-level names to /home/katja/march_ws/src/march/build/march_gain_scheduling/march_gain_scheduling.egg-info/top_level.txt
[7.052s] writing dependency_links to /home/katja/march_ws/src/march/build/march_gain_scheduling/march_gain_scheduling.egg-info/dependency_links.txt
[7.056s] writing manifest file '/home/katja/march_ws/src/march/build/march_gain_scheduling/march_gain_scheduling.egg-info/SOURCES.txt'
[7.062s] reading manifest file '/home/katja/march_ws/src/march/build/march_gain_scheduling/march_gain_scheduling.egg-info/SOURCES.txt'
[7.064s] writing manifest file '/home/katja/march_ws/src/march/build/march_gain_scheduling/march_gain_scheduling.egg-info/SOURCES.txt'
[7.064s] running build
[7.065s] running build_py
[7.065s] creating /home/katja/march_ws/src/march/build/march_gain_scheduling/lib.linux-x86_64-2.7
[7.065s] creating /home/katja/march_ws/src/march/build/march_gain_scheduling/lib.linux-x86_64-2.7/march_gain_scheduling
[7.065s] copying src/march_gain_scheduling/one_step_linear_interpolation.py -> /home/katja/march_ws/src/march/build/march_gain_scheduling/lib.linux-x86_64-2.7/march_gain_scheduling
[7.066s] copying src/march_gain_scheduling/dynamic_pid_reconfigurer.py -> /home/katja/march_ws/src/march/build/march_gain_scheduling/lib.linux-x86_64-2.7/march_gain_scheduling
[7.066s] copying src/march_gain_scheduling/interpolation_errors.py -> /home/katja/march_ws/src/march/build/march_gain_scheduling/lib.linux-x86_64-2.7/march_gain_scheduling
[7.066s] copying src/march_gain_scheduling/gain_scheduling_node.py -> /home/katja/march_ws/src/march/build/march_gain_scheduling/lib.linux-x86_64-2.7/march_gain_scheduling
[7.067s] copying src/march_gain_scheduling/__init__.py -> /home/katja/march_ws/src/march/build/march_gain_scheduling/lib.linux-x86_64-2.7/march_gain_scheduling
[7.068s] running build_scripts
[7.069s] creating /home/katja/march_ws/src/march/build/march_gain_scheduling/scripts-2.7
[7.070s] copying and adjusting scripts/march_gain_scheduling_node -> /home/katja/march_ws/src/march/build/march_gain_scheduling/scripts-2.7
[7.071s] changing mode of /home/katja/march_ws/src/march/build/march_gain_scheduling/scripts-2.7/march_gain_scheduling_node from 644 to 755
[7.071s] running install
[7.074s] running install_lib
[7.076s] creating /home/katja/march_ws/src/march/install/march_gain_scheduling/lib/python2.7/dist-packages/march_gain_scheduling
[7.077s] copying /home/katja/march_ws/src/march/build/march_gain_scheduling/lib.linux-x86_64-2.7/march_gain_scheduling/one_step_linear_interpolation.py -> /home/katja/march_ws/src/march/install/march_gain_scheduling/lib/python2.7/dist-packages/march_gain_scheduling
[7.078s] copying /home/katja/march_ws/src/march/build/march_gain_scheduling/lib.linux-x86_64-2.7/march_gain_scheduling/dynamic_pid_reconfigurer.py -> /home/katja/march_ws/src/march/install/march_gain_scheduling/lib/python2.7/dist-packages/march_gain_scheduling
[7.079s] copying /home/katja/march_ws/src/march/build/march_gain_scheduling/lib.linux-x86_64-2.7/march_gain_scheduling/interpolation_errors.py -> /home/katja/march_ws/src/march/install/march_gain_scheduling/lib/python2.7/dist-packages/march_gain_scheduling
[7.080s] copying /home/katja/march_ws/src/march/build/march_gain_scheduling/lib.linux-x86_64-2.7/march_gain_scheduling/gain_scheduling_node.py -> /home/katja/march_ws/src/march/install/march_gain_scheduling/lib/python2.7/dist-packages/march_gain_scheduling
[7.081s] copying /home/katja/march_ws/src/march/build/march_gain_scheduling/lib.linux-x86_64-2.7/march_gain_scheduling/__init__.py -> /home/katja/march_ws/src/march/install/march_gain_scheduling/lib/python2.7/dist-packages/march_gain_scheduling
[7.083s] byte-compiling /home/katja/march_ws/src/march/install/march_gain_scheduling/lib/python2.7/dist-packages/march_gain_scheduling/one_step_linear_interpolation.py to one_step_linear_interpolation.pyc
[7.088s] byte-compiling /home/katja/march_ws/src/march/install/march_gain_scheduling/lib/python2.7/dist-packages/march_gain_scheduling/dynamic_pid_reconfigurer.py to dynamic_pid_reconfigurer.pyc
[7.090s] byte-compiling /home/katja/march_ws/src/march/install/march_gain_scheduling/lib/python2.7/dist-packages/march_gain_scheduling/interpolation_errors.py to interpolation_errors.pyc
[7.090s] byte-compiling /home/katja/march_ws/src/march/install/march_gain_scheduling/lib/python2.7/dist-packages/march_gain_scheduling/gain_scheduling_node.py to gain_scheduling_node.pyc
[7.091s] byte-compiling /home/katja/march_ws/src/march/install/march_gain_scheduling/lib/python2.7/dist-packages/march_gain_scheduling/__init__.py to __init__.pyc
[7.092s] running install_egg_info
[7.095s] Copying /home/katja/march_ws/src/march/build/march_gain_scheduling/march_gain_scheduling.egg-info to /home/katja/march_ws/src/march/install/march_gain_scheduling/lib/python2.7/dist-packages/march_gain_scheduling-0.0.0.egg-info
[7.096s] Skipping SOURCES.txt
[7.097s] running install_scripts
[7.116s] creating /home/katja/march_ws/src/march/install/march_gain_scheduling/bin
[7.116s] copying /home/katja/march_ws/src/march/build/march_gain_scheduling/scripts-2.7/march_gain_scheduling_node -> /home/katja/march_ws/src/march/install/march_gain_scheduling/bin
[7.116s] changing mode of /home/katja/march_ws/src/march/install/march_gain_scheduling/bin/march_gain_scheduling_node to 755
[7.164s] -- Installing: /home/katja/march_ws/src/march/install/march_gain_scheduling/lib/pkgconfig/march_gain_scheduling.pc
[7.165s] -- Installing: /home/katja/march_ws/src/march/install/march_gain_scheduling/share/march_gain_scheduling/cmake/march_gain_schedulingConfig.cmake
[7.165s] -- Installing: /home/katja/march_ws/src/march/install/march_gain_scheduling/share/march_gain_scheduling/cmake/march_gain_schedulingConfig-version.cmake
[7.165s] -- Installing: /home/katja/march_ws/src/march/install/march_gain_scheduling/share/march_gain_scheduling/package.xml
[7.166s] -- Installing: /home/katja/march_ws/src/march/install/march_gain_scheduling/lib/march_gain_scheduling/march_gain_scheduling_node
[7.166s] -- Installing: /home/katja/march_ws/src/march/install/march_gain_scheduling/share/march_gain_scheduling/config
[7.166s] -- Installing: /home/katja/march_ws/src/march/install/march_gain_scheduling/share/march_gain_scheduling/config/groundgait.yaml
[7.166s] -- Installing: /home/katja/march_ws/src/march/install/march_gain_scheduling/share/march_gain_scheduling/config/test_joint_linear.yaml
[7.166s] -- Installing: /home/katja/march_ws/src/march/install/march_gain_scheduling/share/march_gain_scheduling/config/sjaan_gait.yaml
[7.167s] -- Installing: /home/katja/march_ws/src/march/install/march_gain_scheduling/share/march_gain_scheduling/config/test_joint_rotational.yaml
[7.167s] -- Installing: /home/katja/march_ws/src/march/install/march_gain_scheduling/share/march_gain_scheduling/launch
[7.167s] -- Installing: /home/katja/march_ws/src/march/install/march_gain_scheduling/share/march_gain_scheduling/launch/march_gain_scheduling.launch
[7.251s] Invoked command in '/home/katja/march_ws/src/march/build/march_gain_scheduling' returned '0': CMAKE_PREFIX_PATH=/home/katja/march_ws/src/march/install/march_shared_resources:${CMAKE_PREFIX_PATH} PKG_CONFIG_PATH=/home/katja/march_ws/src/march/install/march_shared_resources/lib/x86_64-linux-gnu/pkgconfig:/home/katja/march_ws/src/march/install/march_shared_resources/lib/pkgconfig:${PKG_CONFIG_PATH} PYTHONPATH=/home/katja/march_ws/src/march/install/march_shared_resources/lib/python2.7/dist-packages:${PYTHONPATH} ROS_PACKAGE_PATH=/home/katja/march_ws/src/march/install/march_shared_resources/share:${ROS_PACKAGE_PATH} /usr/bin/cmake --build /home/katja/march_ws/src/march/build/march_gain_scheduling --target install -- -j8 -l8
